#
# There is insufficient memory for the Java Runtime Environment to continue.
# Native memory allocation (malloc) failed to allocate 32744 bytes for Chunk::new
# Possible reasons:
#   The system is out of physical RAM or swap space
#   The process is running with CompressedOops enabled, and the Java Heap may be blocking the growth of the native heap
# Possible solutions:
#   Reduce memory load on the system
#   Increase physical memory or swap space
#   Check if swap backing store is full
#   Decrease Java heap size (-Xmx/-Xms)
#   Decrease number of Java threads
#   Decrease Java thread stack sizes (-Xss)
#   Set larger code cache with -XX:ReservedCodeCacheSize=
#   JVM is running with Unscaled Compressed Oops mode in which the Java heap is
#     placed in the first 4GB address space. The Java Heap base address is the
#     maximum limit for the native heap growth. Please use -XX:HeapBaseMinAddress
#     to set the Java Heap base and to place the Java Heap above 4GB virtual address.
# This output file may be truncated or incomplete.
#
#  Out of Memory Error (arena.cpp:184), pid=2660, tid=11372
#
# JRE version: Java(TM) SE Runtime Environment (20.0.1+9) (build 20.0.1+9-29)
# Java VM: Java HotSpot(TM) 64-Bit Server VM (20.0.1+9-29, mixed mode, sharing, tiered, compressed oops, compressed class ptrs, g1 gc, windows-amd64)
# No core dump will be written. Minidumps are not enabled by default on client versions of Windows
#

---------------  S U M M A R Y ------------

Command Line: -Dmaven.multiModuleProjectDirectory=D:\Computer science\Tasaheel\paymentManagement -Djansi.passthrough=true -Dmaven.home=D:\Programming-Languages\IntelliJ IDEA 2024.1\plugins\maven\lib\maven3 -Dclassworlds.conf=D:\Programming-Languages\IntelliJ IDEA 2024.1\plugins\maven\lib\maven3\bin\m2.conf -Dmaven.ext.class.path=D:\Programming-Languages\IntelliJ IDEA 2024.1\plugins\maven\lib\maven-event-listener.jar -javaagent:D:\Programming-Languages\IntelliJ IDEA 2024.1\lib\idea_rt.jar=49898:D:\Programming-Languages\IntelliJ IDEA 2024.1\bin -Dfile.encoding=UTF-8 -Dsun.stdout.encoding=UTF-8 -Dsun.stderr.encoding=UTF-8 org.codehaus.classworlds.Launcher -Didea.version=2024.1 package

Host: Intel(R) Core(TM) i7-10750H CPU @ 2.60GHz, 12 cores, 7G,  Windows 10 , 64 bit Build 19041 (10.0.19041.3636)
Time: Thu Jul  4 00:20:25 2024 Egypt Daylight Time elapsed time: 7.555683 seconds (0d 0h 0m 7s)

---------------  T H R E A D  ---------------

Current thread (0x00000203c1390be0):  JavaThread "C2 CompilerThread0" daemon [_thread_in_native, id=11372, stack(0x00000006ca700000,0x00000006ca800000)]


Current CompileTask:
C2:   7555 7561   !   4       java.lang.ClassLoader::loadClass (121 bytes)

Stack: [0x00000006ca700000,0x00000006ca800000]
Native frames: (J=compiled Java code, j=interpreted, Vv=VM code, C=native code)
V  [jvm.dll+0x6bb95a]
V  [jvm.dll+0x8485fa]
V  [jvm.dll+0x84a1f5]
V  [jvm.dll+0x84a8f3]
V  [jvm.dll+0x280b0f]
V  [jvm.dll+0xc2b11]
V  [jvm.dll+0xc2e35]
V  [jvm.dll+0x6e4b10]
V  [jvm.dll+0x1e6f06]
V  [jvm.dll+0x24b3ab]
V  [jvm.dll+0x24a651]
V  [jvm.dll+0x1ce491]
V  [jvm.dll+0x259e1b]
V  [jvm.dll+0x2584f0]
V  [jvm.dll+0x3f2895]
V  [jvm.dll+0x7f4b56]
V  [jvm.dll+0x6ba5cb]
C  [ucrtbase.dll+0x21bb2]
C  [KERNEL32.DLL+0x17344]
C  [ntdll.dll+0x4cc91]


---------------  P R O C E S S  ---------------

Threads class SMR info:
_java_thread_list=0x00000203c65ff9c0, length=18, elements={
0x00000203a263bd60, 0x00000203c1384b20, 0x00000203c1385ac0, 0x00000203c1386ce0,
0x00000203c138a640, 0x00000203c138c130, 0x00000203c138ca70, 0x00000203c1390be0,
0x00000203c1391560, 0x00000203c134e0f0, 0x00000203c56dd450, 0x00000203c56df9c0,
0x00000203c566dfc0, 0x00000203c566e510, 0x00000203c5668570, 0x00000203c566ea60,
0x00000203c5669010, 0x00000203c566c530
}

Java Threads: ( => current thread )
  0x00000203a263bd60 JavaThread "main" [_thread_in_native, id=8092, stack(0x00000006c9a00000,0x00000006c9b00000)]
  0x00000203c1384b20 JavaThread "Reference Handler" daemon [_thread_blocked, id=16696, stack(0x00000006ca100000,0x00000006ca200000)]
  0x00000203c1385ac0 JavaThread "Finalizer" daemon [_thread_blocked, id=5572, stack(0x00000006ca200000,0x00000006ca300000)]
  0x00000203c1386ce0 JavaThread "Signal Dispatcher" daemon [_thread_blocked, id=1912, stack(0x00000006ca300000,0x00000006ca400000)]
  0x00000203c138a640 JavaThread "Attach Listener" daemon [_thread_blocked, id=16992, stack(0x00000006ca400000,0x00000006ca500000)]
  0x00000203c138c130 JavaThread "Service Thread" daemon [_thread_blocked, id=6772, stack(0x00000006ca500000,0x00000006ca600000)]
  0x00000203c138ca70 JavaThread "Monitor Deflation Thread" daemon [_thread_blocked, id=14996, stack(0x00000006ca600000,0x00000006ca700000)]
=>0x00000203c1390be0 JavaThread "C2 CompilerThread0" daemon [_thread_in_native, id=11372, stack(0x00000006ca700000,0x00000006ca800000)]
  0x00000203c1391560 JavaThread "C1 CompilerThread0" daemon [_thread_blocked, id=12064, stack(0x00000006ca800000,0x00000006ca900000)]
  0x00000203c134e0f0 JavaThread "Common-Cleaner" daemon [_thread_blocked, id=16900, stack(0x00000006ca900000,0x00000006caa00000)]
  0x00000203c56dd450 JavaThread "Monitor Ctrl-Break" daemon [_thread_in_native, id=5884, stack(0x00000006caa00000,0x00000006cab00000)]
  0x00000203c56df9c0 JavaThread "Notification Thread" daemon [_thread_blocked, id=5992, stack(0x00000006cab00000,0x00000006cac00000)]
  0x00000203c566dfc0 JavaThread "timeout-check-timer" daemon [_thread_blocked, id=17892, stack(0x00000006cb900000,0x00000006cba00000)]
  0x00000203c566e510 JavaThread "ping-timer-10s" daemon [_thread_blocked, id=5488, stack(0x00000006cba00000,0x00000006cbb00000)]
  0x00000203c5668570 JavaThread "ThreadedStreamConsumer" daemon [_thread_blocked, id=10824, stack(0x00000006cbb00000,0x00000006cbc00000)]
  0x00000203c566ea60 JavaThread "fork-1-err-thread" daemon [_thread_in_native, id=17996, stack(0x00000006cbc00000,0x00000006cbd00000)]
  0x00000203c5669010 JavaThread "commands-fork-1" daemon [_thread_blocked, id=18392, stack(0x00000006cbd00000,0x00000006cbe00000)]
  0x00000203c566c530 JavaThread "fork-1-event-thread" daemon [_thread_in_native, id=5404, stack(0x00000006cbe00000,0x00000006cbf00000)]

Other Threads:
  0x00000203c1365c90 VMThread "VM Thread" [stack: 0x00000006ca000000,0x00000006ca100000] [id=16048]
  0x00000203c56e9800 WatcherThread "VM Periodic Task Thread" [stack: 0x00000006cac00000,0x00000006cad00000] [id=4016]
  0x00000203a2696600 WorkerThread "GC Thread#0" [stack: 0x00000006c9b00000,0x00000006c9c00000] [id=4172]
  0x00000203c5bf65b0 WorkerThread "GC Thread#1" [stack: 0x00000006cae00000,0x00000006caf00000] [id=1152]
  0x00000203c5bf6880 WorkerThread "GC Thread#2" [stack: 0x00000006caf00000,0x00000006cb000000] [id=14932]
  0x00000203c5bf7c30 WorkerThread "GC Thread#3" [stack: 0x00000006cb000000,0x00000006cb100000] [id=7000]
  0x00000203c5bf6010 WorkerThread "GC Thread#4" [stack: 0x00000006cb100000,0x00000006cb200000] [id=12056]
  0x00000203c5bf7690 WorkerThread "GC Thread#5" [stack: 0x00000006cb200000,0x00000006cb300000] [id=18400]
  0x00000203c5bf6b50 WorkerThread "GC Thread#6" [stack: 0x00000006cb300000,0x00000006cb400000] [id=14444]
  0x00000203c5bf62e0 WorkerThread "GC Thread#7" [stack: 0x00000006cb400000,0x00000006cb500000] [id=17436]
  0x00000203c5bf7960 WorkerThread "GC Thread#8" [stack: 0x00000006cb500000,0x00000006cb600000] [id=14528]
  0x00000203c5bf6e20 WorkerThread "GC Thread#9" [stack: 0x00000006cb600000,0x00000006cb700000] [id=2008]
  0x00000203a26a6ce0 ConcurrentGCThread "G1 Main Marker" [stack: 0x00000006c9c00000,0x00000006c9d00000] [id=7820]
  0x00000203a26a7620 WorkerThread "G1 Conc#0" [stack: 0x00000006c9d00000,0x00000006c9e00000] [id=15952]
  0x00000203c6586f40 WorkerThread "G1 Conc#1" [stack: 0x00000006cb700000,0x00000006cb800000] [id=1820]
  0x00000203c65885c0 WorkerThread "G1 Conc#2" [stack: 0x00000006cb800000,0x00000006cb900000] [id=14316]
  0x00000203c12228f0 ConcurrentGCThread "G1 Refine#0" [stack: 0x00000006c9e00000,0x00000006c9f00000] [id=17644]
  0x00000203c1223040 ConcurrentGCThread "G1 Service" [stack: 0x00000006c9f00000,0x00000006ca000000] [id=5720]

Threads with active compile tasks:
C2 CompilerThread0     7585 7561   !   4       java.lang.ClassLoader::loadClass (121 bytes)

VM state: not at safepoint (normal execution)

VM Mutex/Monitor currently owned by a thread: None

Heap address: 0x0000000083200000, size: 1998 MB, Compressed Oops mode: 32-bit

CDS archive(s) mapped at: [0x0000000800000000-0x0000000800c60000-0x0000000800c60000), size 12976128, SharedBaseAddress: 0x0000000800000000, ArchiveRelocationMode: 0.
Compressed class space mapped at: 0x0000000801000000-0x0000000841000000, reserved size: 1073741824
Narrow klass base: 0x0000000800000000, Narrow klass shift: 0, Narrow klass range: 0x100000000

GC Precious Log:
 CardTable entry size: 512
 Card Set container configuration: InlinePtr #cards 5 size 8 Array Of Cards #cards 12 size 40 Howl #buckets 4 coarsen threshold 1843 Howl Bitmap #cards 512 size 80 coarsen threshold 460 Card regions per heap region 1 cards per card region 2048
 CPUs: 12 total, 12 available
 Memory: 7985M
 Large Page Support: Disabled
 NUMA Support: Disabled
 Compressed Oops: Enabled (32-bit)
 Heap Region Size: 1M
 Heap Min Capacity: 8M
 Heap Initial Capacity: 126M
 Heap Max Capacity: 1998M
 Pre-touch: Disabled
 Parallel Workers: 10
 Concurrent Workers: 3
 Concurrent Refinement Workers: 10
 Periodic GC: Disabled

Heap:
 garbage-first heap   total 147456K, used 110592K [0x0000000083200000, 0x0000000100000000)
  region size 1024K, 57 young (58368K), 9 survivors (9216K)
 Metaspace       used 35287K, committed 35840K, reserved 1114112K
  class space    used 3919K, committed 4160K, reserved 1048576K

Heap Regions: E=young(eden), S=young(survivor), O=old, HS=humongous(starts), HC=humongous(continues), CS=collection set, F=free, OA=open archive, CA=closed archive, TAMS=top-at-mark-start, PB=parsable bottom
|   0|0x0000000083200000, 0x0000000083300000, 0x0000000083300000|100%| O|  |TAMS 0x0000000083200000| PB 0x0000000083200000| Untracked 
|   1|0x0000000083300000, 0x0000000083400000, 0x0000000083400000|100%| O|  |TAMS 0x0000000083300000| PB 0x0000000083300000| Untracked 
|   2|0x0000000083400000, 0x0000000083500000, 0x0000000083500000|100%| O|  |TAMS 0x0000000083400000| PB 0x0000000083400000| Untracked 
|   3|0x0000000083500000, 0x0000000083600000, 0x0000000083600000|100%| O|  |TAMS 0x0000000083500000| PB 0x0000000083500000| Untracked 
|   4|0x0000000083600000, 0x0000000083700000, 0x0000000083700000|100%|HS|  |TAMS 0x0000000083600000| PB 0x0000000083600000| Complete 
|   5|0x0000000083700000, 0x0000000083800000, 0x0000000083800000|100%| O|  |TAMS 0x0000000083700000| PB 0x0000000083700000| Untracked 
|   6|0x0000000083800000, 0x0000000083900000, 0x0000000083900000|100%|HS|  |TAMS 0x0000000083800000| PB 0x0000000083800000| Complete 
|   7|0x0000000083900000, 0x0000000083a00000, 0x0000000083a00000|100%|HS|  |TAMS 0x0000000083900000| PB 0x0000000083900000| Complete 
|   8|0x0000000083a00000, 0x0000000083b00000, 0x0000000083b00000|100%|HC|  |TAMS 0x0000000083a00000| PB 0x0000000083a00000| Complete 
|   9|0x0000000083b00000, 0x0000000083c00000, 0x0000000083c00000|100%|HS|  |TAMS 0x0000000083b00000| PB 0x0000000083b00000| Complete 
|  10|0x0000000083c00000, 0x0000000083d00000, 0x0000000083d00000|100%| O|  |TAMS 0x0000000083c00000| PB 0x0000000083c00000| Untracked 
|  11|0x0000000083d00000, 0x0000000083e00000, 0x0000000083e00000|100%|HS|  |TAMS 0x0000000083d00000| PB 0x0000000083d00000| Complete 
|  12|0x0000000083e00000, 0x0000000083f00000, 0x0000000083f00000|100%|HC|  |TAMS 0x0000000083e00000| PB 0x0000000083e00000| Complete 
|  13|0x0000000083f00000, 0x0000000084000000, 0x0000000084000000|100%| O|  |TAMS 0x0000000083f00000| PB 0x0000000083f00000| Untracked 
|  14|0x0000000084000000, 0x0000000084100000, 0x0000000084100000|100%| O|  |TAMS 0x0000000084000000| PB 0x0000000084000000| Untracked 
|  15|0x0000000084100000, 0x0000000084200000, 0x0000000084200000|100%| O|  |TAMS 0x0000000084100000| PB 0x0000000084100000| Untracked 
|  16|0x0000000084200000, 0x0000000084300000, 0x0000000084300000|100%| O|  |TAMS 0x0000000084200000| PB 0x0000000084200000| Untracked 
|  17|0x0000000084300000, 0x0000000084400000, 0x0000000084400000|100%| O|  |TAMS 0x0000000084300000| PB 0x0000000084300000| Untracked 
|  18|0x0000000084400000, 0x0000000084500000, 0x0000000084500000|100%| O|  |TAMS 0x0000000084400000| PB 0x0000000084400000| Untracked 
|  19|0x0000000084500000, 0x0000000084600000, 0x0000000084600000|100%| O|  |TAMS 0x0000000084500000| PB 0x0000000084500000| Untracked 
|  20|0x0000000084600000, 0x0000000084700000, 0x0000000084700000|100%| O|  |TAMS 0x0000000084600000| PB 0x0000000084600000| Untracked 
|  21|0x0000000084700000, 0x0000000084800000, 0x0000000084800000|100%| O|  |TAMS 0x0000000084700000| PB 0x0000000084700000| Untracked 
|  22|0x0000000084800000, 0x0000000084900000, 0x0000000084900000|100%| O|  |TAMS 0x0000000084800000| PB 0x0000000084800000| Untracked 
|  23|0x0000000084900000, 0x0000000084a00000, 0x0000000084a00000|100%| O|  |TAMS 0x0000000084900000| PB 0x0000000084900000| Untracked 
|  24|0x0000000084a00000, 0x0000000084b00000, 0x0000000084b00000|100%| O|  |TAMS 0x0000000084a00000| PB 0x0000000084a00000| Untracked 
|  25|0x0000000084b00000, 0x0000000084b00000, 0x0000000084c00000|  0%| F|  |TAMS 0x0000000084b00000| PB 0x0000000084b00000| Untracked 
|  26|0x0000000084c00000, 0x0000000084c00000, 0x0000000084d00000|  0%| F|  |TAMS 0x0000000084c00000| PB 0x0000000084c00000| Untracked 
|  27|0x0000000084d00000, 0x0000000084d00000, 0x0000000084e00000|  0%| F|  |TAMS 0x0000000084d00000| PB 0x0000000084d00000| Untracked 
|  28|0x0000000084e00000, 0x0000000084e00000, 0x0000000084f00000|  0%| F|  |TAMS 0x0000000084e00000| PB 0x0000000084e00000| Untracked 
|  29|0x0000000084f00000, 0x0000000084f00000, 0x0000000085000000|  0%| F|  |TAMS 0x0000000084f00000| PB 0x0000000084f00000| Untracked 
|  30|0x0000000085000000, 0x0000000085000000, 0x0000000085100000|  0%| F|  |TAMS 0x0000000085000000| PB 0x0000000085000000| Untracked 
|  31|0x0000000085100000, 0x0000000085100000, 0x0000000085200000|  0%| F|  |TAMS 0x0000000085100000| PB 0x0000000085100000| Untracked 
|  32|0x0000000085200000, 0x0000000085200000, 0x0000000085300000|  0%| F|  |TAMS 0x0000000085200000| PB 0x0000000085200000| Untracked 
|  33|0x0000000085300000, 0x0000000085400000, 0x0000000085400000|100%| O|  |TAMS 0x0000000085300000| PB 0x0000000085300000| Untracked 
|  34|0x0000000085400000, 0x0000000085500000, 0x0000000085500000|100%| O|  |TAMS 0x0000000085400000| PB 0x0000000085400000| Untracked 
|  35|0x0000000085500000, 0x0000000085600000, 0x0000000085600000|100%| O|  |TAMS 0x0000000085500000| PB 0x0000000085500000| Untracked 
|  36|0x0000000085600000, 0x0000000085700000, 0x0000000085700000|100%| O|  |TAMS 0x0000000085600000| PB 0x0000000085600000| Untracked 
|  37|0x0000000085700000, 0x0000000085800000, 0x0000000085800000|100%| O|  |TAMS 0x0000000085700000| PB 0x0000000085700000| Untracked 
|  38|0x0000000085800000, 0x0000000085900000, 0x0000000085900000|100%| O|  |TAMS 0x0000000085800000| PB 0x0000000085800000| Untracked 
|  39|0x0000000085900000, 0x0000000085a00000, 0x0000000085a00000|100%| O|  |TAMS 0x0000000085900000| PB 0x0000000085900000| Untracked 
|  40|0x0000000085a00000, 0x0000000085b00000, 0x0000000085b00000|100%| O|  |TAMS 0x0000000085a00000| PB 0x0000000085a00000| Untracked 
|  41|0x0000000085b00000, 0x0000000085c00000, 0x0000000085c00000|100%| O|  |TAMS 0x0000000085b00000| PB 0x0000000085b00000| Untracked 
|  42|0x0000000085c00000, 0x0000000085c00000, 0x0000000085d00000|  0%| F|  |TAMS 0x0000000085c00000| PB 0x0000000085c00000| Untracked 
|  43|0x0000000085d00000, 0x0000000085d00000, 0x0000000085e00000|  0%| F|  |TAMS 0x0000000085d00000| PB 0x0000000085d00000| Untracked 
|  44|0x0000000085e00000, 0x0000000085e00000, 0x0000000085f00000|  0%| F|  |TAMS 0x0000000085e00000| PB 0x0000000085e00000| Untracked 
|  45|0x0000000085f00000, 0x0000000085f00000, 0x0000000086000000|  0%| F|  |TAMS 0x0000000085f00000| PB 0x0000000085f00000| Untracked 
|  46|0x0000000086000000, 0x0000000086000000, 0x0000000086100000|  0%| F|  |TAMS 0x0000000086000000| PB 0x0000000086000000| Untracked 
|  47|0x0000000086100000, 0x0000000086100000, 0x0000000086200000|  0%| F|  |TAMS 0x0000000086100000| PB 0x0000000086100000| Untracked 
|  48|0x0000000086200000, 0x0000000086200000, 0x0000000086300000|  0%| F|  |TAMS 0x0000000086200000| PB 0x0000000086200000| Untracked 
|  49|0x0000000086300000, 0x0000000086300000, 0x0000000086400000|  0%| F|  |TAMS 0x0000000086300000| PB 0x0000000086300000| Untracked 
|  50|0x0000000086400000, 0x0000000086400000, 0x0000000086500000|  0%| F|  |TAMS 0x0000000086400000| PB 0x0000000086400000| Untracked 
|  51|0x0000000086500000, 0x0000000086600000, 0x0000000086600000|100%| O|  |TAMS 0x0000000086500000| PB 0x0000000086500000| Untracked 
|  52|0x0000000086600000, 0x0000000086700000, 0x0000000086700000|100%| O|  |TAMS 0x0000000086600000| PB 0x0000000086600000| Untracked 
|  53|0x0000000086700000, 0x0000000086800000, 0x0000000086800000|100%| O|  |TAMS 0x0000000086700000| PB 0x0000000086700000| Untracked 
|  54|0x0000000086800000, 0x0000000086900000, 0x0000000086900000|100%| O|  |TAMS 0x0000000086800000| PB 0x0000000086800000| Untracked 
|  55|0x0000000086900000, 0x0000000086900000, 0x0000000086a00000|  0%| F|  |TAMS 0x0000000086900000| PB 0x0000000086900000| Untracked 
|  56|0x0000000086a00000, 0x0000000086a00000, 0x0000000086b00000|  0%| F|  |TAMS 0x0000000086a00000| PB 0x0000000086a00000| Untracked 
|  57|0x0000000086b00000, 0x0000000086b00000, 0x0000000086c00000|  0%| F|  |TAMS 0x0000000086b00000| PB 0x0000000086b00000| Untracked 
|  58|0x0000000086c00000, 0x0000000086c00000, 0x0000000086d00000|  0%| F|  |TAMS 0x0000000086c00000| PB 0x0000000086c00000| Untracked 
|  59|0x0000000086d00000, 0x0000000086d00000, 0x0000000086e00000|  0%| F|  |TAMS 0x0000000086d00000| PB 0x0000000086d00000| Untracked 
|  60|0x0000000086e00000, 0x0000000086f00000, 0x0000000086f00000|100%| S|CS|TAMS 0x0000000086e00000| PB 0x0000000086e00000| Complete 
|  61|0x0000000086f00000, 0x0000000087000000, 0x0000000087000000|100%| S|CS|TAMS 0x0000000086f00000| PB 0x0000000086f00000| Complete 
|  62|0x0000000087000000, 0x0000000087100000, 0x0000000087100000|100%| S|CS|TAMS 0x0000000087000000| PB 0x0000000087000000| Complete 
|  63|0x0000000087100000, 0x0000000087200000, 0x0000000087200000|100%| S|CS|TAMS 0x0000000087100000| PB 0x0000000087100000| Complete 
|  64|0x0000000087200000, 0x0000000087300000, 0x0000000087300000|100%| S|CS|TAMS 0x0000000087200000| PB 0x0000000087200000| Complete 
|  65|0x0000000087300000, 0x0000000087400000, 0x0000000087400000|100%| S|CS|TAMS 0x0000000087300000| PB 0x0000000087300000| Complete 
|  66|0x0000000087400000, 0x0000000087500000, 0x0000000087500000|100%| S|CS|TAMS 0x0000000087400000| PB 0x0000000087400000| Complete 
|  67|0x0000000087500000, 0x0000000087600000, 0x0000000087600000|100%| S|CS|TAMS 0x0000000087500000| PB 0x0000000087500000| Complete 
|  68|0x0000000087600000, 0x0000000087700000, 0x0000000087700000|100%| S|CS|TAMS 0x0000000087600000| PB 0x0000000087600000| Complete 
|  69|0x0000000087700000, 0x0000000087700000, 0x0000000087800000|  0%| F|  |TAMS 0x0000000087700000| PB 0x0000000087700000| Untracked 
|  70|0x0000000087800000, 0x0000000087800000, 0x0000000087900000|  0%| F|  |TAMS 0x0000000087800000| PB 0x0000000087800000| Untracked 
|  71|0x0000000087900000, 0x0000000087900000, 0x0000000087a00000|  0%| F|  |TAMS 0x0000000087900000| PB 0x0000000087900000| Untracked 
|  72|0x0000000087a00000, 0x0000000087a00000, 0x0000000087b00000|  0%| F|  |TAMS 0x0000000087a00000| PB 0x0000000087a00000| Untracked 
|  73|0x0000000087b00000, 0x0000000087b00000, 0x0000000087c00000|  0%| F|  |TAMS 0x0000000087b00000| PB 0x0000000087b00000| Untracked 
|  74|0x0000000087c00000, 0x0000000087c00000, 0x0000000087d00000|  0%| F|  |TAMS 0x0000000087c00000| PB 0x0000000087c00000| Untracked 
|  75|0x0000000087d00000, 0x0000000087d00000, 0x0000000087e00000|  0%| F|  |TAMS 0x0000000087d00000| PB 0x0000000087d00000| Untracked 
|  76|0x0000000087e00000, 0x0000000087e00000, 0x0000000087f00000|  0%| F|  |TAMS 0x0000000087e00000| PB 0x0000000087e00000| Untracked 
|  77|0x0000000087f00000, 0x0000000087f00000, 0x0000000088000000|  0%| F|  |TAMS 0x0000000087f00000| PB 0x0000000087f00000| Untracked 
|  78|0x0000000088000000, 0x0000000088000000, 0x0000000088100000|  0%| F|  |TAMS 0x0000000088000000| PB 0x0000000088000000| Untracked 
|  79|0x0000000088100000, 0x0000000088100000, 0x0000000088200000|  0%| F|  |TAMS 0x0000000088100000| PB 0x0000000088100000| Untracked 
|  80|0x0000000088200000, 0x0000000088200000, 0x0000000088300000|  0%| F|  |TAMS 0x0000000088200000| PB 0x0000000088200000| Untracked 
|  81|0x0000000088300000, 0x0000000088300000, 0x0000000088400000|  0%| F|  |TAMS 0x0000000088300000| PB 0x0000000088300000| Untracked 
|  82|0x0000000088400000, 0x00000000884cff88, 0x0000000088500000| 81%| E|  |TAMS 0x0000000088400000| PB 0x0000000088400000| Complete 
|  83|0x0000000088500000, 0x0000000088600000, 0x0000000088600000|100%| E|CS|TAMS 0x0000000088500000| PB 0x0000000088500000| Complete 
|  84|0x0000000088600000, 0x0000000088700000, 0x0000000088700000|100%| E|CS|TAMS 0x0000000088600000| PB 0x0000000088600000| Complete 
|  85|0x0000000088700000, 0x0000000088800000, 0x0000000088800000|100%| E|CS|TAMS 0x0000000088700000| PB 0x0000000088700000| Complete 
|  86|0x0000000088800000, 0x0000000088900000, 0x0000000088900000|100%| E|CS|TAMS 0x0000000088800000| PB 0x0000000088800000| Complete 
|  87|0x0000000088900000, 0x0000000088a00000, 0x0000000088a00000|100%| E|CS|TAMS 0x0000000088900000| PB 0x0000000088900000| Complete 
|  88|0x0000000088a00000, 0x0000000088b00000, 0x0000000088b00000|100%| E|CS|TAMS 0x0000000088a00000| PB 0x0000000088a00000| Complete 
|  89|0x0000000088b00000, 0x0000000088c00000, 0x0000000088c00000|100%| E|CS|TAMS 0x0000000088b00000| PB 0x0000000088b00000| Complete 
|  90|0x0000000088c00000, 0x0000000088d00000, 0x0000000088d00000|100%| E|CS|TAMS 0x0000000088c00000| PB 0x0000000088c00000| Complete 
|  91|0x0000000088d00000, 0x0000000088e00000, 0x0000000088e00000|100%| E|CS|TAMS 0x0000000088d00000| PB 0x0000000088d00000| Complete 
|  92|0x0000000088e00000, 0x0000000088f00000, 0x0000000088f00000|100%| E|CS|TAMS 0x0000000088e00000| PB 0x0000000088e00000| Complete 
|  93|0x0000000088f00000, 0x0000000089000000, 0x0000000089000000|100%| E|CS|TAMS 0x0000000088f00000| PB 0x0000000088f00000| Complete 
|  94|0x0000000089000000, 0x0000000089100000, 0x0000000089100000|100%| E|CS|TAMS 0x0000000089000000| PB 0x0000000089000000| Complete 
|  95|0x0000000089100000, 0x0000000089200000, 0x0000000089200000|100%| E|CS|TAMS 0x0000000089100000| PB 0x0000000089100000| Complete 
|  96|0x0000000089200000, 0x0000000089300000, 0x0000000089300000|100%| E|CS|TAMS 0x0000000089200000| PB 0x0000000089200000| Complete 
|  97|0x0000000089300000, 0x0000000089400000, 0x0000000089400000|100%| E|CS|TAMS 0x0000000089300000| PB 0x0000000089300000| Complete 
|  98|0x0000000089400000, 0x0000000089500000, 0x0000000089500000|100%| E|CS|TAMS 0x0000000089400000| PB 0x0000000089400000| Complete 
|  99|0x0000000089500000, 0x0000000089600000, 0x0000000089600000|100%| E|CS|TAMS 0x0000000089500000| PB 0x0000000089500000| Complete 
| 100|0x0000000089600000, 0x0000000089700000, 0x0000000089700000|100%| E|CS|TAMS 0x0000000089600000| PB 0x0000000089600000| Complete 
| 101|0x0000000089700000, 0x0000000089800000, 0x0000000089800000|100%| E|CS|TAMS 0x0000000089700000| PB 0x0000000089700000| Complete 
| 102|0x0000000089800000, 0x0000000089900000, 0x0000000089900000|100%| E|CS|TAMS 0x0000000089800000| PB 0x0000000089800000| Complete 
| 103|0x0000000089900000, 0x0000000089a00000, 0x0000000089a00000|100%| E|CS|TAMS 0x0000000089900000| PB 0x0000000089900000| Complete 
| 104|0x0000000089a00000, 0x0000000089b00000, 0x0000000089b00000|100%| E|CS|TAMS 0x0000000089a00000| PB 0x0000000089a00000| Complete 
| 105|0x0000000089b00000, 0x0000000089c00000, 0x0000000089c00000|100%| E|CS|TAMS 0x0000000089b00000| PB 0x0000000089b00000| Complete 
| 106|0x0000000089c00000, 0x0000000089d00000, 0x0000000089d00000|100%| E|CS|TAMS 0x0000000089c00000| PB 0x0000000089c00000| Complete 
| 107|0x0000000089d00000, 0x0000000089e00000, 0x0000000089e00000|100%| E|CS|TAMS 0x0000000089d00000| PB 0x0000000089d00000| Complete 
| 108|0x0000000089e00000, 0x0000000089f00000, 0x0000000089f00000|100%| E|CS|TAMS 0x0000000089e00000| PB 0x0000000089e00000| Complete 
| 109|0x0000000089f00000, 0x000000008a000000, 0x000000008a000000|100%| E|CS|TAMS 0x0000000089f00000| PB 0x0000000089f00000| Complete 
| 110|0x000000008a000000, 0x000000008a100000, 0x000000008a100000|100%| E|CS|TAMS 0x000000008a000000| PB 0x000000008a000000| Complete 
| 111|0x000000008a100000, 0x000000008a200000, 0x000000008a200000|100%| E|CS|TAMS 0x000000008a100000| PB 0x000000008a100000| Complete 
| 112|0x000000008a200000, 0x000000008a300000, 0x000000008a300000|100%| E|CS|TAMS 0x000000008a200000| PB 0x000000008a200000| Complete 
| 113|0x000000008a300000, 0x000000008a400000, 0x000000008a400000|100%| E|CS|TAMS 0x000000008a300000| PB 0x000000008a300000| Complete 
| 114|0x000000008a400000, 0x000000008a500000, 0x000000008a500000|100%| E|CS|TAMS 0x000000008a400000| PB 0x000000008a400000| Complete 
| 115|0x000000008a500000, 0x000000008a600000, 0x000000008a600000|100%| E|CS|TAMS 0x000000008a500000| PB 0x000000008a500000| Complete 
| 116|0x000000008a600000, 0x000000008a700000, 0x000000008a700000|100%| E|CS|TAMS 0x000000008a600000| PB 0x000000008a600000| Complete 
| 117|0x000000008a700000, 0x000000008a800000, 0x000000008a800000|100%| E|CS|TAMS 0x000000008a700000| PB 0x000000008a700000| Complete 
| 118|0x000000008a800000, 0x000000008a900000, 0x000000008a900000|100%| E|CS|TAMS 0x000000008a800000| PB 0x000000008a800000| Complete 
| 119|0x000000008a900000, 0x000000008aa00000, 0x000000008aa00000|100%| E|CS|TAMS 0x000000008a900000| PB 0x000000008a900000| Complete 
| 120|0x000000008aa00000, 0x000000008ab00000, 0x000000008ab00000|100%| E|CS|TAMS 0x000000008aa00000| PB 0x000000008aa00000| Complete 
| 121|0x000000008ab00000, 0x000000008ac00000, 0x000000008ac00000|100%| E|CS|TAMS 0x000000008ab00000| PB 0x000000008ab00000| Complete 
| 122|0x000000008ac00000, 0x000000008ad00000, 0x000000008ad00000|100%| E|CS|TAMS 0x000000008ac00000| PB 0x000000008ac00000| Complete 
| 123|0x000000008ad00000, 0x000000008ae00000, 0x000000008ae00000|100%| E|CS|TAMS 0x000000008ad00000| PB 0x000000008ad00000| Complete 
| 124|0x000000008ae00000, 0x000000008af00000, 0x000000008af00000|100%| E|CS|TAMS 0x000000008ae00000| PB 0x000000008ae00000| Complete 
| 125|0x000000008af00000, 0x000000008b000000, 0x000000008b000000|100%| E|CS|TAMS 0x000000008af00000| PB 0x000000008af00000| Complete 
| 126|0x000000008b000000, 0x000000008b100000, 0x000000008b100000|100%| E|CS|TAMS 0x000000008b000000| PB 0x000000008b000000| Complete 
| 127|0x000000008b100000, 0x000000008b200000, 0x000000008b200000|100%| E|CS|TAMS 0x000000008b100000| PB 0x000000008b100000| Complete 
| 128|0x000000008b200000, 0x000000008b300000, 0x000000008b300000|100%| E|CS|TAMS 0x000000008b200000| PB 0x000000008b200000| Complete 
| 129|0x000000008b300000, 0x000000008b400000, 0x000000008b400000|100%| E|CS|TAMS 0x000000008b300000| PB 0x000000008b300000| Complete 
|1984|0x00000000ff200000, 0x00000000ff300000, 0x00000000ff300000|100%| O|  |TAMS 0x00000000ff200000| PB 0x00000000ff200000| Untracked 
|1985|0x00000000ff300000, 0x00000000ff400000, 0x00000000ff400000|100%| O|  |TAMS 0x00000000ff300000| PB 0x00000000ff300000| Untracked 
|1986|0x00000000ff400000, 0x00000000ff500000, 0x00000000ff500000|100%| O|  |TAMS 0x00000000ff400000| PB 0x00000000ff400000| Untracked 
|1987|0x00000000ff500000, 0x00000000ff600000, 0x00000000ff600000|100%| O|  |TAMS 0x00000000ff500000| PB 0x00000000ff500000| Untracked 
|1988|0x00000000ff600000, 0x00000000ff700000, 0x00000000ff700000|100%| O|  |TAMS 0x00000000ff600000| PB 0x00000000ff600000| Untracked 
|1989|0x00000000ff700000, 0x00000000ff800000, 0x00000000ff800000|100%| O|  |TAMS 0x00000000ff700000| PB 0x00000000ff700000| Untracked 
|1990|0x00000000ff800000, 0x00000000ff900000, 0x00000000ff900000|100%| O|  |TAMS 0x00000000ff800000| PB 0x00000000ff800000| Untracked 
|1991|0x00000000ff900000, 0x00000000ffa00000, 0x00000000ffa00000|100%| O|  |TAMS 0x00000000ff900000| PB 0x00000000ff900000| Untracked 
|1992|0x00000000ffa00000, 0x00000000ffb00000, 0x00000000ffb00000|100%| O|  |TAMS 0x00000000ffa00000| PB 0x00000000ffa00000| Untracked 
|1993|0x00000000ffb00000, 0x00000000ffc00000, 0x00000000ffc00000|100%| O|  |TAMS 0x00000000ffb00000| PB 0x00000000ffb00000| Untracked 
|1994|0x00000000ffc00000, 0x00000000ffd00000, 0x00000000ffd00000|100%| O|  |TAMS 0x00000000ffc00000| PB 0x00000000ffc00000| Untracked 
|1995|0x00000000ffd00000, 0x00000000ffe00000, 0x00000000ffe00000|100%| O|  |TAMS 0x00000000ffd00000| PB 0x00000000ffd00000| Untracked 
|1996|0x00000000ffe00000, 0x00000000fff00000, 0x00000000fff00000|100%| O|  |TAMS 0x00000000ffe00000| PB 0x00000000ffe00000| Untracked 
|1997|0x00000000fff00000, 0x0000000100000000, 0x0000000100000000|100%| O|  |TAMS 0x00000000fff00000| PB 0x00000000fff00000| Untracked 

Card table byte_map: [0x00000203bbf90000,0x00000203bc380000] _byte_map_base: 0x00000203bbb77000

Marking Bits: (CMBitMap*) 0x00000203a2696a40
 Bits: [0x00000203bc770000, 0x00000203be6a8000)

Polling page: 0x00000203a2700000

Metaspace:

Usage:
  Non-class:     30.63 MB used.
      Class:      3.83 MB used.
       Both:     34.46 MB used.

Virtual space:
  Non-class space:       64.00 MB reserved,      30.94 MB ( 48%) committed,  1 nodes.
      Class space:        1.00 GB reserved,       4.06 MB ( <1%) committed,  1 nodes.
             Both:        1.06 GB reserved,      35.00 MB (  3%) committed. 

Chunk freelists:
   Non-Class:  816.00 KB
       Class:  3.89 MB
        Both:  4.69 MB

MaxMetaspaceSize: unlimited
CompressedClassSpaceSize: 1.00 GB
Initial GC threshold: 21.00 MB
Current GC threshold: 35.56 MB
CDS: on
MetaspaceReclaimPolicy: balanced
 - commit_granule_bytes: 65536.
 - commit_granule_words: 8192.
 - virtual_space_node_default_size: 8388608.
 - enlarge_chunks_in_place: 1.
 - new_chunks_are_fully_committed: 0.
 - uncommit_free_chunks: 1.
 - use_allocation_guard: 0.


Internal statistics:

num_allocs_failed_limit: 3.
num_arena_births: 390.
num_arena_deaths: 0.
num_vsnodes_births: 2.
num_vsnodes_deaths: 0.
num_space_committed: 560.
num_space_uncommitted: 0.
num_chunks_returned_to_freelist: 3.
num_chunks_taken_from_freelist: 1670.
num_chunk_merges: 3.
num_chunk_splits: 1188.
num_chunks_enlarged: 917.
num_inconsistent_stats: 0.

CodeHeap 'non-profiled nmethods': size=120000Kb used=4498Kb max_used=4498Kb free=115501Kb
 bounds [0x00000203b39c0000, 0x00000203b3e30000, 0x00000203baef0000]
CodeHeap 'profiled nmethods': size=120000Kb used=17407Kb max_used=17407Kb free=102592Kb
 bounds [0x00000203abef0000, 0x00000203acff0000, 0x00000203b3420000]
CodeHeap 'non-nmethods': size=5760Kb used=1567Kb max_used=1626Kb free=4192Kb
 bounds [0x00000203b3420000, 0x00000203b3690000, 0x00000203b39c0000]
 total_blobs=8365 nmethods=7785 adapters=490
 compilation: enabled
              stopped_count=0, restarted_count=0
 full_count=0

Compilation events (20 events):
Event: 7.495 Thread 0x00000203c1391560 7782       1       org.apache.maven.surefire.api.stream.AbstractStreamDecoder$Memento::getLine (5 bytes)
Event: 7.495 Thread 0x00000203c1391560 nmethod 7782 0x00000203b3e23d10 code [0x00000203b3e23e80, 0x00000203b3e23f48]
Event: 7.495 Thread 0x00000203c1391560 7783       1       org.apache.maven.surefire.api.stream.AbstractStreamDecoder$MalformedFrameException::readFrom (5 bytes)
Event: 7.495 Thread 0x00000203c1391560 nmethod 7783 0x00000203b3e24010 code [0x00000203b3e24180, 0x00000203b3e24248]
Event: 7.495 Thread 0x00000203c1391560 7784       1       org.apache.maven.surefire.api.stream.AbstractStreamDecoder$BufferedStream::getPositionByteBuffer (5 bytes)
Event: 7.495 Thread 0x00000203c1391560 nmethod 7784 0x00000203b3e24310 code [0x00000203b3e24480, 0x00000203b3e24548]
Event: 7.495 Thread 0x00000203c1391560 7785       1       org.apache.maven.surefire.api.stream.AbstractStreamDecoder$MalformedFrameException::readTo (5 bytes)
Event: 7.495 Thread 0x00000203c1391560 nmethod 7785 0x00000203b3e24610 code [0x00000203b3e24780, 0x00000203b3e24848]
Event: 7.495 Thread 0x00000203c1391560 7786       3       org.apache.maven.surefire.api.stream.AbstractStreamDecoder::read (102 bytes)
Event: 7.496 Thread 0x00000203c1391560 nmethod 7786 0x00000203acfe8a10 code [0x00000203acfe8c20, 0x00000203acfe9420]
Event: 7.496 Thread 0x00000203c1391560 7788       3       java.util.Calendar::internalGet (7 bytes)
Event: 7.496 Thread 0x00000203c1391560 nmethod 7788 0x00000203acfe9690 code [0x00000203acfe9820, 0x00000203acfe9958]
Event: 7.496 Thread 0x00000203c1391560 7787       3       org.apache.maven.surefire.api.stream.AbstractStreamDecoder::checkDelimiter (38 bytes)
Event: 7.496 Thread 0x00000203c1391560 nmethod 7787 0x00000203acfe9a10 code [0x00000203acfe9bc0, 0x00000203acfe9ef0]
Event: 7.496 Thread 0x00000203c1391560 7789       3       org.apache.maven.surefire.stream.EventDecoder::getEncodedMagicNumber (4 bytes)
Event: 7.496 Thread 0x00000203c1391560 nmethod 7789 0x00000203acfea090 code [0x00000203acfea220, 0x00000203acfea338]
Event: 7.496 Thread 0x00000203c1391560 7790   !   3       org.apache.maven.surefire.stream.EventDecoder::decode (399 bytes)
Event: 7.500 Thread 0x00000203c1391560 nmethod 7790 0x00000203acfea410 code [0x00000203acfea9a0, 0x00000203acfed698]
Event: 7.500 Thread 0x00000203c1391560 7791       3       org.apache.maven.surefire.api.stream.AbstractStreamDecoder::readMessageType (46 bytes)
Event: 7.500 Thread 0x00000203c1391560 nmethod 7791 0x00000203acfef510 code [0x00000203acfef6e0, 0x00000203acfefbd0]

GC Heap History (16 events):
Event: 0.587 GC heap before
{Heap before GC invocations=0 (full 0):
 garbage-first heap   total 129024K, used 22528K [0x0000000083200000, 0x0000000100000000)
  region size 1024K, 23 young (23552K), 0 survivors (0K)
 Metaspace       used 6016K, committed 6208K, reserved 1114112K
  class space    used 682K, committed 768K, reserved 1048576K
}
Event: 0.591 GC heap after
{Heap after GC invocations=1 (full 0):
 garbage-first heap   total 129024K, used 3925K [0x0000000083200000, 0x0000000100000000)
  region size 1024K, 3 young (3072K), 3 survivors (3072K)
 Metaspace       used 6016K, committed 6208K, reserved 1114112K
  class space    used 682K, committed 768K, reserved 1048576K
}
Event: 0.947 GC heap before
{Heap before GC invocations=1 (full 0):
 garbage-first heap   total 129024K, used 34645K [0x0000000083200000, 0x0000000100000000)
  region size 1024K, 33 young (33792K), 3 survivors (3072K)
 Metaspace       used 10214K, committed 10432K, reserved 1114112K
  class space    used 1191K, committed 1280K, reserved 1048576K
}
Event: 0.951 GC heap after
{Heap after GC invocations=2 (full 0):
 garbage-first heap   total 129024K, used 5734K [0x0000000083200000, 0x0000000100000000)
  region size 1024K, 2 young (2048K), 2 survivors (2048K)
 Metaspace       used 10214K, committed 10432K, reserved 1114112K
  class space    used 1191K, committed 1280K, reserved 1048576K
}
Event: 1.976 GC heap before
{Heap before GC invocations=2 (full 0):
 garbage-first heap   total 129024K, used 80486K [0x0000000083200000, 0x0000000100000000)
  region size 1024K, 75 young (76800K), 2 survivors (2048K)
 Metaspace       used 16585K, committed 16832K, reserved 1114112K
  class space    used 1887K, committed 1984K, reserved 1048576K
}
Event: 1.986 GC heap after
{Heap after GC invocations=3 (full 0):
 garbage-first heap   total 129024K, used 14234K [0x0000000083200000, 0x0000000100000000)
  region size 1024K, 10 young (10240K), 10 survivors (10240K)
 Metaspace       used 16585K, committed 16832K, reserved 1114112K
  class space    used 1887K, committed 1984K, reserved 1048576K
}
Event: 2.865 GC heap before
{Heap before GC invocations=3 (full 0):
 garbage-first heap   total 129024K, used 113562K [0x0000000083200000, 0x0000000100000000)
  region size 1024K, 75 young (76800K), 10 survivors (10240K)
 Metaspace       used 18246K, committed 18496K, reserved 1114112K
  class space    used 2006K, committed 2112K, reserved 1048576K
}
Event: 2.876 GC heap after
{Heap after GC invocations=4 (full 0):
 garbage-first heap   total 130048K, used 19495K [0x0000000083200000, 0x0000000100000000)
  region size 1024K, 6 young (6144K), 6 survivors (6144K)
 Metaspace       used 18246K, committed 18496K, reserved 1114112K
  class space    used 2006K, committed 2112K, reserved 1048576K
}
Event: 3.230 GC heap before
{Heap before GC invocations=4 (full 0):
 garbage-first heap   total 130048K, used 46119K [0x0000000083200000, 0x0000000100000000)
  region size 1024K, 28 young (28672K), 6 survivors (6144K)
 Metaspace       used 21202K, committed 21504K, reserved 1114112K
  class space    used 2344K, committed 2496K, reserved 1048576K
}
Event: 3.236 GC heap after
{Heap after GC invocations=5 (full 0):
 garbage-first heap   total 130048K, used 27687K [0x0000000083200000, 0x0000000100000000)
  region size 1024K, 10 young (10240K), 10 survivors (10240K)
 Metaspace       used 21202K, committed 21504K, reserved 1114112K
  class space    used 2344K, committed 2496K, reserved 1048576K
}
Event: 4.351 GC heap before
{Heap before GC invocations=6 (full 0):
 garbage-first heap   total 99328K, used 96295K [0x0000000083200000, 0x0000000100000000)
  region size 1024K, 76 young (77824K), 10 survivors (10240K)
 Metaspace       used 28455K, committed 28800K, reserved 1114112K
  class space    used 3175K, committed 3328K, reserved 1048576K
}
Event: 4.372 GC heap after
{Heap after GC invocations=7 (full 0):
 garbage-first heap   total 122880K, used 42535K [0x0000000083200000, 0x0000000100000000)
  region size 1024K, 10 young (10240K), 10 survivors (10240K)
 Metaspace       used 28455K, committed 28800K, reserved 1114112K
  class space    used 3175K, committed 3328K, reserved 1048576K
}
Event: 5.102 GC heap before
{Heap before GC invocations=7 (full 0):
 garbage-first heap   total 122880K, used 101927K [0x0000000083200000, 0x0000000100000000)
  region size 1024K, 64 young (65536K), 10 survivors (10240K)
 Metaspace       used 30823K, committed 31296K, reserved 1114112K
  class space    used 3446K, committed 3648K, reserved 1048576K
}
Event: 5.117 GC heap after
{Heap after GC invocations=8 (full 0):
 garbage-first heap   total 147456K, used 50176K [0x0000000083200000, 0x0000000100000000)
  region size 1024K, 8 young (8192K), 8 survivors (8192K)
 Metaspace       used 30823K, committed 31296K, reserved 1114112K
  class space    used 3446K, committed 3648K, reserved 1048576K
}
Event: 5.860 GC heap before
{Heap before GC invocations=8 (full 0):
 garbage-first heap   total 147456K, used 112640K [0x0000000083200000, 0x0000000100000000)
  region size 1024K, 69 young (70656K), 8 survivors (8192K)
 Metaspace       used 32180K, committed 32640K, reserved 1114112K
  class space    used 3602K, committed 3840K, reserved 1048576K
}
Event: 5.868 GC heap after
{Heap after GC invocations=9 (full 0):
 garbage-first heap   total 147456K, used 62464K [0x0000000083200000, 0x0000000100000000)
  region size 1024K, 9 young (9216K), 9 survivors (9216K)
 Metaspace       used 32180K, committed 32640K, reserved 1114112K
  class space    used 3602K, committed 3840K, reserved 1048576K
}

Dll operation events (12 events):
Event: 0.008 Loaded shared library C:\Program Files\Java\jdk-20\bin\java.dll
Event: 0.019 Loaded shared library C:\Program Files\Java\jdk-20\bin\jsvml.dll
Event: 0.062 Loaded shared library C:\Program Files\Java\jdk-20\bin\zip.dll
Event: 0.064 Loaded shared library C:\Program Files\Java\jdk-20\bin\instrument.dll
Event: 0.069 Loaded shared library C:\Program Files\Java\jdk-20\bin\net.dll
Event: 0.071 Loaded shared library C:\Program Files\Java\jdk-20\bin\nio.dll
Event: 0.074 Loaded shared library C:\Program Files\Java\jdk-20\bin\zip.dll
Event: 0.086 Loaded shared library D:\Programming-Languages\IntelliJ IDEA 2024.1\bin\breakgen64.dll
Event: 0.094 Loaded shared library C:\Program Files\Java\jdk-20\bin\extnet.dll
Event: 0.227 Loaded shared library C:\Program Files\Java\jdk-20\bin\jimage.dll
Event: 0.251 Loaded shared library C:\Users\Youssef\AppData\Local\Temp\jansi-2.4.0-763b1c69f1a688ca-jansi.dll
Event: 0.260 Loaded shared library C:\Program Files\Java\jdk-20\bin\verify.dll

Deoptimization events (20 events):
Event: 6.443 Thread 0x00000203c566ea60 Uncommon trap: trap_request=0xffffffc6 fr.pc=0x00000203b3b6b09c relative=0x000000000000027c
Event: 6.443 Thread 0x00000203c566ea60 Uncommon trap: reason=bimorphic_or_optimized_type_check action=maybe_recompile pc=0x00000203b3b6b09c method=java.util.regex.Matcher.getTextLength()I @ 4 c2
Event: 6.443 Thread 0x00000203c566ea60 DEOPT PACKING pc=0x00000203b3b6b09c sp=0x00000006cbcff4e0
Event: 6.443 Thread 0x00000203c566ea60 DEOPT UNPACKING pc=0x00000203b3489d22 sp=0x00000006cbcff410 mode 2
Event: 7.018 Thread 0x00000203c566c530 Uncommon trap: trap_request=0xffffff45 fr.pc=0x00000203b39e7a24 relative=0x00000000000000a4
Event: 7.018 Thread 0x00000203c566c530 Uncommon trap: reason=unstable_if action=reinterpret pc=0x00000203b39e7a24 method=jdk.internal.misc.Unsafe.getLongUnaligned(Ljava/lang/Object;J)J @ 7 c2
Event: 7.018 Thread 0x00000203c566c530 DEOPT PACKING pc=0x00000203b39e7a24 sp=0x00000006cbefeef0
Event: 7.018 Thread 0x00000203c566c530 DEOPT UNPACKING pc=0x00000203b3489d22 sp=0x00000006cbefeea0 mode 2
Event: 7.019 Thread 0x00000203c566c530 Uncommon trap: trap_request=0xffffffde fr.pc=0x00000203b3c75c1c relative=0x000000000000019c
Event: 7.019 Thread 0x00000203c566c530 Uncommon trap: reason=class_check action=maybe_recompile pc=0x00000203b3c75c1c method=java.util.concurrent.locks.AbstractQueuedSynchronizer.acquireShared(I)V @ 2 c2
Event: 7.019 Thread 0x00000203c566c530 DEOPT PACKING pc=0x00000203b3c75c1c sp=0x00000006cbeff0e0
Event: 7.019 Thread 0x00000203c566c530 DEOPT UNPACKING pc=0x00000203b3489d22 sp=0x00000006cbeff0b8 mode 2
Event: 7.288 Thread 0x00000203c566c530 Uncommon trap: trap_request=0xffffffde fr.pc=0x00000203b3c75c1c relative=0x000000000000019c
Event: 7.288 Thread 0x00000203c566c530 Uncommon trap: reason=class_check action=maybe_recompile pc=0x00000203b3c75c1c method=java.util.concurrent.locks.AbstractQueuedSynchronizer.acquireShared(I)V @ 2 c2
Event: 7.288 Thread 0x00000203c566c530 DEOPT PACKING pc=0x00000203b3c75c1c sp=0x00000006cbeff0e0
Event: 7.288 Thread 0x00000203c566c530 DEOPT UNPACKING pc=0x00000203b3489d22 sp=0x00000006cbeff0b8 mode 2
Event: 7.390 Thread 0x00000203c566c530 Uncommon trap: trap_request=0xffffffde fr.pc=0x00000203b3c75c1c relative=0x000000000000019c
Event: 7.390 Thread 0x00000203c566c530 Uncommon trap: reason=class_check action=maybe_recompile pc=0x00000203b3c75c1c method=java.util.concurrent.locks.AbstractQueuedSynchronizer.acquireShared(I)V @ 2 c2
Event: 7.390 Thread 0x00000203c566c530 DEOPT PACKING pc=0x00000203b3c75c1c sp=0x00000006cbeff0e0
Event: 7.390 Thread 0x00000203c566c530 DEOPT UNPACKING pc=0x00000203b3489d22 sp=0x00000006cbeff0b8 mode 2

Classes loaded (20 events):
Event: 6.420 Loading class java/lang/ProcessImpl
Event: 6.420 Loading class java/lang/Process
Event: 6.420 Loading class java/lang/Process done
Event: 6.420 Loading class java/lang/ProcessImpl done
Event: 6.427 Loading class java/lang/ProcessImpl$2
Event: 6.427 Loading class java/lang/ProcessImpl$2 done
Event: 6.428 Loading class java/lang/Process$PipeInputStream
Event: 6.428 Loading class java/lang/Process$PipeInputStream done
Event: 6.429 Loading class jdk/internal/event/ProcessStartEvent
Event: 6.429 Loading class jdk/internal/event/ProcessStartEvent done
Event: 6.429 Loading class java/nio/channels/ClosedChannelException
Event: 6.429 Loading class java/nio/channels/ClosedChannelException done
Event: 6.430 Loading class java/nio/channels/NonReadableChannelException
Event: 6.430 Loading class java/nio/channels/NonReadableChannelException done
Event: 6.431 Loading class java/nio/channels/NonWritableChannelException
Event: 6.431 Loading class java/nio/channels/NonWritableChannelException done
Event: 6.440 Loading class java/util/Scanner
Event: 6.441 Loading class java/util/Scanner done
Event: 6.442 Loading class java/util/Scanner$PatternLRUCache
Event: 6.443 Loading class java/util/Scanner$PatternLRUCache done

Classes unloaded (0 events):
No events

Classes redefined (0 events):
No events

Internal exceptions (20 events):
Event: 5.853 Thread 0x00000203a263bd60 Exception <a 'sun/nio/fs/WindowsException'{0x0000000087710568}> (0x0000000087710568) 
thrown [s\open\src\hotspot\share\prims\jni.cpp, line 519]
Event: 5.855 Thread 0x00000203a263bd60 Exception <a 'sun/nio/fs/WindowsException'{0x0000000087733f80}> (0x0000000087733f80) 
thrown [s\open\src\hotspot\share\prims\jni.cpp, line 519]
Event: 5.855 Thread 0x00000203a263bd60 Exception <a 'sun/nio/fs/WindowsException'{0x0000000087734948}> (0x0000000087734948) 
thrown [s\open\src\hotspot\share\prims\jni.cpp, line 519]
Event: 5.855 Thread 0x00000203a263bd60 Exception <a 'sun/nio/fs/WindowsException'{0x00000000877353d8}> (0x00000000877353d8) 
thrown [s\open\src\hotspot\share\prims\jni.cpp, line 519]
Event: 5.857 Thread 0x00000203a263bd60 Exception <a 'sun/nio/fs/WindowsException'{0x0000000087764c80}> (0x0000000087764c80) 
thrown [s\open\src\hotspot\share\prims\jni.cpp, line 519]
Event: 5.857 Thread 0x00000203a263bd60 Exception <a 'sun/nio/fs/WindowsException'{0x0000000087765648}> (0x0000000087765648) 
thrown [s\open\src\hotspot\share\prims\jni.cpp, line 519]
Event: 5.857 Thread 0x00000203a263bd60 Exception <a 'sun/nio/fs/WindowsException'{0x00000000877660d8}> (0x00000000877660d8) 
thrown [s\open\src\hotspot\share\prims\jni.cpp, line 519]
Event: 5.857 Thread 0x00000203a263bd60 Exception <a 'sun/nio/fs/WindowsException'{0x0000000087782ef0}> (0x0000000087782ef0) 
thrown [s\open\src\hotspot\share\prims\jni.cpp, line 519]
Event: 5.857 Thread 0x00000203a263bd60 Exception <a 'sun/nio/fs/WindowsException'{0x00000000877838b8}> (0x00000000877838b8) 
thrown [s\open\src\hotspot\share\prims\jni.cpp, line 519]
Event: 5.858 Thread 0x00000203a263bd60 Exception <a 'sun/nio/fs/WindowsException'{0x0000000087784348}> (0x0000000087784348) 
thrown [s\open\src\hotspot\share\prims\jni.cpp, line 519]
Event: 5.869 Thread 0x00000203a263bd60 Exception <a 'sun/nio/fs/WindowsException'{0x000000008b304fa8}> (0x000000008b304fa8) 
thrown [s\open\src\hotspot\share\prims\jni.cpp, line 519]
Event: 5.872 Thread 0x00000203a263bd60 Exception <a 'sun/nio/fs/WindowsException'{0x000000008b31d618}> (0x000000008b31d618) 
thrown [s\open\src\hotspot\share\prims\jni.cpp, line 519]
Event: 5.876 Thread 0x00000203a263bd60 Exception <a 'sun/nio/fs/WindowsException'{0x000000008b337540}> (0x000000008b337540) 
thrown [s\open\src\hotspot\share\prims\jni.cpp, line 519]
Event: 6.215 Thread 0x00000203c5c9c7c0 Exception <a 'java/lang/NoSuchMethodError'{0x00000000895b61d0}: 'java.lang.Object java.lang.invoke.DirectMethodHandle$Holder.invokeStatic(java.lang.Object, long, java.lang.Object)'> (0x00000000895b61d0) 
thrown [s\open\src\hotspot\share\interpreter\linkResolver.cpp, line 773]
Event: 6.215 Thread 0x00000203c5c9c7c0 Exception <a 'java/lang/NoSuchMethodError'{0x00000000895b96a8}: 'java.lang.Object java.lang.invoke.DirectMethodHandle$Holder.invokeStaticInit(java.lang.Object, long, java.lang.Object)'> (0x00000000895b96a8) 
thrown [s\open\src\hotspot\share\interpreter\linkResolver.cpp, line 773]
Event: 6.216 Thread 0x00000203c5c9c7c0 Exception <a 'java/lang/NoSuchMethodError'{0x00000000895bf028}: 'java.lang.Object java.lang.invoke.DirectMethodHandle$Holder.newInvokeSpecial(java.lang.Object, long)'> (0x00000000895bf028) 
thrown [s\open\src\hotspot\share\interpreter\linkResolver.cpp, line 773]
Event: 6.216 Thread 0x00000203c5c9c7c0 Exception <a 'java/lang/NoSuchMethodError'{0x00000000895c3488}: 'long java.lang.invoke.DirectMethodHandle$Holder.invokeInterface(java.lang.Object, java.lang.Object)'> (0x00000000895c3488) 
thrown [s\open\src\hotspot\share\interpreter\linkResolver.cpp, line 773]
Event: 6.216 Thread 0x00000203c5c9c7c0 Exception <a 'java/lang/NoSuchMethodError'{0x0000000089381990}: 'long java.lang.invoke.DelegatingMethodHandle$Holder.reinvoke_L(java.lang.Object, java.lang.Object)'> (0x0000000089381990) 
thrown [s\open\src\hotspot\share\interpreter\linkResolver.cpp, line 773]
Event: 6.275 Thread 0x00000203a263bd60 Exception <a 'java/lang/NoSuchMethodError'{0x00000000891a48c8}: 'java.lang.Object java.lang.invoke.DirectMethodHandle$Holder.invokeStaticInit(java.lang.Object, java.lang.Object, int, int, int, int)'> (0x00000000891a48c8) 
thrown [s\open\src\hotspot\share\interpreter\linkResolver.cpp, line 773]
Event: 6.427 Thread 0x00000203a263bd60 Exception <a 'java/lang/NoSuchMethodError'{0x00000000887be8a0}: 'void java.lang.invoke.DirectMethodHandle$Holder.invokeStatic(java.lang.Object, long)'> (0x00000000887be8a0) 
thrown [s\open\src\hotspot\share\interpreter\linkResolver.cpp, line 773]

VM Operations (20 events):
Event: 5.102 Executing VM operation: G1CollectForAllocation
Event: 5.117 Executing VM operation: G1CollectForAllocation done
Event: 5.860 Executing VM operation: G1CollectForAllocation
Event: 5.868 Executing VM operation: G1CollectForAllocation done
Event: 6.142 Executing VM operation: ICBufferFull
Event: 6.142 Executing VM operation: ICBufferFull done
Event: 6.208 Executing VM operation: HandshakeAllThreads
Event: 6.208 Executing VM operation: HandshakeAllThreads done
Event: 6.222 Executing VM operation: HandshakeAllThreads
Event: 6.222 Executing VM operation: HandshakeAllThreads done
Event: 6.378 Executing VM operation: HandshakeAllThreads
Event: 6.378 Executing VM operation: HandshakeAllThreads done
Event: 6.388 Executing VM operation: HandshakeAllThreads
Event: 6.388 Executing VM operation: HandshakeAllThreads done
Event: 6.389 Executing VM operation: HandshakeAllThreads
Event: 6.389 Executing VM operation: HandshakeAllThreads done
Event: 6.429 Executing VM operation: HandshakeAllThreads
Event: 6.429 Executing VM operation: HandshakeAllThreads done
Event: 7.430 Executing VM operation: Cleanup
Event: 7.431 Executing VM operation: Cleanup done

Events (20 events):
Event: 0.031 Thread 0x00000203c1385ac0 Thread added: 0x00000203c1385ac0
Event: 0.031 Thread 0x00000203c1386ce0 Thread added: 0x00000203c1386ce0
Event: 0.031 Thread 0x00000203c138a640 Thread added: 0x00000203c138a640
Event: 0.031 Thread 0x00000203c138c130 Thread added: 0x00000203c138c130
Event: 0.031 Thread 0x00000203c138ca70 Thread added: 0x00000203c138ca70
Event: 0.032 Thread 0x00000203c1390be0 Thread added: 0x00000203c1390be0
Event: 0.032 Thread 0x00000203c1391560 Thread added: 0x00000203c1391560
Event: 0.048 Thread 0x00000203c134e0f0 Thread added: 0x00000203c134e0f0
Event: 0.087 Thread 0x00000203c56dd450 Thread added: 0x00000203c56dd450
Event: 0.087 Thread 0x00000203c56df9c0 Thread added: 0x00000203c56df9c0
Event: 0.396 Thread 0x00000203c5afc010 Thread added: 0x00000203c5afc010
Event: 6.209 Thread 0x00000203c5c9c7c0 Thread added: 0x00000203c5c9c7c0
Event: 6.217 Thread 0x00000203c5c9c7c0 Thread exited: 0x00000203c5c9c7c0
Event: 6.344 Thread 0x00000203c566dfc0 Thread added: 0x00000203c566dfc0
Event: 6.347 Thread 0x00000203c566e510 Thread added: 0x00000203c566e510
Event: 6.416 Thread 0x00000203c5668570 Thread added: 0x00000203c5668570
Event: 6.440 Thread 0x00000203c566ea60 Thread added: 0x00000203c566ea60
Event: 6.440 Thread 0x00000203c5669010 Thread added: 0x00000203c5669010
Event: 6.448 Thread 0x00000203c566c530 Thread added: 0x00000203c566c530
Event: 6.751 Thread 0x00000203c5afc010 Thread exited: 0x00000203c5afc010


Dynamic libraries:
0x00007ff7685c0000 - 0x00007ff7685d0000 	C:\Program Files\Java\jdk-20\bin\java.exe
0x00007ffe5f1f0000 - 0x00007ffe5f3e8000 	C:\WINDOWS\SYSTEM32\ntdll.dll
0x00007ffe5db00000 - 0x00007ffe5dbbd000 	C:\WINDOWS\System32\KERNEL32.DLL
0x00007ffe5cc30000 - 0x00007ffe5cf26000 	C:\WINDOWS\System32\KERNELBASE.dll
0x00007ffe5d100000 - 0x00007ffe5d200000 	C:\WINDOWS\System32\ucrtbase.dll
0x00007ffe54050000 - 0x00007ffe5406b000 	C:\Program Files\Java\jdk-20\bin\VCRUNTIME140.dll
0x00007ffe56500000 - 0x00007ffe56519000 	C:\Program Files\Java\jdk-20\bin\jli.dll
0x00007ffe5f0a0000 - 0x00007ffe5f150000 	C:\WINDOWS\System32\ADVAPI32.dll
0x00007ffe5e240000 - 0x00007ffe5e2de000 	C:\WINDOWS\System32\msvcrt.dll
0x00007ffe5e130000 - 0x00007ffe5e1d0000 	C:\WINDOWS\System32\sechost.dll
0x00007ffe5ede0000 - 0x00007ffe5ef03000 	C:\WINDOWS\System32\RPCRT4.dll
0x00007ffe5d200000 - 0x00007ffe5d227000 	C:\WINDOWS\System32\bcrypt.dll
0x00007ffe5e390000 - 0x00007ffe5e52f000 	C:\WINDOWS\System32\USER32.dll
0x00007ffe5ca80000 - 0x00007ffe5caa2000 	C:\WINDOWS\System32\win32u.dll
0x00007ffe5dd90000 - 0x00007ffe5ddbb000 	C:\WINDOWS\System32\GDI32.dll
0x00007ffe40860000 - 0x00007ffe40afa000 	C:\WINDOWS\WinSxS\amd64_microsoft.windows.common-controls_6595b64144ccf1df_6.0.19041.4355_none_60b8b9eb71f62e16\COMCTL32.dll
0x00007ffe5cfe0000 - 0x00007ffe5d0f7000 	C:\WINDOWS\System32\gdi32full.dll
0x00007ffe5cb40000 - 0x00007ffe5cbdd000 	C:\WINDOWS\System32\msvcp_win.dll
0x00007ffe51590000 - 0x00007ffe5159a000 	C:\WINDOWS\SYSTEM32\VERSION.dll
0x00007ffe5eca0000 - 0x00007ffe5eccf000 	C:\WINDOWS\System32\IMM32.DLL
0x00007ffe54040000 - 0x00007ffe5404c000 	C:\Program Files\Java\jdk-20\bin\vcruntime140_1.dll
0x00007ffe17e40000 - 0x00007ffe17ece000 	C:\Program Files\Java\jdk-20\bin\msvcp140.dll
0x00007ffdc7570000 - 0x00007ffdc8207000 	C:\Program Files\Java\jdk-20\bin\server\jvm.dll
0x00007ffe337c0000 - 0x00007ffe337c9000 	C:\WINDOWS\SYSTEM32\WSOCK32.dll
0x00007ffe49060000 - 0x00007ffe49087000 	C:\WINDOWS\SYSTEM32\WINMM.dll
0x00007ffe5e1d0000 - 0x00007ffe5e23b000 	C:\WINDOWS\System32\WS2_32.dll
0x00007ffe5b080000 - 0x00007ffe5b092000 	C:\WINDOWS\SYSTEM32\kernel.appcore.dll
0x00007ffe54030000 - 0x00007ffe5403a000 	C:\Program Files\Java\jdk-20\bin\jimage.dll
0x00007ffe56b30000 - 0x00007ffe56d14000 	C:\WINDOWS\SYSTEM32\DBGHELP.DLL
0x00007ffe44f40000 - 0x00007ffe44f74000 	C:\WINDOWS\SYSTEM32\dbgcore.DLL
0x00007ffe5cab0000 - 0x00007ffe5cb32000 	C:\WINDOWS\System32\bcryptPrimitives.dll
0x00007ffe54020000 - 0x00007ffe5402e000 	C:\Program Files\Java\jdk-20\bin\instrument.dll
0x00007ffe52d70000 - 0x00007ffe52d96000 	C:\Program Files\Java\jdk-20\bin\java.dll
0x00007ffe12990000 - 0x00007ffe12a67000 	C:\Program Files\Java\jdk-20\bin\jsvml.dll
0x00007ffe5e530000 - 0x00007ffe5ec9c000 	C:\WINDOWS\System32\SHELL32.dll
0x00007ffe5a820000 - 0x00007ffe5afbd000 	C:\WINDOWS\SYSTEM32\windows.storage.dll
0x00007ffe5ddc0000 - 0x00007ffe5e113000 	C:\WINDOWS\System32\combase.dll
0x00007ffe5c1f0000 - 0x00007ffe5c21e000 	C:\WINDOWS\SYSTEM32\Wldp.dll
0x00007ffe5d230000 - 0x00007ffe5d2fd000 	C:\WINDOWS\System32\OLEAUT32.dll
0x00007ffe5d930000 - 0x00007ffe5d9dd000 	C:\WINDOWS\System32\SHCORE.dll
0x00007ffe5ef10000 - 0x00007ffe5ef65000 	C:\WINDOWS\System32\shlwapi.dll
0x00007ffe5c7e0000 - 0x00007ffe5c804000 	C:\WINDOWS\SYSTEM32\profapi.dll
0x00007ffe50080000 - 0x00007ffe50098000 	C:\Program Files\Java\jdk-20\bin\zip.dll
0x00007ffe50060000 - 0x00007ffe50073000 	C:\Program Files\Java\jdk-20\bin\net.dll
0x00007ffe55640000 - 0x00007ffe5574a000 	C:\WINDOWS\SYSTEM32\WINHTTP.dll
0x00007ffe5bfd0000 - 0x00007ffe5c03a000 	C:\WINDOWS\system32\mswsock.dll
0x00007ffe50040000 - 0x00007ffe50056000 	C:\Program Files\Java\jdk-20\bin\nio.dll
0x00007ffe4ffa0000 - 0x00007ffe4ffba000 	D:\Programming-Languages\IntelliJ IDEA 2024.1\bin\breakgen64.dll
0x00007ffe50030000 - 0x00007ffe50037000 	C:\Program Files\Java\jdk-20\bin\extnet.dll
0x0000000069ac0000 - 0x0000000069ae4000 	C:\Users\Youssef\AppData\Local\Temp\jansi-2.4.0-763b1c69f1a688ca-jansi.dll
0x00007ffe3cb30000 - 0x00007ffe3cb40000 	C:\Program Files\Java\jdk-20\bin\verify.dll
0x00007ffe5c230000 - 0x00007ffe5c248000 	C:\WINDOWS\SYSTEM32\CRYPTSP.dll
0x00007ffe5b8a0000 - 0x00007ffe5b8d4000 	C:\WINDOWS\system32\rsaenh.dll
0x00007ffe5c750000 - 0x00007ffe5c77e000 	C:\WINDOWS\SYSTEM32\USERENV.dll
0x00007ffe5c160000 - 0x00007ffe5c16c000 	C:\WINDOWS\SYSTEM32\CRYPTBASE.dll
0x00007ffe5bc80000 - 0x00007ffe5bcbb000 	C:\WINDOWS\SYSTEM32\IPHLPAPI.DLL
0x00007ffe5ed70000 - 0x00007ffe5ed78000 	C:\WINDOWS\System32\NSI.dll
0x00007ffe51670000 - 0x00007ffe51687000 	C:\WINDOWS\SYSTEM32\dhcpcsvc6.DLL
0x00007ffe515e0000 - 0x00007ffe515fd000 	C:\WINDOWS\SYSTEM32\dhcpcsvc.DLL
0x00007ffe5bcd0000 - 0x00007ffe5bd9a000 	C:\WINDOWS\SYSTEM32\DNSAPI.dll

dbghelp: loaded successfully - version: 4.0.5 - missing functions: none
symbol engine: initialized successfully - sym options: 0x614 - pdb path: .;C:\Program Files\Java\jdk-20\bin;C:\WINDOWS\SYSTEM32;C:\WINDOWS\WinSxS\amd64_microsoft.windows.common-controls_6595b64144ccf1df_6.0.19041.4355_none_60b8b9eb71f62e16;C:\Program Files\Java\jdk-20\bin\server;D:\Programming-Languages\IntelliJ IDEA 2024.1\bin;C:\Users\Youssef\AppData\Local\Temp

VM Arguments:
jvm_args: -Dmaven.multiModuleProjectDirectory=D:\Computer science\Tasaheel\paymentManagement -Djansi.passthrough=true -Dmaven.home=D:\Programming-Languages\IntelliJ IDEA 2024.1\plugins\maven\lib\maven3 -Dclassworlds.conf=D:\Programming-Languages\IntelliJ IDEA 2024.1\plugins\maven\lib\maven3\bin\m2.conf -Dmaven.ext.class.path=D:\Programming-Languages\IntelliJ IDEA 2024.1\plugins\maven\lib\maven-event-listener.jar -javaagent:D:\Programming-Languages\IntelliJ IDEA 2024.1\lib\idea_rt.jar=49898:D:\Programming-Languages\IntelliJ IDEA 2024.1\bin -Dfile.encoding=UTF-8 -Dsun.stdout.encoding=UTF-8 -Dsun.stderr.encoding=UTF-8 
java_command: org.codehaus.classworlds.Launcher -Didea.version=2024.1 package
java_class_path (initial): D:\Programming-Languages\IntelliJ IDEA 2024.1\plugins\maven\lib\maven3\boot\plexus-classworlds-2.7.0.jar;D:\Programming-Languages\IntelliJ IDEA 2024.1\plugins\maven\lib\maven3\boot\plexus-classworlds.license
Launcher Type: SUN_STANDARD

[Global flags]
     intx CICompilerCount                          = 4                                         {product} {ergonomic}
     uint ConcGCThreads                            = 3                                         {product} {ergonomic}
     uint G1ConcRefinementThreads                  = 10                                        {product} {ergonomic}
   size_t G1HeapRegionSize                         = 1048576                                   {product} {ergonomic}
    uintx GCDrainStackTargetSize                   = 64                                        {product} {ergonomic}
   size_t InitialHeapSize                          = 132120576                                 {product} {ergonomic}
   size_t MarkStackSize                            = 4194304                                   {product} {ergonomic}
   size_t MaxHeapSize                              = 2095054848                                {product} {ergonomic}
   size_t MaxNewSize                               = 1256194048                                {product} {ergonomic}
   size_t MinHeapDeltaBytes                        = 1048576                                   {product} {ergonomic}
   size_t MinHeapSize                              = 8388608                                   {product} {ergonomic}
    uintx NonNMethodCodeHeapSize                   = 5839372                                {pd product} {ergonomic}
    uintx NonProfiledCodeHeapSize                  = 122909434                              {pd product} {ergonomic}
    uintx ProfiledCodeHeapSize                     = 122909434                              {pd product} {ergonomic}
    uintx ReservedCodeCacheSize                    = 251658240                              {pd product} {ergonomic}
     bool SegmentedCodeCache                       = true                                      {product} {ergonomic}
   size_t SoftMaxHeapSize                          = 2095054848                             {manageable} {ergonomic}
     bool UseCompressedClassPointers               = true                           {product lp64_product} {ergonomic}
     bool UseCompressedOops                        = true                           {product lp64_product} {ergonomic}
     bool UseG1GC                                  = true                                      {product} {ergonomic}
     bool UseLargePagesIndividualAllocation        = false                                  {pd product} {ergonomic}

Logging:
Log output configuration:
 #0: stdout all=warning uptime,level,tags foldmultilines=false
 #1: stderr all=off uptime,level,tags foldmultilines=false

Environment Variables:
JAVA_HOME=C:\Program Files\Java\jdk-17\bin
PATH=C:\Program Files (x86)\Common Files\Oracle\Java\java8path;C:\Program Files (x86)\Common Files\Oracle\Java\javapath;C:\WINDOWS\system32;C:\WINDOWS;C:\WINDOWS\System32\Wbem;C:\WINDOWS\System32\WindowsPowerShell\v1.0\;C:\WINDOWS\System32\OpenSSH\;D:\Java\bin;C:\Program Files\dotnet\;C:\Program Files\Java\jdk-17\bin;C:\Python27\Scripts;C:\Python27;C:\Program Files\NVIDIA Corporation\NVIDIA NvDLISR;D:\PyCharm\;D:\Programming-Languages;D:\Computer science\MongoDB\mongosh-2.0.2-win32-x64\bin;C:\Program Files (x86)\NVIDIA Corporation\PhysX\Common;C:\Program Files\Docker\Docker\resources\bin;C:\Program Files\MySQL\MySQL Server 8.0\bin;C:\Users\Youssef\AppData\Local\Microsoft\WindowsApps\python.exe;C:\Program Files\Git\cmd;C:\Program Files\MySQL\MySQL Shell 8.0\bin\;C:\Users\Youssef\AppData\Local\Microsoft\WindowsApps;D:\PyCharm\PyCharm Community Edition 2020.3.1\bin;;C:\Users\Youssef\.dotnet\tools;C:\ProgramData\Youssef\GitHubDesktop\bin;C:\Program Files\Java\jdk-17\bin;D:\Computer science\Flutter\dart-sdk\bin;C:\Users\Youssef\AppData\Local\Programs\Microsoft VS Code\bin;C:\Users\Youssef\AppData\Roaming\npm;D:\Programming-Languages;C:\Users\Youssef\AppData\Local\GitHubDesktop\bin;C:\Users\Youssef\Desktop\jasypt-master;;D:\Programming-Languages\IntelliJ IDEA 2024.1\bin;
USERNAME=Youssef
OS=Windows_NT
PROCESSOR_IDENTIFIER=Intel64 Family 6 Model 165 Stepping 2, GenuineIntel
TMP=C:\Users\Youssef\AppData\Local\Temp
TEMP=C:\Users\Youssef\AppData\Local\Temp




---------------  S Y S T E M  ---------------

OS:
 Windows 10 , 64 bit Build 19041 (10.0.19041.3636)
OS uptime: 0 days 4:17 hours
Hyper-V role detected

CPU: total 12 (initial active 12) (6 cores per cpu, 2 threads per core) family 6 model 165 stepping 2 microcode 0xf8, cx8, cmov, fxsr, ht, mmx, 3dnowpref, sse, sse2, sse3, ssse3, sse4.1, sse4.2, popcnt, lzcnt, tsc, tscinvbit, avx, avx2, aes, erms, clmul, bmi1, bmi2, adx, fma, vzeroupper, clflush, clflushopt, hv, rdtscp, f16c

Memory: 4k page, system-wide physical 7985M (311M free)
TotalPageFile size 12081M (AvailPageFile size 4M)
current process WorkingSet (physical memory assigned to process): 397M, peak: 398M
current process commit charge ("private bytes"): 458M, peak: 458M

vm_info: Java HotSpot(TM) 64-Bit Server VM (20.0.1+9-29) for windows-amd64 JRE (20.0.1+9-29), built on 2023-03-07T13:56:11Z by "mach5one" with MS VC++ 17.1 (VS2022)

END.
