#
# There is insufficient memory for the Java Runtime Environment to continue.
# Native memory allocation (malloc) failed to allocate 32744 bytes for Chunk::new
# Possible reasons:
#   The system is out of physical RAM or swap space
#   The process is running with CompressedOops enabled, and the Java Heap may be blocking the growth of the native heap
# Possible solutions:
#   Reduce memory load on the system
#   Increase physical memory or swap space
#   Check if swap backing store is full
#   Decrease Java heap size (-Xmx/-Xms)
#   Decrease number of Java threads
#   Decrease Java thread stack sizes (-Xss)
#   Set larger code cache with -XX:ReservedCodeCacheSize=
#   JVM is running with Unscaled Compressed Oops mode in which the Java heap is
#     placed in the first 4GB address space. The Java Heap base address is the
#     maximum limit for the native heap growth. Please use -XX:HeapBaseMinAddress
#     to set the Java Heap base and to place the Java Heap above 4GB virtual address.
# This output file may be truncated or incomplete.
#
#  Out of Memory Error (arena.cpp:184), pid=11808, tid=4152
#
# JRE version: Java(TM) SE Runtime Environment (20.0.1+9) (build 20.0.1+9-29)
# Java VM: Java HotSpot(TM) 64-Bit Server VM (20.0.1+9-29, mixed mode, sharing, tiered, compressed oops, compressed class ptrs, g1 gc, windows-amd64)
# No core dump will be written. Minidumps are not enabled by default on client versions of Windows
#

---------------  S U M M A R Y ------------

Command Line: -Dmaven.multiModuleProjectDirectory=D:\Computer science\Tasaheel\paymentManagement -Djansi.passthrough=true -Dmaven.home=D:\Programming-Languages\IntelliJ IDEA 2024.1\plugins\maven\lib\maven3 -Dclassworlds.conf=D:\Programming-Languages\IntelliJ IDEA 2024.1\plugins\maven\lib\maven3\bin\m2.conf -Dmaven.ext.class.path=D:\Programming-Languages\IntelliJ IDEA 2024.1\plugins\maven\lib\maven-event-listener.jar -javaagent:D:\Programming-Languages\IntelliJ IDEA 2024.1\lib\idea_rt.jar=61095:D:\Programming-Languages\IntelliJ IDEA 2024.1\bin -Dfile.encoding=UTF-8 -Dsun.stdout.encoding=UTF-8 -Dsun.stderr.encoding=UTF-8 org.codehaus.classworlds.Launcher -Didea.version=2024.1 package

Host: Intel(R) Core(TM) i7-10750H CPU @ 2.60GHz, 12 cores, 7G,  Windows 10 , 64 bit Build 19041 (10.0.19041.3636)
Time: Tue Jul  2 21:42:44 2024 Egypt Daylight Time elapsed time: 7.476366 seconds (0d 0h 0m 7s)

---------------  T H R E A D  ---------------

Current thread (0x000001f70c601730):  JavaThread "fork-1-event-thread" daemon [_thread_in_vm, id=4152, stack(0x0000009666600000,0x0000009666700000)]

Stack: [0x0000009666600000,0x0000009666700000]
Native frames: (J=compiled Java code, j=interpreted, Vv=VM code, C=native code)
V  [jvm.dll+0x6bb95a]
V  [jvm.dll+0x8485fa]
V  [jvm.dll+0x84a1f5]
V  [jvm.dll+0x84a8f3]
V  [jvm.dll+0x280b0f]
V  [jvm.dll+0xc2b11]
V  [jvm.dll+0xc2e35]
V  [jvm.dll+0x223ce5]
V  [jvm.dll+0x222c36]
V  [jvm.dll+0x7c2cb4]
V  [jvm.dll+0x7c3dff]
V  [jvm.dll+0x7c43af]
V  [jvm.dll+0x7c4058]
V  [jvm.dll+0x27024b]
V  [jvm.dll+0x3d84fe]
C  0x000001f7761cf85f

Java frames: (J=compiled Java code, j=interpreted, Vv=VM code)
j  java.lang.Throwable.printStackTrace(Ljava/io/PrintStream;)V+1 java.base@20.0.1
j  java.lang.ThreadGroup.uncaughtException(Ljava/lang/Thread;Ljava/lang/Throwable;)V+75 java.base@20.0.1
j  java.lang.ThreadGroup.uncaughtException(Ljava/lang/Thread;Ljava/lang/Throwable;)V+13 java.base@20.0.1
j  java.lang.Thread.dispatchUncaughtException(Ljava/lang/Throwable;)V+6 java.base@20.0.1
v  ~StubRoutines::call_stub 0x000001f7761a100d

---------------  P R O C E S S  ---------------

Threads class SMR info:
_java_thread_list=0x000001f70c5d4170, length=19, elements={
0x000001f766bb6660, 0x000001f77f9d5000, 0x000001f77f9d5e00, 0x000001f77f9d6e80,
0x000001f77f9da8e0, 0x000001f77f9db220, 0x000001f77f9dbb60, 0x000001f77f9e1ce0,
0x000001f77f9ea670, 0x000001f70818cad0, 0x000001f708279150, 0x000001f7082796a0,
0x000001f7087615f0, 0x000001f7095d4540, 0x000001f70c603c60, 0x000001f70c603710,
0x000001f70c604700, 0x000001f70c5fd770, 0x000001f70c601730
}

Java Threads: ( => current thread )
  0x000001f766bb6660 JavaThread "main" [_thread_in_native, id=5552, stack(0x0000009664200000,0x0000009664300000)]
  0x000001f77f9d5000 JavaThread "Reference Handler" daemon [_thread_blocked, id=10604, stack(0x0000009664900000,0x0000009664a00000)]
  0x000001f77f9d5e00 JavaThread "Finalizer" daemon [_thread_blocked, id=12268, stack(0x0000009664a00000,0x0000009664b00000)]
  0x000001f77f9d6e80 JavaThread "Signal Dispatcher" daemon [_thread_blocked, id=2228, stack(0x0000009664b00000,0x0000009664c00000)]
  0x000001f77f9da8e0 JavaThread "Attach Listener" daemon [_thread_blocked, id=12360, stack(0x0000009664c00000,0x0000009664d00000)]
  0x000001f77f9db220 JavaThread "Service Thread" daemon [_thread_blocked, id=12784, stack(0x0000009664d00000,0x0000009664e00000)]
  0x000001f77f9dbb60 JavaThread "Monitor Deflation Thread" daemon [_thread_blocked, id=14124, stack(0x0000009664e00000,0x0000009664f00000)]
  0x000001f77f9e1ce0 JavaThread "C2 CompilerThread0" daemon [_thread_blocked, id=3424, stack(0x0000009664f00000,0x0000009665000000)]
  0x000001f77f9ea670 JavaThread "C1 CompilerThread0" daemon [_thread_blocked, id=15240, stack(0x0000009665000000,0x0000009665100000)]
  0x000001f70818cad0 JavaThread "Common-Cleaner" daemon [_thread_blocked, id=6268, stack(0x0000009665100000,0x0000009665200000)]
  0x000001f708279150 JavaThread "Monitor Ctrl-Break" daemon [_thread_in_native, id=9588, stack(0x0000009665200000,0x0000009665300000)]
  0x000001f7082796a0 JavaThread "Notification Thread" daemon [_thread_blocked, id=5940, stack(0x0000009665300000,0x0000009665400000)]
  0x000001f7087615f0 JavaThread "C2 CompilerThread1" daemon [_thread_in_native, id=13444, stack(0x0000009665500000,0x0000009665600000)]
  0x000001f7095d4540 JavaThread "timeout-check-timer" daemon [_thread_blocked, id=13616, stack(0x0000009666100000,0x0000009666200000)]
  0x000001f70c603c60 JavaThread "ping-timer-10s" daemon [_thread_blocked, id=16620, stack(0x0000009666200000,0x0000009666300000)]
  0x000001f70c603710 JavaThread "ThreadedStreamConsumer" daemon [_thread_blocked, id=15200, stack(0x0000009666300000,0x0000009666400000)]
  0x000001f70c604700 JavaThread "fork-1-err-thread" daemon [_thread_in_native, id=11468, stack(0x0000009666400000,0x0000009666500000)]
  0x000001f70c5fd770 JavaThread "commands-fork-1" daemon [_thread_blocked, id=300, stack(0x0000009666500000,0x0000009666600000)]
=>0x000001f70c601730 JavaThread "fork-1-event-thread" daemon [_thread_in_vm, id=4152, stack(0x0000009666600000,0x0000009666700000)]

Other Threads:
  0x000001f77f9b8280 VMThread "VM Thread" [stack: 0x0000009664800000,0x0000009664900000] [id=1196]
  0x000001f708354b60 WatcherThread "VM Periodic Task Thread" [stack: 0x0000009665400000,0x0000009665500000] [id=2752]
  0x000001f766c15db0 WorkerThread "GC Thread#0" [stack: 0x0000009664300000,0x0000009664400000] [id=14808]
  0x000001f7086c5ca0 WorkerThread "GC Thread#1" [stack: 0x0000009665700000,0x0000009665800000] [id=3476]
  0x000001f7086c6d80 WorkerThread "GC Thread#2" [stack: 0x0000009665800000,0x0000009665900000] [id=3528]
  0x000001f7086c6240 WorkerThread "GC Thread#3" [stack: 0x0000009665900000,0x0000009665a00000] [id=3128]
  0x000001f7086c6510 WorkerThread "GC Thread#4" [stack: 0x0000009665a00000,0x0000009665b00000] [id=16920]
  0x000001f7086c5700 WorkerThread "GC Thread#5" [stack: 0x0000009665b00000,0x0000009665c00000] [id=15280]
  0x000001f7086c5160 WorkerThread "GC Thread#6" [stack: 0x0000009665c00000,0x0000009665d00000] [id=11488]
  0x000001f7086c6ab0 WorkerThread "GC Thread#7" [stack: 0x0000009665d00000,0x0000009665e00000] [id=13844]
  0x000001f7086c5430 WorkerThread "GC Thread#8" [stack: 0x0000009665e00000,0x0000009665f00000] [id=3108]
  0x000001f7086c59d0 WorkerThread "GC Thread#9" [stack: 0x0000009665f00000,0x0000009666000000] [id=15804]
  0x000001f766c26730 ConcurrentGCThread "G1 Main Marker" [stack: 0x0000009664400000,0x0000009664500000] [id=18008]
  0x000001f766c27810 WorkerThread "G1 Conc#0" [stack: 0x0000009664500000,0x0000009664600000] [id=12472]
  0x000001f708f62aa0 WorkerThread "G1 Conc#1" [stack: 0x0000009665600000,0x0000009665700000] [id=17144]
  0x000001f708f608e0 WorkerThread "G1 Conc#2" [stack: 0x0000009666000000,0x0000009666100000] [id=10040]
  0x000001f77f877500 ConcurrentGCThread "G1 Refine#0" [stack: 0x0000009664600000,0x0000009664700000] [id=3804]
  0x000001f77f877db0 ConcurrentGCThread "G1 Service" [stack: 0x0000009664700000,0x0000009664800000] [id=16936]

Threads with active compile tasks:
C2 CompilerThread1     7500 7459   !   4       java.lang.ClassLoader::loadClass (121 bytes)

VM state: not at safepoint (normal execution)

VM Mutex/Monitor currently owned by a thread: None

OutOfMemory and StackOverflow Exception counts:
OutOfMemoryError java_heap_errors=1
LinkageErrors=66

Heap address: 0x0000000083200000, size: 1998 MB, Compressed Oops mode: 32-bit

CDS archive(s) mapped at: [0x0000000800000000-0x0000000800c60000-0x0000000800c60000), size 12976128, SharedBaseAddress: 0x0000000800000000, ArchiveRelocationMode: 0.
Compressed class space mapped at: 0x0000000801000000-0x0000000841000000, reserved size: 1073741824
Narrow klass base: 0x0000000800000000, Narrow klass shift: 0, Narrow klass range: 0x100000000

GC Precious Log:
 CardTable entry size: 512
 Card Set container configuration: InlinePtr #cards 5 size 8 Array Of Cards #cards 12 size 40 Howl #buckets 4 coarsen threshold 1843 Howl Bitmap #cards 512 size 80 coarsen threshold 460 Card regions per heap region 1 cards per card region 2048
 CPUs: 12 total, 12 available
 Memory: 7985M
 Large Page Support: Disabled
 NUMA Support: Disabled
 Compressed Oops: Enabled (32-bit)
 Heap Region Size: 1M
 Heap Min Capacity: 8M
 Heap Initial Capacity: 126M
 Heap Max Capacity: 1998M
 Pre-touch: Disabled
 Parallel Workers: 10
 Concurrent Workers: 3
 Concurrent Refinement Workers: 10
 Periodic GC: Disabled

Heap:
 garbage-first heap   total 146432K, used 90624K [0x0000000083200000, 0x0000000100000000)
  region size 1024K, 45 young (46080K), 4 survivors (4096K)
 Metaspace       used 34966K, committed 35520K, reserved 1114112K
  class space    used 3902K, committed 4160K, reserved 1048576K

Heap Regions: E=young(eden), S=young(survivor), O=old, HS=humongous(starts), HC=humongous(continues), CS=collection set, F=free, OA=open archive, CA=closed archive, TAMS=top-at-mark-start, PB=parsable bottom
|   0|0x0000000083200000, 0x0000000083300000, 0x0000000083300000|100%| O|  |TAMS 0x0000000083200000| PB 0x0000000083200000| Untracked 
|   1|0x0000000083300000, 0x0000000083400000, 0x0000000083400000|100%| O|  |TAMS 0x0000000083300000| PB 0x0000000083300000| Untracked 
|   2|0x0000000083400000, 0x0000000083500000, 0x0000000083500000|100%| O|  |TAMS 0x0000000083400000| PB 0x0000000083400000| Untracked 
|   3|0x0000000083500000, 0x0000000083600000, 0x0000000083600000|100%| O|  |TAMS 0x0000000083500000| PB 0x0000000083500000| Untracked 
|   4|0x0000000083600000, 0x0000000083700000, 0x0000000083700000|100%| O|  |TAMS 0x0000000083600000| PB 0x0000000083600000| Untracked 
|   5|0x0000000083700000, 0x0000000083800000, 0x0000000083800000|100%|HS|  |TAMS 0x0000000083700000| PB 0x0000000083700000| Complete 
|   6|0x0000000083800000, 0x0000000083900000, 0x0000000083900000|100%| O|  |TAMS 0x0000000083800000| PB 0x0000000083800000| Untracked 
|   7|0x0000000083900000, 0x0000000083900000, 0x0000000083a00000|  0%| F|  |TAMS 0x0000000083900000| PB 0x0000000083900000| Untracked 
|   8|0x0000000083a00000, 0x0000000083b00000, 0x0000000083b00000|100%|HS|  |TAMS 0x0000000083a00000| PB 0x0000000083a00000| Complete 
|   9|0x0000000083b00000, 0x0000000083c00000, 0x0000000083c00000|100%|HC|  |TAMS 0x0000000083b00000| PB 0x0000000083b00000| Complete 
|  10|0x0000000083c00000, 0x0000000083d00000, 0x0000000083d00000|100%|HS|  |TAMS 0x0000000083c00000| PB 0x0000000083c00000| Complete 
|  11|0x0000000083d00000, 0x0000000083e00000, 0x0000000083e00000|100%| O|  |TAMS 0x0000000083d00000| PB 0x0000000083d00000| Untracked 
|  12|0x0000000083e00000, 0x0000000083f00000, 0x0000000083f00000|100%|HS|  |TAMS 0x0000000083e00000| PB 0x0000000083e00000| Complete 
|  13|0x0000000083f00000, 0x0000000084000000, 0x0000000084000000|100%|HC|  |TAMS 0x0000000083f00000| PB 0x0000000083f00000| Complete 
|  14|0x0000000084000000, 0x0000000084100000, 0x0000000084100000|100%| O|  |TAMS 0x0000000084000000| PB 0x0000000084000000| Untracked 
|  15|0x0000000084100000, 0x0000000084200000, 0x0000000084200000|100%| O|  |TAMS 0x0000000084100000| PB 0x0000000084100000| Untracked 
|  16|0x0000000084200000, 0x0000000084300000, 0x0000000084300000|100%| O|  |TAMS 0x0000000084200000| PB 0x0000000084200000| Untracked 
|  17|0x0000000084300000, 0x0000000084400000, 0x0000000084400000|100%| O|  |TAMS 0x0000000084300000| PB 0x0000000084300000| Untracked 
|  18|0x0000000084400000, 0x0000000084500000, 0x0000000084500000|100%| O|  |TAMS 0x0000000084400000| PB 0x0000000084400000| Untracked 
|  19|0x0000000084500000, 0x0000000084600000, 0x0000000084600000|100%| O|  |TAMS 0x0000000084500000| PB 0x0000000084500000| Untracked 
|  20|0x0000000084600000, 0x0000000084700000, 0x0000000084700000|100%| O|  |TAMS 0x0000000084600000| PB 0x0000000084600000| Untracked 
|  21|0x0000000084700000, 0x0000000084800000, 0x0000000084800000|100%| O|  |TAMS 0x0000000084700000| PB 0x0000000084700000| Untracked 
|  22|0x0000000084800000, 0x0000000084900000, 0x0000000084900000|100%| O|  |TAMS 0x0000000084800000| PB 0x0000000084800000| Untracked 
|  23|0x0000000084900000, 0x0000000084a00000, 0x0000000084a00000|100%| O|  |TAMS 0x0000000084900000| PB 0x0000000084900000| Untracked 
|  24|0x0000000084a00000, 0x0000000084a00000, 0x0000000084b00000|  0%| F|  |TAMS 0x0000000084a00000| PB 0x0000000084a00000| Untracked 
|  25|0x0000000084b00000, 0x0000000084b00000, 0x0000000084c00000|  0%| F|  |TAMS 0x0000000084b00000| PB 0x0000000084b00000| Untracked 
|  26|0x0000000084c00000, 0x0000000084c00000, 0x0000000084d00000|  0%| F|  |TAMS 0x0000000084c00000| PB 0x0000000084c00000| Untracked 
|  27|0x0000000084d00000, 0x0000000084d00000, 0x0000000084e00000|  0%| F|  |TAMS 0x0000000084d00000| PB 0x0000000084d00000| Untracked 
|  28|0x0000000084e00000, 0x0000000084e00000, 0x0000000084f00000|  0%| F|  |TAMS 0x0000000084e00000| PB 0x0000000084e00000| Untracked 
|  29|0x0000000084f00000, 0x0000000084f00000, 0x0000000085000000|  0%| F|  |TAMS 0x0000000084f00000| PB 0x0000000084f00000| Untracked 
|  30|0x0000000085000000, 0x0000000085000000, 0x0000000085100000|  0%| F|  |TAMS 0x0000000085000000| PB 0x0000000085000000| Untracked 
|  31|0x0000000085100000, 0x0000000085100000, 0x0000000085200000|  0%| F|  |TAMS 0x0000000085100000| PB 0x0000000085100000| Untracked 
|  32|0x0000000085200000, 0x0000000085200000, 0x0000000085300000|  0%| F|  |TAMS 0x0000000085200000| PB 0x0000000085200000| Untracked 
|  33|0x0000000085300000, 0x0000000085380000, 0x0000000085400000| 50%| O|  |TAMS 0x0000000085300000| PB 0x0000000085300000| Untracked 
|  34|0x0000000085400000, 0x0000000085400000, 0x0000000085500000|  0%| F|  |TAMS 0x0000000085400000| PB 0x0000000085400000| Untracked 
|  35|0x0000000085500000, 0x0000000085500000, 0x0000000085600000|  0%| F|  |TAMS 0x0000000085500000| PB 0x0000000085500000| Untracked 
|  36|0x0000000085600000, 0x0000000085600000, 0x0000000085700000|  0%| F|  |TAMS 0x0000000085600000| PB 0x0000000085600000| Untracked 
|  37|0x0000000085700000, 0x0000000085800000, 0x0000000085800000|100%| O|  |TAMS 0x0000000085700000| PB 0x0000000085700000| Untracked 
|  38|0x0000000085800000, 0x0000000085900000, 0x0000000085900000|100%| O|  |TAMS 0x0000000085800000| PB 0x0000000085800000| Untracked 
|  39|0x0000000085900000, 0x0000000085a00000, 0x0000000085a00000|100%| O|  |TAMS 0x0000000085900000| PB 0x0000000085900000| Untracked 
|  40|0x0000000085a00000, 0x0000000085b00000, 0x0000000085b00000|100%| O|  |TAMS 0x0000000085a00000| PB 0x0000000085a00000| Untracked 
|  41|0x0000000085b00000, 0x0000000085b00000, 0x0000000085c00000|  0%| F|  |TAMS 0x0000000085b00000| PB 0x0000000085b00000| Untracked 
|  42|0x0000000085c00000, 0x0000000085c00000, 0x0000000085d00000|  0%| F|  |TAMS 0x0000000085c00000| PB 0x0000000085c00000| Untracked 
|  43|0x0000000085d00000, 0x0000000085d00000, 0x0000000085e00000|  0%| F|  |TAMS 0x0000000085d00000| PB 0x0000000085d00000| Untracked 
|  44|0x0000000085e00000, 0x0000000085e00000, 0x0000000085f00000|  0%| F|  |TAMS 0x0000000085e00000| PB 0x0000000085e00000| Untracked 
|  45|0x0000000085f00000, 0x0000000085f00000, 0x0000000086000000|  0%| F|  |TAMS 0x0000000085f00000| PB 0x0000000085f00000| Untracked 
|  46|0x0000000086000000, 0x0000000086000000, 0x0000000086100000|  0%| F|  |TAMS 0x0000000086000000| PB 0x0000000086000000| Untracked 
|  47|0x0000000086100000, 0x0000000086100000, 0x0000000086200000|  0%| F|  |TAMS 0x0000000086100000| PB 0x0000000086100000| Untracked 
|  48|0x0000000086200000, 0x0000000086200000, 0x0000000086300000|  0%| F|  |TAMS 0x0000000086200000| PB 0x0000000086200000| Untracked 
|  49|0x0000000086300000, 0x0000000086300000, 0x0000000086400000|  0%| F|  |TAMS 0x0000000086300000| PB 0x0000000086300000| Untracked 
|  50|0x0000000086400000, 0x0000000086400000, 0x0000000086500000|  0%| F|  |TAMS 0x0000000086400000| PB 0x0000000086400000| Untracked 
|  51|0x0000000086500000, 0x0000000086600000, 0x0000000086600000|100%| O|  |TAMS 0x0000000086500000| PB 0x0000000086500000| Untracked 
|  52|0x0000000086600000, 0x0000000086700000, 0x0000000086700000|100%| O|  |TAMS 0x0000000086600000| PB 0x0000000086600000| Untracked 
|  53|0x0000000086700000, 0x0000000086800000, 0x0000000086800000|100%| O|  |TAMS 0x0000000086700000| PB 0x0000000086700000| Untracked 
|  54|0x0000000086800000, 0x0000000086900000, 0x0000000086900000|100%| O|  |TAMS 0x0000000086800000| PB 0x0000000086800000| Untracked 
|  55|0x0000000086900000, 0x0000000086900000, 0x0000000086a00000|  0%| F|  |TAMS 0x0000000086900000| PB 0x0000000086900000| Untracked 
|  56|0x0000000086a00000, 0x0000000086a00000, 0x0000000086b00000|  0%| F|  |TAMS 0x0000000086a00000| PB 0x0000000086a00000| Untracked 
|  57|0x0000000086b00000, 0x0000000086b00000, 0x0000000086c00000|  0%| F|  |TAMS 0x0000000086b00000| PB 0x0000000086b00000| Untracked 
|  58|0x0000000086c00000, 0x0000000086c00000, 0x0000000086d00000|  0%| F|  |TAMS 0x0000000086c00000| PB 0x0000000086c00000| Untracked 
|  59|0x0000000086d00000, 0x0000000086d00000, 0x0000000086e00000|  0%| F|  |TAMS 0x0000000086d00000| PB 0x0000000086d00000| Untracked 
|  60|0x0000000086e00000, 0x0000000086e00000, 0x0000000086f00000|  0%| F|  |TAMS 0x0000000086e00000| PB 0x0000000086e00000| Untracked 
|  61|0x0000000086f00000, 0x0000000086f00000, 0x0000000087000000|  0%| F|  |TAMS 0x0000000086f00000| PB 0x0000000086f00000| Untracked 
|  62|0x0000000087000000, 0x0000000087000000, 0x0000000087100000|  0%| F|  |TAMS 0x0000000087000000| PB 0x0000000087000000| Untracked 
|  63|0x0000000087100000, 0x0000000087100000, 0x0000000087200000|  0%| F|  |TAMS 0x0000000087100000| PB 0x0000000087100000| Untracked 
|  64|0x0000000087200000, 0x0000000087200000, 0x0000000087300000|  0%| F|  |TAMS 0x0000000087200000| PB 0x0000000087200000| Untracked 
|  65|0x0000000087300000, 0x0000000087300000, 0x0000000087400000|  0%| F|  |TAMS 0x0000000087300000| PB 0x0000000087300000| Untracked 
|  66|0x0000000087400000, 0x0000000087400000, 0x0000000087500000|  0%| F|  |TAMS 0x0000000087400000| PB 0x0000000087400000| Untracked 
|  67|0x0000000087500000, 0x0000000087600000, 0x0000000087600000|100%| S|CS|TAMS 0x0000000087500000| PB 0x0000000087500000| Complete 
|  68|0x0000000087600000, 0x0000000087700000, 0x0000000087700000|100%| S|CS|TAMS 0x0000000087600000| PB 0x0000000087600000| Complete 
|  69|0x0000000087700000, 0x0000000087800000, 0x0000000087800000|100%| S|CS|TAMS 0x0000000087700000| PB 0x0000000087700000| Complete 
|  70|0x0000000087800000, 0x0000000087900000, 0x0000000087900000|100%| S|CS|TAMS 0x0000000087800000| PB 0x0000000087800000| Complete 
|  71|0x0000000087900000, 0x0000000087900000, 0x0000000087a00000|  0%| F|  |TAMS 0x0000000087900000| PB 0x0000000087900000| Untracked 
|  72|0x0000000087a00000, 0x0000000087a00000, 0x0000000087b00000|  0%| F|  |TAMS 0x0000000087a00000| PB 0x0000000087a00000| Untracked 
|  73|0x0000000087b00000, 0x0000000087b00000, 0x0000000087c00000|  0%| F|  |TAMS 0x0000000087b00000| PB 0x0000000087b00000| Untracked 
|  74|0x0000000087c00000, 0x0000000087c00000, 0x0000000087d00000|  0%| F|  |TAMS 0x0000000087c00000| PB 0x0000000087c00000| Untracked 
|  75|0x0000000087d00000, 0x0000000087d00000, 0x0000000087e00000|  0%| F|  |TAMS 0x0000000087d00000| PB 0x0000000087d00000| Untracked 
|  76|0x0000000087e00000, 0x0000000087e00000, 0x0000000087f00000|  0%| F|  |TAMS 0x0000000087e00000| PB 0x0000000087e00000| Untracked 
|  77|0x0000000087f00000, 0x0000000087f00000, 0x0000000088000000|  0%| F|  |TAMS 0x0000000087f00000| PB 0x0000000087f00000| Untracked 
|  78|0x0000000088000000, 0x0000000088000000, 0x0000000088100000|  0%| F|  |TAMS 0x0000000088000000| PB 0x0000000088000000| Untracked 
|  79|0x0000000088100000, 0x0000000088100000, 0x0000000088200000|  0%| F|  |TAMS 0x0000000088100000| PB 0x0000000088100000| Untracked 
|  80|0x0000000088200000, 0x0000000088200000, 0x0000000088300000|  0%| F|  |TAMS 0x0000000088200000| PB 0x0000000088200000| Untracked 
|  81|0x0000000088300000, 0x0000000088300000, 0x0000000088400000|  0%| F|  |TAMS 0x0000000088300000| PB 0x0000000088300000| Untracked 
|  82|0x0000000088400000, 0x0000000088400000, 0x0000000088500000|  0%| F|  |TAMS 0x0000000088400000| PB 0x0000000088400000| Untracked 
|  83|0x0000000088500000, 0x0000000088500000, 0x0000000088600000|  0%| F|  |TAMS 0x0000000088500000| PB 0x0000000088500000| Untracked 
|  84|0x0000000088600000, 0x0000000088600000, 0x0000000088700000|  0%| F|  |TAMS 0x0000000088600000| PB 0x0000000088600000| Untracked 
|  85|0x0000000088700000, 0x0000000088700000, 0x0000000088800000|  0%| F|  |TAMS 0x0000000088700000| PB 0x0000000088700000| Untracked 
|  86|0x0000000088800000, 0x0000000088800000, 0x0000000088900000|  0%| F|  |TAMS 0x0000000088800000| PB 0x0000000088800000| Untracked 
|  87|0x0000000088900000, 0x0000000088900000, 0x0000000088a00000|  0%| F|  |TAMS 0x0000000088900000| PB 0x0000000088900000| Untracked 
|  88|0x0000000088a00000, 0x0000000088a00000, 0x0000000088b00000|  0%| F|  |TAMS 0x0000000088a00000| PB 0x0000000088a00000| Untracked 
|  89|0x0000000088b00000, 0x0000000088b51348, 0x0000000088c00000| 31%| E|  |TAMS 0x0000000088b00000| PB 0x0000000088b00000| Complete 
|  90|0x0000000088c00000, 0x0000000088d00000, 0x0000000088d00000|100%| E|CS|TAMS 0x0000000088c00000| PB 0x0000000088c00000| Complete 
|  91|0x0000000088d00000, 0x0000000088e00000, 0x0000000088e00000|100%| E|CS|TAMS 0x0000000088d00000| PB 0x0000000088d00000| Complete 
|  92|0x0000000088e00000, 0x0000000088f00000, 0x0000000088f00000|100%| E|CS|TAMS 0x0000000088e00000| PB 0x0000000088e00000| Complete 
|  93|0x0000000088f00000, 0x0000000089000000, 0x0000000089000000|100%| E|CS|TAMS 0x0000000088f00000| PB 0x0000000088f00000| Complete 
|  94|0x0000000089000000, 0x0000000089100000, 0x0000000089100000|100%| E|CS|TAMS 0x0000000089000000| PB 0x0000000089000000| Complete 
|  95|0x0000000089100000, 0x0000000089200000, 0x0000000089200000|100%| E|CS|TAMS 0x0000000089100000| PB 0x0000000089100000| Complete 
|  96|0x0000000089200000, 0x0000000089300000, 0x0000000089300000|100%| E|CS|TAMS 0x0000000089200000| PB 0x0000000089200000| Complete 
|  97|0x0000000089300000, 0x0000000089400000, 0x0000000089400000|100%| E|CS|TAMS 0x0000000089300000| PB 0x0000000089300000| Complete 
|  98|0x0000000089400000, 0x0000000089500000, 0x0000000089500000|100%| E|CS|TAMS 0x0000000089400000| PB 0x0000000089400000| Complete 
|  99|0x0000000089500000, 0x0000000089600000, 0x0000000089600000|100%| E|CS|TAMS 0x0000000089500000| PB 0x0000000089500000| Complete 
| 100|0x0000000089600000, 0x0000000089700000, 0x0000000089700000|100%| E|CS|TAMS 0x0000000089600000| PB 0x0000000089600000| Complete 
| 101|0x0000000089700000, 0x0000000089800000, 0x0000000089800000|100%| E|CS|TAMS 0x0000000089700000| PB 0x0000000089700000| Complete 
| 102|0x0000000089800000, 0x0000000089900000, 0x0000000089900000|100%| E|CS|TAMS 0x0000000089800000| PB 0x0000000089800000| Complete 
| 103|0x0000000089900000, 0x0000000089a00000, 0x0000000089a00000|100%| E|CS|TAMS 0x0000000089900000| PB 0x0000000089900000| Complete 
| 104|0x0000000089a00000, 0x0000000089b00000, 0x0000000089b00000|100%| E|CS|TAMS 0x0000000089a00000| PB 0x0000000089a00000| Complete 
| 105|0x0000000089b00000, 0x0000000089c00000, 0x0000000089c00000|100%| E|CS|TAMS 0x0000000089b00000| PB 0x0000000089b00000| Complete 
| 106|0x0000000089c00000, 0x0000000089d00000, 0x0000000089d00000|100%| E|CS|TAMS 0x0000000089c00000| PB 0x0000000089c00000| Complete 
| 107|0x0000000089d00000, 0x0000000089e00000, 0x0000000089e00000|100%| E|CS|TAMS 0x0000000089d00000| PB 0x0000000089d00000| Complete 
| 108|0x0000000089e00000, 0x0000000089f00000, 0x0000000089f00000|100%| E|CS|TAMS 0x0000000089e00000| PB 0x0000000089e00000| Complete 
| 109|0x0000000089f00000, 0x000000008a000000, 0x000000008a000000|100%| E|CS|TAMS 0x0000000089f00000| PB 0x0000000089f00000| Complete 
| 110|0x000000008a000000, 0x000000008a100000, 0x000000008a100000|100%| E|CS|TAMS 0x000000008a000000| PB 0x000000008a000000| Complete 
| 111|0x000000008a100000, 0x000000008a200000, 0x000000008a200000|100%| E|CS|TAMS 0x000000008a100000| PB 0x000000008a100000| Complete 
| 112|0x000000008a200000, 0x000000008a300000, 0x000000008a300000|100%| E|CS|TAMS 0x000000008a200000| PB 0x000000008a200000| Complete 
| 113|0x000000008a300000, 0x000000008a400000, 0x000000008a400000|100%| E|CS|TAMS 0x000000008a300000| PB 0x000000008a300000| Complete 
| 114|0x000000008a400000, 0x000000008a500000, 0x000000008a500000|100%| E|CS|TAMS 0x000000008a400000| PB 0x000000008a400000| Complete 
| 115|0x000000008a500000, 0x000000008a600000, 0x000000008a600000|100%| E|CS|TAMS 0x000000008a500000| PB 0x000000008a500000| Complete 
| 116|0x000000008a600000, 0x000000008a700000, 0x000000008a700000|100%| E|CS|TAMS 0x000000008a600000| PB 0x000000008a600000| Complete 
| 117|0x000000008a700000, 0x000000008a800000, 0x000000008a800000|100%| E|CS|TAMS 0x000000008a700000| PB 0x000000008a700000| Complete 
| 118|0x000000008a800000, 0x000000008a900000, 0x000000008a900000|100%| E|CS|TAMS 0x000000008a800000| PB 0x000000008a800000| Complete 
| 119|0x000000008a900000, 0x000000008aa00000, 0x000000008aa00000|100%| E|CS|TAMS 0x000000008a900000| PB 0x000000008a900000| Complete 
| 120|0x000000008aa00000, 0x000000008ab00000, 0x000000008ab00000|100%| E|CS|TAMS 0x000000008aa00000| PB 0x000000008aa00000| Complete 
| 121|0x000000008ab00000, 0x000000008ac00000, 0x000000008ac00000|100%| E|CS|TAMS 0x000000008ab00000| PB 0x000000008ab00000| Complete 
| 122|0x000000008ac00000, 0x000000008ad00000, 0x000000008ad00000|100%| E|CS|TAMS 0x000000008ac00000| PB 0x000000008ac00000| Complete 
| 123|0x000000008ad00000, 0x000000008ae00000, 0x000000008ae00000|100%| E|CS|TAMS 0x000000008ad00000| PB 0x000000008ad00000| Complete 
| 124|0x000000008ae00000, 0x000000008af00000, 0x000000008af00000|100%| E|CS|TAMS 0x000000008ae00000| PB 0x000000008ae00000| Complete 
| 125|0x000000008af00000, 0x000000008b000000, 0x000000008b000000|100%| E|CS|TAMS 0x000000008af00000| PB 0x000000008af00000| Complete 
| 126|0x000000008b000000, 0x000000008b100000, 0x000000008b100000|100%| E|CS|TAMS 0x000000008b000000| PB 0x000000008b000000| Complete 
| 127|0x000000008b100000, 0x000000008b200000, 0x000000008b200000|100%| E|CS|TAMS 0x000000008b100000| PB 0x000000008b100000| Complete 
| 128|0x000000008b200000, 0x000000008b300000, 0x000000008b300000|100%| E|CS|TAMS 0x000000008b200000| PB 0x000000008b200000| Complete 
| 129|0x000000008b300000, 0x000000008b400000, 0x000000008b400000|100%| E|CS|TAMS 0x000000008b300000| PB 0x000000008b300000| Complete 
|1985|0x00000000ff300000, 0x00000000ff400000, 0x00000000ff400000|100%| O|  |TAMS 0x00000000ff300000| PB 0x00000000ff300000| Untracked 
|1986|0x00000000ff400000, 0x00000000ff500000, 0x00000000ff500000|100%| O|  |TAMS 0x00000000ff400000| PB 0x00000000ff400000| Untracked 
|1987|0x00000000ff500000, 0x00000000ff600000, 0x00000000ff600000|100%| O|  |TAMS 0x00000000ff500000| PB 0x00000000ff500000| Untracked 
|1988|0x00000000ff600000, 0x00000000ff700000, 0x00000000ff700000|100%| O|  |TAMS 0x00000000ff600000| PB 0x00000000ff600000| Untracked 
|1989|0x00000000ff700000, 0x00000000ff800000, 0x00000000ff800000|100%| O|  |TAMS 0x00000000ff700000| PB 0x00000000ff700000| Untracked 
|1990|0x00000000ff800000, 0x00000000ff900000, 0x00000000ff900000|100%| O|  |TAMS 0x00000000ff800000| PB 0x00000000ff800000| Untracked 
|1991|0x00000000ff900000, 0x00000000ffa00000, 0x00000000ffa00000|100%| O|  |TAMS 0x00000000ff900000| PB 0x00000000ff900000| Untracked 
|1992|0x00000000ffa00000, 0x00000000ffb00000, 0x00000000ffb00000|100%| O|  |TAMS 0x00000000ffa00000| PB 0x00000000ffa00000| Untracked 
|1993|0x00000000ffb00000, 0x00000000ffc00000, 0x00000000ffc00000|100%| O|  |TAMS 0x00000000ffb00000| PB 0x00000000ffb00000| Untracked 
|1994|0x00000000ffc00000, 0x00000000ffd00000, 0x00000000ffd00000|100%| O|  |TAMS 0x00000000ffc00000| PB 0x00000000ffc00000| Untracked 
|1995|0x00000000ffd00000, 0x00000000ffe00000, 0x00000000ffe00000|100%| O|  |TAMS 0x00000000ffd00000| PB 0x00000000ffd00000| Untracked 
|1996|0x00000000ffe00000, 0x00000000fff00000, 0x00000000fff00000|100%| O|  |TAMS 0x00000000ffe00000| PB 0x00000000ffe00000| Untracked 
|1997|0x00000000fff00000, 0x0000000100000000, 0x0000000100000000|100%| O|  |TAMS 0x00000000fff00000| PB 0x00000000fff00000| Untracked 

Card table byte_map: [0x000001f77e5b0000,0x000001f77e9a0000] _byte_map_base: 0x000001f77e197000

Marking Bits: (CMBitMap*) 0x000001f766c162f0
 Bits: [0x000001f700000000, 0x000001f701f38000)

Polling page: 0x000001f764b90000

Metaspace:

Usage:
  Non-class:     30.34 MB used.
      Class:      3.81 MB used.
       Both:     34.15 MB used.

Virtual space:
  Non-class space:       64.00 MB reserved,      30.62 MB ( 48%) committed,  1 nodes.
      Class space:        1.00 GB reserved,       4.06 MB ( <1%) committed,  1 nodes.
             Both:        1.06 GB reserved,      34.69 MB (  3%) committed. 

Chunk freelists:
   Non-Class:  1.08 MB
       Class:  3.92 MB
        Both:  5.00 MB

MaxMetaspaceSize: unlimited
CompressedClassSpaceSize: 1.00 GB
Initial GC threshold: 21.00 MB
Current GC threshold: 35.56 MB
CDS: on
MetaspaceReclaimPolicy: balanced
 - commit_granule_bytes: 65536.
 - commit_granule_words: 8192.
 - virtual_space_node_default_size: 8388608.
 - enlarge_chunks_in_place: 1.
 - new_chunks_are_fully_committed: 0.
 - uncommit_free_chunks: 1.
 - use_allocation_guard: 0.


Internal statistics:

num_allocs_failed_limit: 5.
num_arena_births: 380.
num_arena_deaths: 0.
num_vsnodes_births: 2.
num_vsnodes_deaths: 0.
num_space_committed: 555.
num_space_uncommitted: 0.
num_chunks_returned_to_freelist: 5.
num_chunks_taken_from_freelist: 1650.
num_chunk_merges: 5.
num_chunk_splits: 1171.
num_chunks_enlarged: 908.
num_inconsistent_stats: 0.

CodeHeap 'non-profiled nmethods': size=120000Kb used=4359Kb max_used=4359Kb free=115640Kb
 bounds [0x000001f776740000, 0x000001f776b90000, 0x000001f77dc70000]
CodeHeap 'profiled nmethods': size=120000Kb used=16752Kb max_used=16752Kb free=103247Kb
 bounds [0x000001f76ec70000, 0x000001f76fcd0000, 0x000001f7761a0000]
CodeHeap 'non-nmethods': size=5760Kb used=1565Kb max_used=1626Kb free=4194Kb
 bounds [0x000001f7761a0000, 0x000001f776410000, 0x000001f776740000]
 total_blobs=8260 nmethods=7681 adapters=489
 compilation: enabled
              stopped_count=0, restarted_count=0
 full_count=0

Compilation events (20 events):
Event: 7.005 Thread 0x000001f77f9e1ce0 nmethod 7640 0x000001f776b7e190 code [0x000001f776b7e3a0, 0x000001f776b7eec0]
Event: 7.006 Thread 0x000001f77f9e1ce0 7653       4       jdk.internal.util.Preconditions::checkFromIndexSize (25 bytes)
Event: 7.006 Thread 0x000001f77f9e1ce0 nmethod 7653 0x000001f776b7f690 code [0x000001f776b7f800, 0x000001f776b7f8c0]
Event: 7.006 Thread 0x000001f77f9e1ce0 7641       4       sun.nio.fs.WindowsPath::elementAsString (62 bytes)
Event: 7.011 Thread 0x000001f77f9e1ce0 nmethod 7641 0x000001f776b7f990 code [0x000001f776b7fb60, 0x000001f776b80290]
Event: 7.297 Thread 0x000001f77f9ea670 7676       1       java.util.concurrent.atomic.AtomicInteger::get (5 bytes)
Event: 7.297 Thread 0x000001f77f9ea670 nmethod 7676 0x000001f776b80790 code [0x000001f776b80900, 0x000001f776b809c8]
Event: 7.474 Thread 0x000001f77f9ea670 7677       3       java.lang.Exception::<init> (5 bytes)
Event: 7.474 Thread 0x000001f77f9ea670 nmethod 7677 0x000001f76fccb810 code [0x000001f76fccb9c0, 0x000001f76fccbd70]
Event: 7.474 Thread 0x000001f77f9ea670 7678       1       org.apache.maven.surefire.api.stream.AbstractStreamDecoder$Memento::access$000 (5 bytes)
Event: 7.474 Thread 0x000001f77f9ea670 nmethod 7678 0x000001f776b80a90 code [0x000001f776b80c00, 0x000001f776b80cb0]
Event: 7.474 Thread 0x000001f77f9ea670 7679       1       org.apache.maven.surefire.api.stream.AbstractStreamDecoder$Memento::getLine (5 bytes)
Event: 7.474 Thread 0x000001f77f9ea670 nmethod 7679 0x000001f776b80d90 code [0x000001f776b80f00, 0x000001f776b80fc8]
Event: 7.474 Thread 0x000001f77f9ea670 7680       1       org.apache.maven.surefire.api.stream.AbstractStreamDecoder$Memento::getByteBuffer (5 bytes)
Event: 7.475 Thread 0x000001f77f9ea670 nmethod 7680 0x000001f776b81090 code [0x000001f776b81200, 0x000001f776b812c8]
Event: 7.475 Thread 0x000001f77f9ea670 7681       1       org.apache.maven.surefire.api.stream.AbstractStreamDecoder$MalformedFrameException::readFrom (5 bytes)
Event: 7.475 Thread 0x000001f77f9ea670 nmethod 7681 0x000001f776b81390 code [0x000001f776b81500, 0x000001f776b815c8]
Event: 7.475 Thread 0x000001f77f9ea670 7682       3       java.util.Locale::hashCode (41 bytes)
Event: 7.475 Thread 0x000001f77f9e1ce0 7683   !   4       java.nio.CharBuffer::wrap (21 bytes)
Event: 7.475 Thread 0x000001f77f9ea670 nmethod 7682 0x000001f76fccbe90 code [0x000001f76fccc040, 0x000001f76fccc248]

GC Heap History (16 events):
Event: 0.595 GC heap before
{Heap before GC invocations=0 (full 0):
 garbage-first heap   total 129024K, used 22528K [0x0000000083200000, 0x0000000100000000)
  region size 1024K, 23 young (23552K), 0 survivors (0K)
 Metaspace       used 6043K, committed 6208K, reserved 1114112K
  class space    used 687K, committed 768K, reserved 1048576K
}
Event: 0.600 GC heap after
{Heap after GC invocations=1 (full 0):
 garbage-first heap   total 129024K, used 3925K [0x0000000083200000, 0x0000000100000000)
  region size 1024K, 3 young (3072K), 3 survivors (3072K)
 Metaspace       used 6043K, committed 6208K, reserved 1114112K
  class space    used 687K, committed 768K, reserved 1048576K
}
Event: 0.960 GC heap before
{Heap before GC invocations=1 (full 0):
 garbage-first heap   total 129024K, used 34645K [0x0000000083200000, 0x0000000100000000)
  region size 1024K, 33 young (33792K), 3 survivors (3072K)
 Metaspace       used 10259K, committed 10432K, reserved 1114112K
  class space    used 1197K, committed 1280K, reserved 1048576K
}
Event: 0.964 GC heap after
{Heap after GC invocations=2 (full 0):
 garbage-first heap   total 129024K, used 5906K [0x0000000083200000, 0x0000000100000000)
  region size 1024K, 2 young (2048K), 2 survivors (2048K)
 Metaspace       used 10259K, committed 10432K, reserved 1114112K
  class space    used 1197K, committed 1280K, reserved 1048576K
}
Event: 2.047 GC heap before
{Heap before GC invocations=2 (full 0):
 garbage-first heap   total 129024K, used 80658K [0x0000000083200000, 0x0000000100000000)
  region size 1024K, 75 young (76800K), 2 survivors (2048K)
 Metaspace       used 16584K, committed 16832K, reserved 1114112K
  class space    used 1886K, committed 1984K, reserved 1048576K
}
Event: 2.057 GC heap after
{Heap after GC invocations=3 (full 0):
 garbage-first heap   total 129024K, used 14614K [0x0000000083200000, 0x0000000100000000)
  region size 1024K, 10 young (10240K), 10 survivors (10240K)
 Metaspace       used 16584K, committed 16832K, reserved 1114112K
  class space    used 1886K, committed 1984K, reserved 1048576K
}
Event: 3.000 GC heap before
{Heap before GC invocations=3 (full 0):
 garbage-first heap   total 129024K, used 113942K [0x0000000083200000, 0x0000000100000000)
  region size 1024K, 75 young (76800K), 10 survivors (10240K)
 Metaspace       used 18429K, committed 18752K, reserved 1114112K
  class space    used 2026K, committed 2176K, reserved 1048576K
}
Event: 3.010 GC heap after
{Heap after GC invocations=4 (full 0):
 garbage-first heap   total 130048K, used 19606K [0x0000000083200000, 0x0000000100000000)
  region size 1024K, 6 young (6144K), 6 survivors (6144K)
 Metaspace       used 18429K, committed 18752K, reserved 1114112K
  class space    used 2026K, committed 2176K, reserved 1048576K
}
Event: 3.433 GC heap before
{Heap before GC invocations=4 (full 0):
 garbage-first heap   total 130048K, used 43158K [0x0000000083200000, 0x0000000100000000)
  region size 1024K, 25 young (25600K), 6 survivors (6144K)
 Metaspace       used 21205K, committed 21504K, reserved 1114112K
  class space    used 2349K, committed 2496K, reserved 1048576K
}
Event: 3.439 GC heap after
{Heap after GC invocations=5 (full 0):
 garbage-first heap   total 130048K, used 27798K [0x0000000083200000, 0x0000000100000000)
  region size 1024K, 10 young (10240K), 10 survivors (10240K)
 Metaspace       used 21205K, committed 21504K, reserved 1114112K
  class space    used 2349K, committed 2496K, reserved 1048576K
}
Event: 4.649 GC heap before
{Heap before GC invocations=6 (full 0):
 garbage-first heap   total 99328K, used 96406K [0x0000000083200000, 0x0000000100000000)
  region size 1024K, 76 young (77824K), 10 survivors (10240K)
 Metaspace       used 28520K, committed 28864K, reserved 1114112K
  class space    used 3193K, committed 3328K, reserved 1048576K
}
Event: 4.676 GC heap after
{Heap after GC invocations=7 (full 0):
 garbage-first heap   total 121856K, used 41622K [0x0000000083200000, 0x0000000100000000)
  region size 1024K, 10 young (10240K), 10 survivors (10240K)
 Metaspace       used 28520K, committed 28864K, reserved 1114112K
  class space    used 3193K, committed 3328K, reserved 1048576K
}
Event: 5.596 GC heap before
{Heap before GC invocations=7 (full 0):
 garbage-first heap   total 121856K, used 102038K [0x0000000083200000, 0x0000000100000000)
  region size 1024K, 65 young (66560K), 10 survivors (10240K)
 Metaspace       used 30607K, committed 31040K, reserved 1114112K
  class space    used 3439K, committed 3648K, reserved 1048576K
}
Event: 5.611 GC heap after
{Heap after GC invocations=8 (full 0):
 garbage-first heap   total 146432K, used 52224K [0x0000000083200000, 0x0000000100000000)
  region size 1024K, 9 young (9216K), 9 survivors (9216K)
 Metaspace       used 30607K, committed 31040K, reserved 1114112K
  class space    used 3439K, committed 3648K, reserved 1048576K
}
Event: 6.432 GC heap before
{Heap before GC invocations=8 (full 0):
 garbage-first heap   total 146432K, used 112640K [0x0000000083200000, 0x0000000100000000)
  region size 1024K, 68 young (69632K), 9 survivors (9216K)
 Metaspace       used 32048K, committed 32512K, reserved 1114112K
  class space    used 3603K, committed 3840K, reserved 1048576K
}
Event: 6.436 GC heap after
{Heap after GC invocations=9 (full 0):
 garbage-first heap   total 146432K, used 49664K [0x0000000083200000, 0x0000000100000000)
  region size 1024K, 4 young (4096K), 4 survivors (4096K)
 Metaspace       used 32048K, committed 32512K, reserved 1114112K
  class space    used 3603K, committed 3840K, reserved 1048576K
}

Dll operation events (12 events):
Event: 0.011 Loaded shared library C:\Program Files\Java\jdk-20\bin\java.dll
Event: 0.019 Loaded shared library C:\Program Files\Java\jdk-20\bin\jsvml.dll
Event: 0.065 Loaded shared library C:\Program Files\Java\jdk-20\bin\zip.dll
Event: 0.069 Loaded shared library C:\Program Files\Java\jdk-20\bin\instrument.dll
Event: 0.074 Loaded shared library C:\Program Files\Java\jdk-20\bin\net.dll
Event: 0.076 Loaded shared library C:\Program Files\Java\jdk-20\bin\nio.dll
Event: 0.079 Loaded shared library C:\Program Files\Java\jdk-20\bin\zip.dll
Event: 0.089 Loaded shared library D:\Programming-Languages\IntelliJ IDEA 2024.1\bin\breakgen64.dll
Event: 0.098 Loaded shared library C:\Program Files\Java\jdk-20\bin\extnet.dll
Event: 0.245 Loaded shared library C:\Program Files\Java\jdk-20\bin\jimage.dll
Event: 0.262 Loaded shared library C:\Users\Youssef\AppData\Local\Temp\jansi-2.4.0-e1d2dc17ca3d933-jansi.dll
Event: 0.274 Loaded shared library C:\Program Files\Java\jdk-20\bin\verify.dll

Deoptimization events (20 events):
Event: 6.997 Thread 0x000001f70c604700 Uncommon trap: trap_request=0xffffff45 fr.pc=0x000001f776859e60 relative=0x00000000000002c0
Event: 6.997 Thread 0x000001f70c604700 Uncommon trap: reason=unstable_if action=reinterpret pc=0x000001f776859e60 method=java.lang.AbstractStringBuilder.inflateIfNeededFor(Ljava/lang/String;)V @ 14 c2
Event: 6.997 Thread 0x000001f70c604700 DEOPT PACKING pc=0x000001f776859e60 sp=0x00000096664fedd0
Event: 6.997 Thread 0x000001f70c604700 DEOPT UNPACKING pc=0x000001f776209d22 sp=0x00000096664fec60 mode 2
Event: 6.997 Thread 0x000001f70c604700 Uncommon trap: trap_request=0xffffff45 fr.pc=0x000001f776859060 relative=0x00000000000002c0
Event: 6.997 Thread 0x000001f70c604700 Uncommon trap: reason=unstable_if action=reinterpret pc=0x000001f776859060 method=java.lang.AbstractStringBuilder.inflateIfNeededFor(Ljava/lang/String;)V @ 14 c2
Event: 6.997 Thread 0x000001f70c604700 DEOPT PACKING pc=0x000001f776859060 sp=0x00000096664fed70
Event: 6.997 Thread 0x000001f70c604700 DEOPT UNPACKING pc=0x000001f776209d22 sp=0x00000096664fec68 mode 2
Event: 6.997 Thread 0x000001f70c604700 Uncommon trap: trap_request=0xffffff45 fr.pc=0x000001f776781664 relative=0x00000000000000e4
Event: 6.997 Thread 0x000001f70c604700 Uncommon trap: reason=unstable_if action=reinterpret pc=0x000001f776781664 method=java.lang.String.getBytes([BIB)V @ 5 c2
Event: 6.997 Thread 0x000001f70c604700 DEOPT PACKING pc=0x000001f776781664 sp=0x00000096664fec90
Event: 6.997 Thread 0x000001f70c604700 DEOPT UNPACKING pc=0x000001f776209d22 sp=0x00000096664fec58 mode 2
Event: 6.997 Thread 0x000001f70c604700 Uncommon trap: trap_request=0xffffff45 fr.pc=0x000001f776813e98 relative=0x00000000000003f8
Event: 6.997 Thread 0x000001f70c604700 Uncommon trap: reason=unstable_if action=reinterpret pc=0x000001f776813e98 method=java.lang.String.<init>(Ljava/lang/AbstractStringBuilder;Ljava/lang/Void;)V @ 19 c2
Event: 6.997 Thread 0x000001f70c604700 DEOPT PACKING pc=0x000001f776813e98 sp=0x00000096664fede0
Event: 6.997 Thread 0x000001f70c604700 DEOPT UNPACKING pc=0x000001f776209d22 sp=0x00000096664fecc8 mode 2
Event: 6.997 Thread 0x000001f70c604700 Uncommon trap: trap_request=0xffffff45 fr.pc=0x000001f7768fb8c0 relative=0x00000000000000c0
Event: 6.997 Thread 0x000001f70c604700 Uncommon trap: reason=unstable_if action=reinterpret pc=0x000001f7768fb8c0 method=java.lang.String.codePointAt(I)I @ 4 c2
Event: 6.997 Thread 0x000001f70c604700 DEOPT PACKING pc=0x000001f7768fb8c0 sp=0x00000096664fed50
Event: 6.997 Thread 0x000001f70c604700 DEOPT UNPACKING pc=0x000001f776209d22 sp=0x00000096664fecd8 mode 2

Classes loaded (20 events):
Event: 6.971 Loading class java/lang/Process
Event: 6.971 Loading class java/lang/Process done
Event: 6.971 Loading class java/lang/ProcessImpl done
Event: 6.978 Loading class java/lang/ProcessImpl$2
Event: 6.978 Loading class java/lang/ProcessImpl$2 done
Event: 6.978 Loading class java/lang/Process$PipeInputStream
Event: 6.978 Loading class java/lang/Process$PipeInputStream done
Event: 6.979 Loading class jdk/internal/event/ProcessStartEvent
Event: 6.979 Loading class jdk/internal/event/ProcessStartEvent done
Event: 6.980 Loading class java/nio/channels/ClosedChannelException
Event: 6.980 Loading class java/nio/channels/ClosedChannelException done
Event: 6.981 Loading class java/nio/channels/NonReadableChannelException
Event: 6.981 Loading class java/nio/channels/NonReadableChannelException done
Event: 6.981 Loading class java/nio/channels/NonWritableChannelException
Event: 6.982 Loading class java/nio/channels/NonWritableChannelException done
Event: 6.993 Loading class java/util/Scanner
Event: 6.994 Loading class java/util/Scanner done
Event: 6.996 Loading class java/util/Scanner$PatternLRUCache
Event: 6.996 Loading class java/util/Scanner$PatternLRUCache done
Event: 7.475 Loading class java/lang/Throwable$WrappedPrintStream

Classes unloaded (0 events):
No events

Classes redefined (0 events):
No events

Internal exceptions (20 events):
Event: 6.306 Thread 0x000001f766bb6660 Exception <a 'sun/nio/fs/WindowsException'{0x00000000880b3538}> (0x00000000880b3538) 
thrown [s\open\src\hotspot\share\prims\jni.cpp, line 519]
Event: 6.306 Thread 0x000001f766bb6660 Exception <a 'sun/nio/fs/WindowsException'{0x00000000880b3f00}> (0x00000000880b3f00) 
thrown [s\open\src\hotspot\share\prims\jni.cpp, line 519]
Event: 6.307 Thread 0x000001f766bb6660 Exception <a 'sun/nio/fs/WindowsException'{0x00000000880b4990}> (0x00000000880b4990) 
thrown [s\open\src\hotspot\share\prims\jni.cpp, line 519]
Event: 6.308 Thread 0x000001f766bb6660 Exception <a 'sun/nio/fs/WindowsException'{0x00000000880d1540}> (0x00000000880d1540) 
thrown [s\open\src\hotspot\share\prims\jni.cpp, line 519]
Event: 6.308 Thread 0x000001f766bb6660 Exception <a 'sun/nio/fs/WindowsException'{0x00000000880d1f08}> (0x00000000880d1f08) 
thrown [s\open\src\hotspot\share\prims\jni.cpp, line 519]
Event: 6.308 Thread 0x000001f766bb6660 Exception <a 'sun/nio/fs/WindowsException'{0x00000000880d2998}> (0x00000000880d2998) 
thrown [s\open\src\hotspot\share\prims\jni.cpp, line 519]
Event: 6.311 Thread 0x000001f766bb6660 Exception <a 'sun/nio/fs/WindowsException'{0x0000000087f535c8}> (0x0000000087f535c8) 
thrown [s\open\src\hotspot\share\prims\jni.cpp, line 519]
Event: 6.313 Thread 0x000001f766bb6660 Exception <a 'sun/nio/fs/WindowsException'{0x0000000087f6bc60}> (0x0000000087f6bc60) 
thrown [s\open\src\hotspot\share\prims\jni.cpp, line 519]
Event: 6.316 Thread 0x000001f766bb6660 Exception <a 'sun/nio/fs/WindowsException'{0x0000000087f75ba0}> (0x0000000087f75ba0) 
thrown [s\open\src\hotspot\share\prims\jni.cpp, line 519]
Event: 6.316 Thread 0x000001f766bb6660 Exception <a 'sun/nio/fs/WindowsException'{0x0000000087f76308}> (0x0000000087f76308) 
thrown [s\open\src\hotspot\share\prims\jni.cpp, line 519]
Event: 6.316 Thread 0x000001f766bb6660 Exception <a 'sun/nio/fs/WindowsException'{0x0000000087f76998}> (0x0000000087f76998) 
thrown [s\open\src\hotspot\share\prims\jni.cpp, line 519]
Event: 6.316 Thread 0x000001f766bb6660 Exception <a 'sun/nio/fs/WindowsException'{0x0000000087f770b0}> (0x0000000087f770b0) 
thrown [s\open\src\hotspot\share\prims\jni.cpp, line 519]
Event: 6.752 Thread 0x000001f7095d4540 Exception <a 'java/lang/NoSuchMethodError'{0x0000000089b35df0}: 'java.lang.Object java.lang.invoke.DirectMethodHandle$Holder.invokeStatic(java.lang.Object, long, java.lang.Object)'> (0x0000000089b35df0) 
thrown [s\open\src\hotspot\share\interpreter\linkResolver.cpp, line 773]
Event: 6.752 Thread 0x000001f7095d4540 Exception <a 'java/lang/NoSuchMethodError'{0x0000000089b392c8}: 'java.lang.Object java.lang.invoke.DirectMethodHandle$Holder.invokeStaticInit(java.lang.Object, long, java.lang.Object)'> (0x0000000089b392c8) 
thrown [s\open\src\hotspot\share\interpreter\linkResolver.cpp, line 773]
Event: 6.753 Thread 0x000001f7095d4540 Exception <a 'java/lang/NoSuchMethodError'{0x0000000089b3ec48}: 'java.lang.Object java.lang.invoke.DirectMethodHandle$Holder.newInvokeSpecial(java.lang.Object, long)'> (0x0000000089b3ec48) 
thrown [s\open\src\hotspot\share\interpreter\linkResolver.cpp, line 773]
Event: 6.754 Thread 0x000001f7095d4540 Exception <a 'java/lang/NoSuchMethodError'{0x0000000089b430a8}: 'long java.lang.invoke.DirectMethodHandle$Holder.invokeInterface(java.lang.Object, java.lang.Object)'> (0x0000000089b430a8) 
thrown [s\open\src\hotspot\share\interpreter\linkResolver.cpp, line 773]
Event: 6.754 Thread 0x000001f7095d4540 Exception <a 'java/lang/NoSuchMethodError'{0x0000000089b46560}: 'long java.lang.invoke.DelegatingMethodHandle$Holder.reinvoke_L(java.lang.Object, java.lang.Object)'> (0x0000000089b46560) 
thrown [s\open\src\hotspot\share\interpreter\linkResolver.cpp, line 773]
Event: 6.813 Thread 0x000001f766bb6660 Exception <a 'java/lang/NoSuchMethodError'{0x00000000898aa138}: 'java.lang.Object java.lang.invoke.DirectMethodHandle$Holder.invokeStaticInit(java.lang.Object, java.lang.Object, int, int, int, int)'> (0x00000000898aa138) 
thrown [s\open\src\hotspot\share\interpreter\linkResolver.cpp, line 773]
Event: 6.977 Thread 0x000001f766bb6660 Exception <a 'java/lang/NoSuchMethodError'{0x0000000088efd8e0}: 'void java.lang.invoke.DirectMethodHandle$Holder.invokeStatic(java.lang.Object, long)'> (0x0000000088efd8e0) 
thrown [s\open\src\hotspot\share\interpreter\linkResolver.cpp, line 773]
Event: 7.475 Thread 0x000001f70c601730 Exception <a 'java/lang/OutOfMemoryError'{0x0000000088b281b8}> (0x0000000088b281b8) 
thrown [s\open\src\hotspot\share\prims\jni.cpp, line 538]

VM Operations (20 events):
Event: 5.596 Executing VM operation: G1CollectForAllocation
Event: 5.611 Executing VM operation: G1CollectForAllocation done
Event: 6.404 Executing VM operation: ICBufferFull
Event: 6.405 Executing VM operation: ICBufferFull done
Event: 6.432 Executing VM operation: G1CollectForAllocation
Event: 6.436 Executing VM operation: G1CollectForAllocation done
Event: 6.738 Executing VM operation: HandshakeAllThreads
Event: 6.738 Executing VM operation: HandshakeAllThreads done
Event: 6.758 Executing VM operation: HandshakeAllThreads
Event: 6.758 Executing VM operation: HandshakeAllThreads done
Event: 6.846 Executing VM operation: ICBufferFull
Event: 6.846 Executing VM operation: ICBufferFull done
Event: 6.932 Executing VM operation: HandshakeAllThreads
Event: 6.932 Executing VM operation: HandshakeAllThreads done
Event: 6.942 Executing VM operation: HandshakeAllThreads
Event: 6.942 Executing VM operation: HandshakeAllThreads done
Event: 6.943 Executing VM operation: HandshakeAllThreads
Event: 6.943 Executing VM operation: HandshakeAllThreads done
Event: 6.979 Executing VM operation: HandshakeAllThreads
Event: 6.979 Executing VM operation: HandshakeAllThreads done

Events (20 events):
Event: 0.031 Thread 0x000001f77f9d6e80 Thread added: 0x000001f77f9d6e80
Event: 0.031 Thread 0x000001f77f9da8e0 Thread added: 0x000001f77f9da8e0
Event: 0.031 Thread 0x000001f77f9db220 Thread added: 0x000001f77f9db220
Event: 0.031 Thread 0x000001f77f9dbb60 Thread added: 0x000001f77f9dbb60
Event: 0.031 Thread 0x000001f77f9e1ce0 Thread added: 0x000001f77f9e1ce0
Event: 0.031 Thread 0x000001f77f9ea670 Thread added: 0x000001f77f9ea670
Event: 0.050 Thread 0x000001f70818cad0 Thread added: 0x000001f70818cad0
Event: 0.090 Thread 0x000001f708279150 Thread added: 0x000001f708279150
Event: 0.090 Thread 0x000001f7082796a0 Thread added: 0x000001f7082796a0
Event: 0.424 Thread 0x000001f7087615f0 Thread added: 0x000001f7087615f0
Event: 0.572 Thread 0x000001f708c6f1e0 Thread added: 0x000001f708c6f1e0
Event: 2.620 Thread 0x000001f708c6f1e0 Thread exited: 0x000001f708c6f1e0
Event: 6.740 Thread 0x000001f7095d4540 Thread added: 0x000001f7095d4540
Event: 6.755 Thread 0x000001f7095d4540 Thread exited: 0x000001f7095d4540
Event: 6.893 Thread 0x000001f7095d4540 Thread added: 0x000001f7095d4540
Event: 6.896 Thread 0x000001f70c603c60 Thread added: 0x000001f70c603c60
Event: 6.967 Thread 0x000001f70c603710 Thread added: 0x000001f70c603710
Event: 6.993 Thread 0x000001f70c604700 Thread added: 0x000001f70c604700
Event: 6.993 Thread 0x000001f70c5fd770 Thread added: 0x000001f70c5fd770
Event: 7.003 Thread 0x000001f70c601730 Thread added: 0x000001f70c601730


Dynamic libraries:
0x00007ff7c7a50000 - 0x00007ff7c7a60000 	C:\Program Files\Java\jdk-20\bin\java.exe
0x00007ff9c3170000 - 0x00007ff9c3368000 	C:\WINDOWS\SYSTEM32\ntdll.dll
0x00007ff9c11b0000 - 0x00007ff9c126d000 	C:\WINDOWS\System32\KERNEL32.DLL
0x00007ff9c0a90000 - 0x00007ff9c0d86000 	C:\WINDOWS\System32\KERNELBASE.dll
0x00007ff9c0f90000 - 0x00007ff9c1090000 	C:\WINDOWS\System32\ucrtbase.dll
0x00007ff99f250000 - 0x00007ff99f269000 	C:\Program Files\Java\jdk-20\bin\jli.dll
0x00007ff99c860000 - 0x00007ff99c87b000 	C:\Program Files\Java\jdk-20\bin\VCRUNTIME140.dll
0x00007ff9c29d0000 - 0x00007ff9c2a80000 	C:\WINDOWS\System32\ADVAPI32.dll
0x00007ff9c2450000 - 0x00007ff9c24ee000 	C:\WINDOWS\System32\msvcrt.dll
0x00007ff9c1410000 - 0x00007ff9c14b0000 	C:\WINDOWS\System32\sechost.dll
0x00007ff9c2f20000 - 0x00007ff9c3043000 	C:\WINDOWS\System32\RPCRT4.dll
0x00007ff9c08f0000 - 0x00007ff9c0917000 	C:\WINDOWS\System32\bcrypt.dll
0x00007ff9c1270000 - 0x00007ff9c140f000 	C:\WINDOWS\System32\USER32.dll
0x00007ff9c08c0000 - 0x00007ff9c08e2000 	C:\WINDOWS\System32\win32u.dll
0x00007ff9c1d70000 - 0x00007ff9c1d9b000 	C:\WINDOWS\System32\GDI32.dll
0x00007ff9a8a40000 - 0x00007ff9a8cda000 	C:\WINDOWS\WinSxS\amd64_microsoft.windows.common-controls_6595b64144ccf1df_6.0.19041.4355_none_60b8b9eb71f62e16\COMCTL32.dll
0x00007ff9c1090000 - 0x00007ff9c11a7000 	C:\WINDOWS\System32\gdi32full.dll
0x00007ff9c0ef0000 - 0x00007ff9c0f8d000 	C:\WINDOWS\System32\msvcp_win.dll
0x00007ff9b5020000 - 0x00007ff9b502a000 	C:\WINDOWS\SYSTEM32\VERSION.dll
0x00007ff9c3100000 - 0x00007ff9c312f000 	C:\WINDOWS\System32\IMM32.DLL
0x00007ff9b6980000 - 0x00007ff9b698c000 	C:\Program Files\Java\jdk-20\bin\vcruntime140_1.dll
0x00007ff99c7d0000 - 0x00007ff99c85e000 	C:\Program Files\Java\jdk-20\bin\msvcp140.dll
0x00007ff9678d0000 - 0x00007ff968567000 	C:\Program Files\Java\jdk-20\bin\server\jvm.dll
0x00007ff991bd0000 - 0x00007ff991bd9000 	C:\WINDOWS\SYSTEM32\WSOCK32.dll
0x00007ff9b1450000 - 0x00007ff9b1477000 	C:\WINDOWS\SYSTEM32\WINMM.dll
0x00007ff9c2960000 - 0x00007ff9c29cb000 	C:\WINDOWS\System32\WS2_32.dll
0x00007ff9bf000000 - 0x00007ff9bf012000 	C:\WINDOWS\SYSTEM32\kernel.appcore.dll
0x00007ff9a73b0000 - 0x00007ff9a73ba000 	C:\Program Files\Java\jdk-20\bin\jimage.dll
0x00007ff9b9670000 - 0x00007ff9b9854000 	C:\WINDOWS\SYSTEM32\DBGHELP.DLL
0x00007ff9b3700000 - 0x00007ff9b3734000 	C:\WINDOWS\SYSTEM32\dbgcore.DLL
0x00007ff9c0830000 - 0x00007ff9c08b2000 	C:\WINDOWS\System32\bcryptPrimitives.dll
0x00007ff9b8bc0000 - 0x00007ff9b8bce000 	C:\Program Files\Java\jdk-20\bin\instrument.dll
0x00007ff99c730000 - 0x00007ff99c756000 	C:\Program Files\Java\jdk-20\bin\java.dll
0x00007ff9776c0000 - 0x00007ff977797000 	C:\Program Files\Java\jdk-20\bin\jsvml.dll
0x00007ff9c15a0000 - 0x00007ff9c1d0c000 	C:\WINDOWS\System32\SHELL32.dll
0x00007ff9be850000 - 0x00007ff9befed000 	C:\WINDOWS\SYSTEM32\windows.storage.dll
0x00007ff9c20f0000 - 0x00007ff9c2443000 	C:\WINDOWS\System32\combase.dll
0x00007ff9c0170000 - 0x00007ff9c019e000 	C:\WINDOWS\SYSTEM32\Wldp.dll
0x00007ff9c2c20000 - 0x00007ff9c2ced000 	C:\WINDOWS\System32\OLEAUT32.dll
0x00007ff9c2d50000 - 0x00007ff9c2dfd000 	C:\WINDOWS\System32\SHCORE.dll
0x00007ff9c2cf0000 - 0x00007ff9c2d45000 	C:\WINDOWS\System32\shlwapi.dll
0x00007ff9c0760000 - 0x00007ff9c0784000 	C:\WINDOWS\SYSTEM32\profapi.dll
0x00007ff99c6d0000 - 0x00007ff99c6e8000 	C:\Program Files\Java\jdk-20\bin\zip.dll
0x00007ff99c710000 - 0x00007ff99c723000 	C:\Program Files\Java\jdk-20\bin\net.dll
0x00007ff9bccb0000 - 0x00007ff9bcdba000 	C:\WINDOWS\SYSTEM32\WINHTTP.dll
0x00007ff9bff50000 - 0x00007ff9bffba000 	C:\WINDOWS\system32\mswsock.dll
0x00007ff99c6f0000 - 0x00007ff99c706000 	C:\Program Files\Java\jdk-20\bin\nio.dll
0x00007ff9b84b0000 - 0x00007ff9b84ca000 	D:\Programming-Languages\IntelliJ IDEA 2024.1\bin\breakgen64.dll
0x00007ff9a1410000 - 0x00007ff9a1417000 	C:\Program Files\Java\jdk-20\bin\extnet.dll
0x0000000069ac0000 - 0x0000000069ae4000 	C:\Users\Youssef\AppData\Local\Temp\jansi-2.4.0-e1d2dc17ca3d933-jansi.dll
0x00007ff9a06a0000 - 0x00007ff9a06b0000 	C:\Program Files\Java\jdk-20\bin\verify.dll
0x00007ff9c01b0000 - 0x00007ff9c01c8000 	C:\WINDOWS\SYSTEM32\CRYPTSP.dll
0x00007ff9bf820000 - 0x00007ff9bf854000 	C:\WINDOWS\system32\rsaenh.dll
0x00007ff9c0710000 - 0x00007ff9c073e000 	C:\WINDOWS\SYSTEM32\USERENV.dll
0x00007ff9c00e0000 - 0x00007ff9c00ec000 	C:\WINDOWS\SYSTEM32\CRYPTBASE.dll
0x00007ff9bfc00000 - 0x00007ff9bfc3b000 	C:\WINDOWS\SYSTEM32\IPHLPAPI.DLL
0x00007ff9c2bb0000 - 0x00007ff9c2bb8000 	C:\WINDOWS\System32\NSI.dll
0x00007ff9b50b0000 - 0x00007ff9b50c7000 	C:\WINDOWS\SYSTEM32\dhcpcsvc6.DLL
0x00007ff9b58f0000 - 0x00007ff9b590d000 	C:\WINDOWS\SYSTEM32\dhcpcsvc.DLL
0x00007ff9bfc50000 - 0x00007ff9bfd1a000 	C:\WINDOWS\SYSTEM32\DNSAPI.dll

dbghelp: loaded successfully - version: 4.0.5 - missing functions: none
symbol engine: initialized successfully - sym options: 0x614 - pdb path: .;C:\Program Files\Java\jdk-20\bin;C:\WINDOWS\SYSTEM32;C:\WINDOWS\WinSxS\amd64_microsoft.windows.common-controls_6595b64144ccf1df_6.0.19041.4355_none_60b8b9eb71f62e16;C:\Program Files\Java\jdk-20\bin\server;D:\Programming-Languages\IntelliJ IDEA 2024.1\bin;C:\Users\Youssef\AppData\Local\Temp

VM Arguments:
jvm_args: -Dmaven.multiModuleProjectDirectory=D:\Computer science\Tasaheel\paymentManagement -Djansi.passthrough=true -Dmaven.home=D:\Programming-Languages\IntelliJ IDEA 2024.1\plugins\maven\lib\maven3 -Dclassworlds.conf=D:\Programming-Languages\IntelliJ IDEA 2024.1\plugins\maven\lib\maven3\bin\m2.conf -Dmaven.ext.class.path=D:\Programming-Languages\IntelliJ IDEA 2024.1\plugins\maven\lib\maven-event-listener.jar -javaagent:D:\Programming-Languages\IntelliJ IDEA 2024.1\lib\idea_rt.jar=61095:D:\Programming-Languages\IntelliJ IDEA 2024.1\bin -Dfile.encoding=UTF-8 -Dsun.stdout.encoding=UTF-8 -Dsun.stderr.encoding=UTF-8 
java_command: org.codehaus.classworlds.Launcher -Didea.version=2024.1 package
java_class_path (initial): D:\Programming-Languages\IntelliJ IDEA 2024.1\plugins\maven\lib\maven3\boot\plexus-classworlds-2.7.0.jar;D:\Programming-Languages\IntelliJ IDEA 2024.1\plugins\maven\lib\maven3\boot\plexus-classworlds.license
Launcher Type: SUN_STANDARD

[Global flags]
     intx CICompilerCount                          = 4                                         {product} {ergonomic}
     uint ConcGCThreads                            = 3                                         {product} {ergonomic}
     uint G1ConcRefinementThreads                  = 10                                        {product} {ergonomic}
   size_t G1HeapRegionSize                         = 1048576                                   {product} {ergonomic}
    uintx GCDrainStackTargetSize                   = 64                                        {product} {ergonomic}
   size_t InitialHeapSize                          = 132120576                                 {product} {ergonomic}
   size_t MarkStackSize                            = 4194304                                   {product} {ergonomic}
   size_t MaxHeapSize                              = 2095054848                                {product} {ergonomic}
   size_t MaxNewSize                               = 1256194048                                {product} {ergonomic}
   size_t MinHeapDeltaBytes                        = 1048576                                   {product} {ergonomic}
   size_t MinHeapSize                              = 8388608                                   {product} {ergonomic}
    uintx NonNMethodCodeHeapSize                   = 5839372                                {pd product} {ergonomic}
    uintx NonProfiledCodeHeapSize                  = 122909434                              {pd product} {ergonomic}
    uintx ProfiledCodeHeapSize                     = 122909434                              {pd product} {ergonomic}
    uintx ReservedCodeCacheSize                    = 251658240                              {pd product} {ergonomic}
     bool SegmentedCodeCache                       = true                                      {product} {ergonomic}
   size_t SoftMaxHeapSize                          = 2095054848                             {manageable} {ergonomic}
     bool UseCompressedClassPointers               = true                           {product lp64_product} {ergonomic}
     bool UseCompressedOops                        = true                           {product lp64_product} {ergonomic}
     bool UseG1GC                                  = true                                      {product} {ergonomic}
     bool UseLargePagesIndividualAllocation        = false                                  {pd product} {ergonomic}

Logging:
Log output configuration:
 #0: stdout all=warning uptime,level,tags foldmultilines=false
 #1: stderr all=off uptime,level,tags foldmultilines=false

Environment Variables:
JAVA_HOME=C:\Program Files\Java\jdk-17\bin
PATH=C:\Program Files (x86)\Common Files\Oracle\Java\java8path;C:\Program Files (x86)\Common Files\Oracle\Java\javapath;C:\WINDOWS\system32;C:\WINDOWS;C:\WINDOWS\System32\Wbem;C:\WINDOWS\System32\WindowsPowerShell\v1.0\;C:\WINDOWS\System32\OpenSSH\;D:\Java\bin;C:\Program Files\dotnet\;C:\Program Files\Java\jdk-17\bin;C:\Python27\Scripts;C:\Python27;C:\Program Files\NVIDIA Corporation\NVIDIA NvDLISR;D:\PyCharm\;D:\Programming-Languages;D:\Computer science\MongoDB\mongosh-2.0.2-win32-x64\bin;C:\Program Files (x86)\NVIDIA Corporation\PhysX\Common;C:\Program Files\Docker\Docker\resources\bin;C:\Program Files\MySQL\MySQL Server 8.0\bin;C:\Users\Youssef\AppData\Local\Microsoft\WindowsApps\python.exe;C:\Program Files\Git\cmd;C:\Program Files\MySQL\MySQL Shell 8.0\bin\;C:\Users\Youssef\AppData\Local\Microsoft\WindowsApps;D:\PyCharm\PyCharm Community Edition 2020.3.1\bin;;C:\Users\Youssef\.dotnet\tools;C:\ProgramData\Youssef\GitHubDesktop\bin;C:\Program Files\Java\jdk-17\bin;D:\Computer science\Flutter\dart-sdk\bin;C:\Users\Youssef\AppData\Local\Programs\Microsoft VS Code\bin;C:\Users\Youssef\AppData\Roaming\npm;D:\Programming-Languages;C:\Users\Youssef\AppData\Local\GitHubDesktop\bin;C:\Users\Youssef\Desktop\jasypt-master;;D:\Programming-Languages\IntelliJ IDEA 2024.1\bin;
USERNAME=Youssef
OS=Windows_NT
PROCESSOR_IDENTIFIER=Intel64 Family 6 Model 165 Stepping 2, GenuineIntel
TMP=C:\Users\Youssef\AppData\Local\Temp
TEMP=C:\Users\Youssef\AppData\Local\Temp




---------------  S Y S T E M  ---------------

OS:
 Windows 10 , 64 bit Build 19041 (10.0.19041.3636)
OS uptime: 0 days 17:27 hours
Hyper-V role detected

CPU: total 12 (initial active 12) (6 cores per cpu, 2 threads per core) family 6 model 165 stepping 2 microcode 0xf8, cx8, cmov, fxsr, ht, mmx, 3dnowpref, sse, sse2, sse3, ssse3, sse4.1, sse4.2, popcnt, lzcnt, tsc, tscinvbit, avx, avx2, aes, erms, clmul, bmi1, bmi2, adx, fma, vzeroupper, clflush, clflushopt, hv, rdtscp, f16c

Memory: 4k page, system-wide physical 7985M (399M free)
TotalPageFile size 12081M (AvailPageFile size 3M)
current process WorkingSet (physical memory assigned to process): 357M, peak: 357M
current process commit charge ("private bytes"): 396M, peak: 396M

vm_info: Java HotSpot(TM) 64-Bit Server VM (20.0.1+9-29) for windows-amd64 JRE (20.0.1+9-29), built on 2023-03-07T13:56:11Z by "mach5one" with MS VC++ 17.1 (VS2022)

END.
