#
# There is insufficient memory for the Java Runtime Environment to continue.
# Native memory allocation (mmap) failed to map 132120576 bytes for G1 virtual space
# Possible reasons:
#   The system is out of physical RAM or swap space
#   The process is running with CompressedOops enabled, and the Java Heap may be blocking the growth of the native heap
# Possible solutions:
#   Reduce memory load on the system
#   Increase physical memory or swap space
#   Check if swap backing store is full
#   Decrease Java heap size (-Xmx/-Xms)
#   Decrease number of Java threads
#   Decrease Java thread stack sizes (-Xss)
#   Set larger code cache with -XX:ReservedCodeCacheSize=
#   JVM is running with Unscaled Compressed Oops mode in which the Java heap is
#     placed in the first 4GB address space. The Java Heap base address is the
#     maximum limit for the native heap growth. Please use -XX:HeapBaseMinAddress
#     to set the Java Heap base and to place the Java Heap above 4GB virtual address.
# This output file may be truncated or incomplete.
#
#  Out of Memory Error (os_windows.cpp:3528), pid=12968, tid=14772
#
# JRE version:  (20.0.1+9) (build )
# Java VM: Java HotSpot(TM) 64-Bit Server VM (20.0.1+9-29, mixed mode, sharing, tiered, compressed oops, compressed class ptrs, g1 gc, windows-amd64)
# No core dump will be written. Minidumps are not enabled by default on client versions of Windows
#

---------------  S U M M A R Y ------------

Command Line: C:\Users\Youssef\AppData\Local\Temp\surefire7662887879147756613\surefirebooter14801779708147281868.jar C:\Users\Youssef\AppData\Local\Temp\surefire7662887879147756613 2024-07-03T23-24-50_241-jvmRun1 surefire443626910380467224tmp surefire_06276608700228550497tmp

Host: Intel(R) Core(TM) i7-10750H CPU @ 2.60GHz, 12 cores, 7G,  Windows 10 , 64 bit Build 19041 (10.0.19041.3636)
Time: Thu Jul  4 00:24:50 2024 Egypt Daylight Time elapsed time: 0.009816 seconds (0d 0h 0m 0s)

---------------  T H R E A D  ---------------

Current thread (0x0000024571ca2c50):  JavaThread "Unknown thread" [_thread_in_vm, id=14772, stack(0x00000066a5500000,0x00000066a5600000)]

Stack: [0x00000066a5500000,0x00000066a5600000]
Native frames: (J=compiled Java code, j=interpreted, Vv=VM code, C=native code)
V  [jvm.dll+0x6bb95a]
V  [jvm.dll+0x8485fa]
V  [jvm.dll+0x84a1f5]
V  [jvm.dll+0x84a8f3]
V  [jvm.dll+0x280b0f]
V  [jvm.dll+0x6b86e9]
V  [jvm.dll+0x6ad2da]
V  [jvm.dll+0x35adf5]
V  [jvm.dll+0x363016]
V  [jvm.dll+0x3b3b3e]
V  [jvm.dll+0x3b3dc5]
V  [jvm.dll+0x32b50a]
V  [jvm.dll+0x32c32b]
V  [jvm.dll+0x8112bf]
V  [jvm.dll+0x3c0d91]
V  [jvm.dll+0x7fcfe3]
V  [jvm.dll+0x44c76f]
V  [jvm.dll+0x44e0e1]
C  [jli.dll+0x5287]
C  [ucrtbase.dll+0x21bb2]
C  [KERNEL32.DLL+0x17344]
C  [ntdll.dll+0x4cc91]


---------------  P R O C E S S  ---------------

Threads class SMR info:
_java_thread_list=0x00007ffdc291a098, length=0, elements={
}

Java Threads: ( => current thread )

Other Threads:
  0x0000024571d00090 WorkerThread "GC Thread#0" [stack: 0x00000066a5600000,0x00000066a5700000] [id=11720]
  0x0000024571d13a40 ConcurrentGCThread "G1 Main Marker" [stack: 0x00000066a5700000,0x00000066a5800000] [id=17620]
  0x0000024571d14380 WorkerThread "G1 Conc#0" [stack: 0x00000066a5800000,0x00000066a5900000] [id=960]

[error occurred during error reporting (printing all threads), id 0xc0000005, EXCEPTION_ACCESS_VIOLATION (0xc0000005) at pc=0x00007ffdc20feb47]
VM state: not at safepoint (not fully initialized)

VM Mutex/Monitor currently owned by a thread:  ([mutex/lock_event])
[0x0000024571c9e210] Heap_lock - owner thread: 0x0000024571ca2c50

Heap address: 0x0000000083200000, size: 1998 MB, Compressed Oops mode: 32-bit

CDS archive(s) mapped at: [0x0000000000000000-0x0000000000000000-0x0000000000000000), size 0, SharedBaseAddress: 0x0000000800000000, ArchiveRelocationMode: 0.
Narrow klass base: 0x0000000000000000, Narrow klass shift: 0, Narrow klass range: 0x0

GC Precious Log:
 CardTable entry size: 512
 Card Set container configuration: InlinePtr #cards 5 size 8 Array Of Cards #cards 12 size 40 Howl #buckets 4 coarsen threshold 1843 Howl Bitmap #cards 512 size 80 coarsen threshold 460 Card regions per heap region 1 cards per card region 2048

Heap:
 garbage-first heap   total 0K, used 0K [0x0000000083200000, 0x0000000100000000)
  region size 1024K, 0 young (0K), 0 survivors (0K)

[error occurred during error reporting (printing heap information), id 0xc0000005, EXCEPTION_ACCESS_VIOLATION (0xc0000005) at pc=0x00007ffdc24d3c59]
GC Heap History (0 events):
No events

Dll operation events (1 events):
Event: 0.005 Loaded shared library C:\Program Files\Java\jdk-20\bin\java.dll

Deoptimization events (0 events):
No events

Classes loaded (0 events):
No events

Classes unloaded (0 events):
No events

Classes redefined (0 events):
No events

Internal exceptions (0 events):
No events

VM Operations (0 events):
No events

Events (0 events):
No events


Dynamic libraries:
0x00007ff67dc10000 - 0x00007ff67dc20000 	C:\Program Files\Java\jdk-20\bin\java.exe
0x00007ffe5f1f0000 - 0x00007ffe5f3e8000 	C:\WINDOWS\SYSTEM32\ntdll.dll
0x00007ffe5db00000 - 0x00007ffe5dbbd000 	C:\WINDOWS\System32\KERNEL32.DLL
0x00007ffe5cc30000 - 0x00007ffe5cf26000 	C:\WINDOWS\System32\KERNELBASE.dll
0x00007ffe5d100000 - 0x00007ffe5d200000 	C:\WINDOWS\System32\ucrtbase.dll
0x00007ffe4ffe0000 - 0x00007ffe4fff9000 	C:\Program Files\Java\jdk-20\bin\jli.dll
0x00007ffe52d80000 - 0x00007ffe52d9b000 	C:\Program Files\Java\jdk-20\bin\VCRUNTIME140.dll
0x00007ffe5f0a0000 - 0x00007ffe5f150000 	C:\WINDOWS\System32\ADVAPI32.dll
0x00007ffe5e240000 - 0x00007ffe5e2de000 	C:\WINDOWS\System32\msvcrt.dll
0x00007ffe5e130000 - 0x00007ffe5e1d0000 	C:\WINDOWS\System32\sechost.dll
0x00007ffe5ede0000 - 0x00007ffe5ef03000 	C:\WINDOWS\System32\RPCRT4.dll
0x00007ffe5d200000 - 0x00007ffe5d227000 	C:\WINDOWS\System32\bcrypt.dll
0x00007ffe5e390000 - 0x00007ffe5e52f000 	C:\WINDOWS\System32\USER32.dll
0x00007ffe5ca80000 - 0x00007ffe5caa2000 	C:\WINDOWS\System32\win32u.dll
0x00007ffe5dd90000 - 0x00007ffe5ddbb000 	C:\WINDOWS\System32\GDI32.dll
0x00007ffe5cfe0000 - 0x00007ffe5d0f7000 	C:\WINDOWS\System32\gdi32full.dll
0x00007ffe40860000 - 0x00007ffe40afa000 	C:\WINDOWS\WinSxS\amd64_microsoft.windows.common-controls_6595b64144ccf1df_6.0.19041.4355_none_60b8b9eb71f62e16\COMCTL32.dll
0x00007ffe5cb40000 - 0x00007ffe5cbdd000 	C:\WINDOWS\System32\msvcp_win.dll
0x00007ffe51590000 - 0x00007ffe5159a000 	C:\WINDOWS\SYSTEM32\VERSION.dll
0x00007ffe5eca0000 - 0x00007ffe5eccf000 	C:\WINDOWS\System32\IMM32.DLL
0x00007ffe53f40000 - 0x00007ffe53f4c000 	C:\Program Files\Java\jdk-20\bin\vcruntime140_1.dll
0x00007ffe22dc0000 - 0x00007ffe22e4e000 	C:\Program Files\Java\jdk-20\bin\msvcp140.dll
0x00007ffdc1dc0000 - 0x00007ffdc2a57000 	C:\Program Files\Java\jdk-20\bin\server\jvm.dll
0x00007ffe337c0000 - 0x00007ffe337c9000 	C:\WINDOWS\SYSTEM32\WSOCK32.dll
0x00007ffe49060000 - 0x00007ffe49087000 	C:\WINDOWS\SYSTEM32\WINMM.dll
0x00007ffe5e1d0000 - 0x00007ffe5e23b000 	C:\WINDOWS\System32\WS2_32.dll
0x00007ffe5b080000 - 0x00007ffe5b092000 	C:\WINDOWS\SYSTEM32\kernel.appcore.dll
0x00007ffe52d70000 - 0x00007ffe52d7a000 	C:\Program Files\Java\jdk-20\bin\jimage.dll
0x00007ffe56b30000 - 0x00007ffe56d14000 	C:\WINDOWS\SYSTEM32\DBGHELP.DLL
0x00007ffe44f40000 - 0x00007ffe44f74000 	C:\WINDOWS\SYSTEM32\dbgcore.DLL
0x00007ffe5cab0000 - 0x00007ffe5cb32000 	C:\WINDOWS\System32\bcryptPrimitives.dll
0x00007ffe4ffb0000 - 0x00007ffe4ffd6000 	C:\Program Files\Java\jdk-20\bin\java.dll

dbghelp: loaded successfully - version: 4.0.5 - missing functions: none
symbol engine: initialized successfully - sym options: 0x614 - pdb path: .;C:\Program Files\Java\jdk-20\bin;C:\WINDOWS\SYSTEM32;C:\WINDOWS\WinSxS\amd64_microsoft.windows.common-controls_6595b64144ccf1df_6.0.19041.4355_none_60b8b9eb71f62e16;C:\Program Files\Java\jdk-20\bin\server

VM Arguments:
java_command: C:\Users\Youssef\AppData\Local\Temp\surefire7662887879147756613\surefirebooter14801779708147281868.jar C:\Users\Youssef\AppData\Local\Temp\surefire7662887879147756613 2024-07-03T23-24-50_241-jvmRun1 surefire443626910380467224tmp surefire_06276608700228550497tmp
java_class_path (initial): C:\Users\Youssef\AppData\Local\Temp\surefire7662887879147756613\surefirebooter14801779708147281868.jar
Launcher Type: SUN_STANDARD

[Global flags]
     intx CICompilerCount                          = 4                                         {product} {ergonomic}
     uint ConcGCThreads                            = 3                                         {product} {ergonomic}
     uint G1ConcRefinementThreads                  = 10                                        {product} {ergonomic}
   size_t G1HeapRegionSize                         = 1048576                                   {product} {ergonomic}
    uintx GCDrainStackTargetSize                   = 64                                        {product} {ergonomic}
   size_t InitialHeapSize                          = 132120576                                 {product} {ergonomic}
   size_t MarkStackSize                            = 4194304                                   {product} {ergonomic}
   size_t MaxHeapSize                              = 2095054848                                {product} {ergonomic}
   size_t MinHeapDeltaBytes                        = 1048576                                   {product} {ergonomic}
   size_t MinHeapSize                              = 8388608                                   {product} {ergonomic}
    uintx NonNMethodCodeHeapSize                   = 5839372                                {pd product} {ergonomic}
    uintx NonProfiledCodeHeapSize                  = 122909434                              {pd product} {ergonomic}
    uintx ProfiledCodeHeapSize                     = 122909434                              {pd product} {ergonomic}
    uintx ReservedCodeCacheSize                    = 251658240                              {pd product} {ergonomic}
     bool SegmentedCodeCache                       = true                                      {product} {ergonomic}
   size_t SoftMaxHeapSize                          = 2095054848                             {manageable} {ergonomic}
     bool UseCompressedClassPointers               = true                           {product lp64_product} {ergonomic}
     bool UseCompressedOops                        = true                           {product lp64_product} {ergonomic}
     bool UseG1GC                                  = true                                      {product} {ergonomic}
     bool UseLargePagesIndividualAllocation        = false                                  {pd product} {ergonomic}

Logging:
Log output configuration:
 #0: stdout all=warning uptime,level,tags foldmultilines=false
 #1: stderr all=off uptime,level,tags foldmultilines=false

Environment Variables:
JAVA_HOME=C:\Program Files\Java\jdk-17\bin
PATH=C:\Program Files (x86)\Common Files\Oracle\Java\java8path;C:\Program Files (x86)\Common Files\Oracle\Java\javapath;C:\WINDOWS\system32;C:\WINDOWS;C:\WINDOWS\System32\Wbem;C:\WINDOWS\System32\WindowsPowerShell\v1.0\;C:\WINDOWS\System32\OpenSSH\;D:\Java\bin;C:\Program Files\dotnet\;C:\Program Files\Java\jdk-17\bin;C:\Python27\Scripts;C:\Python27;C:\Program Files\NVIDIA Corporation\NVIDIA NvDLISR;D:\PyCharm\;D:\Programming-Languages;D:\Computer science\MongoDB\mongosh-2.0.2-win32-x64\bin;C:\Program Files (x86)\NVIDIA Corporation\PhysX\Common;C:\Program Files\Docker\Docker\resources\bin;C:\Program Files\MySQL\MySQL Server 8.0\bin;C:\Users\Youssef\AppData\Local\Microsoft\WindowsApps\python.exe;C:\Program Files\Git\cmd;C:\Program Files\MySQL\MySQL Shell 8.0\bin\;C:\Users\Youssef\AppData\Local\Microsoft\WindowsApps;D:\PyCharm\PyCharm Community Edition 2020.3.1\bin;;C:\Users\Youssef\.dotnet\tools;C:\ProgramData\Youssef\GitHubDesktop\bin;C:\Program Files\Java\jdk-17\bin;D:\Computer science\Flutter\dart-sdk\bin;C:\Users\Youssef\AppData\Local\Programs\Microsoft VS Code\bin;C:\Users\Youssef\AppData\Roaming\npm;D:\Programming-Languages;C:\Users\Youssef\AppData\Local\GitHubDesktop\bin;C:\Users\Youssef\Desktop\jasypt-master;;D:\Programming-Languages\IntelliJ IDEA 2024.1\bin;
USERNAME=Youssef
OS=Windows_NT
PROCESSOR_IDENTIFIER=Intel64 Family 6 Model 165 Stepping 2, GenuineIntel
TMP=C:\Users\Youssef\AppData\Local\Temp
TEMP=C:\Users\Youssef\AppData\Local\Temp




---------------  S Y S T E M  ---------------

OS:
 Windows 10 , 64 bit Build 19041 (10.0.19041.3636)
OS uptime: 0 days 4:22 hours
Hyper-V role detected

CPU: total 12 (initial active 12) (6 cores per cpu, 2 threads per core) family 6 model 165 stepping 2 microcode 0xf8, cx8, cmov, fxsr, ht, mmx, 3dnowpref, sse, sse2, sse3, ssse3, sse4.1, sse4.2, popcnt, lzcnt, tsc, tscinvbit, avx, avx2, aes, erms, clmul, bmi1, bmi2, adx, fma, vzeroupper, clflush, clflushopt, hv, rdtscp, f16c

Memory: 4k page, system-wide physical 7985M (521M free)
TotalPageFile size 12081M (AvailPageFile size 64M)
current process WorkingSet (physical memory assigned to process): 10M, peak: 10M
current process commit charge ("private bytes"): 64M, peak: 190M

vm_info: Java HotSpot(TM) 64-Bit Server VM (20.0.1+9-29) for windows-amd64 JRE (20.0.1+9-29), built on 2023-03-07T13:56:11Z by "mach5one" with MS VC++ 17.1 (VS2022)

END.
