#
# There is insufficient memory for the Java Runtime Environment to continue.
# Native memory allocation (malloc) failed to allocate 1324336 bytes for Chunk::new
# Possible reasons:
#   The system is out of physical RAM or swap space
#   The process is running with CompressedOops enabled, and the Java Heap may be blocking the growth of the native heap
# Possible solutions:
#   Reduce memory load on the system
#   Increase physical memory or swap space
#   Check if swap backing store is full
#   Decrease Java heap size (-Xmx/-Xms)
#   Decrease number of Java threads
#   Decrease Java thread stack sizes (-Xss)
#   Set larger code cache with -XX:ReservedCodeCacheSize=
#   JVM is running with Unscaled Compressed Oops mode in which the Java heap is
#     placed in the first 4GB address space. The Java Heap base address is the
#     maximum limit for the native heap growth. Please use -XX:HeapBaseMinAddress
#     to set the Java Heap base and to place the Java Heap above 4GB virtual address.
# This output file may be truncated or incomplete.
#
#  Out of Memory Error (arena.cpp:184), pid=17040, tid=13944
#
# JRE version: Java(TM) SE Runtime Environment (20.0.1+9) (build 20.0.1+9-29)
# Java VM: Java HotSpot(TM) 64-Bit Server VM (20.0.1+9-29, mixed mode, sharing, tiered, compressed oops, compressed class ptrs, g1 gc, windows-amd64)
# No core dump will be written. Minidumps are not enabled by default on client versions of Windows
#

---------------  S U M M A R Y ------------

Command Line: C:\Users\Youssef\AppData\Local\Temp\surefire11940421387668807523\surefirebooter-20240703232023844_3.jar C:\Users\Youssef\AppData\Local\Temp\surefire11940421387668807523 2024-07-03T23-20-23_701-jvmRun1 surefire-20240703232023844_1tmp surefire_0-20240703232023844_2tmp

Host: Intel(R) Core(TM) i7-10750H CPU @ 2.60GHz, 12 cores, 7G,  Windows 10 , 64 bit Build 19041 (10.0.19041.3636)
Time: Thu Jul  4 00:20:24 2024 Egypt Daylight Time elapsed time: 1.003293 seconds (0d 0h 0m 1s)

---------------  T H R E A D  ---------------

Current thread (0x0000018d66108570):  JavaThread "C2 CompilerThread0" daemon [_thread_in_native, id=13944, stack(0x0000000bd6900000,0x0000000bd6a00000)]


Current CompileTask:
C2:   1003 1732       4       java.lang.invoke.MethodType::makeImpl (109 bytes)

Stack: [0x0000000bd6900000,0x0000000bd6a00000]
Native frames: (J=compiled Java code, j=interpreted, Vv=VM code, C=native code)
V  [jvm.dll+0x6bb95a]
V  [jvm.dll+0x8485fa]
V  [jvm.dll+0x84a1f5]
V  [jvm.dll+0x84a8f3]
V  [jvm.dll+0x280b0f]
V  [jvm.dll+0xc2b11]
V  [jvm.dll+0xc2e35]
V  [jvm.dll+0x3bb142]
V  [jvm.dll+0x3857f5]
V  [jvm.dll+0x384c6a]
V  [jvm.dll+0x24b259]
V  [jvm.dll+0x24a651]
V  [jvm.dll+0x1ce491]
V  [jvm.dll+0x259e1b]
V  [jvm.dll+0x2584f0]
V  [jvm.dll+0x3f2895]
V  [jvm.dll+0x7f4b56]
V  [jvm.dll+0x6ba5cb]
C  [ucrtbase.dll+0x21bb2]
C  [KERNEL32.DLL+0x17344]
C  [ntdll.dll+0x4cc91]


---------------  P R O C E S S  ---------------

Threads class SMR info:
_java_thread_list=0x0000018d6abbffe0, length=14, elements={
0x0000018d49372610, 0x0000018d660f2e70, 0x0000018d660f7a80, 0x0000018d660fc540,
0x0000018d660fb550, 0x0000018d660fb000, 0x0000018d660faab0, 0x0000018d66108570,
0x0000018d66110f00, 0x0000018d660f9570, 0x0000018d660fbaa0, 0x0000018d6a595750,
0x0000018d660fbff0, 0x0000018d660fa010
}

Java Threads: ( => current thread )
  0x0000018d49372610 JavaThread "main" [_thread_in_vm, id=13136, stack(0x0000000bd5c00000,0x0000000bd5d00000)]
  0x0000018d660f2e70 JavaThread "Reference Handler" daemon [_thread_blocked, id=18112, stack(0x0000000bd6300000,0x0000000bd6400000)]
  0x0000018d660f7a80 JavaThread "Finalizer" daemon [_thread_blocked, id=18004, stack(0x0000000bd6400000,0x0000000bd6500000)]
  0x0000018d660fc540 JavaThread "Signal Dispatcher" daemon [_thread_blocked, id=11336, stack(0x0000000bd6500000,0x0000000bd6600000)]
  0x0000018d660fb550 JavaThread "Attach Listener" daemon [_thread_blocked, id=5532, stack(0x0000000bd6600000,0x0000000bd6700000)]
  0x0000018d660fb000 JavaThread "Service Thread" daemon [_thread_blocked, id=16284, stack(0x0000000bd6700000,0x0000000bd6800000)]
  0x0000018d660faab0 JavaThread "Monitor Deflation Thread" daemon [_thread_blocked, id=17932, stack(0x0000000bd6800000,0x0000000bd6900000)]
=>0x0000018d66108570 JavaThread "C2 CompilerThread0" daemon [_thread_in_native, id=13944, stack(0x0000000bd6900000,0x0000000bd6a00000)]
  0x0000018d66110f00 JavaThread "C1 CompilerThread0" daemon [_thread_blocked, id=14124, stack(0x0000000bd6a00000,0x0000000bd6b00000)]
  0x0000018d660f9570 JavaThread "Notification Thread" daemon [_thread_blocked, id=17084, stack(0x0000000bd6b00000,0x0000000bd6c00000)]
  0x0000018d660fbaa0 JavaThread "Common-Cleaner" daemon [_thread_blocked, id=16920, stack(0x0000000bd6d00000,0x0000000bd6e00000)]
  0x0000018d6a595750 JavaThread "C2 CompilerThread1" daemon [_thread_in_native, id=5604, stack(0x0000000bd6e00000,0x0000000bd6f00000)]
  0x0000018d660fbff0 JavaThread "surefire-forkedjvm-stream-flusher" daemon [_thread_blocked, id=2700, stack(0x0000000bd6f00000,0x0000000bd7000000)]
  0x0000018d660fa010 JavaThread "surefire-forkedjvm-command-thread" daemon [_thread_in_native, id=9944, stack(0x0000000bd7000000,0x0000000bd7100000)]

Other Threads:
  0x0000018d660d6f80 VMThread "VM Thread" [stack: 0x0000000bd6200000,0x0000000bd6300000] [id=8440]
  0x0000018d6a4fd150 WatcherThread "VM Periodic Task Thread" [stack: 0x0000000bd6c00000,0x0000000bd6d00000] [id=17908]
  0x0000018d493cfe40 WorkerThread "GC Thread#0" [stack: 0x0000000bd5d00000,0x0000000bd5e00000] [id=14904]
  0x0000018d6ac88280 WorkerThread "GC Thread#1" [stack: 0x0000000bd7100000,0x0000000bd7200000] [id=3244]
  0x0000018d6ac89360 WorkerThread "GC Thread#2" [stack: 0x0000000bd7200000,0x0000000bd7300000] [id=17280]
  0x0000018d6ac88820 WorkerThread "GC Thread#3" [stack: 0x0000000bd7300000,0x0000000bd7400000] [id=13212]
  0x0000018d6ac87a10 WorkerThread "GC Thread#4" [stack: 0x0000000bd7400000,0x0000000bd7500000] [id=3692]
  0x0000018d6ac89090 WorkerThread "GC Thread#5" [stack: 0x0000000bd7500000,0x0000000bd7600000] [id=17512]
  0x0000018d6ac88af0 WorkerThread "GC Thread#6" [stack: 0x0000000bd7600000,0x0000000bd7700000] [id=6844]
  0x0000018d6ac88dc0 WorkerThread "GC Thread#7" [stack: 0x0000000bd7700000,0x0000000bd7800000] [id=3884]
  0x0000018d6ac89630 WorkerThread "GC Thread#8" [stack: 0x0000000bd7800000,0x0000000bd7900000] [id=7068]
  0x0000018d6ac87ce0 WorkerThread "GC Thread#9" [stack: 0x0000000bd7900000,0x0000000bd7a00000] [id=9168]
  0x0000018d493e27e0 ConcurrentGCThread "G1 Main Marker" [stack: 0x0000000bd5e00000,0x0000000bd5f00000] [id=3848]
  0x0000018d493e38d0 WorkerThread "G1 Conc#0" [stack: 0x0000000bd5f00000,0x0000000bd6000000] [id=10164]
  0x0000018d4943e650 ConcurrentGCThread "G1 Refine#0" [stack: 0x0000000bd6000000,0x0000000bd6100000] [id=4228]
  0x0000018d65f93150 ConcurrentGCThread "G1 Service" [stack: 0x0000000bd6100000,0x0000000bd6200000] [id=1736]

Threads with active compile tasks:
C2 CompilerThread0     1041 1732       4       java.lang.invoke.MethodType::makeImpl (109 bytes)
C2 CompilerThread1     1041 1724       4       java.lang.invoke.MethodType::methodType (69 bytes)

VM state: not at safepoint (normal execution)

VM Mutex/Monitor currently owned by a thread:  ([mutex/lock_event])
[0x0000018d472ae2a0] SystemDictionary_lock - owner thread: 0x0000000000000000

Heap address: 0x0000000083200000, size: 1998 MB, Compressed Oops mode: 32-bit

CDS archive(s) mapped at: [0x0000000800000000-0x0000000800c60000-0x0000000800c60000), size 12976128, SharedBaseAddress: 0x0000000800000000, ArchiveRelocationMode: 0.
Compressed class space mapped at: 0x0000000801000000-0x0000000841000000, reserved size: 1073741824
Narrow klass base: 0x0000000800000000, Narrow klass shift: 0, Narrow klass range: 0x100000000

GC Precious Log:
 CardTable entry size: 512
 Card Set container configuration: InlinePtr #cards 5 size 8 Array Of Cards #cards 12 size 40 Howl #buckets 4 coarsen threshold 1843 Howl Bitmap #cards 512 size 80 coarsen threshold 460 Card regions per heap region 1 cards per card region 2048
 CPUs: 12 total, 12 available
 Memory: 7985M
 Large Page Support: Disabled
 NUMA Support: Disabled
 Compressed Oops: Enabled (32-bit)
 Heap Region Size: 1M
 Heap Min Capacity: 8M
 Heap Initial Capacity: 126M
 Heap Max Capacity: 1998M
 Pre-touch: Disabled
 Parallel Workers: 10
 Concurrent Workers: 3
 Concurrent Refinement Workers: 10
 Periodic GC: Disabled

Heap:
 garbage-first heap   total 129024K, used 11510K [0x0000000083200000, 0x0000000100000000)
  region size 1024K, 4 young (4096K), 3 survivors (3072K)
 Metaspace       used 12350K, committed 12608K, reserved 1114112K
  class space    used 1542K, committed 1664K, reserved 1048576K

Heap Regions: E=young(eden), S=young(survivor), O=old, HS=humongous(starts), HC=humongous(continues), CS=collection set, F=free, OA=open archive, CA=closed archive, TAMS=top-at-mark-start, PB=parsable bottom
|   0|0x0000000083200000, 0x0000000083300000, 0x0000000083300000|100%|HS|  |TAMS 0x0000000083200000| PB 0x0000000083200000| Complete 
|   1|0x0000000083300000, 0x0000000083400000, 0x0000000083400000|100%| O|  |TAMS 0x0000000083300000| PB 0x0000000083300000| Untracked 
|   2|0x0000000083400000, 0x0000000083500000, 0x0000000083500000|100%| O|  |TAMS 0x0000000083400000| PB 0x0000000083400000| Untracked 
|   3|0x0000000083500000, 0x0000000083600000, 0x0000000083600000|100%| O|  |TAMS 0x0000000083500000| PB 0x0000000083500000| Untracked 
|   4|0x0000000083600000, 0x0000000083700000, 0x0000000083700000|100%| O|  |TAMS 0x0000000083600000| PB 0x0000000083600000| Untracked 
|   5|0x0000000083700000, 0x0000000083800000, 0x0000000083800000|100%| O|  |TAMS 0x0000000083700000| PB 0x0000000083700000| Untracked 
|   6|0x0000000083800000, 0x0000000083900000, 0x0000000083900000|100%| O|  |TAMS 0x0000000083800000| PB 0x0000000083800000| Untracked 
|   7|0x0000000083900000, 0x0000000083a00000, 0x0000000083a00000|100%| O|  |TAMS 0x0000000083900000| PB 0x0000000083900000| Untracked 
|   8|0x0000000083a00000, 0x0000000083aa9a00, 0x0000000083b00000| 66%| O|  |TAMS 0x0000000083a00000| PB 0x0000000083a00000| Untracked 
|   9|0x0000000083b00000, 0x0000000083b00000, 0x0000000083c00000|  0%| F|  |TAMS 0x0000000083b00000| PB 0x0000000083b00000| Untracked 
|  10|0x0000000083c00000, 0x0000000083c00000, 0x0000000083d00000|  0%| F|  |TAMS 0x0000000083c00000| PB 0x0000000083c00000| Untracked 
|  11|0x0000000083d00000, 0x0000000083d00000, 0x0000000083e00000|  0%| F|  |TAMS 0x0000000083d00000| PB 0x0000000083d00000| Untracked 
|  12|0x0000000083e00000, 0x0000000083e00000, 0x0000000083f00000|  0%| F|  |TAMS 0x0000000083e00000| PB 0x0000000083e00000| Untracked 
|  13|0x0000000083f00000, 0x0000000083f00000, 0x0000000084000000|  0%| F|  |TAMS 0x0000000083f00000| PB 0x0000000083f00000| Untracked 
|  14|0x0000000084000000, 0x0000000084000000, 0x0000000084100000|  0%| F|  |TAMS 0x0000000084000000| PB 0x0000000084000000| Untracked 
|  15|0x0000000084100000, 0x0000000084100000, 0x0000000084200000|  0%| F|  |TAMS 0x0000000084100000| PB 0x0000000084100000| Untracked 
|  16|0x0000000084200000, 0x0000000084200000, 0x0000000084300000|  0%| F|  |TAMS 0x0000000084200000| PB 0x0000000084200000| Untracked 
|  17|0x0000000084300000, 0x0000000084300000, 0x0000000084400000|  0%| F|  |TAMS 0x0000000084300000| PB 0x0000000084300000| Untracked 
|  18|0x0000000084400000, 0x0000000084400000, 0x0000000084500000|  0%| F|  |TAMS 0x0000000084400000| PB 0x0000000084400000| Untracked 
|  19|0x0000000084500000, 0x0000000084500000, 0x0000000084600000|  0%| F|  |TAMS 0x0000000084500000| PB 0x0000000084500000| Untracked 
|  20|0x0000000084600000, 0x0000000084600000, 0x0000000084700000|  0%| F|  |TAMS 0x0000000084600000| PB 0x0000000084600000| Untracked 
|  21|0x0000000084700000, 0x0000000084700000, 0x0000000084800000|  0%| F|  |TAMS 0x0000000084700000| PB 0x0000000084700000| Untracked 
|  22|0x0000000084800000, 0x0000000084800000, 0x0000000084900000|  0%| F|  |TAMS 0x0000000084800000| PB 0x0000000084800000| Untracked 
|  23|0x0000000084900000, 0x0000000084900000, 0x0000000084a00000|  0%| F|  |TAMS 0x0000000084900000| PB 0x0000000084900000| Untracked 
|  24|0x0000000084a00000, 0x0000000084a00000, 0x0000000084b00000|  0%| F|  |TAMS 0x0000000084a00000| PB 0x0000000084a00000| Untracked 
|  25|0x0000000084b00000, 0x0000000084b00000, 0x0000000084c00000|  0%| F|  |TAMS 0x0000000084b00000| PB 0x0000000084b00000| Untracked 
|  26|0x0000000084c00000, 0x0000000084c00000, 0x0000000084d00000|  0%| F|  |TAMS 0x0000000084c00000| PB 0x0000000084c00000| Untracked 
|  27|0x0000000084d00000, 0x0000000084d00000, 0x0000000084e00000|  0%| F|  |TAMS 0x0000000084d00000| PB 0x0000000084d00000| Untracked 
|  28|0x0000000084e00000, 0x0000000084e00000, 0x0000000084f00000|  0%| F|  |TAMS 0x0000000084e00000| PB 0x0000000084e00000| Untracked 
|  29|0x0000000084f00000, 0x0000000084f00000, 0x0000000085000000|  0%| F|  |TAMS 0x0000000084f00000| PB 0x0000000084f00000| Untracked 
|  30|0x0000000085000000, 0x0000000085000000, 0x0000000085100000|  0%| F|  |TAMS 0x0000000085000000| PB 0x0000000085000000| Untracked 
|  31|0x0000000085100000, 0x0000000085100000, 0x0000000085200000|  0%| F|  |TAMS 0x0000000085100000| PB 0x0000000085100000| Untracked 
|  32|0x0000000085200000, 0x0000000085200000, 0x0000000085300000|  0%| F|  |TAMS 0x0000000085200000| PB 0x0000000085200000| Untracked 
|  33|0x0000000085300000, 0x0000000085300000, 0x0000000085400000|  0%| F|  |TAMS 0x0000000085300000| PB 0x0000000085300000| Untracked 
|  34|0x0000000085400000, 0x0000000085400000, 0x0000000085500000|  0%| F|  |TAMS 0x0000000085400000| PB 0x0000000085400000| Untracked 
|  35|0x0000000085500000, 0x0000000085500000, 0x0000000085600000|  0%| F|  |TAMS 0x0000000085500000| PB 0x0000000085500000| Untracked 
|  36|0x0000000085600000, 0x0000000085600000, 0x0000000085700000|  0%| F|  |TAMS 0x0000000085600000| PB 0x0000000085600000| Untracked 
|  37|0x0000000085700000, 0x0000000085700000, 0x0000000085800000|  0%| F|  |TAMS 0x0000000085700000| PB 0x0000000085700000| Untracked 
|  38|0x0000000085800000, 0x0000000085800000, 0x0000000085900000|  0%| F|  |TAMS 0x0000000085800000| PB 0x0000000085800000| Untracked 
|  39|0x0000000085900000, 0x0000000085900000, 0x0000000085a00000|  0%| F|  |TAMS 0x0000000085900000| PB 0x0000000085900000| Untracked 
|  40|0x0000000085a00000, 0x0000000085a00000, 0x0000000085b00000|  0%| F|  |TAMS 0x0000000085a00000| PB 0x0000000085a00000| Untracked 
|  41|0x0000000085b00000, 0x0000000085b00000, 0x0000000085c00000|  0%| F|  |TAMS 0x0000000085b00000| PB 0x0000000085b00000| Untracked 
|  42|0x0000000085c00000, 0x0000000085c00000, 0x0000000085d00000|  0%| F|  |TAMS 0x0000000085c00000| PB 0x0000000085c00000| Untracked 
|  43|0x0000000085d00000, 0x0000000085d00000, 0x0000000085e00000|  0%| F|  |TAMS 0x0000000085d00000| PB 0x0000000085d00000| Untracked 
|  44|0x0000000085e00000, 0x0000000085e00000, 0x0000000085f00000|  0%| F|  |TAMS 0x0000000085e00000| PB 0x0000000085e00000| Untracked 
|  45|0x0000000085f00000, 0x0000000085f00000, 0x0000000086000000|  0%| F|  |TAMS 0x0000000085f00000| PB 0x0000000085f00000| Untracked 
|  46|0x0000000086000000, 0x0000000086000000, 0x0000000086100000|  0%| F|  |TAMS 0x0000000086000000| PB 0x0000000086000000| Untracked 
|  47|0x0000000086100000, 0x0000000086100000, 0x0000000086200000|  0%| F|  |TAMS 0x0000000086100000| PB 0x0000000086100000| Untracked 
|  48|0x0000000086200000, 0x0000000086200000, 0x0000000086300000|  0%| F|  |TAMS 0x0000000086200000| PB 0x0000000086200000| Untracked 
|  49|0x0000000086300000, 0x0000000086300000, 0x0000000086400000|  0%| F|  |TAMS 0x0000000086300000| PB 0x0000000086300000| Untracked 
|  50|0x0000000086400000, 0x0000000086400000, 0x0000000086500000|  0%| F|  |TAMS 0x0000000086400000| PB 0x0000000086400000| Untracked 
|  51|0x0000000086500000, 0x0000000086500000, 0x0000000086600000|  0%| F|  |TAMS 0x0000000086500000| PB 0x0000000086500000| Untracked 
|  52|0x0000000086600000, 0x0000000086600000, 0x0000000086700000|  0%| F|  |TAMS 0x0000000086600000| PB 0x0000000086600000| Untracked 
|  53|0x0000000086700000, 0x0000000086700000, 0x0000000086800000|  0%| F|  |TAMS 0x0000000086700000| PB 0x0000000086700000| Untracked 
|  54|0x0000000086800000, 0x0000000086800000, 0x0000000086900000|  0%| F|  |TAMS 0x0000000086800000| PB 0x0000000086800000| Untracked 
|  55|0x0000000086900000, 0x0000000086900000, 0x0000000086a00000|  0%| F|  |TAMS 0x0000000086900000| PB 0x0000000086900000| Untracked 
|  56|0x0000000086a00000, 0x0000000086a00000, 0x0000000086b00000|  0%| F|  |TAMS 0x0000000086a00000| PB 0x0000000086a00000| Untracked 
|  57|0x0000000086b00000, 0x0000000086b00000, 0x0000000086c00000|  0%| F|  |TAMS 0x0000000086b00000| PB 0x0000000086b00000| Untracked 
|  58|0x0000000086c00000, 0x0000000086c00000, 0x0000000086d00000|  0%| F|  |TAMS 0x0000000086c00000| PB 0x0000000086c00000| Untracked 
|  59|0x0000000086d00000, 0x0000000086d00000, 0x0000000086e00000|  0%| F|  |TAMS 0x0000000086d00000| PB 0x0000000086d00000| Untracked 
|  60|0x0000000086e00000, 0x0000000086e00000, 0x0000000086f00000|  0%| F|  |TAMS 0x0000000086e00000| PB 0x0000000086e00000| Untracked 
|  61|0x0000000086f00000, 0x0000000086f00000, 0x0000000087000000|  0%| F|  |TAMS 0x0000000086f00000| PB 0x0000000086f00000| Untracked 
|  62|0x0000000087000000, 0x0000000087000000, 0x0000000087100000|  0%| F|  |TAMS 0x0000000087000000| PB 0x0000000087000000| Untracked 
|  63|0x0000000087100000, 0x0000000087100000, 0x0000000087200000|  0%| F|  |TAMS 0x0000000087100000| PB 0x0000000087100000| Untracked 
|  64|0x0000000087200000, 0x0000000087200000, 0x0000000087300000|  0%| F|  |TAMS 0x0000000087200000| PB 0x0000000087200000| Untracked 
|  65|0x0000000087300000, 0x0000000087300000, 0x0000000087400000|  0%| F|  |TAMS 0x0000000087300000| PB 0x0000000087300000| Untracked 
|  66|0x0000000087400000, 0x0000000087400000, 0x0000000087500000|  0%| F|  |TAMS 0x0000000087400000| PB 0x0000000087400000| Untracked 
|  67|0x0000000087500000, 0x0000000087500000, 0x0000000087600000|  0%| F|  |TAMS 0x0000000087500000| PB 0x0000000087500000| Untracked 
|  68|0x0000000087600000, 0x0000000087600000, 0x0000000087700000|  0%| F|  |TAMS 0x0000000087600000| PB 0x0000000087600000| Untracked 
|  69|0x0000000087700000, 0x0000000087700000, 0x0000000087800000|  0%| F|  |TAMS 0x0000000087700000| PB 0x0000000087700000| Untracked 
|  70|0x0000000087800000, 0x0000000087800000, 0x0000000087900000|  0%| F|  |TAMS 0x0000000087800000| PB 0x0000000087800000| Untracked 
|  71|0x0000000087900000, 0x0000000087900000, 0x0000000087a00000|  0%| F|  |TAMS 0x0000000087900000| PB 0x0000000087900000| Untracked 
|  72|0x0000000087a00000, 0x0000000087a00000, 0x0000000087b00000|  0%| F|  |TAMS 0x0000000087a00000| PB 0x0000000087a00000| Untracked 
|  73|0x0000000087b00000, 0x0000000087b00000, 0x0000000087c00000|  0%| F|  |TAMS 0x0000000087b00000| PB 0x0000000087b00000| Untracked 
|  74|0x0000000087c00000, 0x0000000087c00000, 0x0000000087d00000|  0%| F|  |TAMS 0x0000000087c00000| PB 0x0000000087c00000| Untracked 
|  75|0x0000000087d00000, 0x0000000087d00000, 0x0000000087e00000|  0%| F|  |TAMS 0x0000000087d00000| PB 0x0000000087d00000| Untracked 
|  76|0x0000000087e00000, 0x0000000087e00000, 0x0000000087f00000|  0%| F|  |TAMS 0x0000000087e00000| PB 0x0000000087e00000| Untracked 
|  77|0x0000000087f00000, 0x0000000087f00000, 0x0000000088000000|  0%| F|  |TAMS 0x0000000087f00000| PB 0x0000000087f00000| Untracked 
|  78|0x0000000088000000, 0x0000000088000000, 0x0000000088100000|  0%| F|  |TAMS 0x0000000088000000| PB 0x0000000088000000| Untracked 
|  79|0x0000000088100000, 0x0000000088100000, 0x0000000088200000|  0%| F|  |TAMS 0x0000000088100000| PB 0x0000000088100000| Untracked 
|  80|0x0000000088200000, 0x0000000088200000, 0x0000000088300000|  0%| F|  |TAMS 0x0000000088200000| PB 0x0000000088200000| Untracked 
|  81|0x0000000088300000, 0x0000000088300000, 0x0000000088400000|  0%| F|  |TAMS 0x0000000088300000| PB 0x0000000088300000| Untracked 
|  82|0x0000000088400000, 0x0000000088400000, 0x0000000088500000|  0%| F|  |TAMS 0x0000000088400000| PB 0x0000000088400000| Untracked 
|  83|0x0000000088500000, 0x0000000088500000, 0x0000000088600000|  0%| F|  |TAMS 0x0000000088500000| PB 0x0000000088500000| Untracked 
|  84|0x0000000088600000, 0x0000000088600000, 0x0000000088700000|  0%| F|  |TAMS 0x0000000088600000| PB 0x0000000088600000| Untracked 
|  85|0x0000000088700000, 0x0000000088700000, 0x0000000088800000|  0%| F|  |TAMS 0x0000000088700000| PB 0x0000000088700000| Untracked 
|  86|0x0000000088800000, 0x0000000088800000, 0x0000000088900000|  0%| F|  |TAMS 0x0000000088800000| PB 0x0000000088800000| Untracked 
|  87|0x0000000088900000, 0x0000000088900000, 0x0000000088a00000|  0%| F|  |TAMS 0x0000000088900000| PB 0x0000000088900000| Untracked 
|  88|0x0000000088a00000, 0x0000000088a00000, 0x0000000088b00000|  0%| F|  |TAMS 0x0000000088a00000| PB 0x0000000088a00000| Untracked 
|  89|0x0000000088b00000, 0x0000000088b00000, 0x0000000088c00000|  0%| F|  |TAMS 0x0000000088b00000| PB 0x0000000088b00000| Untracked 
|  90|0x0000000088c00000, 0x0000000088c00000, 0x0000000088d00000|  0%| F|  |TAMS 0x0000000088c00000| PB 0x0000000088c00000| Untracked 
|  91|0x0000000088d00000, 0x0000000088d00000, 0x0000000088e00000|  0%| F|  |TAMS 0x0000000088d00000| PB 0x0000000088d00000| Untracked 
|  92|0x0000000088e00000, 0x0000000088e00000, 0x0000000088f00000|  0%| F|  |TAMS 0x0000000088e00000| PB 0x0000000088e00000| Untracked 
|  93|0x0000000088f00000, 0x0000000088f00000, 0x0000000089000000|  0%| F|  |TAMS 0x0000000088f00000| PB 0x0000000088f00000| Untracked 
|  94|0x0000000089000000, 0x0000000089000000, 0x0000000089100000|  0%| F|  |TAMS 0x0000000089000000| PB 0x0000000089000000| Untracked 
|  95|0x0000000089100000, 0x0000000089193e80, 0x0000000089200000| 57%| S|CS|TAMS 0x0000000089100000| PB 0x0000000089100000| Complete 
|  96|0x0000000089200000, 0x0000000089300000, 0x0000000089300000|100%| S|CS|TAMS 0x0000000089200000| PB 0x0000000089200000| Complete 
|  97|0x0000000089300000, 0x0000000089400000, 0x0000000089400000|100%| S|CS|TAMS 0x0000000089300000| PB 0x0000000089300000| Complete 
|  98|0x0000000089400000, 0x0000000089400000, 0x0000000089500000|  0%| F|  |TAMS 0x0000000089400000| PB 0x0000000089400000| Untracked 
|  99|0x0000000089500000, 0x0000000089500000, 0x0000000089600000|  0%| F|  |TAMS 0x0000000089500000| PB 0x0000000089500000| Untracked 
| 100|0x0000000089600000, 0x0000000089600000, 0x0000000089700000|  0%| F|  |TAMS 0x0000000089600000| PB 0x0000000089600000| Untracked 
| 101|0x0000000089700000, 0x0000000089700000, 0x0000000089800000|  0%| F|  |TAMS 0x0000000089700000| PB 0x0000000089700000| Untracked 
| 102|0x0000000089800000, 0x0000000089800000, 0x0000000089900000|  0%| F|  |TAMS 0x0000000089800000| PB 0x0000000089800000| Untracked 
| 103|0x0000000089900000, 0x0000000089900000, 0x0000000089a00000|  0%| F|  |TAMS 0x0000000089900000| PB 0x0000000089900000| Untracked 
| 104|0x0000000089a00000, 0x0000000089a00000, 0x0000000089b00000|  0%| F|  |TAMS 0x0000000089a00000| PB 0x0000000089a00000| Untracked 
| 105|0x0000000089b00000, 0x0000000089b00000, 0x0000000089c00000|  0%| F|  |TAMS 0x0000000089b00000| PB 0x0000000089b00000| Untracked 
| 106|0x0000000089c00000, 0x0000000089c00000, 0x0000000089d00000|  0%| F|  |TAMS 0x0000000089c00000| PB 0x0000000089c00000| Untracked 
| 107|0x0000000089d00000, 0x0000000089d00000, 0x0000000089e00000|  0%| F|  |TAMS 0x0000000089d00000| PB 0x0000000089d00000| Untracked 
| 108|0x0000000089e00000, 0x0000000089e00000, 0x0000000089f00000|  0%| F|  |TAMS 0x0000000089e00000| PB 0x0000000089e00000| Untracked 
| 109|0x0000000089f00000, 0x0000000089f00000, 0x000000008a000000|  0%| F|  |TAMS 0x0000000089f00000| PB 0x0000000089f00000| Untracked 
| 110|0x000000008a000000, 0x000000008a000000, 0x000000008a100000|  0%| F|  |TAMS 0x000000008a000000| PB 0x000000008a000000| Untracked 
| 111|0x000000008a100000, 0x000000008a100000, 0x000000008a200000|  0%| F|  |TAMS 0x000000008a100000| PB 0x000000008a100000| Untracked 
| 112|0x000000008a200000, 0x000000008a200000, 0x000000008a300000|  0%| F|  |TAMS 0x000000008a200000| PB 0x000000008a200000| Untracked 
| 113|0x000000008a300000, 0x000000008a300000, 0x000000008a400000|  0%| F|  |TAMS 0x000000008a300000| PB 0x000000008a300000| Untracked 
| 114|0x000000008a400000, 0x000000008a400000, 0x000000008a500000|  0%| F|  |TAMS 0x000000008a400000| PB 0x000000008a400000| Untracked 
| 115|0x000000008a500000, 0x000000008a500000, 0x000000008a600000|  0%| F|  |TAMS 0x000000008a500000| PB 0x000000008a500000| Untracked 
| 116|0x000000008a600000, 0x000000008a600000, 0x000000008a700000|  0%| F|  |TAMS 0x000000008a600000| PB 0x000000008a600000| Untracked 
| 117|0x000000008a700000, 0x000000008a700000, 0x000000008a800000|  0%| F|  |TAMS 0x000000008a700000| PB 0x000000008a700000| Untracked 
| 118|0x000000008a800000, 0x000000008a800000, 0x000000008a900000|  0%| F|  |TAMS 0x000000008a800000| PB 0x000000008a800000| Untracked 
| 119|0x000000008a900000, 0x000000008a900000, 0x000000008aa00000|  0%| F|  |TAMS 0x000000008a900000| PB 0x000000008a900000| Untracked 
| 120|0x000000008aa00000, 0x000000008aa00000, 0x000000008ab00000|  0%| F|  |TAMS 0x000000008aa00000| PB 0x000000008aa00000| Untracked 
| 121|0x000000008ab00000, 0x000000008ab00000, 0x000000008ac00000|  0%| F|  |TAMS 0x000000008ab00000| PB 0x000000008ab00000| Untracked 
| 122|0x000000008ac00000, 0x000000008ac00000, 0x000000008ad00000|  0%| F|  |TAMS 0x000000008ac00000| PB 0x000000008ac00000| Untracked 
| 123|0x000000008ad00000, 0x000000008ad00000, 0x000000008ae00000|  0%| F|  |TAMS 0x000000008ad00000| PB 0x000000008ad00000| Untracked 
| 124|0x000000008ae00000, 0x000000008ae00000, 0x000000008af00000|  0%| F|  |TAMS 0x000000008ae00000| PB 0x000000008ae00000| Untracked 
| 125|0x000000008af00000, 0x000000008afd16e0, 0x000000008b000000| 81%| E|  |TAMS 0x000000008af00000| PB 0x000000008af00000| Complete 

Card table byte_map: [0x0000018d60d70000,0x0000018d61160000] _byte_map_base: 0x0000018d60957000

Marking Bits: (CMBitMap*) 0x0000018d493d1390
 Bits: [0x0000018d61550000, 0x0000018d63488000)

Polling page: 0x0000018d47180000

Metaspace:

Usage:
  Non-class:     10.61 MB used.
      Class:      1.51 MB used.
       Both:     12.12 MB used.

Virtual space:
  Non-class space:       64.00 MB reserved,      10.75 MB ( 17%) committed,  1 nodes.
      Class space:        1.00 GB reserved,       1.62 MB ( <1%) committed,  1 nodes.
             Both:        1.06 GB reserved,      12.38 MB (  1%) committed. 

Chunk freelists:
   Non-Class:  352.00 KB
       Class:  2.19 MB
        Both:  2.54 MB

MaxMetaspaceSize: unlimited
CompressedClassSpaceSize: 1.00 GB
Initial GC threshold: 21.00 MB
Current GC threshold: 21.00 MB
CDS: on
MetaspaceReclaimPolicy: balanced
 - commit_granule_bytes: 65536.
 - commit_granule_words: 8192.
 - virtual_space_node_default_size: 8388608.
 - enlarge_chunks_in_place: 1.
 - new_chunks_are_fully_committed: 0.
 - uncommit_free_chunks: 1.
 - use_allocation_guard: 0.


Internal statistics:

num_allocs_failed_limit: 0.
num_arena_births: 214.
num_arena_deaths: 0.
num_vsnodes_births: 2.
num_vsnodes_deaths: 0.
num_space_committed: 198.
num_space_uncommitted: 0.
num_chunks_returned_to_freelist: 0.
num_chunks_taken_from_freelist: 673.
num_chunk_merges: 0.
num_chunk_splits: 384.
num_chunks_enlarged: 247.
num_inconsistent_stats: 0.

CodeHeap 'non-profiled nmethods': size=120000Kb used=666Kb max_used=666Kb free=119334Kb
 bounds [0x0000018d58f00000, 0x0000018d59170000, 0x0000018d60430000]
CodeHeap 'profiled nmethods': size=120000Kb used=3514Kb max_used=3514Kb free=116485Kb
 bounds [0x0000018d51430000, 0x0000018d517a0000, 0x0000018d58960000]
CodeHeap 'non-nmethods': size=5760Kb used=1461Kb max_used=1500Kb free=4298Kb
 bounds [0x0000018d58960000, 0x0000018d58bd0000, 0x0000018d58f00000]
 total_blobs=2294 nmethods=1798 adapters=407
 compilation: enabled
              stopped_count=0, restarted_count=0
 full_count=0

Compilation events (20 events):
Event: 0.991 Thread 0x0000018d66110f00 nmethod 1764 0x0000018d51782c90 code [0x0000018d51782e80, 0x0000018d517834b0]
Event: 0.992 Thread 0x0000018d66110f00 1765       3       org.springframework.core.OrderComparator::getOrder (111 bytes)
Event: 0.992 Thread 0x0000018d66110f00 nmethod 1765 0x0000018d51783610 code [0x0000018d51783840, 0x0000018d517841a8]
Event: 0.992 Thread 0x0000018d66110f00 1767       3       java.util.ArrayList$Itr::next (66 bytes)
Event: 0.993 Thread 0x0000018d66110f00 nmethod 1767 0x0000018d51784490 code [0x0000018d51784660, 0x0000018d51784b40]
Event: 0.993 Thread 0x0000018d66110f00 1766       3       org.springframework.core.OrderComparator::getOrder (22 bytes)
Event: 0.993 Thread 0x0000018d66110f00 nmethod 1766 0x0000018d51784d90 code [0x0000018d51784f40, 0x0000018d517851c8]
Event: 0.998 Thread 0x0000018d66110f00 1768       3       sun.reflect.generics.visitor.Reifier::make (9 bytes)
Event: 0.998 Thread 0x0000018d66110f00 nmethod 1768 0x0000018d51785290 code [0x0000018d51785420, 0x0000018d51785688]
Event: 0.998 Thread 0x0000018d66110f00 1769       3       sun.reflect.generics.visitor.Reifier::<init> (10 bytes)
Event: 0.998 Thread 0x0000018d66110f00 nmethod 1769 0x0000018d51785790 code [0x0000018d51785920, 0x0000018d51785ad8]
Event: 0.998 Thread 0x0000018d66110f00 1770       3       sun.reflect.generics.visitor.Reifier::getResult (26 bytes)
Event: 0.998 Thread 0x0000018d66110f00 nmethod 1770 0x0000018d51785b90 code [0x0000018d51785d20, 0x0000018d51785e40]
Event: 0.998 Thread 0x0000018d66110f00 1771       3       org.springframework.util.ConcurrentReferenceHashMap$ReferenceManager::createReference (43 bytes)
Event: 0.998 Thread 0x0000018d66110f00 nmethod 1771 0x0000018d51785f10 code [0x0000018d517860e0, 0x0000018d51786660]
Event: 0.998 Thread 0x0000018d66110f00 1772       3       org.springframework.util.ConcurrentReferenceHashMap$SoftEntryReference::<init> (18 bytes)
Event: 0.999 Thread 0x0000018d66110f00 nmethod 1772 0x0000018d51786810 code [0x0000018d517869c0, 0x0000018d51786d68]
Event: 0.999 Thread 0x0000018d66110f00 1774       3       org.springframework.core.ResolvableType::forType (7 bytes)
Event: 0.999 Thread 0x0000018d66110f00 nmethod 1774 0x0000018d51786e90 code [0x0000018d51787020, 0x0000018d51787140]
Event: 0.999 Thread 0x0000018d66110f00 1773   !   3       java.lang.Class::getEnumConstantsShared (71 bytes)

GC Heap History (2 events):
Event: 0.462 GC heap before
{Heap before GC invocations=0 (full 0):
 garbage-first heap   total 129024K, used 23552K [0x0000000083200000, 0x0000000100000000)
  region size 1024K, 23 young (23552K), 0 survivors (0K)
 Metaspace       used 5077K, committed 5248K, reserved 1114112K
  class space    used 583K, committed 640K, reserved 1048576K
}
Event: 0.466 GC heap after
{Heap after GC invocations=1 (full 0):
 garbage-first heap   total 129024K, used 8677K [0x0000000083200000, 0x0000000100000000)
  region size 1024K, 3 young (3072K), 3 survivors (3072K)
 Metaspace       used 5077K, committed 5248K, reserved 1114112K
  class space    used 583K, committed 640K, reserved 1048576K
}

Dll operation events (9 events):
Event: 0.006 Loaded shared library C:\Program Files\Java\jdk-20\bin\java.dll
Event: 0.014 Loaded shared library C:\Program Files\Java\jdk-20\bin\jsvml.dll
Event: 0.044 Loaded shared library C:\Program Files\Java\jdk-20\bin\net.dll
Event: 0.045 Loaded shared library C:\Program Files\Java\jdk-20\bin\nio.dll
Event: 0.048 Loaded shared library C:\Program Files\Java\jdk-20\bin\zip.dll
Event: 0.084 Loaded shared library C:\Program Files\Java\jdk-20\bin\management.dll
Event: 0.091 Loaded shared library C:\Program Files\Java\jdk-20\bin\management_ext.dll
Event: 0.110 Loaded shared library C:\Program Files\Java\jdk-20\bin\jimage.dll
Event: 0.925 Loaded shared library C:\Program Files\Java\jdk-20\bin\verify.dll

Deoptimization events (20 events):
Event: 0.902 Thread 0x0000018d49372610 Uncommon trap: trap_request=0xffffff45 fr.pc=0x0000018d58f1dafc relative=0x00000000000006bc
Event: 0.902 Thread 0x0000018d49372610 Uncommon trap: reason=unstable_if action=reinterpret pc=0x0000018d58f1dafc method=java.util.jar.Manifest$FastInputStream.readLine([BII)I @ 130 c2
Event: 0.902 Thread 0x0000018d49372610 DEOPT PACKING pc=0x0000018d58f1dafc sp=0x0000000bd5cfb9a0
Event: 0.902 Thread 0x0000018d49372610 DEOPT UNPACKING pc=0x0000018d589c9d22 sp=0x0000000bd5cfb930 mode 2
Event: 0.907 Thread 0x0000018d49372610 DEOPT PACKING pc=0x0000018d51765458 sp=0x0000000bd5cfb080
Event: 0.907 Thread 0x0000018d49372610 DEOPT UNPACKING pc=0x0000018d589ca4c2 sp=0x0000000bd5cfa510 mode 0
Event: 0.907 Thread 0x0000018d49372610 DEOPT PACKING pc=0x0000018d51765458 sp=0x0000000bd5cfb080
Event: 0.907 Thread 0x0000018d49372610 DEOPT UNPACKING pc=0x0000018d589ca4c2 sp=0x0000000bd5cfa510 mode 0
Event: 0.908 Thread 0x0000018d49372610 Uncommon trap: trap_request=0xffffff45 fr.pc=0x0000018d58f84ef0 relative=0x00000000000015b0
Event: 0.908 Thread 0x0000018d49372610 Uncommon trap: reason=unstable_if action=reinterpret pc=0x0000018d58f84ef0 method=java.util.concurrent.ConcurrentHashMap.transfer([Ljava/util/concurrent/ConcurrentHashMap$Node;[Ljava/util/concurrent/ConcurrentHashMap$Node;)V @ 26 c2
Event: 0.908 Thread 0x0000018d49372610 DEOPT PACKING pc=0x0000018d58f84ef0 sp=0x0000000bd5cfc6d0
Event: 0.908 Thread 0x0000018d49372610 DEOPT UNPACKING pc=0x0000018d589c9d22 sp=0x0000000bd5cfc640 mode 2
Event: 0.924 Thread 0x0000018d49372610 DEOPT PACKING pc=0x0000018d51765458 sp=0x0000000bd5cf86a0
Event: 0.924 Thread 0x0000018d49372610 DEOPT UNPACKING pc=0x0000018d589ca4c2 sp=0x0000000bd5cf7b30 mode 0
Event: 0.924 Thread 0x0000018d49372610 DEOPT PACKING pc=0x0000018d51765458 sp=0x0000000bd5cf86a0
Event: 0.924 Thread 0x0000018d49372610 DEOPT UNPACKING pc=0x0000018d589ca4c2 sp=0x0000000bd5cf7b30 mode 0
Event: 0.946 Thread 0x0000018d49372610 DEOPT PACKING pc=0x0000018d51727ad7 sp=0x0000000bd5cfabf0
Event: 0.946 Thread 0x0000018d49372610 DEOPT UNPACKING pc=0x0000018d589ca4c2 sp=0x0000000bd5cfa0c8 mode 0
Event: 0.975 Thread 0x0000018d49372610 DEOPT PACKING pc=0x0000018d51727ad7 sp=0x0000000bd5cfb740
Event: 0.975 Thread 0x0000018d49372610 DEOPT UNPACKING pc=0x0000018d589ca4c2 sp=0x0000000bd5cfac18 mode 0

Classes loaded (20 events):
Event: 0.969 Loading class java/lang/StackStreamFactory$StackFrameTraverser
Event: 0.969 Loading class java/lang/StackStreamFactory$StackFrameTraverser done
Event: 0.969 Loading class java/lang/StackStreamFactory$WalkerState
Event: 0.969 Loading class java/lang/StackStreamFactory$WalkerState done
Event: 0.969 Loading class java/lang/StackStreamFactory$1
Event: 0.969 Loading class java/lang/StackStreamFactory$1 done
Event: 0.969 Loading class java/lang/StackStreamFactory$StackFrameTraverser$StackFrameBuffer
Event: 0.970 Loading class java/lang/StackStreamFactory$FrameBuffer
Event: 0.970 Loading class java/lang/StackStreamFactory$FrameBuffer done
Event: 0.970 Loading class java/lang/StackStreamFactory$StackFrameTraverser$StackFrameBuffer done
Event: 0.974 Loading class java/nio/file/InvalidPathException
Event: 0.974 Loading class java/nio/file/InvalidPathException done
Event: 0.979 Loading class java/util/Collections$SynchronizedRandomAccessList
Event: 0.979 Loading class java/util/Collections$SynchronizedList
Event: 0.979 Loading class java/util/Collections$SynchronizedList done
Event: 0.979 Loading class java/util/Collections$SynchronizedRandomAccessList done
Event: 0.984 Loading class java/util/concurrent/RejectedExecutionException
Event: 0.984 Loading class java/util/concurrent/RejectedExecutionException done
Event: 1.001 Loading class java/lang/StackTraceElement$HashedModules
Event: 1.001 Loading class java/lang/StackTraceElement$HashedModules done

Classes unloaded (0 events):
No events

Classes redefined (0 events):
No events

Internal exceptions (20 events):
Event: 0.589 Thread 0x0000018d49372610 Exception <a 'java/lang/NoSuchMethodError'{0x000000008aaa0dc8}: 'java.lang.Object java.lang.invoke.DirectMethodHandle$Holder.invokeSpecial(java.lang.Object, java.lang.Object, java.lang.Object, long, java.lang.Object)'> (0x000000008aaa0dc8) 
thrown [s\open\src\hotspot\share\interpreter\linkResolver.cpp, line 773]
Event: 0.590 Thread 0x0000018d49372610 Exception <a 'java/lang/NoSuchMethodError'{0x000000008aaa49c8}: 'java.lang.Object java.lang.invoke.Invokers$Holder.linkToTargetMethod(java.lang.Object, long, java.lang.Object, java.lang.Object)'> (0x000000008aaa49c8) 
thrown [s\open\src\hotspot\share\interpreter\linkResolver.cpp, line 773]
Event: 0.607 Thread 0x0000018d49372610 Implicit null exception at 0x0000018d58f747c6 to 0x0000018d58f74862
Event: 0.668 Thread 0x0000018d49372610 Exception <a 'java/lang/NoSuchMethodError'{0x000000008a62b590}: 'int java.lang.invoke.DirectMethodHandle$Holder.invokeStaticInit(java.lang.Object, java.lang.Object, java.lang.Object)'> (0x000000008a62b590) 
thrown [s\open\src\hotspot\share\interpreter\linkResolver.cpp, line 773]
Event: 0.682 Thread 0x0000018d49372610 Exception <a 'java/lang/NoSuchMethodError'{0x000000008a5262c8}: 'int java.lang.invoke.DirectMethodHandle$Holder.invokeInterface(java.lang.Object, java.lang.Object)'> (0x000000008a5262c8) 
thrown [s\open\src\hotspot\share\interpreter\linkResolver.cpp, line 773]
Event: 0.696 Thread 0x0000018d49372610 Exception <a 'java/lang/NoSuchMethodError'{0x000000008a5f4730}: 'void java.lang.invoke.DirectMethodHandle$Holder.invokeStaticInit(java.lang.Object, java.lang.Object)'> (0x000000008a5f4730) 
thrown [s\open\src\hotspot\share\interpreter\linkResolver.cpp, line 773]
Event: 0.712 Thread 0x0000018d49372610 Exception <a 'java/lang/NoSuchMethodError'{0x000000008a4926d0}: 'int java.lang.invoke.DirectMethodHandle$Holder.invokeVirtual(java.lang.Object, java.lang.Object, java.lang.Object)'> (0x000000008a4926d0) 
thrown [s\open\src\hotspot\share\interpreter\linkResolver.cpp, line 773]
Event: 0.739 Thread 0x0000018d49372610 Exception <a 'java/lang/IncompatibleClassChangeError'{0x000000008a399e48}: Found class java.lang.Object, but interface was expected> (0x000000008a399e48) 
thrown [s\open\src\hotspot\share\interpreter\linkResolver.cpp, line 840]
Event: 0.762 Thread 0x0000018d49372610 Exception <a 'java/lang/NoSuchMethodError'{0x000000008a2a56e8}: 'int java.lang.invoke.DirectMethodHandle$Holder.invokeSpecial(java.lang.Object, java.lang.Object, java.lang.Object, java.lang.Object)'> (0x000000008a2a56e8) 
thrown [s\open\src\hotspot\share\interpreter\linkResolver.cpp, line 773]
Event: 0.767 Thread 0x0000018d49372610 Exception <a 'java/lang/NoSuchMethodError'{0x000000008a2c1e00}: 'int java.lang.invoke.DirectMethodHandle$Holder.invokeSpecial(java.lang.Object, java.lang.Object, java.lang.Object, java.lang.Object, java.lang.Object)'> (0x000000008a2c1e00) 
thrown [s\open\src\hotspot\share\interpreter\linkResolver.cpp, line 773]
Event: 0.768 Thread 0x0000018d49372610 Exception <a 'java/lang/NoSuchMethodError'{0x000000008a2caea0}: 'void java.lang.invoke.DirectMethodHandle$Holder.invokeVirtual(java.lang.Object, java.lang.Object)'> (0x000000008a2caea0) 
thrown [s\open\src\hotspot\share\interpreter\linkResolver.cpp, line 773]
Event: 0.823 Thread 0x0000018d49372610 Exception <a 'java/lang/NoSuchMethodError'{0x0000000089f2b118}: 'void java.lang.invoke.DirectMethodHandle$Holder.invokeVirtual(java.lang.Object, java.lang.Object, java.lang.Object, java.lang.Object)'> (0x0000000089f2b118) 
thrown [s\open\src\hotspot\share\interpreter\linkResolver.cpp, line 773]
Event: 0.899 Thread 0x0000018d49372610 Exception <a 'java/lang/NoSuchMethodError'{0x0000000089cb6ce8}: 'java.lang.Object java.lang.invoke.DirectMethodHandle$Holder.newInvokeSpecial(java.lang.Object, java.lang.Object, java.lang.Object, java.lang.Object, java.lang.Object, java.lang.Object, java.lang.Object)'> (0x0000000089cb6ce8) 
thrown [s\open\src\hotspot\share\interpreter\linkResolver.cpp, line 773]
Event: 0.899 Thread 0x0000018d49372610 Implicit null exception at 0x0000018d58f654a0 to 0x0000018d58f656e4
Event: 0.928 Thread 0x0000018d49372610 Exception <a 'java/lang/NoSuchMethodError'{0x0000000089a3d618}: 'java.lang.Object java.lang.invoke.DirectMethodHandle$Holder.invokeInterface(java.lang.Object, java.lang.Object, java.lang.Object, java.lang.Object)'> (0x0000000089a3d618) 
thrown [s\open\src\hotspot\share\interpreter\linkResolver.cpp, line 773]
Event: 0.930 Thread 0x0000018d49372610 Exception <a 'java/lang/NoSuchMethodError'{0x0000000089a567f0}: 'java.lang.Object java.lang.invoke.DirectMethodHandle$Holder.newInvokeSpecial(java.lang.Object, java.lang.Object, java.lang.Object, java.lang.Object, int)'> (0x0000000089a567f0) 
thrown [s\open\src\hotspot\share\interpreter\linkResolver.cpp, line 773]
Event: 0.931 Thread 0x0000018d49372610 Exception <a 'java/lang/NoSuchMethodError'{0x0000000089a5ad38}: 'java.lang.Object java.lang.invoke.DirectMethodHandle$Holder.invokeSpecial(java.lang.Object, java.lang.Object, java.lang.Object, java.lang.Object, java.lang.Object, int)'> (0x0000000089a5ad38) 
thrown [s\open\src\hotspot\share\interpreter\linkResolver.cpp, line 773]
Event: 0.931 Thread 0x0000018d49372610 Exception <a 'java/lang/NoSuchMethodError'{0x0000000089a5ea58}: 'java.lang.Object java.lang.invoke.Invokers$Holder.linkToTargetMethod(java.lang.Object, java.lang.Object, java.lang.Object, int, java.lang.Object)'> (0x0000000089a5ea58) 
thrown [s\open\src\hotspot\share\interpreter\linkResolver.cpp, line 773]
Event: 0.934 Thread 0x0000018d49372610 Exception <a 'java/lang/NoSuchMethodError'{0x0000000089a8a9d0}: 'java.lang.Object java.lang.invoke.DirectMethodHandle$Holder.invokeInterface(java.lang.Object, java.lang.Object, java.lang.Object, java.lang.Object, java.lang.Object)'> (0x0000000089a8a9d0) 
thrown [s\open\src\hotspot\share\interpreter\linkResolver.cpp, line 773]
Event: 0.935 Thread 0x0000018d49372610 Exception <a 'java/lang/IncompatibleClassChangeError'{0x0000000089a8e4f8}: Found class java.lang.Object, but interface was expected> (0x0000000089a8e4f8) 
thrown [s\open\src\hotspot\share\interpreter\linkResolver.cpp, line 840]

VM Operations (20 events):
Event: 0.462 Executing VM operation: G1CollectForAllocation
Event: 0.466 Executing VM operation: G1CollectForAllocation done
Event: 0.501 Executing VM operation: HandshakeAllThreads
Event: 0.501 Executing VM operation: HandshakeAllThreads done
Event: 0.546 Executing VM operation: HandshakeAllThreads
Event: 0.546 Executing VM operation: HandshakeAllThreads done
Event: 0.629 Executing VM operation: HandshakeAllThreads
Event: 0.629 Executing VM operation: HandshakeAllThreads done
Event: 0.630 Executing VM operation: HandshakeAllThreads
Event: 0.630 Executing VM operation: HandshakeAllThreads done
Event: 0.683 Executing VM operation: HandshakeAllThreads
Event: 0.683 Executing VM operation: HandshakeAllThreads done
Event: 0.748 Executing VM operation: HandshakeAllThreads
Event: 0.748 Executing VM operation: HandshakeAllThreads done
Event: 0.817 Executing VM operation: ICBufferFull
Event: 0.817 Executing VM operation: ICBufferFull done
Event: 0.821 Executing VM operation: HandshakeAllThreads
Event: 0.821 Executing VM operation: HandshakeAllThreads done
Event: 0.937 Executing VM operation: HandshakeAllThreads
Event: 0.937 Executing VM operation: HandshakeAllThreads done

Events (14 events):
Event: 0.015 Thread 0x0000018d49372610 Thread added: 0x0000018d49372610
Event: 0.027 Thread 0x0000018d660f2e70 Thread added: 0x0000018d660f2e70
Event: 0.027 Thread 0x0000018d660f7a80 Thread added: 0x0000018d660f7a80
Event: 0.027 Thread 0x0000018d660fc540 Thread added: 0x0000018d660fc540
Event: 0.027 Thread 0x0000018d660fb550 Thread added: 0x0000018d660fb550
Event: 0.027 Thread 0x0000018d660fb000 Thread added: 0x0000018d660fb000
Event: 0.027 Thread 0x0000018d660faab0 Thread added: 0x0000018d660faab0
Event: 0.027 Thread 0x0000018d66108570 Thread added: 0x0000018d66108570
Event: 0.027 Thread 0x0000018d66110f00 Thread added: 0x0000018d66110f00
Event: 0.040 Thread 0x0000018d660f9570 Thread added: 0x0000018d660f9570
Event: 0.041 Thread 0x0000018d660fbaa0 Thread added: 0x0000018d660fbaa0
Event: 0.065 Thread 0x0000018d6a595750 Thread added: 0x0000018d6a595750
Event: 0.188 Thread 0x0000018d660fbff0 Thread added: 0x0000018d660fbff0
Event: 0.195 Thread 0x0000018d660fa010 Thread added: 0x0000018d660fa010


Dynamic libraries:
0x00007ff7685c0000 - 0x00007ff7685d0000 	C:\Program Files\Java\jdk-20\bin\java.exe
0x00007ffe5f1f0000 - 0x00007ffe5f3e8000 	C:\WINDOWS\SYSTEM32\ntdll.dll
0x00007ffe5db00000 - 0x00007ffe5dbbd000 	C:\WINDOWS\System32\KERNEL32.DLL
0x00007ffe5cc30000 - 0x00007ffe5cf26000 	C:\WINDOWS\System32\KERNELBASE.dll
0x00007ffe5d100000 - 0x00007ffe5d200000 	C:\WINDOWS\System32\ucrtbase.dll
0x00007ffe56500000 - 0x00007ffe56519000 	C:\Program Files\Java\jdk-20\bin\jli.dll
0x00007ffe54050000 - 0x00007ffe5406b000 	C:\Program Files\Java\jdk-20\bin\VCRUNTIME140.dll
0x00007ffe5f0a0000 - 0x00007ffe5f150000 	C:\WINDOWS\System32\ADVAPI32.dll
0x00007ffe5e240000 - 0x00007ffe5e2de000 	C:\WINDOWS\System32\msvcrt.dll
0x00007ffe5e130000 - 0x00007ffe5e1d0000 	C:\WINDOWS\System32\sechost.dll
0x00007ffe5ede0000 - 0x00007ffe5ef03000 	C:\WINDOWS\System32\RPCRT4.dll
0x00007ffe5d200000 - 0x00007ffe5d227000 	C:\WINDOWS\System32\bcrypt.dll
0x00007ffe5e390000 - 0x00007ffe5e52f000 	C:\WINDOWS\System32\USER32.dll
0x00007ffe5ca80000 - 0x00007ffe5caa2000 	C:\WINDOWS\System32\win32u.dll
0x00007ffe5dd90000 - 0x00007ffe5ddbb000 	C:\WINDOWS\System32\GDI32.dll
0x00007ffe40860000 - 0x00007ffe40afa000 	C:\WINDOWS\WinSxS\amd64_microsoft.windows.common-controls_6595b64144ccf1df_6.0.19041.4355_none_60b8b9eb71f62e16\COMCTL32.dll
0x00007ffe5cfe0000 - 0x00007ffe5d0f7000 	C:\WINDOWS\System32\gdi32full.dll
0x00007ffe5cb40000 - 0x00007ffe5cbdd000 	C:\WINDOWS\System32\msvcp_win.dll
0x00007ffe51590000 - 0x00007ffe5159a000 	C:\WINDOWS\SYSTEM32\VERSION.dll
0x00007ffe5eca0000 - 0x00007ffe5eccf000 	C:\WINDOWS\System32\IMM32.DLL
0x00007ffe54040000 - 0x00007ffe5404c000 	C:\Program Files\Java\jdk-20\bin\vcruntime140_1.dll
0x00007ffe17e40000 - 0x00007ffe17ece000 	C:\Program Files\Java\jdk-20\bin\msvcp140.dll
0x00007ffdc7570000 - 0x00007ffdc8207000 	C:\Program Files\Java\jdk-20\bin\server\jvm.dll
0x00007ffe337c0000 - 0x00007ffe337c9000 	C:\WINDOWS\SYSTEM32\WSOCK32.dll
0x00007ffe49060000 - 0x00007ffe49087000 	C:\WINDOWS\SYSTEM32\WINMM.dll
0x00007ffe5e1d0000 - 0x00007ffe5e23b000 	C:\WINDOWS\System32\WS2_32.dll
0x00007ffe5b080000 - 0x00007ffe5b092000 	C:\WINDOWS\SYSTEM32\kernel.appcore.dll
0x00007ffe54030000 - 0x00007ffe5403a000 	C:\Program Files\Java\jdk-20\bin\jimage.dll
0x00007ffe56b30000 - 0x00007ffe56d14000 	C:\WINDOWS\SYSTEM32\DBGHELP.DLL
0x00007ffe44f40000 - 0x00007ffe44f74000 	C:\WINDOWS\SYSTEM32\dbgcore.DLL
0x00007ffe5cab0000 - 0x00007ffe5cb32000 	C:\WINDOWS\System32\bcryptPrimitives.dll
0x00007ffe52d70000 - 0x00007ffe52d96000 	C:\Program Files\Java\jdk-20\bin\java.dll
0x00007ffe12990000 - 0x00007ffe12a67000 	C:\Program Files\Java\jdk-20\bin\jsvml.dll
0x00007ffe5e530000 - 0x00007ffe5ec9c000 	C:\WINDOWS\System32\SHELL32.dll
0x00007ffe5a820000 - 0x00007ffe5afbd000 	C:\WINDOWS\SYSTEM32\windows.storage.dll
0x00007ffe5ddc0000 - 0x00007ffe5e113000 	C:\WINDOWS\System32\combase.dll
0x00007ffe5c1f0000 - 0x00007ffe5c21e000 	C:\WINDOWS\SYSTEM32\Wldp.dll
0x00007ffe5d230000 - 0x00007ffe5d2fd000 	C:\WINDOWS\System32\OLEAUT32.dll
0x00007ffe5d930000 - 0x00007ffe5d9dd000 	C:\WINDOWS\System32\SHCORE.dll
0x00007ffe5ef10000 - 0x00007ffe5ef65000 	C:\WINDOWS\System32\shlwapi.dll
0x00007ffe5c7e0000 - 0x00007ffe5c804000 	C:\WINDOWS\SYSTEM32\profapi.dll
0x00007ffe50060000 - 0x00007ffe50073000 	C:\Program Files\Java\jdk-20\bin\net.dll
0x00007ffe55640000 - 0x00007ffe5574a000 	C:\WINDOWS\SYSTEM32\WINHTTP.dll
0x00007ffe5bfd0000 - 0x00007ffe5c03a000 	C:\WINDOWS\system32\mswsock.dll
0x00007ffe50040000 - 0x00007ffe50056000 	C:\Program Files\Java\jdk-20\bin\nio.dll
0x00007ffe50080000 - 0x00007ffe50098000 	C:\Program Files\Java\jdk-20\bin\zip.dll
0x00007ffe3cb10000 - 0x00007ffe3cb1a000 	C:\Program Files\Java\jdk-20\bin\management.dll
0x00007ffe3cb00000 - 0x00007ffe3cb0b000 	C:\Program Files\Java\jdk-20\bin\management_ext.dll
0x00007ffe5e120000 - 0x00007ffe5e128000 	C:\WINDOWS\System32\PSAPI.DLL
0x00007ffe3cb30000 - 0x00007ffe3cb40000 	C:\Program Files\Java\jdk-20\bin\verify.dll

dbghelp: loaded successfully - version: 4.0.5 - missing functions: none
symbol engine: initialized successfully - sym options: 0x614 - pdb path: .;C:\Program Files\Java\jdk-20\bin;C:\WINDOWS\SYSTEM32;C:\WINDOWS\WinSxS\amd64_microsoft.windows.common-controls_6595b64144ccf1df_6.0.19041.4355_none_60b8b9eb71f62e16;C:\Program Files\Java\jdk-20\bin\server

VM Arguments:
java_command: C:\Users\Youssef\AppData\Local\Temp\surefire11940421387668807523\surefirebooter-20240703232023844_3.jar C:\Users\Youssef\AppData\Local\Temp\surefire11940421387668807523 2024-07-03T23-20-23_701-jvmRun1 surefire-20240703232023844_1tmp surefire_0-20240703232023844_2tmp
java_class_path (initial): C:\Users\Youssef\AppData\Local\Temp\surefire11940421387668807523\surefirebooter-20240703232023844_3.jar
Launcher Type: SUN_STANDARD

[Global flags]
     intx CICompilerCount                          = 4                                         {product} {ergonomic}
     uint ConcGCThreads                            = 3                                         {product} {ergonomic}
     uint G1ConcRefinementThreads                  = 10                                        {product} {ergonomic}
   size_t G1HeapRegionSize                         = 1048576                                   {product} {ergonomic}
    uintx GCDrainStackTargetSize                   = 64                                        {product} {ergonomic}
   size_t InitialHeapSize                          = 132120576                                 {product} {ergonomic}
   size_t MarkStackSize                            = 4194304                                   {product} {ergonomic}
   size_t MaxHeapSize                              = 2095054848                                {product} {ergonomic}
   size_t MaxNewSize                               = 1256194048                                {product} {ergonomic}
   size_t MinHeapDeltaBytes                        = 1048576                                   {product} {ergonomic}
   size_t MinHeapSize                              = 8388608                                   {product} {ergonomic}
    uintx NonNMethodCodeHeapSize                   = 5839372                                {pd product} {ergonomic}
    uintx NonProfiledCodeHeapSize                  = 122909434                              {pd product} {ergonomic}
    uintx ProfiledCodeHeapSize                     = 122909434                              {pd product} {ergonomic}
    uintx ReservedCodeCacheSize                    = 251658240                              {pd product} {ergonomic}
     bool SegmentedCodeCache                       = true                                      {product} {ergonomic}
   size_t SoftMaxHeapSize                          = 2095054848                             {manageable} {ergonomic}
     bool UseCompressedClassPointers               = true                           {product lp64_product} {ergonomic}
     bool UseCompressedOops                        = true                           {product lp64_product} {ergonomic}
     bool UseG1GC                                  = true                                      {product} {ergonomic}
     bool UseLargePagesIndividualAllocation        = false                                  {pd product} {ergonomic}

Logging:
Log output configuration:
 #0: stdout all=warning uptime,level,tags foldmultilines=false
 #1: stderr all=off uptime,level,tags foldmultilines=false

Environment Variables:
JAVA_HOME=C:\Program Files\Java\jdk-17\bin
PATH=C:\Program Files (x86)\Common Files\Oracle\Java\java8path;C:\Program Files (x86)\Common Files\Oracle\Java\javapath;C:\WINDOWS\system32;C:\WINDOWS;C:\WINDOWS\System32\Wbem;C:\WINDOWS\System32\WindowsPowerShell\v1.0\;C:\WINDOWS\System32\OpenSSH\;D:\Java\bin;C:\Program Files\dotnet\;C:\Program Files\Java\jdk-17\bin;C:\Python27\Scripts;C:\Python27;C:\Program Files\NVIDIA Corporation\NVIDIA NvDLISR;D:\PyCharm\;D:\Programming-Languages;D:\Computer science\MongoDB\mongosh-2.0.2-win32-x64\bin;C:\Program Files (x86)\NVIDIA Corporation\PhysX\Common;C:\Program Files\Docker\Docker\resources\bin;C:\Program Files\MySQL\MySQL Server 8.0\bin;C:\Users\Youssef\AppData\Local\Microsoft\WindowsApps\python.exe;C:\Program Files\Git\cmd;C:\Program Files\MySQL\MySQL Shell 8.0\bin\;C:\Users\Youssef\AppData\Local\Microsoft\WindowsApps;D:\PyCharm\PyCharm Community Edition 2020.3.1\bin;;C:\Users\Youssef\.dotnet\tools;C:\ProgramData\Youssef\GitHubDesktop\bin;C:\Program Files\Java\jdk-17\bin;D:\Computer science\Flutter\dart-sdk\bin;C:\Users\Youssef\AppData\Local\Programs\Microsoft VS Code\bin;C:\Users\Youssef\AppData\Roaming\npm;D:\Programming-Languages;C:\Users\Youssef\AppData\Local\GitHubDesktop\bin;C:\Users\Youssef\Desktop\jasypt-master;;D:\Programming-Languages\IntelliJ IDEA 2024.1\bin;
USERNAME=Youssef
OS=Windows_NT
PROCESSOR_IDENTIFIER=Intel64 Family 6 Model 165 Stepping 2, GenuineIntel
TMP=C:\Users\Youssef\AppData\Local\Temp
TEMP=C:\Users\Youssef\AppData\Local\Temp




---------------  S Y S T E M  ---------------

OS:
 Windows 10 , 64 bit Build 19041 (10.0.19041.3636)
OS uptime: 0 days 4:17 hours
Hyper-V role detected

CPU: total 12 (initial active 12) (6 cores per cpu, 2 threads per core) family 6 model 165 stepping 2 microcode 0xf8, cx8, cmov, fxsr, ht, mmx, 3dnowpref, sse, sse2, sse3, ssse3, sse4.1, sse4.2, popcnt, lzcnt, tsc, tscinvbit, avx, avx2, aes, erms, clmul, bmi1, bmi2, adx, fma, vzeroupper, clflush, clflushopt, hv, rdtscp, f16c

Memory: 4k page, system-wide physical 7985M (312M free)
TotalPageFile size 12081M (AvailPageFile size 5M)
current process WorkingSet (physical memory assigned to process): 120M, peak: 120M
current process commit charge ("private bytes"): 257M, peak: 257M

vm_info: Java HotSpot(TM) 64-Bit Server VM (20.0.1+9-29) for windows-amd64 JRE (20.0.1+9-29), built on 2023-03-07T13:56:11Z by "mach5one" with MS VC++ 17.1 (VS2022)

END.
