#
# There is insufficient memory for the Java Runtime Environment to continue.
# Native memory allocation (malloc) failed to allocate 2092304 bytes for Chunk::new
# Possible reasons:
#   The system is out of physical RAM or swap space
#   The process is running with CompressedOops enabled, and the Java Heap may be blocking the growth of the native heap
# Possible solutions:
#   Reduce memory load on the system
#   Increase physical memory or swap space
#   Check if swap backing store is full
#   Decrease Java heap size (-Xmx/-Xms)
#   Decrease number of Java threads
#   Decrease Java thread stack sizes (-Xss)
#   Set larger code cache with -XX:ReservedCodeCacheSize=
#   JVM is running with Unscaled Compressed Oops mode in which the Java heap is
#     placed in the first 4GB address space. The Java Heap base address is the
#     maximum limit for the native heap growth. Please use -XX:HeapBaseMinAddress
#     to set the Java Heap base and to place the Java Heap above 4GB virtual address.
# This output file may be truncated or incomplete.
#
#  Out of Memory Error (arena.cpp:184), pid=1816, tid=9696
#
# JRE version: Java(TM) SE Runtime Environment (20.0.1+9) (build 20.0.1+9-29)
# Java VM: Java HotSpot(TM) 64-Bit Server VM (20.0.1+9-29, mixed mode, sharing, tiered, compressed oops, compressed class ptrs, g1 gc, windows-amd64)
# No core dump will be written. Minidumps are not enabled by default on client versions of Windows
#

---------------  S U M M A R Y ------------

Command Line: -Dmaven.multiModuleProjectDirectory=D:\Computer science\Tasaheel\paymentManagement -Djansi.passthrough=true -Dmaven.home=D:\Programming-Languages\IntelliJ IDEA 2024.1\plugins\maven\lib\maven3 -Dclassworlds.conf=D:\Programming-Languages\IntelliJ IDEA 2024.1\plugins\maven\lib\maven3\bin\m2.conf -Dmaven.ext.class.path=D:\Programming-Languages\IntelliJ IDEA 2024.1\plugins\maven\lib\maven-event-listener.jar -javaagent:D:\Programming-Languages\IntelliJ IDEA 2024.1\lib\idea_rt.jar=50110:D:\Programming-Languages\IntelliJ IDEA 2024.1\bin -Dfile.encoding=UTF-8 -Dsun.stdout.encoding=UTF-8 -Dsun.stderr.encoding=UTF-8 org.codehaus.classworlds.Launcher -Didea.version=2024.1 package

Host: Intel(R) Core(TM) i7-10750H CPU @ 2.60GHz, 12 cores, 7G,  Windows 10 , 64 bit Build 19041 (10.0.19041.3636)
Time: Thu Jul  4 00:24:27 2024 Egypt Daylight Time elapsed time: 6.300430 seconds (0d 0h 0m 6s)

---------------  T H R E A D  ---------------

Current thread (0x000001e59c926910):  JavaThread "C2 CompilerThread1" daemon [_thread_in_native, id=9696, stack(0x0000001717200000,0x0000001717300000)]


Current CompileTask:
C2:   6300 6509       4       org.codehaus.plexus.classworlds.realm.ClassRealm::loadClass (7 bytes)

Stack: [0x0000001717200000,0x0000001717300000]
Native frames: (J=compiled Java code, j=interpreted, Vv=VM code, C=native code)
V  [jvm.dll+0x6bb95a]
V  [jvm.dll+0x8485fa]
V  [jvm.dll+0x84a1f5]
V  [jvm.dll+0x84a8f3]
V  [jvm.dll+0x280b0f]
V  [jvm.dll+0xc2b11]
V  [jvm.dll+0xc2e35]
V  [jvm.dll+0x3bb17c]
V  [jvm.dll+0x1e6e39]
V  [jvm.dll+0x24b3ab]
V  [jvm.dll+0x24a651]
V  [jvm.dll+0x1ce491]
V  [jvm.dll+0x259e1b]
V  [jvm.dll+0x2584f0]
V  [jvm.dll+0x3f2895]
V  [jvm.dll+0x7f4b56]
V  [jvm.dll+0x6ba5cb]
C  [ucrtbase.dll+0x21bb2]
C  [KERNEL32.DLL+0x17344]
C  [ntdll.dll+0x4cc91]


---------------  P R O C E S S  ---------------

Threads class SMR info:
_java_thread_list=0x000001e5a1f17560, length=13, elements={
0x000001e5fdbfbd60, 0x000001e59c8e51c0, 0x000001e59c8e6170, 0x000001e59c8e7390,
0x000001e59c8eacf0, 0x000001e59c8ebde0, 0x000001e59c8eca60, 0x000001e59c902820,
0x000001e59c924d40, 0x000001e59c8aeed0, 0x000001e5a0dab900, 0x000001e5a0dabe50,
0x000001e59c926910
}

Java Threads: ( => current thread )
  0x000001e5fdbfbd60 JavaThread "main" [_thread_blocked, id=16500, stack(0x0000001714e00000,0x0000001714f00000)]
  0x000001e59c8e51c0 JavaThread "Reference Handler" daemon [_thread_blocked, id=5752, stack(0x0000001715500000,0x0000001715600000)]
  0x000001e59c8e6170 JavaThread "Finalizer" daemon [_thread_blocked, id=17748, stack(0x0000001715600000,0x0000001715700000)]
  0x000001e59c8e7390 JavaThread "Signal Dispatcher" daemon [_thread_blocked, id=16252, stack(0x0000001715700000,0x0000001715800000)]
  0x000001e59c8eacf0 JavaThread "Attach Listener" daemon [_thread_blocked, id=11872, stack(0x0000001715800000,0x0000001715900000)]
  0x000001e59c8ebde0 JavaThread "Service Thread" daemon [_thread_blocked, id=9408, stack(0x0000001715900000,0x0000001715a00000)]
  0x000001e59c8eca60 JavaThread "Monitor Deflation Thread" daemon [_thread_blocked, id=17724, stack(0x0000001715a00000,0x0000001715b00000)]
  0x000001e59c902820 JavaThread "C2 CompilerThread0" daemon [_thread_blocked, id=7324, stack(0x0000001715b00000,0x0000001715c00000)]
  0x000001e59c924d40 JavaThread "C1 CompilerThread0" daemon [_thread_blocked, id=2060, stack(0x0000001715c00000,0x0000001715d00000)]
  0x000001e59c8aeed0 JavaThread "Common-Cleaner" daemon [_thread_blocked, id=17348, stack(0x0000001715d00000,0x0000001715e00000)]
  0x000001e5a0dab900 JavaThread "Monitor Ctrl-Break" daemon [_thread_in_native, id=2288, stack(0x0000001715e00000,0x0000001715f00000)]
  0x000001e5a0dabe50 JavaThread "Notification Thread" daemon [_thread_blocked, id=12936, stack(0x0000001715f00000,0x0000001716000000)]
=>0x000001e59c926910 JavaThread "C2 CompilerThread1" daemon [_thread_in_native, id=9696, stack(0x0000001717200000,0x0000001717300000)]

Other Threads:
  0x000001e59c8c6350 VMThread "VM Thread" [stack: 0x0000001715400000,0x0000001715500000] [id=17164] _threads_hazard_ptr=0x000001e5a1f17560
  0x000001e5fdc56500 WorkerThread "GC Thread#0" [stack: 0x0000001714f00000,0x0000001715000000] [id=1892]
  0x000001e5a120f940 WorkerThread "GC Thread#1" [stack: 0x0000001716200000,0x0000001716300000] [id=2920]
  0x000001e5a120ee00 WorkerThread "GC Thread#2" [stack: 0x0000001716300000,0x0000001716400000] [id=16780]
  0x000001e5a120e590 WorkerThread "GC Thread#3" [stack: 0x0000001716400000,0x0000001716500000] [id=14580]
  0x000001e5a120fc10 WorkerThread "GC Thread#4" [stack: 0x0000001716500000,0x0000001716600000] [id=5940]
  0x000001e5a120f3a0 WorkerThread "GC Thread#5" [stack: 0x0000001716600000,0x0000001716700000] [id=10760]
  0x000001e5a120dff0 WorkerThread "GC Thread#6" [stack: 0x0000001716700000,0x0000001716800000] [id=17956]
  0x000001e5a120e860 WorkerThread "GC Thread#7" [stack: 0x0000001716800000,0x0000001716900000] [id=13300]
  0x000001e5a120e2c0 WorkerThread "GC Thread#8" [stack: 0x0000001716900000,0x0000001716a00000] [id=17204]
  0x000001e5a120eb30 WorkerThread "GC Thread#9" [stack: 0x0000001716a00000,0x0000001716b00000] [id=16728]
  0x000001e5fdc66d80 ConcurrentGCThread "G1 Main Marker" terminated
  0x000001e5fdc67e60 WorkerThread "G1 Conc#0" [stack: 0x0000001715100000,0x0000001715200000] [id=9612]
  0x000001e5a1c56060 WorkerThread "G1 Conc#1" [stack: 0x0000001716f00000,0x0000001717000000] [id=17728]
  0x000001e5a1c56330 WorkerThread "G1 Conc#2" [stack: 0x0000001717000000,0x0000001717100000] [id=2936]
  0x000001e5fdcbe610 ConcurrentGCThread "G1 Refine#0" terminated
  0x000001e59c787100 ConcurrentGCThread "G1 Service" terminated

Threads with active compile tasks:
C2 CompilerThread1     6332 6509       4       org.codehaus.plexus.classworlds.realm.ClassRealm::loadClass (7 bytes)

VM state: at safepoint (normal execution)

VM Mutex/Monitor currently owned by a thread:  ([mutex/lock_event])
[0x000001e5fdbf8140] Threads_lock - owner thread: 0x000001e59c8c6350
[0x000001e5fdbf7600] Heap_lock - owner thread: 0x000001e5fdbfbd60

Heap address: 0x0000000083200000, size: 1998 MB, Compressed Oops mode: 32-bit

CDS archive(s) mapped at: [0x0000000800000000-0x0000000800c60000-0x0000000800c60000), size 12976128, SharedBaseAddress: 0x0000000800000000, ArchiveRelocationMode: 0.
Compressed class space mapped at: 0x0000000801000000-0x0000000841000000, reserved size: 1073741824
Narrow klass base: 0x0000000800000000, Narrow klass shift: 0, Narrow klass range: 0x100000000

GC Precious Log:
 CardTable entry size: 512
 Card Set container configuration: InlinePtr #cards 5 size 8 Array Of Cards #cards 12 size 40 Howl #buckets 4 coarsen threshold 1843 Howl Bitmap #cards 512 size 80 coarsen threshold 460 Card regions per heap region 1 cards per card region 2048
 CPUs: 12 total, 12 available
 Memory: 7985M
 Large Page Support: Disabled
 NUMA Support: Disabled
 Compressed Oops: Enabled (32-bit)
 Heap Region Size: 1M
 Heap Min Capacity: 8M
 Heap Initial Capacity: 126M
 Heap Max Capacity: 1998M
 Pre-touch: Disabled
 Parallel Workers: 10
 Concurrent Workers: 3
 Concurrent Refinement Workers: 10
 Periodic GC: Disabled

Heap:
 garbage-first heap   total 91136K, used 27435K [0x0000000083200000, 0x0000000100000000)
  region size 1024K, 9 young (9216K), 7 survivors (7168K)
 Metaspace       used 29762K, committed 30208K, reserved 1114112K
  class space    used 3263K, committed 3456K, reserved 1048576K

Heap Regions: E=young(eden), S=young(survivor), O=old, HS=humongous(starts), HC=humongous(continues), CS=collection set, F=free, OA=open archive, CA=closed archive, TAMS=top-at-mark-start, PB=parsable bottom
|   0|0x0000000083200000, 0x0000000083300000, 0x0000000083300000|100%| O|  |TAMS 0x0000000083200000| PB 0x0000000083200000| Untracked 
|   1|0x0000000083300000, 0x0000000083400000, 0x0000000083400000|100%| O|  |TAMS 0x0000000083300000| PB 0x0000000083300000| Untracked 
|   2|0x0000000083400000, 0x0000000083500000, 0x0000000083500000|100%| O|  |TAMS 0x0000000083400000| PB 0x0000000083400000| Untracked 
|   3|0x0000000083500000, 0x0000000083600000, 0x0000000083600000|100%| O|  |TAMS 0x0000000083500000| PB 0x0000000083500000| Untracked 
|   4|0x0000000083600000, 0x0000000083700000, 0x0000000083700000|100%| O|  |TAMS 0x0000000083600000| PB 0x0000000083600000| Untracked 
|   5|0x0000000083700000, 0x0000000083700000, 0x0000000083800000|  0%| F|  |TAMS 0x0000000083700000| PB 0x0000000083700000| Untracked 
|   6|0x0000000083800000, 0x0000000083800000, 0x0000000083900000|  0%| F|  |TAMS 0x0000000083800000| PB 0x0000000083800000| Untracked 
|   7|0x0000000083900000, 0x0000000083900000, 0x0000000083a00000|  0%| F|  |TAMS 0x0000000083900000| PB 0x0000000083900000| Untracked 
|   8|0x0000000083a00000, 0x0000000083a00000, 0x0000000083b00000|  0%| F|  |TAMS 0x0000000083a00000| PB 0x0000000083a00000| Untracked 
|   9|0x0000000083b00000, 0x0000000083b00000, 0x0000000083c00000|  0%| F|  |TAMS 0x0000000083b00000| PB 0x0000000083b00000| Untracked 
|  10|0x0000000083c00000, 0x0000000083c00000, 0x0000000083d00000|  0%| F|  |TAMS 0x0000000083c00000| PB 0x0000000083c00000| Untracked 
|  11|0x0000000083d00000, 0x0000000083d00000, 0x0000000083e00000|  0%| F|  |TAMS 0x0000000083d00000| PB 0x0000000083d00000| Untracked 
|  12|0x0000000083e00000, 0x0000000083e00000, 0x0000000083f00000|  0%| F|  |TAMS 0x0000000083e00000| PB 0x0000000083e00000| Untracked 
|  13|0x0000000083f00000, 0x0000000083f00000, 0x0000000084000000|  0%| F|  |TAMS 0x0000000083f00000| PB 0x0000000083f00000| Untracked 
|  14|0x0000000084000000, 0x0000000084000000, 0x0000000084100000|  0%| F|  |TAMS 0x0000000084000000| PB 0x0000000084000000| Untracked 
|  15|0x0000000084100000, 0x0000000084100000, 0x0000000084200000|  0%| F|  |TAMS 0x0000000084100000| PB 0x0000000084100000| Untracked 
|  16|0x0000000084200000, 0x0000000084200000, 0x0000000084300000|  0%| F|  |TAMS 0x0000000084200000| PB 0x0000000084200000| Untracked 
|  17|0x0000000084300000, 0x0000000084300000, 0x0000000084400000|  0%| F|  |TAMS 0x0000000084300000| PB 0x0000000084300000| Untracked 
|  18|0x0000000084400000, 0x0000000084400000, 0x0000000084500000|  0%| F|  |TAMS 0x0000000084400000| PB 0x0000000084400000| Untracked 
|  19|0x0000000084500000, 0x0000000084500000, 0x0000000084600000|  0%| F|  |TAMS 0x0000000084500000| PB 0x0000000084500000| Untracked 
|  20|0x0000000084600000, 0x0000000084600000, 0x0000000084700000|  0%| F|  |TAMS 0x0000000084600000| PB 0x0000000084600000| Untracked 
|  21|0x0000000084700000, 0x0000000084700000, 0x0000000084800000|  0%| F|  |TAMS 0x0000000084700000| PB 0x0000000084700000| Untracked 
|  22|0x0000000084800000, 0x0000000084800000, 0x0000000084900000|  0%| F|  |TAMS 0x0000000084800000| PB 0x0000000084800000| Untracked 
|  23|0x0000000084900000, 0x0000000084900000, 0x0000000084a00000|  0%| F|  |TAMS 0x0000000084900000| PB 0x0000000084900000| Untracked 
|  24|0x0000000084a00000, 0x0000000084a00000, 0x0000000084b00000|  0%| F|  |TAMS 0x0000000084a00000| PB 0x0000000084a00000| Untracked 
|  25|0x0000000084b00000, 0x0000000084b00000, 0x0000000084c00000|  0%| F|  |TAMS 0x0000000084b00000| PB 0x0000000084b00000| Untracked 
|  26|0x0000000084c00000, 0x0000000084c00000, 0x0000000084d00000|  0%| F|  |TAMS 0x0000000084c00000| PB 0x0000000084c00000| Untracked 
|  27|0x0000000084d00000, 0x0000000084d00000, 0x0000000084e00000|  0%| F|  |TAMS 0x0000000084d00000| PB 0x0000000084d00000| Untracked 
|  28|0x0000000084e00000, 0x0000000084e00000, 0x0000000084f00000|  0%| F|  |TAMS 0x0000000084e00000| PB 0x0000000084e00000| Untracked 
|  29|0x0000000084f00000, 0x0000000084f00000, 0x0000000085000000|  0%| F|  |TAMS 0x0000000084f00000| PB 0x0000000084f00000| Untracked 
|  30|0x0000000085000000, 0x0000000085000000, 0x0000000085100000|  0%| F|  |TAMS 0x0000000085000000| PB 0x0000000085000000| Untracked 
|  31|0x0000000085100000, 0x0000000085100000, 0x0000000085200000|  0%| F|  |TAMS 0x0000000085100000| PB 0x0000000085100000| Untracked 
|  32|0x0000000085200000, 0x0000000085200000, 0x0000000085300000|  0%| F|  |TAMS 0x0000000085200000| PB 0x0000000085200000| Untracked 
|  33|0x0000000085300000, 0x0000000085300000, 0x0000000085400000|  0%| F|  |TAMS 0x0000000085300000| PB 0x0000000085300000| Untracked 
|  34|0x0000000085400000, 0x0000000085400000, 0x0000000085500000|  0%| F|  |TAMS 0x0000000085400000| PB 0x0000000085400000| Untracked 
|  35|0x0000000085500000, 0x0000000085500000, 0x0000000085600000|  0%| F|  |TAMS 0x0000000085500000| PB 0x0000000085500000| Untracked 
|  36|0x0000000085600000, 0x0000000085600000, 0x0000000085700000|  0%| F|  |TAMS 0x0000000085600000| PB 0x0000000085600000| Untracked 
|  37|0x0000000085700000, 0x0000000085800000, 0x0000000085800000|100%| O|  |TAMS 0x0000000085700000| PB 0x0000000085700000| Untracked 
|  38|0x0000000085800000, 0x0000000085900000, 0x0000000085900000|100%| O|  |TAMS 0x0000000085800000| PB 0x0000000085800000| Untracked 
|  39|0x0000000085900000, 0x0000000085a00000, 0x0000000085a00000|100%| O|  |TAMS 0x0000000085900000| PB 0x0000000085900000| Untracked 
|  40|0x0000000085a00000, 0x0000000085b00000, 0x0000000085b00000|100%| O|  |TAMS 0x0000000085a00000| PB 0x0000000085a00000| Untracked 
|  41|0x0000000085b00000, 0x0000000085b00000, 0x0000000085c00000|  0%| F|  |TAMS 0x0000000085b00000| PB 0x0000000085b00000| Untracked 
|  42|0x0000000085c00000, 0x0000000085c00000, 0x0000000085d00000|  0%| F|  |TAMS 0x0000000085c00000| PB 0x0000000085c00000| Untracked 
|  43|0x0000000085d00000, 0x0000000085d00000, 0x0000000085e00000|  0%| F|  |TAMS 0x0000000085d00000| PB 0x0000000085d00000| Untracked 
|  44|0x0000000085e00000, 0x0000000085e00000, 0x0000000085f00000|  0%| F|  |TAMS 0x0000000085e00000| PB 0x0000000085e00000| Untracked 
|  45|0x0000000085f00000, 0x0000000085f00000, 0x0000000086000000|  0%| F|  |TAMS 0x0000000085f00000| PB 0x0000000085f00000| Untracked 
|  46|0x0000000086000000, 0x0000000086000000, 0x0000000086100000|  0%| F|  |TAMS 0x0000000086000000| PB 0x0000000086000000| Untracked 
|  47|0x0000000086100000, 0x0000000086100000, 0x0000000086200000|  0%| F|  |TAMS 0x0000000086100000| PB 0x0000000086100000| Untracked 
|  48|0x0000000086200000, 0x0000000086200000, 0x0000000086300000|  0%| F|  |TAMS 0x0000000086200000| PB 0x0000000086200000| Untracked 
|  49|0x0000000086300000, 0x0000000086300000, 0x0000000086400000|  0%| F|  |TAMS 0x0000000086300000| PB 0x0000000086300000| Untracked 
|  50|0x0000000086400000, 0x0000000086400000, 0x0000000086500000|  0%| F|  |TAMS 0x0000000086400000| PB 0x0000000086400000| Untracked 
|  51|0x0000000086500000, 0x0000000086600000, 0x0000000086600000|100%| O|  |TAMS 0x0000000086500000| PB 0x0000000086500000| Untracked 
|  52|0x0000000086600000, 0x0000000086700000, 0x0000000086700000|100%| O|  |TAMS 0x0000000086600000| PB 0x0000000086600000| Untracked 
|  53|0x0000000086700000, 0x0000000086800000, 0x0000000086800000|100%| O|  |TAMS 0x0000000086700000| PB 0x0000000086700000| Untracked 
|  54|0x0000000086800000, 0x0000000086900000, 0x0000000086900000|100%| O|  |TAMS 0x0000000086800000| PB 0x0000000086800000| Untracked 
|  55|0x0000000086900000, 0x0000000086a00000, 0x0000000086a00000|100%| O|  |TAMS 0x0000000086900000| PB 0x0000000086900000| Untracked 
|  56|0x0000000086a00000, 0x0000000086a00000, 0x0000000086b00000|  0%| F|  |TAMS 0x0000000086a00000| PB 0x0000000086a00000| Untracked 
|  57|0x0000000086b00000, 0x0000000086b00000, 0x0000000086c00000|  0%| F|  |TAMS 0x0000000086b00000| PB 0x0000000086b00000| Untracked 
|  58|0x0000000086c00000, 0x0000000086c00000, 0x0000000086d00000|  0%| F|  |TAMS 0x0000000086c00000| PB 0x0000000086c00000| Untracked 
|  59|0x0000000086d00000, 0x0000000086d00000, 0x0000000086e00000|  0%| F|  |TAMS 0x0000000086d00000| PB 0x0000000086d00000| Untracked 
|  60|0x0000000086e00000, 0x0000000086e00000, 0x0000000086f00000|  0%| F|  |TAMS 0x0000000086e00000| PB 0x0000000086e00000| Untracked 
|  61|0x0000000086f00000, 0x0000000086f00000, 0x0000000087000000|  0%| F|  |TAMS 0x0000000086f00000| PB 0x0000000086f00000| Untracked 
|  62|0x0000000087000000, 0x0000000087000000, 0x0000000087100000|  0%| F|  |TAMS 0x0000000087000000| PB 0x0000000087000000| Untracked 
|  63|0x0000000087100000, 0x0000000087100000, 0x0000000087200000|  0%| F|  |TAMS 0x0000000087100000| PB 0x0000000087100000| Untracked 
|  64|0x0000000087200000, 0x0000000087200000, 0x0000000087300000|  0%| F|  |TAMS 0x0000000087200000| PB 0x0000000087200000| Untracked 
|  65|0x0000000087300000, 0x0000000087300000, 0x0000000087400000|  0%| F|  |TAMS 0x0000000087300000| PB 0x0000000087300000| Untracked 
|  66|0x0000000087400000, 0x0000000087400000, 0x0000000087500000|  0%| F|  |TAMS 0x0000000087400000| PB 0x0000000087400000| Untracked 
|  67|0x0000000087500000, 0x0000000087500000, 0x0000000087600000|  0%| F|  |TAMS 0x0000000087500000| PB 0x0000000087500000| Untracked 
|  68|0x0000000087600000, 0x0000000087700000, 0x0000000087700000|100%| S|CS|TAMS 0x0000000087600000| PB 0x0000000087600000| Complete 
|  69|0x0000000087700000, 0x0000000087800000, 0x0000000087800000|100%| S|CS|TAMS 0x0000000087700000| PB 0x0000000087700000| Complete 
|  70|0x0000000087800000, 0x0000000087900000, 0x0000000087900000|100%| S|CS|TAMS 0x0000000087800000| PB 0x0000000087800000| Complete 
|  71|0x0000000087900000, 0x0000000087a00000, 0x0000000087a00000|100%| S|CS|TAMS 0x0000000087900000| PB 0x0000000087900000| Complete 
|  72|0x0000000087a00000, 0x0000000087b00000, 0x0000000087b00000|100%| S|CS|TAMS 0x0000000087a00000| PB 0x0000000087a00000| Complete 
|  73|0x0000000087b00000, 0x0000000087c00000, 0x0000000087c00000|100%| S|CS|TAMS 0x0000000087b00000| PB 0x0000000087b00000| Complete 
|  74|0x0000000087c00000, 0x0000000087c80000, 0x0000000087d00000| 50%| S|CS|TAMS 0x0000000087c00000| PB 0x0000000087c00000| Complete 
|  77|0x0000000087f00000, 0x0000000087f00000, 0x0000000088000000|  0%| F|  |TAMS 0x0000000087f00000| PB 0x0000000087f00000| Untracked 
|  78|0x0000000088000000, 0x0000000088000000, 0x0000000088100000|  0%| F|  |TAMS 0x0000000088000000| PB 0x0000000088000000| Untracked 
|  79|0x0000000088100000, 0x0000000088100000, 0x0000000088200000|  0%| F|  |TAMS 0x0000000088100000| PB 0x0000000088100000| Untracked 
|  80|0x0000000088200000, 0x0000000088200000, 0x0000000088300000|  0%| F|  |TAMS 0x0000000088200000| PB 0x0000000088200000| Untracked 
|  81|0x0000000088300000, 0x0000000088300000, 0x0000000088400000|  0%| F|  |TAMS 0x0000000088300000| PB 0x0000000088300000| Untracked 
|  82|0x0000000088400000, 0x0000000088400000, 0x0000000088500000|  0%| F|  |TAMS 0x0000000088400000| PB 0x0000000088400000| Untracked 
|  83|0x0000000088500000, 0x00000000885a7c40, 0x0000000088600000| 65%| E|  |TAMS 0x0000000088500000| PB 0x0000000088500000| Complete 
| 126|0x000000008b000000, 0x000000008b100000, 0x000000008b100000|100%| E|CS|TAMS 0x000000008b000000| PB 0x000000008b000000| Complete 
|1992|0x00000000ffa00000, 0x00000000ffb00000, 0x00000000ffb00000|100%| O|  |TAMS 0x00000000ffa00000| PB 0x00000000ffa00000| Untracked 
|1993|0x00000000ffb00000, 0x00000000ffc00000, 0x00000000ffc00000|100%| O|  |TAMS 0x00000000ffb00000| PB 0x00000000ffb00000| Untracked 
|1994|0x00000000ffc00000, 0x00000000ffd00000, 0x00000000ffd00000|100%| O|  |TAMS 0x00000000ffc00000| PB 0x00000000ffc00000| Untracked 
|1995|0x00000000ffd00000, 0x00000000ffe00000, 0x00000000ffe00000|100%| O|  |TAMS 0x00000000ffd00000| PB 0x00000000ffd00000| Untracked 
|1996|0x00000000ffe00000, 0x00000000fff00000, 0x00000000fff00000|100%| O|  |TAMS 0x00000000ffe00000| PB 0x00000000ffe00000| Untracked 
|1997|0x00000000fff00000, 0x00000000fff4ac00, 0x0000000100000000| 29%| O|  |TAMS 0x00000000fff00000| PB 0x00000000fff00000| Complete 

Card table byte_map: [0x000001e5974f0000,0x000001e5978e0000] _byte_map_base: 0x000001e5970d7000

Marking Bits: (CMBitMap*) 0x000001e5fdc56940
 Bits: [0x000001e597cd0000, 0x000001e599c08000)

Polling page: 0x000001e5fd9b0000

Metaspace:

Usage:
  Non-class:     25.88 MB used.
      Class:      3.19 MB used.
       Both:     29.06 MB used.

Virtual space:
  Non-class space:       64.00 MB reserved,      26.12 MB ( 41%) committed,  1 nodes.
      Class space:        1.00 GB reserved,       3.38 MB ( <1%) committed,  1 nodes.
             Both:        1.06 GB reserved,      29.50 MB (  3%) committed. 

Chunk freelists:
   Non-Class:  1.81 MB
       Class:  588.00 KB
        Both:  2.38 MB

MaxMetaspaceSize: unlimited
CompressedClassSpaceSize: 1.00 GB
Initial GC threshold: 21.00 MB
Current GC threshold: 35.56 MB
CDS: on
MetaspaceReclaimPolicy: balanced
 - commit_granule_bytes: 65536.
 - commit_granule_words: 8192.
 - virtual_space_node_default_size: 8388608.
 - enlarge_chunks_in_place: 1.
 - new_chunks_are_fully_committed: 0.
 - uncommit_free_chunks: 1.
 - use_allocation_guard: 0.


Internal statistics:

num_allocs_failed_limit: 3.
num_arena_births: 232.
num_arena_deaths: 0.
num_vsnodes_births: 2.
num_vsnodes_deaths: 0.
num_space_committed: 472.
num_space_uncommitted: 0.
num_chunks_returned_to_freelist: 3.
num_chunks_taken_from_freelist: 1071.
num_chunk_merges: 0.
num_chunk_splits: 755.
num_chunks_enlarged: 609.
num_inconsistent_stats: 0.

CodeHeap 'non-profiled nmethods': size=120000Kb used=3432Kb max_used=3432Kb free=116567Kb
 bounds [0x000001e58fac0000, 0x000001e58fe20000, 0x000001e596ff0000]
CodeHeap 'profiled nmethods': size=120000Kb used=14412Kb max_used=14412Kb free=105587Kb
 bounds [0x000001e587ff0000, 0x000001e588e10000, 0x000001e58f520000]
CodeHeap 'non-nmethods': size=5760Kb used=1596Kb max_used=1639Kb free=4163Kb
 bounds [0x000001e58f520000, 0x000001e58f790000, 0x000001e58fac0000]
 total_blobs=7208 nmethods=6608 adapters=509
 compilation: enabled
              stopped_count=0, restarted_count=0
 full_count=0

Compilation events (20 events):
Event: 6.288 Thread 0x000001e59c924d40 nmethod 6599 0x000001e588dff210 code [0x000001e588dff3c0, 0x000001e588dff740]
Event: 6.289 Thread 0x000001e59c924d40 6601       3       java.lang.Integer::toString (8 bytes)
Event: 6.289 Thread 0x000001e59c924d40 nmethod 6601 0x000001e588dff890 code [0x000001e588dffa20, 0x000001e588dffb58]
Event: 6.289 Thread 0x000001e59c924d40 6602       3       org.fusesource.jansi.Ansi::flushAttributes (94 bytes)
Event: 6.289 Thread 0x000001e59c924d40 nmethod 6602 0x000001e588dffc10 code [0x000001e588dffe60, 0x000001e588e00a98]
Event: 6.290 Thread 0x000001e59c924d40 6603       3       org.eclipse.sisu.inject.RankedSequence::removeThis (44 bytes)
Event: 6.290 Thread 0x000001e59c924d40 nmethod 6603 0x000001e588e00f10 code [0x000001e588e010e0, 0x000001e588e01530]
Event: 6.291 Thread 0x000001e59c924d40 6604   !   3       org.eclipse.sisu.inject.RankedBindings::remove (33 bytes)
Event: 6.291 Thread 0x000001e59c924d40 nmethod 6604 0x000001e588e01710 code [0x000001e588e018c0, 0x000001e588e01be0]
Event: 6.291 Thread 0x000001e59c924d40 6605       3       java.lang.invoke.MethodType::genericMethodType (6 bytes)
Event: 6.291 Thread 0x000001e59c924d40 nmethod 6605 0x000001e588e01e10 code [0x000001e588e01fa0, 0x000001e588e020b8]
Event: 6.293 Thread 0x000001e59c924d40 6606       1       com.google.inject.internal.InjectorBindingData::getExplicitBindingsThisLevel (5 bytes)
Event: 6.293 Thread 0x000001e59c924d40 nmethod 6606 0x000001e58fe19010 code [0x000001e58fe19180, 0x000001e58fe19248]
Event: 6.293 Thread 0x000001e59c924d40 6607       3       org.eclipse.sisu.inject.MildElements$Itr::hasNext (77 bytes)
Event: 6.293 Thread 0x000001e59c924d40 nmethod 6607 0x000001e588e02190 code [0x000001e588e02360, 0x000001e588e02980]
Event: 6.293 Thread 0x000001e59c924d40 6608       3       org.eclipse.sisu.inject.MildElements::compact (21 bytes)
Event: 6.293 Thread 0x000001e59c924d40 nmethod 6608 0x000001e588e02b10 code [0x000001e588e02cc0, 0x000001e588e02f78]
Event: 6.293 Thread 0x000001e59c902820 nmethod 6600 0x000001e58fe19310 code [0x000001e58fe194c0, 0x000001e58fe19aa0]
Event: 6.293 Thread 0x000001e59c924d40 6609       1       java.util.logging.Logger::getName (5 bytes)
Event: 6.294 Thread 0x000001e59c924d40 nmethod 6609 0x000001e58fe19f10 code [0x000001e58fe1a080, 0x000001e58fe1a148]

GC Heap History (12 events):
Event: 0.448 GC heap before
{Heap before GC invocations=0 (full 0):
 garbage-first heap   total 129024K, used 22528K [0x0000000083200000, 0x0000000100000000)
  region size 1024K, 23 young (23552K), 0 survivors (0K)
 Metaspace       used 6024K, committed 6208K, reserved 1114112K
  class space    used 685K, committed 768K, reserved 1048576K
}
Event: 0.452 GC heap after
{Heap after GC invocations=1 (full 0):
 garbage-first heap   total 129024K, used 3953K [0x0000000083200000, 0x0000000100000000)
  region size 1024K, 3 young (3072K), 3 survivors (3072K)
 Metaspace       used 6024K, committed 6208K, reserved 1114112K
  class space    used 685K, committed 768K, reserved 1048576K
}
Event: 0.798 GC heap before
{Heap before GC invocations=1 (full 0):
 garbage-first heap   total 129024K, used 34673K [0x0000000083200000, 0x0000000100000000)
  region size 1024K, 33 young (33792K), 3 survivors (3072K)
 Metaspace       used 10209K, committed 10432K, reserved 1114112K
  class space    used 1191K, committed 1280K, reserved 1048576K
}
Event: 0.802 GC heap after
{Heap after GC invocations=2 (full 0):
 garbage-first heap   total 129024K, used 5877K [0x0000000083200000, 0x0000000100000000)
  region size 1024K, 2 young (2048K), 2 survivors (2048K)
 Metaspace       used 10209K, committed 10432K, reserved 1114112K
  class space    used 1191K, committed 1280K, reserved 1048576K
}
Event: 1.725 GC heap before
{Heap before GC invocations=2 (full 0):
 garbage-first heap   total 129024K, used 80629K [0x0000000083200000, 0x0000000100000000)
  region size 1024K, 75 young (76800K), 2 survivors (2048K)
 Metaspace       used 16574K, committed 16832K, reserved 1114112K
  class space    used 1887K, committed 1984K, reserved 1048576K
}
Event: 1.734 GC heap after
{Heap after GC invocations=3 (full 0):
 garbage-first heap   total 129024K, used 14582K [0x0000000083200000, 0x0000000100000000)
  region size 1024K, 10 young (10240K), 10 survivors (10240K)
 Metaspace       used 16574K, committed 16832K, reserved 1114112K
  class space    used 1887K, committed 1984K, reserved 1048576K
}
Event: 2.500 GC heap before
{Heap before GC invocations=3 (full 0):
 garbage-first heap   total 129024K, used 113910K [0x0000000083200000, 0x0000000100000000)
  region size 1024K, 75 young (76800K), 10 survivors (10240K)
 Metaspace       used 18407K, committed 18688K, reserved 1114112K
  class space    used 2020K, committed 2176K, reserved 1048576K
}
Event: 2.512 GC heap after
{Heap after GC invocations=4 (full 0):
 garbage-first heap   total 131072K, used 20779K [0x0000000083200000, 0x0000000100000000)
  region size 1024K, 6 young (6144K), 6 survivors (6144K)
 Metaspace       used 18407K, committed 18688K, reserved 1114112K
  class space    used 2020K, committed 2176K, reserved 1048576K
}
Event: 3.058 GC heap before
{Heap before GC invocations=4 (full 0):
 garbage-first heap   total 131072K, used 62763K [0x0000000083200000, 0x0000000100000000)
  region size 1024K, 48 young (49152K), 6 survivors (6144K)
 Metaspace       used 21187K, committed 21504K, reserved 1114112K
  class space    used 2295K, committed 2432K, reserved 1048576K
}
Event: 3.064 GC heap after
{Heap after GC invocations=5 (full 0):
 garbage-first heap   total 131072K, used 21803K [0x0000000083200000, 0x0000000100000000)
  region size 1024K, 7 young (7168K), 7 survivors (7168K)
 Metaspace       used 21187K, committed 21504K, reserved 1114112K
  class space    used 2295K, committed 2432K, reserved 1048576K
}
Event: 6.260 GC heap before
{Heap before GC invocations=6 (full 0):
 garbage-first heap   total 78848K, used 78123K [0x0000000083200000, 0x0000000100000000)
  region size 1024K, 62 young (63488K), 7 survivors (7168K)
 Metaspace       used 29631K, committed 30016K, reserved 1114112K
  class space    used 3246K, committed 3392K, reserved 1048576K
}
Event: 6.273 GC heap after
{Heap after GC invocations=7 (full 0):
 garbage-first heap   total 91136K, used 26411K [0x0000000083200000, 0x0000000100000000)
  region size 1024K, 7 young (7168K), 7 survivors (7168K)
 Metaspace       used 29631K, committed 30016K, reserved 1114112K
  class space    used 3246K, committed 3392K, reserved 1048576K
}

Dll operation events (13 events):
Event: 0.012 Loaded shared library C:\Program Files\Java\jdk-20\bin\java.dll
Event: 0.020 Loaded shared library C:\Program Files\Java\jdk-20\bin\jsvml.dll
Event: 0.065 Loaded shared library C:\Program Files\Java\jdk-20\bin\zip.dll
Event: 0.069 Loaded shared library C:\Program Files\Java\jdk-20\bin\instrument.dll
Event: 0.075 Loaded shared library C:\Program Files\Java\jdk-20\bin\net.dll
Event: 0.077 Loaded shared library C:\Program Files\Java\jdk-20\bin\nio.dll
Event: 0.079 Loaded shared library C:\Program Files\Java\jdk-20\bin\zip.dll
Event: 0.089 Loaded shared library D:\Programming-Languages\IntelliJ IDEA 2024.1\bin\breakgen64.dll
Event: 0.096 Loaded shared library C:\Program Files\Java\jdk-20\bin\extnet.dll
Event: 0.154 Loaded shared library C:\Program Files\Java\jdk-20\bin\jimage.dll
Event: 0.166 Loaded shared library C:\Users\Youssef\AppData\Local\Temp\jansi-2.4.0-2d5d1de1ea27e187-jansi.dll
Event: 0.174 Loaded shared library C:\Program Files\Java\jdk-20\bin\verify.dll
Event: 3.054 Loaded shared library C:\Program Files\Java\jdk-20\bin\sunmscapi.dll

Deoptimization events (20 events):
Event: 6.284 Thread 0x000001e5fdbfbd60 Uncommon trap: trap_request=0xffffffc6 fr.pc=0x000001e58fb9cc10 relative=0x00000000000004b0
Event: 6.284 Thread 0x000001e5fdbfbd60 Uncommon trap: reason=bimorphic_or_optimized_type_check action=maybe_recompile pc=0x000001e58fb9cc10 method=java.util.regex.Pattern$BmpCharPropertyGreedy.match(Ljava/util/regex/Matcher;ILjava/lang/CharSequence;)Z @ 26 c2
Event: 6.284 Thread 0x000001e5fdbfbd60 DEOPT PACKING pc=0x000001e58fb9cc10 sp=0x0000001714efdf70
Event: 6.284 Thread 0x000001e5fdbfbd60 DEOPT UNPACKING pc=0x000001e58f589d22 sp=0x0000001714efdf08 mode 2
Event: 6.284 Thread 0x000001e5fdbfbd60 Uncommon trap: trap_request=0xffffffc6 fr.pc=0x000001e58fd68b2c relative=0x00000000000004ec
Event: 6.284 Thread 0x000001e5fdbfbd60 Uncommon trap: reason=bimorphic_or_optimized_type_check action=maybe_recompile pc=0x000001e58fd68b2c method=java.util.regex.Pattern$Branch.match(Ljava/util/regex/Matcher;ILjava/lang/CharSequence;)Z @ 32 c2
Event: 6.284 Thread 0x000001e5fdbfbd60 DEOPT PACKING pc=0x000001e58fd68b2c sp=0x0000001714efdfd0
Event: 6.284 Thread 0x000001e5fdbfbd60 DEOPT UNPACKING pc=0x000001e58f589d22 sp=0x0000001714efdf70 mode 2
Event: 6.284 Thread 0x000001e5fdbfbd60 Uncommon trap: trap_request=0xffffffc6 fr.pc=0x000001e58fd68b2c relative=0x00000000000004ec
Event: 6.284 Thread 0x000001e5fdbfbd60 Uncommon trap: reason=bimorphic_or_optimized_type_check action=maybe_recompile pc=0x000001e58fd68b2c method=java.util.regex.Pattern$Branch.match(Ljava/util/regex/Matcher;ILjava/lang/CharSequence;)Z @ 32 c2
Event: 6.284 Thread 0x000001e5fdbfbd60 DEOPT PACKING pc=0x000001e58fd68b2c sp=0x0000001714efdf30
Event: 6.284 Thread 0x000001e5fdbfbd60 DEOPT UNPACKING pc=0x000001e58f589d22 sp=0x0000001714efdef0 mode 2
Event: 6.284 Thread 0x000001e5fdbfbd60 Uncommon trap: trap_request=0xffffffc6 fr.pc=0x000001e58fb9cc10 relative=0x00000000000004b0
Event: 6.284 Thread 0x000001e5fdbfbd60 Uncommon trap: reason=bimorphic_or_optimized_type_check action=maybe_recompile pc=0x000001e58fb9cc10 method=java.util.regex.Pattern$BmpCharPropertyGreedy.match(Ljava/util/regex/Matcher;ILjava/lang/CharSequence;)Z @ 26 c2
Event: 6.284 Thread 0x000001e5fdbfbd60 DEOPT PACKING pc=0x000001e58fb9cc10 sp=0x0000001714efe320
Event: 6.284 Thread 0x000001e5fdbfbd60 DEOPT UNPACKING pc=0x000001e58f589d22 sp=0x0000001714efe2b8 mode 2
Event: 6.284 Thread 0x000001e5fdbfbd60 Uncommon trap: trap_request=0xffffffc6 fr.pc=0x000001e58fd68b2c relative=0x00000000000004ec
Event: 6.284 Thread 0x000001e5fdbfbd60 Uncommon trap: reason=bimorphic_or_optimized_type_check action=maybe_recompile pc=0x000001e58fd68b2c method=java.util.regex.Pattern$Branch.match(Ljava/util/regex/Matcher;ILjava/lang/CharSequence;)Z @ 32 c2
Event: 6.284 Thread 0x000001e5fdbfbd60 DEOPT PACKING pc=0x000001e58fd68b2c sp=0x0000001714efde20
Event: 6.284 Thread 0x000001e5fdbfbd60 DEOPT UNPACKING pc=0x000001e58f589d22 sp=0x0000001714efddc0 mode 2

Classes loaded (20 events):
Event: 6.276 Loading class java/nio/file/DirectoryNotEmptyException
Event: 6.276 Loading class java/nio/file/DirectoryNotEmptyException done
Event: 6.276 Loading class java/lang/invoke/WrongMethodTypeException
Event: 6.277 Loading class java/lang/invoke/WrongMethodTypeException done
Event: 6.280 Loading class java/io/PrintWriter
Event: 6.281 Loading class java/io/PrintWriter done
Event: 6.281 Loading class java/io/PrintWriter$1
Event: 6.281 Loading class jdk/internal/access/JavaIOPrintWriterAccess
Event: 6.281 Loading class jdk/internal/access/JavaIOPrintWriterAccess done
Event: 6.281 Loading class java/io/PrintWriter$1 done
Event: 6.281 Loading class java/lang/Throwable$WrappedPrintWriter
Event: 6.281 Loading class java/lang/Throwable$PrintStreamOrWriter
Event: 6.281 Loading class java/lang/Throwable$PrintStreamOrWriter done
Event: 6.281 Loading class java/lang/Throwable$WrappedPrintWriter done
Event: 6.287 Loading class java/util/regex/Pattern$1
Event: 6.287 Loading class java/util/regex/Pattern$1 done
Event: 6.289 Loading class java/util/WeakHashMap$KeyIterator
Event: 6.289 Loading class java/util/WeakHashMap$HashIterator
Event: 6.290 Loading class java/util/WeakHashMap$HashIterator done
Event: 6.290 Loading class java/util/WeakHashMap$KeyIterator done

Classes unloaded (0 events):
No events

Classes redefined (0 events):
No events

Internal exceptions (20 events):
Event: 5.889 Thread 0x000001e5a29b0910 Exception <a 'sun/nio/fs/WindowsException'{0x0000000084280110}> (0x0000000084280110) 
thrown [s\open\src\hotspot\share\prims\jni.cpp, line 519]
Event: 5.890 Thread 0x000001e5a29b0910 Exception <a 'sun/nio/fs/WindowsException'{0x0000000084289d28}> (0x0000000084289d28) 
thrown [s\open\src\hotspot\share\prims\jni.cpp, line 519]
Event: 5.917 Thread 0x000001e5a29b5e10 Exception <a 'sun/nio/fs/WindowsException'{0x0000000084392e00}> (0x0000000084392e00) 
thrown [s\open\src\hotspot\share\prims\jni.cpp, line 519]
Event: 5.921 Thread 0x000001e5a29b13b0 Exception <a 'sun/nio/fs/WindowsException'{0x0000000084252940}> (0x0000000084252940) 
thrown [s\open\src\hotspot\share\prims\jni.cpp, line 519]
Event: 5.922 Thread 0x000001e5a29b3e30 Exception <a 'sun/nio/fs/WindowsException'{0x00000000843b8738}> (0x00000000843b8738) 
thrown [s\open\src\hotspot\share\prims\jni.cpp, line 519]
Event: 5.928 Thread 0x000001e5a29b6e00 Exception <a 'sun/nio/fs/WindowsException'{0x00000000843e4050}> (0x00000000843e4050) 
thrown [s\open\src\hotspot\share\prims\jni.cpp, line 519]
Event: 5.933 Thread 0x000001e5a29b6e00 Exception <a 'sun/nio/fs/WindowsException'{0x00000000842f9268}> (0x00000000842f9268) 
thrown [s\open\src\hotspot\share\prims\jni.cpp, line 519]
Event: 5.937 Thread 0x000001e5a29b6e00 Exception <a 'sun/nio/fs/WindowsException'{0x00000000842fd278}> (0x00000000842fd278) 
thrown [s\open\src\hotspot\share\prims\jni.cpp, line 519]
Event: 5.940 Thread 0x000001e5a29b6e00 Exception <a 'sun/nio/fs/WindowsException'{0x000000008416f7a8}> (0x000000008416f7a8) 
thrown [s\open\src\hotspot\share\prims\jni.cpp, line 519]
Event: 5.997 Thread 0x000001e5a29b5e10 Exception <a 'sun/nio/fs/WindowsException'{0x00000000840416b0}> (0x00000000840416b0) 
thrown [s\open\src\hotspot\share\prims\jni.cpp, line 519]
Event: 6.002 Thread 0x000001e5a29b5e10 Exception <a 'sun/nio/fs/WindowsException'{0x0000000084055860}> (0x0000000084055860) 
thrown [s\open\src\hotspot\share\prims\jni.cpp, line 519]
Event: 6.003 Thread 0x000001e5a29b5e10 Exception <a 'sun/nio/fs/WindowsException'{0x000000008405f9e8}> (0x000000008405f9e8) 
thrown [s\open\src\hotspot\share\prims\jni.cpp, line 519]
Event: 6.036 Thread 0x000001e5a29b13b0 Exception <a 'sun/nio/fs/WindowsException'{0x0000000084027290}> (0x0000000084027290) 
thrown [s\open\src\hotspot\share\prims\jni.cpp, line 519]
Event: 6.041 Thread 0x000001e5a29b13b0 Exception <a 'sun/nio/fs/WindowsException'{0x000000008402b478}> (0x000000008402b478) 
thrown [s\open\src\hotspot\share\prims\jni.cpp, line 519]
Event: 6.042 Thread 0x000001e5a29b13b0 Exception <a 'sun/nio/fs/WindowsException'{0x000000008409e678}> (0x000000008409e678) 
thrown [s\open\src\hotspot\share\prims\jni.cpp, line 519]
Event: 6.049 Thread 0x000001e5a29b3e30 Exception <a 'sun/nio/fs/WindowsException'{0x00000000841f0308}> (0x00000000841f0308) 
thrown [s\open\src\hotspot\share\prims\jni.cpp, line 519]
Event: 6.052 Thread 0x000001e5a29b3e30 Exception <a 'sun/nio/fs/WindowsException'{0x00000000841f44f8}> (0x00000000841f44f8) 
thrown [s\open\src\hotspot\share\prims\jni.cpp, line 519]
Event: 6.053 Thread 0x000001e5a29b3e30 Exception <a 'sun/nio/fs/WindowsException'{0x00000000840daee0}> (0x00000000840daee0) 
thrown [s\open\src\hotspot\share\prims\jni.cpp, line 519]
Event: 6.176 Thread 0x000001e5fdbfbd60 Exception <a 'java/lang/NoSuchMethodError'{0x0000000083815a08}: 'void java.lang.invoke.DirectMethodHandle$Holder.invokeStatic(java.lang.Object, long)'> (0x0000000083815a08) 
thrown [s\open\src\hotspot\share\interpreter\linkResolver.cpp, line 773]
Event: 6.276 Thread 0x000001e5fdbfbd60 Exception <a 'sun/nio/fs/WindowsException'{0x000000008b016960}> (0x000000008b016960) 
thrown [s\open\src\hotspot\share\prims\jni.cpp, line 519]

VM Operations (20 events):
Event: 3.219 Executing VM operation: HandshakeAllThreads done
Event: 3.220 Executing VM operation: HandshakeAllThreads
Event: 3.220 Executing VM operation: HandshakeAllThreads done
Event: 3.492 Executing VM operation: HandshakeAllThreads
Event: 3.492 Executing VM operation: HandshakeAllThreads done
Event: 4.081 Executing VM operation: ICBufferFull
Event: 4.081 Executing VM operation: ICBufferFull done
Event: 5.082 Executing VM operation: Cleanup
Event: 5.082 Executing VM operation: Cleanup done
Event: 6.083 Executing VM operation: Cleanup
Event: 6.083 Executing VM operation: Cleanup done
Event: 6.090 Executing VM operation: HandshakeAllThreads
Event: 6.090 Executing VM operation: HandshakeAllThreads done
Event: 6.117 Executing VM operation: HandshakeAllThreads
Event: 6.117 Executing VM operation: HandshakeAllThreads done
Event: 6.179 Executing VM operation: HandshakeAllThreads
Event: 6.179 Executing VM operation: HandshakeAllThreads done
Event: 6.260 Executing VM operation: G1CollectForAllocation
Event: 6.273 Executing VM operation: G1CollectForAllocation done
Event: 6.296 Executing VM operation: Exit

Events (20 events):
Event: 6.089 Thread 0x000001e5a29b1e50 Thread added: 0x000001e5a29b1e50
Event: 6.157 Thread 0x000001e5a29b3390 Thread added: 0x000001e5a29b3390
Event: 6.184 Thread 0x000001e5a29b4380 Thread added: 0x000001e5a29b4380
Event: 6.191 Thread 0x000001e5a29b0e60 Thread added: 0x000001e5a29b0e60
Event: 6.192 Thread 0x000001e5a29b48d0 Thread added: 0x000001e5a29b48d0
Event: 6.255 Thread 0x000001e5a29b48d0 Thread exited: 0x000001e5a29b48d0
Event: 6.256 Thread 0x000001e5a29b0e60 Thread exited: 0x000001e5a29b0e60
Event: 6.256 Thread 0x000001e5a29b3390 Thread exited: 0x000001e5a29b3390
Event: 6.256 Thread 0x000001e5a29b4380 Thread exited: 0x000001e5a29b4380
Event: 6.259 Thread 0x000001e5a29b1e50 Thread exited: 0x000001e5a29b1e50
Event: 6.259 Thread 0x000001e5a29afe70 Thread exited: 0x000001e5a29afe70
Event: 6.291 Thread 0x000001e5a29b3e30 Thread exited: 0x000001e5a29b3e30
Event: 6.291 Thread 0x000001e5a29b6e00 Thread exited: 0x000001e5a29b6e00
Event: 6.291 Thread 0x000001e5a29b5e10 Thread exited: 0x000001e5a29b5e10
Event: 6.291 Thread 0x000001e5a29b13b0 Thread exited: 0x000001e5a29b13b0
Event: 6.291 Thread 0x000001e5a29b0910 Thread exited: 0x000001e5a29b0910
Event: 6.293 Thread 0x000001e5a29b6e00 Thread added: 0x000001e5a29b6e00
Event: 6.293 Thread 0x000001e5a29b58c0 Thread added: 0x000001e5a29b58c0
Event: 6.294 Thread 0x000001e5a29b6e00 Thread exited: 0x000001e5a29b6e00
Event: 6.294 Thread 0x000001e5a29b58c0 Thread exited: 0x000001e5a29b58c0


Dynamic libraries:
0x00007ff67dc10000 - 0x00007ff67dc20000 	C:\Program Files\Java\jdk-20\bin\java.exe
0x00007ffe5f1f0000 - 0x00007ffe5f3e8000 	C:\WINDOWS\SYSTEM32\ntdll.dll
0x00007ffe5db00000 - 0x00007ffe5dbbd000 	C:\WINDOWS\System32\KERNEL32.DLL
0x00007ffe5cc30000 - 0x00007ffe5cf26000 	C:\WINDOWS\System32\KERNELBASE.dll
0x00007ffe5d100000 - 0x00007ffe5d200000 	C:\WINDOWS\System32\ucrtbase.dll
0x00007ffe52d80000 - 0x00007ffe52d9b000 	C:\Program Files\Java\jdk-20\bin\VCRUNTIME140.dll
0x00007ffe4ffe0000 - 0x00007ffe4fff9000 	C:\Program Files\Java\jdk-20\bin\jli.dll
0x00007ffe5f0a0000 - 0x00007ffe5f150000 	C:\WINDOWS\System32\ADVAPI32.dll
0x00007ffe5e240000 - 0x00007ffe5e2de000 	C:\WINDOWS\System32\msvcrt.dll
0x00007ffe5e130000 - 0x00007ffe5e1d0000 	C:\WINDOWS\System32\sechost.dll
0x00007ffe5ede0000 - 0x00007ffe5ef03000 	C:\WINDOWS\System32\RPCRT4.dll
0x00007ffe5d200000 - 0x00007ffe5d227000 	C:\WINDOWS\System32\bcrypt.dll
0x00007ffe5e390000 - 0x00007ffe5e52f000 	C:\WINDOWS\System32\USER32.dll
0x00007ffe5ca80000 - 0x00007ffe5caa2000 	C:\WINDOWS\System32\win32u.dll
0x00007ffe5dd90000 - 0x00007ffe5ddbb000 	C:\WINDOWS\System32\GDI32.dll
0x00007ffe5cfe0000 - 0x00007ffe5d0f7000 	C:\WINDOWS\System32\gdi32full.dll
0x00007ffe40860000 - 0x00007ffe40afa000 	C:\WINDOWS\WinSxS\amd64_microsoft.windows.common-controls_6595b64144ccf1df_6.0.19041.4355_none_60b8b9eb71f62e16\COMCTL32.dll
0x00007ffe5cb40000 - 0x00007ffe5cbdd000 	C:\WINDOWS\System32\msvcp_win.dll
0x00007ffe51590000 - 0x00007ffe5159a000 	C:\WINDOWS\SYSTEM32\VERSION.dll
0x00007ffe5eca0000 - 0x00007ffe5eccf000 	C:\WINDOWS\System32\IMM32.DLL
0x00007ffe53f40000 - 0x00007ffe53f4c000 	C:\Program Files\Java\jdk-20\bin\vcruntime140_1.dll
0x00007ffe22dc0000 - 0x00007ffe22e4e000 	C:\Program Files\Java\jdk-20\bin\msvcp140.dll
0x00007ffdc1dc0000 - 0x00007ffdc2a57000 	C:\Program Files\Java\jdk-20\bin\server\jvm.dll
0x00007ffe49060000 - 0x00007ffe49087000 	C:\WINDOWS\SYSTEM32\WINMM.dll
0x00007ffe337c0000 - 0x00007ffe337c9000 	C:\WINDOWS\SYSTEM32\WSOCK32.dll
0x00007ffe5e1d0000 - 0x00007ffe5e23b000 	C:\WINDOWS\System32\WS2_32.dll
0x00007ffe5b080000 - 0x00007ffe5b092000 	C:\WINDOWS\SYSTEM32\kernel.appcore.dll
0x00007ffe52d70000 - 0x00007ffe52d7a000 	C:\Program Files\Java\jdk-20\bin\jimage.dll
0x00007ffe56b30000 - 0x00007ffe56d14000 	C:\WINDOWS\SYSTEM32\DBGHELP.DLL
0x00007ffe44f40000 - 0x00007ffe44f74000 	C:\WINDOWS\SYSTEM32\dbgcore.DLL
0x00007ffe5cab0000 - 0x00007ffe5cb32000 	C:\WINDOWS\System32\bcryptPrimitives.dll
0x00007ffe52e00000 - 0x00007ffe52e0e000 	C:\Program Files\Java\jdk-20\bin\instrument.dll
0x00007ffe4ffb0000 - 0x00007ffe4ffd6000 	C:\Program Files\Java\jdk-20\bin\java.dll
0x00007ffe50010000 - 0x00007ffe500e7000 	C:\Program Files\Java\jdk-20\bin\jsvml.dll
0x00007ffe5e530000 - 0x00007ffe5ec9c000 	C:\WINDOWS\System32\SHELL32.dll
0x00007ffe5a820000 - 0x00007ffe5afbd000 	C:\WINDOWS\SYSTEM32\windows.storage.dll
0x00007ffe5ddc0000 - 0x00007ffe5e113000 	C:\WINDOWS\System32\combase.dll
0x00007ffe5c1f0000 - 0x00007ffe5c21e000 	C:\WINDOWS\SYSTEM32\Wldp.dll
0x00007ffe5d230000 - 0x00007ffe5d2fd000 	C:\WINDOWS\System32\OLEAUT32.dll
0x00007ffe5d930000 - 0x00007ffe5d9dd000 	C:\WINDOWS\System32\SHCORE.dll
0x00007ffe5ef10000 - 0x00007ffe5ef65000 	C:\WINDOWS\System32\shlwapi.dll
0x00007ffe5c7e0000 - 0x00007ffe5c804000 	C:\WINDOWS\SYSTEM32\profapi.dll
0x00007ffe56500000 - 0x00007ffe56518000 	C:\Program Files\Java\jdk-20\bin\zip.dll
0x00007ffe3c660000 - 0x00007ffe3c673000 	C:\Program Files\Java\jdk-20\bin\net.dll
0x00007ffe55640000 - 0x00007ffe5574a000 	C:\WINDOWS\SYSTEM32\WINHTTP.dll
0x00007ffe5bfd0000 - 0x00007ffe5c03a000 	C:\WINDOWS\system32\mswsock.dll
0x00007ffe39af0000 - 0x00007ffe39b06000 	C:\Program Files\Java\jdk-20\bin\nio.dll
0x00007ffe52de0000 - 0x00007ffe52dfa000 	D:\Programming-Languages\IntelliJ IDEA 2024.1\bin\breakgen64.dll
0x00007ffe54040000 - 0x00007ffe54047000 	C:\Program Files\Java\jdk-20\bin\extnet.dll
0x0000000069ac0000 - 0x0000000069ae4000 	C:\Users\Youssef\AppData\Local\Temp\jansi-2.4.0-2d5d1de1ea27e187-jansi.dll
0x00007ffe53f50000 - 0x00007ffe53f60000 	C:\Program Files\Java\jdk-20\bin\verify.dll
0x00007ffe5c230000 - 0x00007ffe5c248000 	C:\WINDOWS\SYSTEM32\CRYPTSP.dll
0x00007ffe5b8a0000 - 0x00007ffe5b8d4000 	C:\WINDOWS\system32\rsaenh.dll
0x00007ffe5c750000 - 0x00007ffe5c77e000 	C:\WINDOWS\SYSTEM32\USERENV.dll
0x00007ffe5c160000 - 0x00007ffe5c16c000 	C:\WINDOWS\SYSTEM32\CRYPTBASE.dll
0x00007ffe5bc80000 - 0x00007ffe5bcbb000 	C:\WINDOWS\SYSTEM32\IPHLPAPI.DLL
0x00007ffe5ed70000 - 0x00007ffe5ed78000 	C:\WINDOWS\System32\NSI.dll
0x00007ffe51670000 - 0x00007ffe51687000 	C:\WINDOWS\SYSTEM32\dhcpcsvc6.DLL
0x00007ffe515e0000 - 0x00007ffe515fd000 	C:\WINDOWS\SYSTEM32\dhcpcsvc.DLL
0x00007ffe5bcd0000 - 0x00007ffe5bd9a000 	C:\WINDOWS\SYSTEM32\DNSAPI.dll
0x00007ffe52db0000 - 0x00007ffe52dbe000 	C:\Program Files\Java\jdk-20\bin\sunmscapi.dll
0x00007ffe5c8b0000 - 0x00007ffe5ca0e000 	C:\WINDOWS\System32\CRYPT32.dll
0x00007ffe5c340000 - 0x00007ffe5c369000 	C:\WINDOWS\SYSTEM32\ncrypt.dll
0x00007ffe5c300000 - 0x00007ffe5c33b000 	C:\WINDOWS\SYSTEM32\NTASN1.dll
0x00007ffe515a0000 - 0x00007ffe515aa000 	C:\Windows\System32\rasadhlp.dll
0x00007ffe50bf0000 - 0x00007ffe50c70000 	C:\WINDOWS\System32\fwpuclnt.dll

dbghelp: loaded successfully - version: 4.0.5 - missing functions: none
symbol engine: initialized successfully - sym options: 0x614 - pdb path: .;C:\Program Files\Java\jdk-20\bin;C:\WINDOWS\SYSTEM32;C:\WINDOWS\WinSxS\amd64_microsoft.windows.common-controls_6595b64144ccf1df_6.0.19041.4355_none_60b8b9eb71f62e16;C:\Program Files\Java\jdk-20\bin\server;D:\Programming-Languages\IntelliJ IDEA 2024.1\bin;C:\Users\Youssef\AppData\Local\Temp

VM Arguments:
jvm_args: -Dmaven.multiModuleProjectDirectory=D:\Computer science\Tasaheel\paymentManagement -Djansi.passthrough=true -Dmaven.home=D:\Programming-Languages\IntelliJ IDEA 2024.1\plugins\maven\lib\maven3 -Dclassworlds.conf=D:\Programming-Languages\IntelliJ IDEA 2024.1\plugins\maven\lib\maven3\bin\m2.conf -Dmaven.ext.class.path=D:\Programming-Languages\IntelliJ IDEA 2024.1\plugins\maven\lib\maven-event-listener.jar -javaagent:D:\Programming-Languages\IntelliJ IDEA 2024.1\lib\idea_rt.jar=50110:D:\Programming-Languages\IntelliJ IDEA 2024.1\bin -Dfile.encoding=UTF-8 -Dsun.stdout.encoding=UTF-8 -Dsun.stderr.encoding=UTF-8 
java_command: org.codehaus.classworlds.Launcher -Didea.version=2024.1 package
java_class_path (initial): D:\Programming-Languages\IntelliJ IDEA 2024.1\plugins\maven\lib\maven3\boot\plexus-classworlds-2.7.0.jar;D:\Programming-Languages\IntelliJ IDEA 2024.1\plugins\maven\lib\maven3\boot\plexus-classworlds.license
Launcher Type: SUN_STANDARD

[Global flags]
     intx CICompilerCount                          = 4                                         {product} {ergonomic}
     uint ConcGCThreads                            = 3                                         {product} {ergonomic}
     uint G1ConcRefinementThreads                  = 10                                        {product} {ergonomic}
   size_t G1HeapRegionSize                         = 1048576                                   {product} {ergonomic}
    uintx GCDrainStackTargetSize                   = 64                                        {product} {ergonomic}
   size_t InitialHeapSize                          = 132120576                                 {product} {ergonomic}
   size_t MarkStackSize                            = 4194304                                   {product} {ergonomic}
   size_t MaxHeapSize                              = 2095054848                                {product} {ergonomic}
   size_t MaxNewSize                               = 1256194048                                {product} {ergonomic}
   size_t MinHeapDeltaBytes                        = 1048576                                   {product} {ergonomic}
   size_t MinHeapSize                              = 8388608                                   {product} {ergonomic}
    uintx NonNMethodCodeHeapSize                   = 5839372                                {pd product} {ergonomic}
    uintx NonProfiledCodeHeapSize                  = 122909434                              {pd product} {ergonomic}
    uintx ProfiledCodeHeapSize                     = 122909434                              {pd product} {ergonomic}
    uintx ReservedCodeCacheSize                    = 251658240                              {pd product} {ergonomic}
     bool SegmentedCodeCache                       = true                                      {product} {ergonomic}
   size_t SoftMaxHeapSize                          = 2095054848                             {manageable} {ergonomic}
     bool UseCompressedClassPointers               = true                           {product lp64_product} {ergonomic}
     bool UseCompressedOops                        = true                           {product lp64_product} {ergonomic}
     bool UseG1GC                                  = true                                      {product} {ergonomic}
     bool UseLargePagesIndividualAllocation        = false                                  {pd product} {ergonomic}

Logging:
Log output configuration:
 #0: stdout all=warning uptime,level,tags foldmultilines=false
 #1: stderr all=off uptime,level,tags foldmultilines=false

Environment Variables:
JAVA_HOME=C:\Program Files\Java\jdk-17\bin
PATH=C:\Program Files (x86)\Common Files\Oracle\Java\java8path;C:\Program Files (x86)\Common Files\Oracle\Java\javapath;C:\WINDOWS\system32;C:\WINDOWS;C:\WINDOWS\System32\Wbem;C:\WINDOWS\System32\WindowsPowerShell\v1.0\;C:\WINDOWS\System32\OpenSSH\;D:\Java\bin;C:\Program Files\dotnet\;C:\Program Files\Java\jdk-17\bin;C:\Python27\Scripts;C:\Python27;C:\Program Files\NVIDIA Corporation\NVIDIA NvDLISR;D:\PyCharm\;D:\Programming-Languages;D:\Computer science\MongoDB\mongosh-2.0.2-win32-x64\bin;C:\Program Files (x86)\NVIDIA Corporation\PhysX\Common;C:\Program Files\Docker\Docker\resources\bin;C:\Program Files\MySQL\MySQL Server 8.0\bin;C:\Users\Youssef\AppData\Local\Microsoft\WindowsApps\python.exe;C:\Program Files\Git\cmd;C:\Program Files\MySQL\MySQL Shell 8.0\bin\;C:\Users\Youssef\AppData\Local\Microsoft\WindowsApps;D:\PyCharm\PyCharm Community Edition 2020.3.1\bin;;C:\Users\Youssef\.dotnet\tools;C:\ProgramData\Youssef\GitHubDesktop\bin;C:\Program Files\Java\jdk-17\bin;D:\Computer science\Flutter\dart-sdk\bin;C:\Users\Youssef\AppData\Local\Programs\Microsoft VS Code\bin;C:\Users\Youssef\AppData\Roaming\npm;D:\Programming-Languages;C:\Users\Youssef\AppData\Local\GitHubDesktop\bin;C:\Users\Youssef\Desktop\jasypt-master;;D:\Programming-Languages\IntelliJ IDEA 2024.1\bin;
USERNAME=Youssef
OS=Windows_NT
PROCESSOR_IDENTIFIER=Intel64 Family 6 Model 165 Stepping 2, GenuineIntel
TMP=C:\Users\Youssef\AppData\Local\Temp
TEMP=C:\Users\Youssef\AppData\Local\Temp




---------------  S Y S T E M  ---------------

OS:
 Windows 10 , 64 bit Build 19041 (10.0.19041.3636)
OS uptime: 0 days 4:21 hours
Hyper-V role detected

CPU: total 12 (initial active 12) (6 cores per cpu, 2 threads per core) family 6 model 165 stepping 2 microcode 0xf8, cx8, cmov, fxsr, ht, mmx, 3dnowpref, sse, sse2, sse3, ssse3, sse4.1, sse4.2, popcnt, lzcnt, tsc, tscinvbit, avx, avx2, aes, erms, clmul, bmi1, bmi2, adx, fma, vzeroupper, clflush, clflushopt, hv, rdtscp, f16c

Memory: 4k page, system-wide physical 7985M (468M free)
TotalPageFile size 12081M (AvailPageFile size 5M)
current process WorkingSet (physical memory assigned to process): 211M, peak: 231M
current process commit charge ("private bytes"): 256M, peak: 278M

vm_info: Java HotSpot(TM) 64-Bit Server VM (20.0.1+9-29) for windows-amd64 JRE (20.0.1+9-29), built on 2023-03-07T13:56:11Z by "mach5one" with MS VC++ 17.1 (VS2022)

END.
