#
# There is insufficient memory for the Java Runtime Environment to continue.
# Native memory allocation (malloc) failed to allocate 1297488 bytes. Error detail: Chunk::new
# Possible reasons:
#   The system is out of physical RAM or swap space
#   This process is running with CompressedOops enabled, and the Java Heap may be blocking the growth of the native heap
# Possible solutions:
#   Reduce memory load on the system
#   Increase physical memory or swap space
#   Check if swap backing store is full
#   Decrease Java heap size (-Xmx/-Xms)
#   Decrease number of Java threads
#   Decrease Java thread stack sizes (-Xss)
#   Set larger code cache with -XX:ReservedCodeCacheSize=
#   JVM is running with Unscaled Compressed Oops mode in which the Java heap is
#     placed in the first 4GB address space. The Java Heap base address is the
#     maximum limit for the native heap growth. Please use -XX:HeapBaseMinAddress
#     to set the Java Heap base and to place the Java Heap above 4GB virtual address.
# This output file may be truncated or incomplete.
#
#  Out of Memory Error (arena.cpp:150), pid=8128, tid=1312
#
# JRE version: OpenJDK Runtime Environment (22.0.1+8) (build 22.0.1+8-16)
# Java VM: OpenJDK 64-Bit Server VM (22.0.1+8-16, mixed mode, sharing, tiered, compressed oops, compressed class ptrs, g1 gc, windows-amd64)
# No core dump will be written. Minidumps are not enabled by default on client versions of Windows
#

---------------  S U M M A R Y ------------

Command Line: -Dmaven.multiModuleProjectDirectory=D:\Computer science\Tasaheel\userManagement -Djansi.passthrough=true -Dmaven.home=C:\Users\Youssef\.m2\wrapper\dists\apache-maven-3.9.7-bin\3k9n615lchs6mp84v355m633uo\apache-maven-3.9.7 -Dclassworlds.conf=C:\Users\Youssef\.m2\wrapper\dists\apache-maven-3.9.7-bin\3k9n615lchs6mp84v355m633uo\apache-maven-3.9.7\bin\m2.conf -Dmaven.ext.class.path=D:\Programming-Languages\IntelliJ IDEA 2024.1\plugins\maven\lib\maven-event-listener.jar -javaagent:D:\Programming-Languages\IntelliJ IDEA 2024.1\lib\idea_rt.jar=64080:D:\Programming-Languages\IntelliJ IDEA 2024.1\bin -Dfile.encoding=UTF-8 -Dsun.stdout.encoding=UTF-8 -Dsun.stderr.encoding=UTF-8 org.codehaus.classworlds.Launcher -Didea.version=2024.1 package

Host: Intel(R) Core(TM) i7-10750H CPU @ 2.60GHz, 12 cores, 7G,  Windows 10 , 64 bit Build 19041 (10.0.19041.3636)
Time: Tue Jul  2 23:08:32 2024 Egypt Daylight Time elapsed time: 4.012594 seconds (0d 0h 0m 4s)

---------------  T H R E A D  ---------------

Current thread (0x000001e397d2d340):  JavaThread "C2 CompilerThread1" daemon [_thread_in_native, id=1312, stack(0x0000000d00c00000,0x0000000d00d00000) (1024K)]


Current CompileTask:
C2:4012 6404       4       com.sun.tools.javac.code.Symbol::complete (30 bytes)

Stack: [0x0000000d00c00000,0x0000000d00d00000]
Native frames: (J=compiled Java code, j=interpreted, Vv=VM code, C=native code)
V  [jvm.dll+0x6e2279]  (no source info available)
V  [jvm.dll+0x874e33]  (no source info available)
V  [jvm.dll+0x87725e]  (no source info available)
V  [jvm.dll+0x877933]  (no source info available)
V  [jvm.dll+0x27fd76]  (no source info available)
V  [jvm.dll+0xc3d0f]  (no source info available)
V  [jvm.dll+0xc3f6b]  (no source info available)
V  [jvm.dll+0x3bb10c]  (no source info available)
V  [jvm.dll+0x1df67c]  (no source info available)
V  [jvm.dll+0x247a5c]  (no source info available)
V  [jvm.dll+0x246fbf]  (no source info available)
V  [jvm.dll+0x1c4e90]  (no source info available)
V  [jvm.dll+0x2569fe]  (no source info available)
V  [jvm.dll+0x254cba]  (no source info available)
V  [jvm.dll+0x3f5336]  (no source info available)
V  [jvm.dll+0x81d44b]  (no source info available)
V  [jvm.dll+0x6e0915]  (no source info available)
C  [ucrtbase.dll+0x21bb2]  (no source info available)
C  [KERNEL32.DLL+0x17344]  (no source info available)
C  [ntdll.dll+0x4cc91]  (no source info available)


---------------  P R O C E S S  ---------------

Threads class SMR info:
_java_thread_list=0x000001e3ddac9430, length=14, elements={
0x000001e3f63027d0, 0x000001e3fddcae70, 0x000001e3fddcbb30, 0x000001e3fddcdd20,
0x000001e3fddcea00, 0x000001e3fddd6110, 0x000001e3fddd8790, 0x000001e3fdddea70,
0x000001e3fddff740, 0x000001e3fdd90850, 0x000001e3975a6490, 0x000001e3975a6b00,
0x000001e397d2d340, 0x000001e3dd631c50
}

Java Threads: ( => current thread )
  0x000001e3f63027d0 JavaThread "main"                              [_thread_in_vm, id=15740, stack(0x0000000d7f900000,0x0000000d7fa00000) (1024K)]
  0x000001e3fddcae70 JavaThread "Reference Handler"          daemon [_thread_blocked, id=10868, stack(0x0000000d00100000,0x0000000d00200000) (1024K)]
  0x000001e3fddcbb30 JavaThread "Finalizer"                  daemon [_thread_blocked, id=15264, stack(0x0000000d00200000,0x0000000d00300000) (1024K)]
  0x000001e3fddcdd20 JavaThread "Signal Dispatcher"          daemon [_thread_blocked, id=16968, stack(0x0000000d00300000,0x0000000d00400000) (1024K)]
  0x000001e3fddcea00 JavaThread "Attach Listener"            daemon [_thread_blocked, id=8104, stack(0x0000000d00400000,0x0000000d00500000) (1024K)]
  0x000001e3fddd6110 JavaThread "Service Thread"             daemon [_thread_blocked, id=12816, stack(0x0000000d00500000,0x0000000d00600000) (1024K)]
  0x000001e3fddd8790 JavaThread "Monitor Deflation Thread"   daemon [_thread_blocked, id=12252, stack(0x0000000d00600000,0x0000000d00700000) (1024K)]
  0x000001e3fdddea70 JavaThread "C2 CompilerThread0"         daemon [_thread_in_native, id=13596, stack(0x0000000d00700000,0x0000000d00800000) (1024K)]
  0x000001e3fddff740 JavaThread "C1 CompilerThread0"         daemon [_thread_in_native, id=14280, stack(0x0000000d00800000,0x0000000d00900000) (1024K)]
  0x000001e3fdd90850 JavaThread "Common-Cleaner"             daemon [_thread_blocked, id=8464, stack(0x0000000d00900000,0x0000000d00a00000) (1024K)]
  0x000001e3975a6490 JavaThread "Monitor Ctrl-Break"         daemon [_thread_in_native, id=4456, stack(0x0000000d00a00000,0x0000000d00b00000) (1024K)]
  0x000001e3975a6b00 JavaThread "Notification Thread"        daemon [_thread_blocked, id=2212, stack(0x0000000d00b00000,0x0000000d00c00000) (1024K)]
=>0x000001e397d2d340 JavaThread "C2 CompilerThread1"         daemon [_thread_in_native, id=1312, stack(0x0000000d00c00000,0x0000000d00d00000) (1024K)]
  0x000001e3dd631c50 JavaThread "Thread-1"                   daemon [_thread_blocked, id=13324, stack(0x0000000d01600000,0x0000000d01700000) (1024K)]
Total: 14

Other Threads:
  0x000001e3fddaab90 VMThread "VM Thread"                           [id=2756, stack(0x0000000d00000000,0x0000000d00100000) (1024K)]
  0x000001e3fdd8f720 WatcherThread "VM Periodic Task Thread"        [id=17660, stack(0x0000000d7ff00000,0x0000000d80000000) (1024K)]
  0x000001e3f8498200 WorkerThread "GC Thread#0"                     [id=1004, stack(0x0000000d7fa00000,0x0000000d7fb00000) (1024K)]
  0x000001e3fddaa7e0 WorkerThread "GC Thread#1"                     [id=7088, stack(0x0000000d00d00000,0x0000000d00e00000) (1024K)]
  0x000001e3fddab2f0 WorkerThread "GC Thread#2"                     [id=8964, stack(0x0000000d00e00000,0x0000000d00f00000) (1024K)]
  0x000001e3fddab6a0 WorkerThread "GC Thread#3"                     [id=15020, stack(0x0000000d00f00000,0x0000000d01000000) (1024K)]
  0x000001e3fddaba50 WorkerThread "GC Thread#4"                     [id=7692, stack(0x0000000d01000000,0x0000000d01100000) (1024K)]
  0x000001e3fddabe00 WorkerThread "GC Thread#5"                     [id=7324, stack(0x0000000d01100000,0x0000000d01200000) (1024K)]
  0x000001e3fddac1b0 WorkerThread "GC Thread#6"                     [id=9376, stack(0x0000000d01200000,0x0000000d01300000) (1024K)]
  0x000001e397f575a0 WorkerThread "GC Thread#7"                     [id=9184, stack(0x0000000d01300000,0x0000000d01400000) (1024K)]
  0x000001e397f57950 WorkerThread "GC Thread#8"                     [id=4352, stack(0x0000000d01400000,0x0000000d01500000) (1024K)]
  0x000001e397f57d00 WorkerThread "GC Thread#9"                     [id=4756, stack(0x0000000d01500000,0x0000000d01600000) (1024K)]
  0x000001e3f84a8c70 ConcurrentGCThread "G1 Main Marker"            [id=3216, stack(0x0000000d7fb00000,0x0000000d7fc00000) (1024K)]
  0x000001e3f84aa640 WorkerThread "G1 Conc#0"                       [id=1408, stack(0x0000000d7fc00000,0x0000000d7fd00000) (1024K)]
  0x000001e397f56330 WorkerThread "G1 Conc#1"                       [id=13484, stack(0x0000000d01700000,0x0000000d01800000) (1024K)]
  0x000001e397f55820 WorkerThread "G1 Conc#2"                       [id=10724, stack(0x0000000d01800000,0x0000000d01900000) (1024K)]
  0x000001e3fdc60150 ConcurrentGCThread "G1 Refine#0"               [id=8928, stack(0x0000000d7fd00000,0x0000000d7fe00000) (1024K)]
  0x000001e3fdc60be0 ConcurrentGCThread "G1 Service"                [id=17780, stack(0x0000000d7fe00000,0x0000000d7ff00000) (1024K)]
Total: 18

Threads with active compile tasks:
C2 CompilerThread0  4145 6779   !   4       com.sun.tools.javac.code.Symbol$ClassSymbol::complete (52 bytes)
C1 CompilerThread0  4145 7358       2       com.sun.tools.javac.comp.Attr::visitApply (878 bytes)
C2 CompilerThread1  4145 6404       4       com.sun.tools.javac.code.Symbol::complete (30 bytes)
Total: 3

VM state: not at safepoint (normal execution)

VM Mutex/Monitor currently owned by a thread: None

Heap address: 0x0000000083200000, size: 1998 MB, Compressed Oops mode: 32-bit

CDS archive(s) mapped at: [0x000001e398000000-0x000001e398c50000-0x000001e398c50000), size 12910592, SharedBaseAddress: 0x000001e398000000, ArchiveRelocationMode: 1.
Compressed class space mapped at: 0x000001e399000000-0x000001e3d9000000, reserved size: 1073741824
Narrow klass base: 0x000001e398000000, Narrow klass shift: 0, Narrow klass range: 0x41000000

GC Precious Log:
 CardTable entry size: 512
 Card Set container configuration: InlinePtr #cards 5 size 8 Array Of Cards #cards 12 size 40 Howl #buckets 4 coarsen threshold 1843 Howl Bitmap #cards 512 size 80 coarsen threshold 460 Card regions per heap region 1 cards per card region 2048
 CPUs: 12 total, 12 available
 Memory: 7985M
 Large Page Support: Disabled
 NUMA Support: Disabled
 Compressed Oops: Enabled (32-bit)
 Heap Region Size: 1M
 Heap Min Capacity: 8M
 Heap Initial Capacity: 126M
 Heap Max Capacity: 1998M
 Pre-touch: Disabled
 Parallel Workers: 10
 Concurrent Workers: 3
 Concurrent Refinement Workers: 10
 Periodic GC: Disabled

Heap:
 garbage-first heap   total reserved 2045952K, committed 150528K, used 64456K [0x0000000083200000, 0x0000000100000000)
  region size 1024K, 28 young (28672K), 10 survivors (10240K)
 Metaspace       used 29036K, committed 29440K, reserved 1114112K
  class space    used 3330K, committed 3520K, reserved 1048576K

Heap Regions: E=young(eden), S=young(survivor), O=old, HS=humongous(starts), HC=humongous(continues), CS=collection set, F=free, TAMS=top-at-mark-start, PB=parsable bottom
|   0|0x0000000083200000, 0x0000000083300000, 0x0000000083300000|100%| O|  |TAMS 0x0000000083200000| PB 0x0000000083200000| Untracked |  0
|   1|0x0000000083300000, 0x0000000083400000, 0x0000000083400000|100%| O|  |TAMS 0x0000000083300000| PB 0x0000000083300000| Untracked |  0
|   2|0x0000000083400000, 0x0000000083500000, 0x0000000083500000|100%| O|  |TAMS 0x0000000083400000| PB 0x0000000083400000| Untracked |  0
|   3|0x0000000083500000, 0x0000000083600000, 0x0000000083600000|100%| O|  |TAMS 0x0000000083500000| PB 0x0000000083500000| Untracked |  0
|   4|0x0000000083600000, 0x0000000083700000, 0x0000000083700000|100%| O|  |TAMS 0x0000000083600000| PB 0x0000000083600000| Untracked |  0
|   5|0x0000000083700000, 0x0000000083800000, 0x0000000083800000|100%|HS|  |TAMS 0x0000000083700000| PB 0x0000000083700000| Complete |  0
|   6|0x0000000083800000, 0x0000000083800000, 0x0000000083900000|  0%| F|  |TAMS 0x0000000083800000| PB 0x0000000083800000| Untracked |  0
|   7|0x0000000083900000, 0x0000000083900000, 0x0000000083a00000|  0%| F|  |TAMS 0x0000000083900000| PB 0x0000000083900000| Untracked |  0
|   8|0x0000000083a00000, 0x0000000083b00000, 0x0000000083b00000|100%|HS|  |TAMS 0x0000000083a00000| PB 0x0000000083a00000| Complete |  0
|   9|0x0000000083b00000, 0x0000000083c00000, 0x0000000083c00000|100%|HC|  |TAMS 0x0000000083b00000| PB 0x0000000083b00000| Complete |  0
|  10|0x0000000083c00000, 0x0000000083d00000, 0x0000000083d00000|100%|HS|  |TAMS 0x0000000083c00000| PB 0x0000000083c00000| Complete |  0
|  11|0x0000000083d00000, 0x0000000083d00000, 0x0000000083e00000|  0%| F|  |TAMS 0x0000000083d00000| PB 0x0000000083d00000| Untracked |  0
|  12|0x0000000083e00000, 0x0000000083e00000, 0x0000000083f00000|  0%| F|  |TAMS 0x0000000083e00000| PB 0x0000000083e00000| Untracked |  0
|  13|0x0000000083f00000, 0x0000000083f00000, 0x0000000084000000|  0%| F|  |TAMS 0x0000000083f00000| PB 0x0000000083f00000| Untracked |  0
|  14|0x0000000084000000, 0x0000000084000000, 0x0000000084100000|  0%| F|  |TAMS 0x0000000084000000| PB 0x0000000084000000| Untracked |  0
|  15|0x0000000084100000, 0x0000000084100000, 0x0000000084200000|  0%| F|  |TAMS 0x0000000084100000| PB 0x0000000084100000| Untracked |  0
|  16|0x0000000084200000, 0x0000000084200000, 0x0000000084300000|  0%| F|  |TAMS 0x0000000084200000| PB 0x0000000084200000| Untracked |  0
|  17|0x0000000084300000, 0x0000000084300000, 0x0000000084400000|  0%| F|  |TAMS 0x0000000084300000| PB 0x0000000084300000| Untracked |  0
|  18|0x0000000084400000, 0x0000000084400000, 0x0000000084500000|  0%| F|  |TAMS 0x0000000084400000| PB 0x0000000084400000| Untracked |  0
|  19|0x0000000084500000, 0x0000000084500000, 0x0000000084600000|  0%| F|  |TAMS 0x0000000084500000| PB 0x0000000084500000| Untracked |  0
|  20|0x0000000084600000, 0x0000000084600000, 0x0000000084700000|  0%| F|  |TAMS 0x0000000084600000| PB 0x0000000084600000| Untracked |  0
|  21|0x0000000084700000, 0x0000000084700000, 0x0000000084800000|  0%| F|  |TAMS 0x0000000084700000| PB 0x0000000084700000| Untracked |  0
|  22|0x0000000084800000, 0x0000000084800000, 0x0000000084900000|  0%| F|  |TAMS 0x0000000084800000| PB 0x0000000084800000| Untracked |  0
|  23|0x0000000084900000, 0x0000000084900000, 0x0000000084a00000|  0%| F|  |TAMS 0x0000000084900000| PB 0x0000000084900000| Untracked |  0
|  24|0x0000000084a00000, 0x0000000084a00000, 0x0000000084b00000|  0%| F|  |TAMS 0x0000000084a00000| PB 0x0000000084a00000| Untracked |  0
|  25|0x0000000084b00000, 0x0000000084b00000, 0x0000000084c00000|  0%| F|  |TAMS 0x0000000084b00000| PB 0x0000000084b00000| Untracked |  0
|  26|0x0000000084c00000, 0x0000000084c00000, 0x0000000084d00000|  0%| F|  |TAMS 0x0000000084c00000| PB 0x0000000084c00000| Untracked |  0
|  27|0x0000000084d00000, 0x0000000084d00000, 0x0000000084e00000|  0%| F|  |TAMS 0x0000000084d00000| PB 0x0000000084d00000| Untracked |  0
|  28|0x0000000084e00000, 0x0000000084e00000, 0x0000000084f00000|  0%| F|  |TAMS 0x0000000084e00000| PB 0x0000000084e00000| Untracked |  0
|  29|0x0000000084f00000, 0x0000000084f00000, 0x0000000085000000|  0%| F|  |TAMS 0x0000000084f00000| PB 0x0000000084f00000| Untracked |  0
|  30|0x0000000085000000, 0x0000000085000000, 0x0000000085100000|  0%| F|  |TAMS 0x0000000085000000| PB 0x0000000085000000| Untracked |  0
|  31|0x0000000085100000, 0x0000000085100000, 0x0000000085200000|  0%| F|  |TAMS 0x0000000085100000| PB 0x0000000085100000| Untracked |  0
|  32|0x0000000085200000, 0x0000000085200000, 0x0000000085300000|  0%| F|  |TAMS 0x0000000085200000| PB 0x0000000085200000| Untracked |  0
|  33|0x0000000085300000, 0x0000000085300000, 0x0000000085400000|  0%| F|  |TAMS 0x0000000085300000| PB 0x0000000085300000| Untracked |  0
|  34|0x0000000085400000, 0x0000000085400000, 0x0000000085500000|  0%| F|  |TAMS 0x0000000085400000| PB 0x0000000085400000| Untracked |  0
|  35|0x0000000085500000, 0x0000000085500000, 0x0000000085600000|  0%| F|  |TAMS 0x0000000085500000| PB 0x0000000085500000| Untracked |  0
|  36|0x0000000085600000, 0x0000000085600000, 0x0000000085700000|  0%| F|  |TAMS 0x0000000085600000| PB 0x0000000085600000| Untracked |  0
|  37|0x0000000085700000, 0x0000000085800000, 0x0000000085800000|100%| O|  |TAMS 0x0000000085700000| PB 0x0000000085700000| Untracked |  0
|  38|0x0000000085800000, 0x0000000085900000, 0x0000000085900000|100%| O|  |TAMS 0x0000000085800000| PB 0x0000000085800000| Untracked |  0
|  39|0x0000000085900000, 0x0000000085a00000, 0x0000000085a00000|100%| O|  |TAMS 0x0000000085900000| PB 0x0000000085900000| Untracked |  0
|  40|0x0000000085a00000, 0x0000000085b00000, 0x0000000085b00000|100%| O|  |TAMS 0x0000000085a00000| PB 0x0000000085a00000| Untracked |  0
|  41|0x0000000085b00000, 0x0000000085b00000, 0x0000000085c00000|  0%| F|  |TAMS 0x0000000085b00000| PB 0x0000000085b00000| Untracked |  0
|  42|0x0000000085c00000, 0x0000000085c00000, 0x0000000085d00000|  0%| F|  |TAMS 0x0000000085c00000| PB 0x0000000085c00000| Untracked |  0
|  43|0x0000000085d00000, 0x0000000085d00000, 0x0000000085e00000|  0%| F|  |TAMS 0x0000000085d00000| PB 0x0000000085d00000| Untracked |  0
|  44|0x0000000085e00000, 0x0000000085e00000, 0x0000000085f00000|  0%| F|  |TAMS 0x0000000085e00000| PB 0x0000000085e00000| Untracked |  0
|  45|0x0000000085f00000, 0x0000000085f00000, 0x0000000086000000|  0%| F|  |TAMS 0x0000000085f00000| PB 0x0000000085f00000| Untracked |  0
|  46|0x0000000086000000, 0x0000000086000000, 0x0000000086100000|  0%| F|  |TAMS 0x0000000086000000| PB 0x0000000086000000| Untracked |  0
|  47|0x0000000086100000, 0x0000000086100000, 0x0000000086200000|  0%| F|  |TAMS 0x0000000086100000| PB 0x0000000086100000| Untracked |  0
|  48|0x0000000086200000, 0x0000000086200000, 0x0000000086300000|  0%| F|  |TAMS 0x0000000086200000| PB 0x0000000086200000| Untracked |  0
|  49|0x0000000086300000, 0x0000000086300000, 0x0000000086400000|  0%| F|  |TAMS 0x0000000086300000| PB 0x0000000086300000| Untracked |  0
|  50|0x0000000086400000, 0x0000000086400000, 0x0000000086500000|  0%| F|  |TAMS 0x0000000086400000| PB 0x0000000086400000| Untracked |  0
|  51|0x0000000086500000, 0x0000000086600000, 0x0000000086600000|100%| O|  |TAMS 0x0000000086500000| PB 0x0000000086500000| Untracked |  0
|  52|0x0000000086600000, 0x0000000086700000, 0x0000000086700000|100%| O|  |TAMS 0x0000000086600000| PB 0x0000000086600000| Untracked |  0
|  53|0x0000000086700000, 0x0000000086800000, 0x0000000086800000|100%| O|  |TAMS 0x0000000086700000| PB 0x0000000086700000| Untracked |  0
|  54|0x0000000086800000, 0x0000000086900000, 0x0000000086900000|100%| O|  |TAMS 0x0000000086800000| PB 0x0000000086800000| Untracked |  0
|  55|0x0000000086900000, 0x00000000869f2100, 0x0000000086a00000| 94%| O|Cm|TAMS 0x0000000086900000| PB 0x0000000086900000| Complete |  0
|  56|0x0000000086a00000, 0x0000000086a00000, 0x0000000086b00000|  0%| F|  |TAMS 0x0000000086a00000| PB 0x0000000086a00000| Untracked |  0
|  57|0x0000000086b00000, 0x0000000086b00000, 0x0000000086c00000|  0%| F|  |TAMS 0x0000000086b00000| PB 0x0000000086b00000| Untracked |  0
|  58|0x0000000086c00000, 0x0000000086c00000, 0x0000000086d00000|  0%| F|  |TAMS 0x0000000086c00000| PB 0x0000000086c00000| Untracked |  0
|  59|0x0000000086d00000, 0x0000000086d00000, 0x0000000086e00000|  0%| F|  |TAMS 0x0000000086d00000| PB 0x0000000086d00000| Untracked |  0
|  60|0x0000000086e00000, 0x0000000086e00000, 0x0000000086f00000|  0%| F|  |TAMS 0x0000000086e00000| PB 0x0000000086e00000| Untracked |  0
|  61|0x0000000086f00000, 0x0000000086f00000, 0x0000000087000000|  0%| F|  |TAMS 0x0000000086f00000| PB 0x0000000086f00000| Untracked |  0
|  62|0x0000000087000000, 0x0000000087000000, 0x0000000087100000|  0%| F|  |TAMS 0x0000000087000000| PB 0x0000000087000000| Untracked |  0
|  63|0x0000000087100000, 0x0000000087100000, 0x0000000087200000|  0%| F|  |TAMS 0x0000000087100000| PB 0x0000000087100000| Untracked |  0
|  64|0x0000000087200000, 0x0000000087200000, 0x0000000087300000|  0%| F|  |TAMS 0x0000000087200000| PB 0x0000000087200000| Untracked |  0
|  65|0x0000000087300000, 0x0000000087300000, 0x0000000087400000|  0%| F|  |TAMS 0x0000000087300000| PB 0x0000000087300000| Untracked |  0
|  66|0x0000000087400000, 0x0000000087400000, 0x0000000087500000|  0%| F|  |TAMS 0x0000000087400000| PB 0x0000000087400000| Untracked |  0
|  67|0x0000000087500000, 0x0000000087500000, 0x0000000087600000|  0%| F|  |TAMS 0x0000000087500000| PB 0x0000000087500000| Untracked |  0
|  68|0x0000000087600000, 0x0000000087600000, 0x0000000087700000|  0%| F|  |TAMS 0x0000000087600000| PB 0x0000000087600000| Untracked |  0
|  69|0x0000000087700000, 0x0000000087700000, 0x0000000087800000|  0%| F|  |TAMS 0x0000000087700000| PB 0x0000000087700000| Untracked |  0
|  70|0x0000000087800000, 0x0000000087800000, 0x0000000087900000|  0%| F|  |TAMS 0x0000000087800000| PB 0x0000000087800000| Untracked |  0
|  71|0x0000000087900000, 0x0000000087900000, 0x0000000087a00000|  0%| F|  |TAMS 0x0000000087900000| PB 0x0000000087900000| Untracked |  0
|  72|0x0000000087a00000, 0x0000000087a00000, 0x0000000087b00000|  0%| F|  |TAMS 0x0000000087a00000| PB 0x0000000087a00000| Untracked |  0
|  73|0x0000000087b00000, 0x0000000087b00000, 0x0000000087c00000|  0%| F|  |TAMS 0x0000000087b00000| PB 0x0000000087b00000| Untracked |  0
|  74|0x0000000087c00000, 0x0000000087c00000, 0x0000000087d00000|  0%| F|  |TAMS 0x0000000087c00000| PB 0x0000000087c00000| Untracked |  0
|  75|0x0000000087d00000, 0x0000000087d00000, 0x0000000087e00000|  0%| F|  |TAMS 0x0000000087d00000| PB 0x0000000087d00000| Untracked |  0
|  76|0x0000000087e00000, 0x0000000087e00000, 0x0000000087f00000|  0%| F|  |TAMS 0x0000000087e00000| PB 0x0000000087e00000| Untracked |  0
|  77|0x0000000087f00000, 0x0000000087f00000, 0x0000000088000000|  0%| F|  |TAMS 0x0000000087f00000| PB 0x0000000087f00000| Untracked |  0
|  78|0x0000000088000000, 0x0000000088000000, 0x0000000088100000|  0%| F|  |TAMS 0x0000000088000000| PB 0x0000000088000000| Untracked |  0
|  79|0x0000000088100000, 0x0000000088100000, 0x0000000088200000|  0%| F|  |TAMS 0x0000000088100000| PB 0x0000000088100000| Untracked |  0
|  80|0x0000000088200000, 0x0000000088200000, 0x0000000088300000|  0%| F|  |TAMS 0x0000000088200000| PB 0x0000000088200000| Untracked |  0
|  81|0x0000000088300000, 0x0000000088300000, 0x0000000088400000|  0%| F|  |TAMS 0x0000000088300000| PB 0x0000000088300000| Untracked |  0
|  82|0x0000000088400000, 0x0000000088400000, 0x0000000088500000|  0%| F|  |TAMS 0x0000000088400000| PB 0x0000000088400000| Untracked |  0
|  83|0x0000000088500000, 0x0000000088500000, 0x0000000088600000|  0%| F|  |TAMS 0x0000000088500000| PB 0x0000000088500000| Untracked |  0
|  84|0x0000000088600000, 0x0000000088600000, 0x0000000088700000|  0%| F|  |TAMS 0x0000000088600000| PB 0x0000000088600000| Untracked |  0
|  85|0x0000000088700000, 0x0000000088700000, 0x0000000088800000|  0%| F|  |TAMS 0x0000000088700000| PB 0x0000000088700000| Untracked |  0
|  86|0x0000000088800000, 0x0000000088800000, 0x0000000088900000|  0%| F|  |TAMS 0x0000000088800000| PB 0x0000000088800000| Untracked |  0
|  87|0x0000000088900000, 0x0000000088900000, 0x0000000088a00000|  0%| F|  |TAMS 0x0000000088900000| PB 0x0000000088900000| Untracked |  0
|  88|0x0000000088a00000, 0x0000000088a00000, 0x0000000088b00000|  0%| F|  |TAMS 0x0000000088a00000| PB 0x0000000088a00000| Untracked |  0
|  89|0x0000000088b00000, 0x0000000088b00000, 0x0000000088c00000|  0%| F|  |TAMS 0x0000000088b00000| PB 0x0000000088b00000| Untracked |  0
|  90|0x0000000088c00000, 0x0000000088c00000, 0x0000000088d00000|  0%| F|  |TAMS 0x0000000088c00000| PB 0x0000000088c00000| Untracked |  0
|  91|0x0000000088d00000, 0x0000000088d00000, 0x0000000088e00000|  0%| F|  |TAMS 0x0000000088d00000| PB 0x0000000088d00000| Untracked |  0
|  92|0x0000000088e00000, 0x0000000088e00000, 0x0000000088f00000|  0%| F|  |TAMS 0x0000000088e00000| PB 0x0000000088e00000| Untracked |  0
|  93|0x0000000088f00000, 0x0000000089000000, 0x0000000089000000|100%| S|CS|TAMS 0x0000000088f00000| PB 0x0000000088f00000| Complete |  0
|  94|0x0000000089000000, 0x0000000089100000, 0x0000000089100000|100%| S|CS|TAMS 0x0000000089000000| PB 0x0000000089000000| Complete |  0
|  95|0x0000000089100000, 0x0000000089200000, 0x0000000089200000|100%| S|CS|TAMS 0x0000000089100000| PB 0x0000000089100000| Complete |  0
|  96|0x0000000089200000, 0x0000000089300000, 0x0000000089300000|100%| S|CS|TAMS 0x0000000089200000| PB 0x0000000089200000| Complete |  0
|  97|0x0000000089300000, 0x0000000089400000, 0x0000000089400000|100%| S|CS|TAMS 0x0000000089300000| PB 0x0000000089300000| Complete |  0
|  98|0x0000000089400000, 0x0000000089500000, 0x0000000089500000|100%| S|CS|TAMS 0x0000000089400000| PB 0x0000000089400000| Complete |  0
|  99|0x0000000089500000, 0x0000000089600000, 0x0000000089600000|100%| S|CS|TAMS 0x0000000089500000| PB 0x0000000089500000| Complete |  0
| 100|0x0000000089600000, 0x0000000089700000, 0x0000000089700000|100%| S|CS|TAMS 0x0000000089600000| PB 0x0000000089600000| Complete |  0
| 101|0x0000000089700000, 0x0000000089800000, 0x0000000089800000|100%| S|CS|TAMS 0x0000000089700000| PB 0x0000000089700000| Complete |  0
| 102|0x0000000089800000, 0x0000000089900000, 0x0000000089900000|100%| S|CS|TAMS 0x0000000089800000| PB 0x0000000089800000| Complete |  0
| 103|0x0000000089900000, 0x0000000089900000, 0x0000000089a00000|  0%| F|  |TAMS 0x0000000089900000| PB 0x0000000089900000| Untracked |  0
| 104|0x0000000089a00000, 0x0000000089a00000, 0x0000000089b00000|  0%| F|  |TAMS 0x0000000089a00000| PB 0x0000000089a00000| Untracked |  0
| 105|0x0000000089b00000, 0x0000000089b00000, 0x0000000089c00000|  0%| F|  |TAMS 0x0000000089b00000| PB 0x0000000089b00000| Untracked |  0
| 106|0x0000000089c00000, 0x0000000089c00000, 0x0000000089d00000|  0%| F|  |TAMS 0x0000000089c00000| PB 0x0000000089c00000| Untracked |  0
| 107|0x0000000089d00000, 0x0000000089d00000, 0x0000000089e00000|  0%| F|  |TAMS 0x0000000089d00000| PB 0x0000000089d00000| Untracked |  0
| 108|0x0000000089e00000, 0x0000000089e00000, 0x0000000089f00000|  0%| F|  |TAMS 0x0000000089e00000| PB 0x0000000089e00000| Untracked |  0
| 109|0x0000000089f00000, 0x0000000089f00000, 0x000000008a000000|  0%| F|  |TAMS 0x0000000089f00000| PB 0x0000000089f00000| Untracked |  0
| 110|0x000000008a000000, 0x000000008a000000, 0x000000008a100000|  0%| F|  |TAMS 0x000000008a000000| PB 0x000000008a000000| Untracked |  0
| 111|0x000000008a100000, 0x000000008a200000, 0x000000008a200000|100%| E|  |TAMS 0x000000008a100000| PB 0x000000008a100000| Complete |  0
| 112|0x000000008a200000, 0x000000008a300000, 0x000000008a300000|100%| E|CS|TAMS 0x000000008a200000| PB 0x000000008a200000| Complete |  0
| 113|0x000000008a300000, 0x000000008a400000, 0x000000008a400000|100%| E|CS|TAMS 0x000000008a300000| PB 0x000000008a300000| Complete |  0
| 114|0x000000008a400000, 0x000000008a500000, 0x000000008a500000|100%| E|CS|TAMS 0x000000008a400000| PB 0x000000008a400000| Complete |  0
| 115|0x000000008a500000, 0x000000008a600000, 0x000000008a600000|100%| E|CS|TAMS 0x000000008a500000| PB 0x000000008a500000| Complete |  0
| 116|0x000000008a600000, 0x000000008a700000, 0x000000008a700000|100%| E|CS|TAMS 0x000000008a600000| PB 0x000000008a600000| Complete |  0
| 117|0x000000008a700000, 0x000000008a800000, 0x000000008a800000|100%| E|CS|TAMS 0x000000008a700000| PB 0x000000008a700000| Complete |  0
| 118|0x000000008a800000, 0x000000008a900000, 0x000000008a900000|100%| E|CS|TAMS 0x000000008a800000| PB 0x000000008a800000| Complete |  0
| 119|0x000000008a900000, 0x000000008aa00000, 0x000000008aa00000|100%| E|CS|TAMS 0x000000008a900000| PB 0x000000008a900000| Complete |  0
| 120|0x000000008aa00000, 0x000000008ab00000, 0x000000008ab00000|100%| E|CS|TAMS 0x000000008aa00000| PB 0x000000008aa00000| Complete |  0
| 121|0x000000008ab00000, 0x000000008ac00000, 0x000000008ac00000|100%| E|CS|TAMS 0x000000008ab00000| PB 0x000000008ab00000| Complete |  0
| 122|0x000000008ac00000, 0x000000008ad00000, 0x000000008ad00000|100%| E|CS|TAMS 0x000000008ac00000| PB 0x000000008ac00000| Complete |  0
| 123|0x000000008ad00000, 0x000000008ae00000, 0x000000008ae00000|100%| E|CS|TAMS 0x000000008ad00000| PB 0x000000008ad00000| Complete |  0
| 124|0x000000008ae00000, 0x000000008af00000, 0x000000008af00000|100%| E|CS|TAMS 0x000000008ae00000| PB 0x000000008ae00000| Complete |  0
| 125|0x000000008af00000, 0x000000008b000000, 0x000000008b000000|100%| E|CS|TAMS 0x000000008af00000| PB 0x000000008af00000| Complete |  0
| 126|0x000000008b000000, 0x000000008b100000, 0x000000008b100000|100%| E|CS|TAMS 0x000000008b000000| PB 0x000000008b000000| Complete |  0
| 127|0x000000008b100000, 0x000000008b200000, 0x000000008b200000|100%| E|CS|TAMS 0x000000008b100000| PB 0x000000008b100000| Complete |  0
| 128|0x000000008b200000, 0x000000008b300000, 0x000000008b300000|100%| E|CS|TAMS 0x000000008b200000| PB 0x000000008b200000| Complete |  0
|1980|0x00000000fee00000, 0x00000000fef00000, 0x00000000fef00000|100%| O|  |TAMS 0x00000000fee00000| PB 0x00000000fee00000| Untracked |  0
|1981|0x00000000fef00000, 0x00000000ff000000, 0x00000000ff000000|100%| O|  |TAMS 0x00000000fef00000| PB 0x00000000fef00000| Untracked |  0
|1982|0x00000000ff000000, 0x00000000ff100000, 0x00000000ff100000|100%| O|  |TAMS 0x00000000ff000000| PB 0x00000000ff000000| Untracked |  0
|1983|0x00000000ff100000, 0x00000000ff200000, 0x00000000ff200000|100%| O|  |TAMS 0x00000000ff100000| PB 0x00000000ff100000| Untracked |  0
|1984|0x00000000ff200000, 0x00000000ff300000, 0x00000000ff300000|100%| O|  |TAMS 0x00000000ff200000| PB 0x00000000ff200000| Untracked |  0
|1985|0x00000000ff300000, 0x00000000ff400000, 0x00000000ff400000|100%| O|  |TAMS 0x00000000ff300000| PB 0x00000000ff300000| Untracked |  0
|1986|0x00000000ff400000, 0x00000000ff500000, 0x00000000ff500000|100%| O|  |TAMS 0x00000000ff400000| PB 0x00000000ff400000| Untracked |  0
|1987|0x00000000ff500000, 0x00000000ff600000, 0x00000000ff600000|100%| O|  |TAMS 0x00000000ff500000| PB 0x00000000ff500000| Untracked |  0
|1988|0x00000000ff600000, 0x00000000ff700000, 0x00000000ff700000|100%| O|  |TAMS 0x00000000ff600000| PB 0x00000000ff600000| Untracked |  0
|1989|0x00000000ff700000, 0x00000000ff800000, 0x00000000ff800000|100%| O|  |TAMS 0x00000000ff700000| PB 0x00000000ff700000| Untracked |  0
|1990|0x00000000ff800000, 0x00000000ff900000, 0x00000000ff900000|100%| O|  |TAMS 0x00000000ff800000| PB 0x00000000ff800000| Untracked |  0
|1991|0x00000000ff900000, 0x00000000ffa00000, 0x00000000ffa00000|100%| O|  |TAMS 0x00000000ff900000| PB 0x00000000ff900000| Untracked |  0
|1992|0x00000000ffa00000, 0x00000000ffb00000, 0x00000000ffb00000|100%| O|  |TAMS 0x00000000ffa00000| PB 0x00000000ffa00000| Untracked |  0
|1993|0x00000000ffb00000, 0x00000000ffc00000, 0x00000000ffc00000|100%| O|  |TAMS 0x00000000ffb00000| PB 0x00000000ffb00000| Untracked |  0
|1994|0x00000000ffc00000, 0x00000000ffd00000, 0x00000000ffd00000|100%| O|  |TAMS 0x00000000ffc00000| PB 0x00000000ffc00000| Untracked |  0
|1995|0x00000000ffd00000, 0x00000000ffe00000, 0x00000000ffe00000|100%| O|  |TAMS 0x00000000ffd00000| PB 0x00000000ffd00000| Untracked |  0
|1996|0x00000000ffe00000, 0x00000000fff00000, 0x00000000fff00000|100%| O|  |TAMS 0x00000000ffe00000| PB 0x00000000ffe00000| Untracked |  0
|1997|0x00000000fff00000, 0x0000000100000000, 0x0000000100000000|100%| O|  |TAMS 0x00000000fff00000| PB 0x00000000fff00000| Untracked |  0

Card table byte_map: [0x000001e3f8e50000,0x000001e3f9240000] _byte_map_base: 0x000001e3f8a37000

Marking Bits: (CMBitMap*) 0x000001e3f8498820
 Bits: [0x000001e3f9240000, 0x000001e3fb178000)

Polling page: 0x000001e3f6450000

Metaspace:

Usage:
  Non-class:     25.11 MB used.
      Class:      3.25 MB used.
       Both:     28.36 MB used.

Virtual space:
  Non-class space:       64.00 MB reserved,      25.31 MB ( 40%) committed,  1 nodes.
      Class space:        1.00 GB reserved,       3.44 MB ( <1%) committed,  1 nodes.
             Both:        1.06 GB reserved,      28.75 MB (  3%) committed. 

Chunk freelists:
   Non-Class:  5.75 MB
       Class:  12.50 MB
        Both:  18.25 MB

MaxMetaspaceSize: unlimited
CompressedClassSpaceSize: 1.00 GB
Initial GC threshold: 21.00 MB
Current GC threshold: 35.75 MB
CDS: on
 - commit_granule_bytes: 65536.
 - commit_granule_words: 8192.
 - virtual_space_node_default_size: 8388608.
 - enlarge_chunks_in_place: 1.
 - use_allocation_guard: 0.


Internal statistics:

num_allocs_failed_limit: 6.
num_arena_births: 312.
num_arena_deaths: 0.
num_vsnodes_births: 2.
num_vsnodes_deaths: 0.
num_space_committed: 460.
num_space_uncommitted: 0.
num_chunks_returned_to_freelist: 6.
num_chunks_taken_from_freelist: 1307.
num_chunk_merges: 6.
num_chunk_splits: 942.
num_chunks_enlarged: 762.
num_inconsistent_stats: 0.

CodeHeap 'non-profiled nmethods': size=120000Kb used=3686Kb max_used=3686Kb free=116314Kb
 bounds [0x000001e38fd50000, 0x000001e3900f0000, 0x000001e397280000]
CodeHeap 'profiled nmethods': size=120000Kb used=15966Kb max_used=15966Kb free=104034Kb
 bounds [0x000001e388280000, 0x000001e389220000, 0x000001e38f7b0000]
CodeHeap 'non-nmethods': size=5760Kb used=1475Kb max_used=1547Kb free=4284Kb
 bounds [0x000001e38f7b0000, 0x000001e38fa20000, 0x000001e38fd50000]
 total_blobs=7888 nmethods=7335 adapters=457
 compilation: enabled
              stopped_count=0, restarted_count=0
 full_count=0

Compilation events (20 events):
Event: 4.005 Thread 0x000001e3fddff740 nmethod 6874 0x000001e389120610 code [0x000001e3891207c0, 0x000001e389120900]
Event: 4.005 Thread 0x000001e3fddff740 6871       3       com.sun.tools.javac.code.Lint$AugmentVisitor::initSyms (19 bytes)
Event: 4.005 Thread 0x000001e3fddff740 nmethod 6871 0x000001e389120990 code [0x000001e389120b60, 0x000001e389120f80]
Event: 4.005 Thread 0x000001e3fddff740 6865       3       com.sun.tools.javac.comp.Attr::attribStat (41 bytes)
Event: 4.005 Thread 0x000001e3fddff740 nmethod 6865 0x000001e389121110 code [0x000001e389121300, 0x000001e389121730]
Event: 4.006 Thread 0x000001e3fddff740 6876       3       com.sun.tools.javac.code.Symbol$TypeVariableSymbol::<init> (14 bytes)
Event: 4.006 Thread 0x000001e3fddff740 nmethod 6876 0x000001e389121910 code [0x000001e389121ac0, 0x000001e389121c20]
Event: 4.008 Thread 0x000001e3fddff740 6877       3       com.sun.tools.javac.code.Scope::getSymbols (9 bytes)
Event: 4.008 Thread 0x000001e3fddff740 nmethod 6877 0x000001e389121d10 code [0x000001e389121ec0, 0x000001e389122098]
Event: 4.008 Thread 0x000001e3fddff740 6878       3       com.sun.tools.javac.code.Symbol::isStatic (65 bytes)
Event: 4.008 Thread 0x000001e3fddff740 nmethod 6878 0x000001e389122190 code [0x000001e389122360, 0x000001e389122740]
Event: 4.009 Thread 0x000001e3fddff740 6881       2       com.sun.tools.javac.code.Type$DelegatedType::getThrownTypes (8 bytes)
Event: 4.009 Thread 0x000001e3fddff740 nmethod 6881 0x000001e389122890 code [0x000001e389122a40, 0x000001e389122b78]
Event: 4.009 Thread 0x000001e3fddff740 6882       2       com.sun.tools.javac.code.Type$ForAll::asMethodType (8 bytes)
Event: 4.009 Thread 0x000001e3fddff740 nmethod 6882 0x000001e389122c10 code [0x000001e389122da0, 0x000001e389122ee0]
Event: 4.009 Thread 0x000001e3fddff740 6884       2       com.sun.tools.javac.comp.Resolve::isAccessible (394 bytes)
Event: 4.009 Thread 0x000001e3fddff740 nmethod 6884 0x000001e389122f90 code [0x000001e389123260, 0x000001e389123ca8]
Event: 4.009 Thread 0x000001e3fddff740 6886       2       com.sun.tools.javac.code.Type$ClassType::contains (72 bytes)
Event: 4.010 Thread 0x000001e3fddff740 nmethod 6886 0x000001e389124310 code [0x000001e389124580, 0x000001e389124b68]
Event: 4.010 Thread 0x000001e3fddff740 6888       2       com.sun.tools.javac.code.Types$Subst::visitTypeVar (62 bytes)

GC Heap History (12 events):
Event: 0.511 GC heap before
{Heap before GC invocations=0 (full 0):
 garbage-first heap   total reserved 2045952K, committed 129024K, used 23552K [0x0000000083200000, 0x0000000100000000)
  region size 1024K, 24 young (24576K), 0 survivors (0K)
 Metaspace       used 6098K, committed 6272K, reserved 1114112K
  class space    used 707K, committed 768K, reserved 1048576K
}
Event: 0.516 GC heap after
{Heap after GC invocations=1 (full 0):
 garbage-first heap   total reserved 2045952K, committed 129024K, used 4033K [0x0000000083200000, 0x0000000100000000)
  region size 1024K, 3 young (3072K), 3 survivors (3072K)
 Metaspace       used 6098K, committed 6272K, reserved 1114112K
  class space    used 707K, committed 768K, reserved 1048576K
}
Event: 0.920 GC heap before
{Heap before GC invocations=1 (full 0):
 garbage-first heap   total reserved 2045952K, committed 129024K, used 36801K [0x0000000083200000, 0x0000000100000000)
  region size 1024K, 35 young (35840K), 3 survivors (3072K)
 Metaspace       used 10287K, committed 10496K, reserved 1114112K
  class space    used 1227K, committed 1344K, reserved 1048576K
}
Event: 0.925 GC heap after
{Heap after GC invocations=2 (full 0):
 garbage-first heap   total reserved 2045952K, committed 129024K, used 6000K [0x0000000083200000, 0x0000000100000000)
  region size 1024K, 2 young (2048K), 2 survivors (2048K)
 Metaspace       used 10287K, committed 10496K, reserved 1114112K
  class space    used 1227K, committed 1344K, reserved 1048576K
}
Event: 1.866 GC heap before
{Heap before GC invocations=2 (full 0):
 garbage-first heap   total reserved 2045952K, committed 129024K, used 80752K [0x0000000083200000, 0x0000000100000000)
  region size 1024K, 75 young (76800K), 2 survivors (2048K)
 Metaspace       used 16465K, committed 16768K, reserved 1114112K
  class space    used 1934K, committed 2048K, reserved 1048576K
}
Event: 1.876 GC heap after
{Heap after GC invocations=3 (full 0):
 garbage-first heap   total reserved 2045952K, committed 129024K, used 14476K [0x0000000083200000, 0x0000000100000000)
  region size 1024K, 10 young (10240K), 10 survivors (10240K)
 Metaspace       used 16465K, committed 16768K, reserved 1114112K
  class space    used 1934K, committed 2048K, reserved 1048576K
}
Event: 2.545 GC heap before
{Heap before GC invocations=3 (full 0):
 garbage-first heap   total reserved 2045952K, committed 129024K, used 113804K [0x0000000083200000, 0x0000000100000000)
  region size 1024K, 75 young (76800K), 10 survivors (10240K)
 Metaspace       used 17935K, committed 18240K, reserved 1114112K
  class space    used 2052K, committed 2176K, reserved 1048576K
}
Event: 2.559 GC heap after
{Heap after GC invocations=4 (full 0):
 garbage-first heap   total reserved 2045952K, committed 129024K, used 18883K [0x0000000083200000, 0x0000000100000000)
  region size 1024K, 5 young (5120K), 5 survivors (5120K)
 Metaspace       used 17935K, committed 18240K, reserved 1114112K
  class space    used 2052K, committed 2176K, reserved 1048576K
}
Event: 3.081 GC heap before
{Heap before GC invocations=4 (full 0):
 garbage-first heap   total reserved 2045952K, committed 129024K, used 68035K [0x0000000083200000, 0x0000000100000000)
  region size 1024K, 49 young (50176K), 5 survivors (5120K)
 Metaspace       used 21190K, committed 21504K, reserved 1114112K
  class space    used 2426K, committed 2560K, reserved 1048576K
}
Event: 3.088 GC heap after
{Heap after GC invocations=5 (full 0):
 garbage-first heap   total reserved 2045952K, committed 129024K, used 28104K [0x0000000083200000, 0x0000000100000000)
  region size 1024K, 10 young (10240K), 10 survivors (10240K)
 Metaspace       used 21190K, committed 21504K, reserved 1114112K
  class space    used 2426K, committed 2560K, reserved 1048576K
}
Event: 3.822 GC heap before
{Heap before GC invocations=6 (full 0):
 garbage-first heap   total reserved 2045952K, committed 96256K, used 95688K [0x0000000083200000, 0x0000000100000000)
  region size 1024K, 74 young (75776K), 10 survivors (10240K)
 Metaspace       used 27014K, committed 27328K, reserved 1114112K
  class space    used 3077K, committed 3200K, reserved 1048576K
}
Event: 3.859 GC heap after
{Heap after GC invocations=7 (full 0):
 garbage-first heap   total reserved 2045952K, committed 150528K, used 47048K [0x0000000083200000, 0x0000000100000000)
  region size 1024K, 10 young (10240K), 10 survivors (10240K)
 Metaspace       used 27014K, committed 27328K, reserved 1114112K
  class space    used 3077K, committed 3200K, reserved 1048576K
}

Dll operation events (12 events):
Event: 0.009 Loaded shared library C:\Users\Youssef\.jdks\openjdk-22.0.1\bin\java.dll
Event: 0.033 Loaded shared library C:\Users\Youssef\.jdks\openjdk-22.0.1\bin\jsvml.dll
Event: 0.061 Loaded shared library C:\Users\Youssef\.jdks\openjdk-22.0.1\bin\zip.dll
Event: 0.063 Loaded shared library C:\Users\Youssef\.jdks\openjdk-22.0.1\bin\instrument.dll
Event: 0.066 Loaded shared library C:\Users\Youssef\.jdks\openjdk-22.0.1\bin\net.dll
Event: 0.068 Loaded shared library C:\Users\Youssef\.jdks\openjdk-22.0.1\bin\nio.dll
Event: 0.070 Loaded shared library C:\Users\Youssef\.jdks\openjdk-22.0.1\bin\zip.dll
Event: 0.079 Loaded shared library D:\Programming-Languages\IntelliJ IDEA 2024.1\bin\breakgen64.dll
Event: 0.086 Loaded shared library C:\Users\Youssef\.jdks\openjdk-22.0.1\bin\extnet.dll
Event: 0.153 Loaded shared library C:\Users\Youssef\.jdks\openjdk-22.0.1\bin\jimage.dll
Event: 0.185 Loaded shared library C:\Users\Youssef\AppData\Local\Temp\jansi-2.4.1-5bf750dab2c90631-jansi.dll
Event: 0.193 Loaded shared library C:\Users\Youssef\.jdks\openjdk-22.0.1\bin\verify.dll

Deoptimization events (20 events):
Event: 3.977 Thread 0x000001e3f63027d0 DEOPT PACKING pc=0x000001e38fd5ebe8 sp=0x0000000d7f9fd220
Event: 3.977 Thread 0x000001e3f63027d0 DEOPT UNPACKING pc=0x000001e38f8046a2 sp=0x0000000d7f9fd1a8 mode 2
Event: 3.977 Thread 0x000001e3f63027d0 Uncommon trap: trap_request=0xffffffde fr.pc=0x000001e38fd5ebe8 relative=0x00000000000001c8
Event: 3.977 Thread 0x000001e3f63027d0 Uncommon trap: reason=class_check action=maybe_recompile pc=0x000001e38fd5ebe8 method=java.lang.String.equals(Ljava/lang/Object;)Z @ 8 c2
Event: 3.977 Thread 0x000001e3f63027d0 DEOPT PACKING pc=0x000001e38fd5ebe8 sp=0x0000000d7f9fd340
Event: 3.977 Thread 0x000001e3f63027d0 DEOPT UNPACKING pc=0x000001e38f8046a2 sp=0x0000000d7f9fd2c8 mode 2
Event: 3.977 Thread 0x000001e3f63027d0 Uncommon trap: trap_request=0xffffffde fr.pc=0x000001e38fd5ebe8 relative=0x00000000000001c8
Event: 3.977 Thread 0x000001e3f63027d0 Uncommon trap: reason=class_check action=maybe_recompile pc=0x000001e38fd5ebe8 method=java.lang.String.equals(Ljava/lang/Object;)Z @ 8 c2
Event: 3.977 Thread 0x000001e3f63027d0 DEOPT PACKING pc=0x000001e38fd5ebe8 sp=0x0000000d7f9fd220
Event: 3.977 Thread 0x000001e3f63027d0 DEOPT UNPACKING pc=0x000001e38f8046a2 sp=0x0000000d7f9fd1a8 mode 2
Event: 3.989 Thread 0x000001e3f63027d0 Uncommon trap: trap_request=0xffffff45 fr.pc=0x000001e390027f50 relative=0x0000000000006410
Event: 3.989 Thread 0x000001e3f63027d0 Uncommon trap: reason=unstable_if action=reinterpret pc=0x000001e390027f50 method=java.lang.invoke.MethodType.genericMethodType(IZ)Ljava/lang/invoke/MethodType; @ 38 c2
Event: 3.989 Thread 0x000001e3f63027d0 DEOPT PACKING pc=0x000001e390027f50 sp=0x0000000d7f9fadd0
Event: 3.989 Thread 0x000001e3f63027d0 DEOPT UNPACKING pc=0x000001e38f8046a2 sp=0x0000000d7f9fabf8 mode 2
Event: 3.998 Thread 0x000001e3f63027d0 Uncommon trap: trap_request=0xffffff45 fr.pc=0x000001e38ff55b14 relative=0x00000000000001b4
Event: 3.998 Thread 0x000001e3f63027d0 Uncommon trap: reason=unstable_if action=reinterpret pc=0x000001e38ff55b14 method=java.util.WeakHashMap.matchesKey(Ljava/util/WeakHashMap$Entry;Ljava/lang/Object;)Z @ 24 c2
Event: 3.998 Thread 0x000001e3f63027d0 DEOPT PACKING pc=0x000001e38ff55b14 sp=0x0000000d7f9fc370
Event: 3.998 Thread 0x000001e3f63027d0 DEOPT UNPACKING pc=0x000001e38f8046a2 sp=0x0000000d7f9fc2c0 mode 2
Event: 4.007 Thread 0x000001e3f63027d0 DEOPT PACKING pc=0x000001e3890259f4 sp=0x0000000d7f9fcb60
Event: 4.007 Thread 0x000001e3f63027d0 DEOPT UNPACKING pc=0x000001e38f804e42 sp=0x0000000d7f9fc0b8 mode 0

Classes loaded (20 events):
Event: 3.667 Loading class java/nio/file/FileTreeWalker$1
Event: 3.667 Loading class java/nio/file/FileTreeWalker$1 done
Event: 3.899 Loading class java/util/stream/ReduceOps$1
Event: 3.899 Loading class java/util/stream/ReduceOps$1 done
Event: 3.901 Loading class java/util/stream/ReduceOps$1ReducingSink
Event: 3.901 Loading class java/util/stream/ReduceOps$1ReducingSink done
Event: 3.925 Loading class java/util/EnumMap$EntrySet
Event: 3.925 Loading class java/util/EnumMap$EntrySet done
Event: 3.925 Loading class java/util/EnumMap$EntryIterator
Event: 3.925 Loading class java/util/EnumMap$EnumMapIterator
Event: 3.925 Loading class java/util/EnumMap$EnumMapIterator done
Event: 3.925 Loading class java/util/EnumMap$EntryIterator done
Event: 3.925 Loading class java/util/EnumMap$EntryIterator$Entry
Event: 3.925 Loading class java/util/EnumMap$EntryIterator$Entry done
Event: 3.962 Loading class java/util/function/ToIntBiFunction
Event: 3.962 Loading class java/util/function/ToIntBiFunction done
Event: 3.990 Loading class java/util/stream/ReduceOps$2
Event: 3.991 Loading class java/util/stream/ReduceOps$2 done
Event: 3.991 Loading class java/util/stream/ReduceOps$2ReducingSink
Event: 3.991 Loading class java/util/stream/ReduceOps$2ReducingSink done

Classes unloaded (0 events):
No events

Classes redefined (0 events):
No events

Internal exceptions (20 events):
Event: 3.819 Thread 0x000001e3f63027d0 Exception <a 'sun/nio/fs/WindowsException'{0x0000000083d61918}> (0x0000000083d61918) 
thrown [s\open\src\hotspot\share\prims\jni.cpp, line 520]
Event: 3.867 Thread 0x000001e3f63027d0 Exception <a 'sun/nio/fs/WindowsException'{0x000000008b159e48}> (0x000000008b159e48) 
thrown [s\open\src\hotspot\share\prims\jni.cpp, line 520]
Event: 3.867 Thread 0x000001e3f63027d0 Exception <a 'sun/nio/fs/WindowsException'{0x000000008b16f468}> (0x000000008b16f468) 
thrown [s\open\src\hotspot\share\prims\jni.cpp, line 520]
Event: 3.868 Thread 0x000001e3f63027d0 Exception <a 'sun/nio/fs/WindowsException'{0x000000008b1a8b08}> (0x000000008b1a8b08) 
thrown [s\open\src\hotspot\share\prims\jni.cpp, line 520]
Event: 3.868 Thread 0x000001e3f63027d0 Exception <a 'sun/nio/fs/WindowsException'{0x000000008b1a97b0}> (0x000000008b1a97b0) 
thrown [s\open\src\hotspot\share\prims\jni.cpp, line 520]
Event: 3.870 Thread 0x000001e3f63027d0 Exception <a 'sun/nio/fs/WindowsException'{0x000000008b00c828}> (0x000000008b00c828) 
thrown [s\open\src\hotspot\share\prims\jni.cpp, line 520]
Event: 3.870 Thread 0x000001e3f63027d0 Exception <a 'sun/nio/fs/WindowsException'{0x000000008b01e880}> (0x000000008b01e880) 
thrown [s\open\src\hotspot\share\prims\jni.cpp, line 520]
Event: 3.871 Thread 0x000001e3f63027d0 Exception <a 'sun/nio/fs/WindowsException'{0x000000008b046b10}> (0x000000008b046b10) 
thrown [s\open\src\hotspot\share\prims\jni.cpp, line 520]
Event: 3.871 Thread 0x000001e3f63027d0 Exception <a 'sun/nio/fs/WindowsException'{0x000000008b0477f8}> (0x000000008b0477f8) 
thrown [s\open\src\hotspot\share\prims\jni.cpp, line 520]
Event: 3.884 Thread 0x000001e3f63027d0 Exception <a 'sun/nio/fs/WindowsException'{0x000000008af9c2a8}> (0x000000008af9c2a8) 
thrown [s\open\src\hotspot\share\prims\jni.cpp, line 520]
Event: 3.884 Thread 0x000001e3f63027d0 Exception <a 'sun/nio/fs/WindowsException'{0x000000008afaae88}> (0x000000008afaae88) 
thrown [s\open\src\hotspot\share\prims\jni.cpp, line 520]
Event: 3.884 Thread 0x000001e3f63027d0 Exception <a 'sun/nio/fs/WindowsException'{0x000000008afdea68}> (0x000000008afdea68) 
thrown [s\open\src\hotspot\share\prims\jni.cpp, line 520]
Event: 3.884 Thread 0x000001e3f63027d0 Exception <a 'sun/nio/fs/WindowsException'{0x000000008afdf498}> (0x000000008afdf498) 
thrown [s\open\src\hotspot\share\prims\jni.cpp, line 520]
Event: 3.885 Thread 0x000001e3f63027d0 Exception <a 'sun/nio/fs/WindowsException'{0x000000008afeec80}> (0x000000008afeec80) 
thrown [s\open\src\hotspot\share\prims\jni.cpp, line 520]
Event: 3.885 Thread 0x000001e3f63027d0 Exception <a 'sun/nio/fs/WindowsException'{0x000000008aff1a80}> (0x000000008aff1a80) 
thrown [s\open\src\hotspot\share\prims\jni.cpp, line 520]
Event: 3.885 Thread 0x000001e3f63027d0 Exception <a 'sun/nio/fs/WindowsException'{0x000000008aff9c58}> (0x000000008aff9c58) 
thrown [s\open\src\hotspot\share\prims\jni.cpp, line 520]
Event: 3.885 Thread 0x000001e3f63027d0 Exception <a 'sun/nio/fs/WindowsException'{0x000000008affa690}> (0x000000008affa690) 
thrown [s\open\src\hotspot\share\prims\jni.cpp, line 520]
Event: 3.920 Thread 0x000001e3f63027d0 Exception <a 'java/lang/NoSuchMethodError'{0x000000008adf4478}: 'int java.lang.invoke.DirectMethodHandle$Holder.invokeVirtual(java.lang.Object, java.lang.Object, java.lang.Object, java.lang.Object)'> (0x000000008adf4478) 
thrown [s\open\src\hotspot\share\interpreter\linkResolver.cpp, line 774]
Event: 3.921 Thread 0x000001e3f63027d0 Exception <a 'java/lang/NoSuchMethodError'{0x000000008adfe2e0}: 'java.lang.Object java.lang.invoke.DirectMethodHandle$Holder.newInvokeSpecial(java.lang.Object, java.lang.Object, int, java.lang.Object)'> (0x000000008adfe2e0) 
thrown [s\open\src\hotspot\share\interpreter\linkResolver.cpp, line 774]
Event: 3.989 Thread 0x000001e3f63027d0 Exception <a 'java/lang/NoSuchMethodError'{0x000000008abf8150}: 'java.lang.Object java.lang.invoke.DirectMethodHandle$Holder.newInvokeSpecial(java.lang.Object, java.lang.Object, java.lang.Object, java.lang.Object, java.lang.Object, java.lang.Object, java.lang.Object, java.lang.Object)'> (0x000000008abf8150) 
thrown [s\open\src\hotspot\share\interpreter\linkResolver.cpp, line 774]

ZGC Phase Switch (0 events):
No events

VM Operations (20 events):
Event: 3.822 Executing VM operation: G1CollectForAllocation (G1 Evacuation Pause)
Event: 3.859 Executing VM operation: G1CollectForAllocation (G1 Evacuation Pause) done
Event: 3.901 Executing VM operation: HandshakeAllThreads (Deoptimize)
Event: 3.901 Executing VM operation: HandshakeAllThreads (Deoptimize) done
Event: 3.916 Executing VM operation: HandshakeAllThreads (Deoptimize)
Event: 3.916 Executing VM operation: HandshakeAllThreads (Deoptimize) done
Event: 3.930 Executing VM operation: ICBufferFull
Event: 3.931 Executing VM operation: ICBufferFull done
Event: 3.932 Executing VM operation: HandshakeAllThreads (Deoptimize)
Event: 3.932 Executing VM operation: HandshakeAllThreads (Deoptimize) done
Event: 3.956 Executing VM operation: HandshakeAllThreads (Deoptimize)
Event: 3.956 Executing VM operation: HandshakeAllThreads (Deoptimize) done
Event: 3.975 Executing VM operation: ICBufferFull
Event: 3.976 Executing VM operation: ICBufferFull done
Event: 3.993 Executing VM operation: HandshakeAllThreads (Deoptimize)
Event: 3.993 Executing VM operation: HandshakeAllThreads (Deoptimize) done
Event: 4.006 Executing VM operation: HandshakeAllThreads (Deoptimize)
Event: 4.006 Executing VM operation: HandshakeAllThreads (Deoptimize) done
Event: 4.007 Executing VM operation: HandshakeAllThreads (Deoptimize)
Event: 4.007 Executing VM operation: HandshakeAllThreads (Deoptimize) done

Events (16 events):
Event: 0.021 Thread 0x000001e3f63027d0 Thread added: 0x000001e3f63027d0
Event: 0.031 Thread 0x000001e3fddcae70 Thread added: 0x000001e3fddcae70
Event: 0.031 Thread 0x000001e3fddcbb30 Thread added: 0x000001e3fddcbb30
Event: 0.031 Thread 0x000001e3fddcdd20 Thread added: 0x000001e3fddcdd20
Event: 0.031 Thread 0x000001e3fddcea00 Thread added: 0x000001e3fddcea00
Event: 0.032 Thread 0x000001e3fddd6110 Thread added: 0x000001e3fddd6110
Event: 0.032 Thread 0x000001e3fddd8790 Thread added: 0x000001e3fddd8790
Event: 0.032 Thread 0x000001e3fdddea70 Thread added: 0x000001e3fdddea70
Event: 0.032 Thread 0x000001e3fddff740 Thread added: 0x000001e3fddff740
Event: 0.047 Thread 0x000001e3fdd90850 Thread added: 0x000001e3fdd90850
Event: 0.080 Thread 0x000001e3975a6490 Thread added: 0x000001e3975a6490
Event: 0.080 Thread 0x000001e3975a6b00 Thread added: 0x000001e3975a6b00
Event: 0.152 Thread 0x000001e3978ad300 Thread added: 0x000001e3978ad300
Event: 0.158 Thread 0x000001e3978ad300 Thread exited: 0x000001e3978ad300
Event: 0.326 Thread 0x000001e397d2d340 Thread added: 0x000001e397d2d340
Event: 1.277 Thread 0x000001e3dd631c50 Thread added: 0x000001e3dd631c50


Dynamic libraries:
0x00007ff7c23f0000 - 0x00007ff7c23fe000 	C:\Users\Youssef\.jdks\openjdk-22.0.1\bin\java.exe
0x00007ff9c3170000 - 0x00007ff9c3368000 	C:\WINDOWS\SYSTEM32\ntdll.dll
0x00007ff9c11b0000 - 0x00007ff9c126d000 	C:\WINDOWS\System32\KERNEL32.DLL
0x00007ff9c0a90000 - 0x00007ff9c0d86000 	C:\WINDOWS\System32\KERNELBASE.dll
0x00007ff9c0f90000 - 0x00007ff9c1090000 	C:\WINDOWS\System32\ucrtbase.dll
0x00007ff9a9510000 - 0x00007ff9a9527000 	C:\Users\Youssef\.jdks\openjdk-22.0.1\bin\jli.dll
0x00007ff9a8a20000 - 0x00007ff9a8a3b000 	C:\Users\Youssef\.jdks\openjdk-22.0.1\bin\VCRUNTIME140.dll
0x00007ff9c1270000 - 0x00007ff9c140f000 	C:\WINDOWS\System32\USER32.dll
0x00007ff9c08c0000 - 0x00007ff9c08e2000 	C:\WINDOWS\System32\win32u.dll
0x00007ff9c1d70000 - 0x00007ff9c1d9b000 	C:\WINDOWS\System32\GDI32.dll
0x00007ff9c1090000 - 0x00007ff9c11a7000 	C:\WINDOWS\System32\gdi32full.dll
0x00007ff9a8a40000 - 0x00007ff9a8cda000 	C:\WINDOWS\WinSxS\amd64_microsoft.windows.common-controls_6595b64144ccf1df_6.0.19041.4355_none_60b8b9eb71f62e16\COMCTL32.dll
0x00007ff9c0ef0000 - 0x00007ff9c0f8d000 	C:\WINDOWS\System32\msvcp_win.dll
0x00007ff9c2450000 - 0x00007ff9c24ee000 	C:\WINDOWS\System32\msvcrt.dll
0x00007ff9c3100000 - 0x00007ff9c312f000 	C:\WINDOWS\System32\IMM32.DLL
0x00007ff9bdaf0000 - 0x00007ff9bdafc000 	C:\Users\Youssef\.jdks\openjdk-22.0.1\bin\vcruntime140_1.dll
0x00007ff9a7370000 - 0x00007ff9a73fe000 	C:\Users\Youssef\.jdks\openjdk-22.0.1\bin\msvcp140.dll
0x00007ff9750f0000 - 0x00007ff975e37000 	C:\Users\Youssef\.jdks\openjdk-22.0.1\bin\server\jvm.dll
0x00007ff9c29d0000 - 0x00007ff9c2a80000 	C:\WINDOWS\System32\ADVAPI32.dll
0x00007ff9c1410000 - 0x00007ff9c14b0000 	C:\WINDOWS\System32\sechost.dll
0x00007ff9c2f20000 - 0x00007ff9c3043000 	C:\WINDOWS\System32\RPCRT4.dll
0x00007ff9c08f0000 - 0x00007ff9c0917000 	C:\WINDOWS\System32\bcrypt.dll
0x00007ff9c2960000 - 0x00007ff9c29cb000 	C:\WINDOWS\System32\WS2_32.dll
0x00007ff9bfd70000 - 0x00007ff9bfdbb000 	C:\WINDOWS\SYSTEM32\POWRPROF.dll
0x00007ff9b1450000 - 0x00007ff9b1477000 	C:\WINDOWS\SYSTEM32\WINMM.dll
0x00007ff9b5020000 - 0x00007ff9b502a000 	C:\WINDOWS\SYSTEM32\VERSION.dll
0x00007ff9bfbe0000 - 0x00007ff9bfbf2000 	C:\WINDOWS\SYSTEM32\UMPDC.dll
0x00007ff9bf000000 - 0x00007ff9bf012000 	C:\WINDOWS\SYSTEM32\kernel.appcore.dll
0x00007ff9b8b70000 - 0x00007ff9b8b7a000 	C:\Users\Youssef\.jdks\openjdk-22.0.1\bin\jimage.dll
0x00007ff9b9670000 - 0x00007ff9b9854000 	C:\WINDOWS\SYSTEM32\DBGHELP.DLL
0x00007ff9b3700000 - 0x00007ff9b3734000 	C:\WINDOWS\SYSTEM32\dbgcore.DLL
0x00007ff9c0830000 - 0x00007ff9c08b2000 	C:\WINDOWS\System32\bcryptPrimitives.dll
0x00007ff9b8bd0000 - 0x00007ff9b8bdf000 	C:\Users\Youssef\.jdks\openjdk-22.0.1\bin\instrument.dll
0x00007ff9a8a00000 - 0x00007ff9a8a1e000 	C:\Users\Youssef\.jdks\openjdk-22.0.1\bin\java.dll
0x00007ff9c15a0000 - 0x00007ff9c1d0c000 	C:\WINDOWS\System32\SHELL32.dll
0x00007ff9c2a80000 - 0x00007ff9c2bab000 	C:\WINDOWS\System32\ole32.dll
0x00007ff9c20f0000 - 0x00007ff9c2443000 	C:\WINDOWS\System32\combase.dll
0x00007ff9be850000 - 0x00007ff9befed000 	C:\WINDOWS\SYSTEM32\windows.storage.dll
0x00007ff9c0170000 - 0x00007ff9c019e000 	C:\WINDOWS\SYSTEM32\Wldp.dll
0x00007ff9c2c20000 - 0x00007ff9c2ced000 	C:\WINDOWS\System32\OLEAUT32.dll
0x00007ff9c2d50000 - 0x00007ff9c2dfd000 	C:\WINDOWS\System32\SHCORE.dll
0x00007ff9c2cf0000 - 0x00007ff9c2d45000 	C:\WINDOWS\System32\shlwapi.dll
0x00007ff9c0760000 - 0x00007ff9c0784000 	C:\WINDOWS\SYSTEM32\profapi.dll
0x00007ff980790000 - 0x00007ff980867000 	C:\Users\Youssef\.jdks\openjdk-22.0.1\bin\jsvml.dll
0x00007ff9a78d0000 - 0x00007ff9a78e7000 	C:\Users\Youssef\.jdks\openjdk-22.0.1\bin\zip.dll
0x00007ff9b8b00000 - 0x00007ff9b8b10000 	C:\Users\Youssef\.jdks\openjdk-22.0.1\bin\net.dll
0x00007ff9bff50000 - 0x00007ff9bffba000 	C:\WINDOWS\system32\mswsock.dll
0x00007ff9a7980000 - 0x00007ff9a7996000 	C:\Users\Youssef\.jdks\openjdk-22.0.1\bin\nio.dll
0x00007ff9a7140000 - 0x00007ff9a715a000 	D:\Programming-Languages\IntelliJ IDEA 2024.1\bin\breakgen64.dll
0x00007ff9a78a0000 - 0x00007ff9a78a9000 	C:\Users\Youssef\.jdks\openjdk-22.0.1\bin\extnet.dll
0x00007ff99c8c0000 - 0x00007ff99c8e4000 	C:\Users\Youssef\AppData\Local\Temp\jansi-2.4.1-5bf750dab2c90631-jansi.dll
0x00007ff9b3d60000 - 0x00007ff9b3d70000 	C:\Users\Youssef\.jdks\openjdk-22.0.1\bin\verify.dll

dbghelp: loaded successfully - version: 4.0.5 - missing functions: none
symbol engine: initialized successfully - sym options: 0x614 - pdb path: .;C:\Users\Youssef\.jdks\openjdk-22.0.1\bin;C:\WINDOWS\SYSTEM32;C:\WINDOWS\WinSxS\amd64_microsoft.windows.common-controls_6595b64144ccf1df_6.0.19041.4355_none_60b8b9eb71f62e16;C:\Users\Youssef\.jdks\openjdk-22.0.1\bin\server;D:\Programming-Languages\IntelliJ IDEA 2024.1\bin;C:\Users\Youssef\AppData\Local\Temp

VM Arguments:
jvm_args: -Dmaven.multiModuleProjectDirectory=D:\Computer science\Tasaheel\userManagement -Djansi.passthrough=true -Dmaven.home=C:\Users\Youssef\.m2\wrapper\dists\apache-maven-3.9.7-bin\3k9n615lchs6mp84v355m633uo\apache-maven-3.9.7 -Dclassworlds.conf=C:\Users\Youssef\.m2\wrapper\dists\apache-maven-3.9.7-bin\3k9n615lchs6mp84v355m633uo\apache-maven-3.9.7\bin\m2.conf -Dmaven.ext.class.path=D:\Programming-Languages\IntelliJ IDEA 2024.1\plugins\maven\lib\maven-event-listener.jar -javaagent:D:\Programming-Languages\IntelliJ IDEA 2024.1\lib\idea_rt.jar=64080:D:\Programming-Languages\IntelliJ IDEA 2024.1\bin -Dfile.encoding=UTF-8 -Dsun.stdout.encoding=UTF-8 -Dsun.stderr.encoding=UTF-8 
java_command: org.codehaus.classworlds.Launcher -Didea.version=2024.1 package
java_class_path (initial): C:\Users\Youssef\.m2\wrapper\dists\apache-maven-3.9.7-bin\3k9n615lchs6mp84v355m633uo\apache-maven-3.9.7\boot\plexus-classworlds-2.8.0.jar;C:\Users\Youssef\.m2\wrapper\dists\apache-maven-3.9.7-bin\3k9n615lchs6mp84v355m633uo\apache-maven-3.9.7\boot\plexus-classworlds.license
Launcher Type: SUN_STANDARD

[Global flags]
     intx CICompilerCount                          = 4                                         {product} {ergonomic}
     uint ConcGCThreads                            = 3                                         {product} {ergonomic}
     uint G1ConcRefinementThreads                  = 10                                        {product} {ergonomic}
   size_t G1HeapRegionSize                         = 1048576                                   {product} {ergonomic}
   size_t InitialHeapSize                          = 132120576                                 {product} {ergonomic}
   size_t MarkStackSize                            = 4194304                                   {product} {ergonomic}
   size_t MaxHeapSize                              = 2095054848                                {product} {ergonomic}
   size_t MaxNewSize                               = 1256194048                                {product} {ergonomic}
   size_t MinHeapDeltaBytes                        = 1048576                                   {product} {ergonomic}
   size_t MinHeapSize                              = 8388608                                   {product} {ergonomic}
    uintx NonNMethodCodeHeapSize                   = 5839372                                {pd product} {ergonomic}
    uintx NonProfiledCodeHeapSize                  = 122909434                              {pd product} {ergonomic}
    uintx ProfiledCodeHeapSize                     = 122909434                              {pd product} {ergonomic}
    uintx ReservedCodeCacheSize                    = 251658240                              {pd product} {ergonomic}
     bool SegmentedCodeCache                       = true                                      {product} {ergonomic}
   size_t SoftMaxHeapSize                          = 2095054848                             {manageable} {ergonomic}
     bool UseCompressedOops                        = true                           {product lp64_product} {ergonomic}
     bool UseG1GC                                  = true                                      {product} {ergonomic}
     bool UseLargePagesIndividualAllocation        = false                                  {pd product} {ergonomic}

Logging:
Log output configuration:
 #0: stdout all=warning uptime,level,tags foldmultilines=false
 #1: stderr all=off uptime,level,tags foldmultilines=false

Environment Variables:
JAVA_HOME=C:\Program Files\Java\jdk-17\bin
PATH=C:\Program Files (x86)\Common Files\Oracle\Java\java8path;C:\Program Files (x86)\Common Files\Oracle\Java\javapath;C:\WINDOWS\system32;C:\WINDOWS;C:\WINDOWS\System32\Wbem;C:\WINDOWS\System32\WindowsPowerShell\v1.0\;C:\WINDOWS\System32\OpenSSH\;D:\Java\bin;C:\Program Files\dotnet\;C:\Program Files\Java\jdk-17\bin;C:\Python27\Scripts;C:\Python27;C:\Program Files\NVIDIA Corporation\NVIDIA NvDLISR;D:\PyCharm\;D:\Programming-Languages;D:\Computer science\MongoDB\mongosh-2.0.2-win32-x64\bin;C:\Program Files (x86)\NVIDIA Corporation\PhysX\Common;C:\Program Files\Docker\Docker\resources\bin;C:\Program Files\MySQL\MySQL Server 8.0\bin;C:\Users\Youssef\AppData\Local\Microsoft\WindowsApps\python.exe;C:\Program Files\Git\cmd;C:\Program Files\MySQL\MySQL Shell 8.0\bin\;C:\Users\Youssef\AppData\Local\Microsoft\WindowsApps;D:\PyCharm\PyCharm Community Edition 2020.3.1\bin;;C:\Users\Youssef\.dotnet\tools;C:\ProgramData\Youssef\GitHubDesktop\bin;C:\Program Files\Java\jdk-17\bin;D:\Computer science\Flutter\dart-sdk\bin;C:\Users\Youssef\AppData\Local\Programs\Microsoft VS Code\bin;C:\Users\Youssef\AppData\Roaming\npm;D:\Programming-Languages;C:\Users\Youssef\AppData\Local\GitHubDesktop\bin;C:\Users\Youssef\Desktop\jasypt-master;;D:\Programming-Languages\IntelliJ IDEA 2024.1\bin;
USERNAME=Youssef
OS=Windows_NT
PROCESSOR_IDENTIFIER=Intel64 Family 6 Model 165 Stepping 2, GenuineIntel
TMP=C:\Users\Youssef\AppData\Local\Temp
TEMP=C:\Users\Youssef\AppData\Local\Temp




Periodic native trim disabled

---------------  S Y S T E M  ---------------

OS:
 Windows 10 , 64 bit Build 19041 (10.0.19041.3636)
OS uptime: 0 days 18:53 hours
Hyper-V role detected

CPU: total 12 (initial active 12) (6 cores per cpu, 2 threads per core) family 6 model 165 stepping 2 microcode 0xf8, cx8, cmov, fxsr, ht, mmx, 3dnowpref, sse, sse2, sse3, ssse3, sse4.1, sse4.2, popcnt, lzcnt, tsc, tscinvbit, avx, avx2, aes, erms, clmul, bmi1, bmi2, adx, fma, vzeroupper, clflush, clflushopt, hv, rdtscp, f16c
Processor Information for all 12 processors :
  Max Mhz: 2592, Current Mhz: 2592, Mhz Limit: 2592

Memory: 4k page, system-wide physical 7985M (461M free)
TotalPageFile size 12081M (AvailPageFile size 5M)
current process WorkingSet (physical memory assigned to process): 290M, peak: 290M
current process commit charge ("private bytes"): 338M, peak: 339M

vm_info: OpenJDK 64-Bit Server VM (22.0.1+8-16) for windows-amd64 JRE (22.0.1+8-16), built on 2024-03-12T10:33:16Z by "mach5one" with MS VC++ 17.6 (VS2022)

END.
