#
# There is insufficient memory for the Java Runtime Environment to continue.
# Native memory allocation (malloc) failed to allocate 2022256 bytes. Error detail: Chunk::new
# Possible reasons:
#   The system is out of physical RAM or swap space
#   This process is running with CompressedOops enabled, and the Java Heap may be blocking the growth of the native heap
# Possible solutions:
#   Reduce memory load on the system
#   Increase physical memory or swap space
#   Check if swap backing store is full
#   Decrease Java heap size (-Xmx/-Xms)
#   Decrease number of Java threads
#   Decrease Java thread stack sizes (-Xss)
#   Set larger code cache with -XX:ReservedCodeCacheSize=
#   JVM is running with Unscaled Compressed Oops mode in which the Java heap is
#     placed in the first 4GB address space. The Java Heap base address is the
#     maximum limit for the native heap growth. Please use -XX:HeapBaseMinAddress
#     to set the Java Heap base and to place the Java Heap above 4GB virtual address.
# This output file may be truncated or incomplete.
#
#  Out of Memory Error (arena.cpp:150), pid=12884, tid=14864
#
# JRE version: OpenJDK Runtime Environment (22.0.1+8) (build 22.0.1+8-16)
# Java VM: OpenJDK 64-Bit Server VM (22.0.1+8-16, mixed mode, sharing, tiered, compressed oops, compressed class ptrs, g1 gc, windows-amd64)
# No core dump will be written. Minidumps are not enabled by default on client versions of Windows
#

---------------  S U M M A R Y ------------

Command Line: -Dmaven.multiModuleProjectDirectory=D:\Computer science\Tasaheel\userManagement -Djansi.passthrough=true -Dmaven.home=C:\Users\Youssef\.m2\wrapper\dists\apache-maven-3.9.7-bin\3k9n615lchs6mp84v355m633uo\apache-maven-3.9.7 -Dclassworlds.conf=C:\Users\Youssef\.m2\wrapper\dists\apache-maven-3.9.7-bin\3k9n615lchs6mp84v355m633uo\apache-maven-3.9.7\bin\m2.conf -Dmaven.ext.class.path=D:\Programming-Languages\IntelliJ IDEA 2024.1\plugins\maven\lib\maven-event-listener.jar -javaagent:D:\Programming-Languages\IntelliJ IDEA 2024.1\lib\idea_rt.jar=64075:D:\Programming-Languages\IntelliJ IDEA 2024.1\bin -Dfile.encoding=UTF-8 -Dsun.stdout.encoding=UTF-8 -Dsun.stderr.encoding=UTF-8 org.codehaus.classworlds.Launcher -Didea.version=2024.1 package

Host: Intel(R) Core(TM) i7-10750H CPU @ 2.60GHz, 12 cores, 7G,  Windows 10 , 64 bit Build 19041 (10.0.19041.3636)
Time: Tue Jul  2 23:08:16 2024 Egypt Daylight Time elapsed time: 5.016274 seconds (0d 0h 0m 5s)

---------------  T H R E A D  ---------------

Current thread (0x000001ed74502030):  JavaThread "C2 CompilerThread0" daemon [_thread_in_native, id=14864, stack(0x0000000528300000,0x0000000528400000) (1024K)]


Current CompileTask:
C2:5016 6542   !   4       com.sun.tools.javac.jvm.ClassReader::classSigToType (482 bytes)

Stack: [0x0000000528300000,0x0000000528400000]
Native frames: (J=compiled Java code, j=interpreted, Vv=VM code, C=native code)
V  [jvm.dll+0x6e2279]  (no source info available)
V  [jvm.dll+0x874e33]  (no source info available)
V  [jvm.dll+0x87725e]  (no source info available)
V  [jvm.dll+0x877933]  (no source info available)
V  [jvm.dll+0x27fd76]  (no source info available)
V  [jvm.dll+0xc3d0f]  (no source info available)
V  [jvm.dll+0xc3f6b]  (no source info available)
V  [jvm.dll+0x3bb10c]  (no source info available)
V  [jvm.dll+0x387b6b]  (no source info available)
V  [jvm.dll+0x386fda]  (no source info available)
V  [jvm.dll+0x247918]  (no source info available)
V  [jvm.dll+0x246fbf]  (no source info available)
V  [jvm.dll+0x1c4e90]  (no source info available)
V  [jvm.dll+0x2569fe]  (no source info available)
V  [jvm.dll+0x254cba]  (no source info available)
V  [jvm.dll+0x3f5336]  (no source info available)
V  [jvm.dll+0x81d44b]  (no source info available)
V  [jvm.dll+0x6e0915]  (no source info available)
C  [ucrtbase.dll+0x21bb2]  (no source info available)
C  [KERNEL32.DLL+0x17344]  (no source info available)
C  [ntdll.dll+0x4cc91]  (no source info available)


---------------  P R O C E S S  ---------------

Threads class SMR info:
_java_thread_list=0x000001ed4654ff60, length=15, elements={
0x000001ed55943d60, 0x000001ed744c6df0, 0x000001ed744c7c10, 0x000001ed744cb640,
0x000001ed744ce330, 0x000001ed744d6da0, 0x000001ed744f8550, 0x000001ed74502030,
0x000001ed74504d10, 0x000001ed74493960, 0x000001ed45386990, 0x000001ed45387000,
0x000001ed458e6a90, 0x000001ed45cff1d0, 0x000001ed465771a0
}

Java Threads: ( => current thread )
  0x000001ed55943d60 JavaThread "main"                              [_thread_in_Java, id=4472, stack(0x0000000527500000,0x0000000527600000) (1024K)]
  0x000001ed744c6df0 JavaThread "Reference Handler"          daemon [_thread_blocked, id=500, stack(0x0000000527d00000,0x0000000527e00000) (1024K)]
  0x000001ed744c7c10 JavaThread "Finalizer"                  daemon [_thread_blocked, id=17936, stack(0x0000000527e00000,0x0000000527f00000) (1024K)]
  0x000001ed744cb640 JavaThread "Signal Dispatcher"          daemon [_thread_blocked, id=14964, stack(0x0000000527f00000,0x0000000528000000) (1024K)]
  0x000001ed744ce330 JavaThread "Attach Listener"            daemon [_thread_blocked, id=6148, stack(0x0000000528000000,0x0000000528100000) (1024K)]
  0x000001ed744d6da0 JavaThread "Service Thread"             daemon [_thread_blocked, id=15656, stack(0x0000000528100000,0x0000000528200000) (1024K)]
  0x000001ed744f8550 JavaThread "Monitor Deflation Thread"   daemon [_thread_blocked, id=16056, stack(0x0000000528200000,0x0000000528300000) (1024K)]
=>0x000001ed74502030 JavaThread "C2 CompilerThread0"         daemon [_thread_in_native, id=14864, stack(0x0000000528300000,0x0000000528400000) (1024K)]
  0x000001ed74504d10 JavaThread "C1 CompilerThread0"         daemon [_thread_in_native, id=13088, stack(0x0000000528400000,0x0000000528500000) (1024K)]
  0x000001ed74493960 JavaThread "Common-Cleaner"             daemon [_thread_blocked, id=17044, stack(0x0000000528500000,0x0000000528600000) (1024K)]
  0x000001ed45386990 JavaThread "Monitor Ctrl-Break"         daemon [_thread_in_native, id=14516, stack(0x0000000528600000,0x0000000528700000) (1024K)]
  0x000001ed45387000 JavaThread "Notification Thread"        daemon [_thread_blocked, id=17300, stack(0x0000000528700000,0x0000000528800000) (1024K)]
  0x000001ed458e6a90 JavaThread "C2 CompilerThread1"         daemon [_thread_in_native, id=14060, stack(0x0000000528800000,0x0000000528900000) (1024K)]
  0x000001ed45cff1d0 JavaThread "C2 CompilerThread2"         daemon [_thread_in_native, id=10548, stack(0x0000000528900000,0x0000000528a00000) (1024K)]
  0x000001ed465771a0 JavaThread "Thread-1"                   daemon [_thread_blocked, id=15928, stack(0x0000000529300000,0x0000000529400000) (1024K)]
Total: 15

Other Threads:
  0x000001ed744ae510 VMThread "VM Thread"                           [id=14944, stack(0x0000000527c00000,0x0000000527d00000) (1024K)]
  0x000001ed74492960 WatcherThread "VM Periodic Task Thread"        [id=8816, stack(0x0000000527b00000,0x0000000527c00000) (1024K)]
  0x000001ed5599a250 WorkerThread "GC Thread#0"                     [id=9260, stack(0x0000000527600000,0x0000000527700000) (1024K)]
  0x000001ed463c4410 WorkerThread "GC Thread#1"                     [id=17396, stack(0x0000000528a00000,0x0000000528b00000) (1024K)]
  0x000001ed463c4bd0 WorkerThread "GC Thread#2"                     [id=9844, stack(0x0000000528b00000,0x0000000528c00000) (1024K)]
  0x000001ed45d7bb30 WorkerThread "GC Thread#3"                     [id=14340, stack(0x0000000528c00000,0x0000000528d00000) (1024K)]
  0x000001ed464bd7f0 WorkerThread "GC Thread#4"                     [id=18136, stack(0x0000000528d00000,0x0000000528e00000) (1024K)]
  0x000001ed464bdba0 WorkerThread "GC Thread#5"                     [id=14368, stack(0x0000000528e00000,0x0000000528f00000) (1024K)]
  0x000001ed45eeadd0 WorkerThread "GC Thread#6"                     [id=17524, stack(0x0000000528f00000,0x0000000529000000) (1024K)]
  0x000001ed45eeb600 WorkerThread "GC Thread#7"                     [id=14276, stack(0x0000000529000000,0x0000000529100000) (1024K)]
  0x000001ed45eeb9b0 WorkerThread "GC Thread#8"                     [id=9172, stack(0x0000000529100000,0x0000000529200000) (1024K)]
  0x000001ed4629ab00 WorkerThread "GC Thread#9"                     [id=13648, stack(0x0000000529200000,0x0000000529300000) (1024K)]
  0x000001ed559ad470 ConcurrentGCThread "G1 Main Marker"            [id=2784, stack(0x0000000527700000,0x0000000527800000) (1024K)]
  0x000001ed559aeea0 WorkerThread "G1 Conc#0"                       [id=9664, stack(0x0000000527800000,0x0000000527900000) (1024K)]
  0x000001ed474f5820 WorkerThread "G1 Conc#1"                       [id=18084, stack(0x0000000529400000,0x0000000529500000) (1024K)]
  0x000001ed474f4d10 WorkerThread "G1 Conc#2"                       [id=12568, stack(0x0000000529500000,0x0000000529600000) (1024K)]
  0x000001ed55a0e920 ConcurrentGCThread "G1 Refine#0"               [id=13956, stack(0x0000000527900000,0x0000000527a00000) (1024K)]
  0x000001ed74365580 ConcurrentGCThread "G1 Service"                [id=1152, stack(0x0000000527a00000,0x0000000527b00000) (1024K)]
Total: 18

Threads with active compile tasks:
C2 CompilerThread0  5159 6542   !   4       com.sun.tools.javac.jvm.ClassReader::classSigToType (482 bytes)
C1 CompilerThread0  5159 7414       2       com.sun.tools.javac.comp.Lower::visitApply (586 bytes)
C2 CompilerThread1  5159 6910       4       com.sun.tools.javac.code.Symtab::enterClass (71 bytes)
C2 CompilerThread2  5159 6826   !   4       jdk.internal.loader.BuiltinClassLoader::loadClassOrNull (143 bytes)
Total: 4

VM state: not at safepoint (normal execution)

VM Mutex/Monitor currently owned by a thread: None

Heap address: 0x0000000083200000, size: 1998 MB, Compressed Oops mode: 32-bit

CDS archive(s) mapped at: [0x000001ed00000000-0x000001ed00c50000-0x000001ed00c50000), size 12910592, SharedBaseAddress: 0x000001ed00000000, ArchiveRelocationMode: 1.
Compressed class space mapped at: 0x000001ed01000000-0x000001ed41000000, reserved size: 1073741824
Narrow klass base: 0x000001ed00000000, Narrow klass shift: 0, Narrow klass range: 0x41000000

GC Precious Log:
 CardTable entry size: 512
 Card Set container configuration: InlinePtr #cards 5 size 8 Array Of Cards #cards 12 size 40 Howl #buckets 4 coarsen threshold 1843 Howl Bitmap #cards 512 size 80 coarsen threshold 460 Card regions per heap region 1 cards per card region 2048
 CPUs: 12 total, 12 available
 Memory: 7985M
 Large Page Support: Disabled
 NUMA Support: Disabled
 Compressed Oops: Enabled (32-bit)
 Heap Region Size: 1M
 Heap Min Capacity: 8M
 Heap Initial Capacity: 126M
 Heap Max Capacity: 1998M
 Pre-touch: Disabled
 Parallel Workers: 10
 Concurrent Workers: 3
 Concurrent Refinement Workers: 10
 Periodic GC: Disabled

Heap:
 garbage-first heap   total reserved 2045952K, committed 120832K, used 65024K [0x0000000083200000, 0x0000000100000000)
  region size 1024K, 30 young (30720K), 10 survivors (10240K)
 Metaspace       used 29090K, committed 29504K, reserved 1114112K
  class space    used 3332K, committed 3520K, reserved 1048576K

Heap Regions: E=young(eden), S=young(survivor), O=old, HS=humongous(starts), HC=humongous(continues), CS=collection set, F=free, TAMS=top-at-mark-start, PB=parsable bottom
|   0|0x0000000083200000, 0x0000000083300000, 0x0000000083300000|100%| O|  |TAMS 0x0000000083200000| PB 0x0000000083200000| Untracked |  0
|   1|0x0000000083300000, 0x0000000083400000, 0x0000000083400000|100%| O|  |TAMS 0x0000000083300000| PB 0x0000000083300000| Untracked |  0
|   2|0x0000000083400000, 0x0000000083500000, 0x0000000083500000|100%| O|  |TAMS 0x0000000083400000| PB 0x0000000083400000| Untracked |  0
|   3|0x0000000083500000, 0x0000000083600000, 0x0000000083600000|100%| O|  |TAMS 0x0000000083500000| PB 0x0000000083500000| Untracked |  0
|   4|0x0000000083600000, 0x0000000083700000, 0x0000000083700000|100%|HS|  |TAMS 0x0000000083600000| PB 0x0000000083600000| Complete |  0
|   5|0x0000000083700000, 0x0000000083700000, 0x0000000083800000|  0%| F|  |TAMS 0x0000000083700000| PB 0x0000000083700000| Untracked |  0
|   6|0x0000000083800000, 0x0000000083800000, 0x0000000083900000|  0%| F|  |TAMS 0x0000000083800000| PB 0x0000000083800000| Untracked |  0
|   7|0x0000000083900000, 0x0000000083a00000, 0x0000000083a00000|100%|HS|  |TAMS 0x0000000083900000| PB 0x0000000083900000| Complete |  0
|   8|0x0000000083a00000, 0x0000000083b00000, 0x0000000083b00000|100%|HC|  |TAMS 0x0000000083a00000| PB 0x0000000083a00000| Complete |  0
|   9|0x0000000083b00000, 0x0000000083c00000, 0x0000000083c00000|100%|HS|  |TAMS 0x0000000083b00000| PB 0x0000000083b00000| Complete |  0
|  10|0x0000000083c00000, 0x0000000083c00000, 0x0000000083d00000|  0%| F|  |TAMS 0x0000000083c00000| PB 0x0000000083c00000| Untracked |  0
|  11|0x0000000083d00000, 0x0000000083d00000, 0x0000000083e00000|  0%| F|  |TAMS 0x0000000083d00000| PB 0x0000000083d00000| Untracked |  0
|  12|0x0000000083e00000, 0x0000000083e00000, 0x0000000083f00000|  0%| F|  |TAMS 0x0000000083e00000| PB 0x0000000083e00000| Untracked |  0
|  13|0x0000000083f00000, 0x0000000083f00000, 0x0000000084000000|  0%| F|  |TAMS 0x0000000083f00000| PB 0x0000000083f00000| Untracked |  0
|  14|0x0000000084000000, 0x0000000084000000, 0x0000000084100000|  0%| F|  |TAMS 0x0000000084000000| PB 0x0000000084000000| Untracked |  0
|  15|0x0000000084100000, 0x0000000084100000, 0x0000000084200000|  0%| F|  |TAMS 0x0000000084100000| PB 0x0000000084100000| Untracked |  0
|  16|0x0000000084200000, 0x0000000084200000, 0x0000000084300000|  0%| F|  |TAMS 0x0000000084200000| PB 0x0000000084200000| Untracked |  0
|  17|0x0000000084300000, 0x0000000084300000, 0x0000000084400000|  0%| F|  |TAMS 0x0000000084300000| PB 0x0000000084300000| Untracked |  0
|  18|0x0000000084400000, 0x0000000084400000, 0x0000000084500000|  0%| F|  |TAMS 0x0000000084400000| PB 0x0000000084400000| Untracked |  0
|  19|0x0000000084500000, 0x0000000084500000, 0x0000000084600000|  0%| F|  |TAMS 0x0000000084500000| PB 0x0000000084500000| Untracked |  0
|  20|0x0000000084600000, 0x0000000084600000, 0x0000000084700000|  0%| F|  |TAMS 0x0000000084600000| PB 0x0000000084600000| Untracked |  0
|  21|0x0000000084700000, 0x0000000084700000, 0x0000000084800000|  0%| F|  |TAMS 0x0000000084700000| PB 0x0000000084700000| Untracked |  0
|  22|0x0000000084800000, 0x0000000084800000, 0x0000000084900000|  0%| F|  |TAMS 0x0000000084800000| PB 0x0000000084800000| Untracked |  0
|  23|0x0000000084900000, 0x0000000084900000, 0x0000000084a00000|  0%| F|  |TAMS 0x0000000084900000| PB 0x0000000084900000| Untracked |  0
|  24|0x0000000084a00000, 0x0000000084a00000, 0x0000000084b00000|  0%| F|  |TAMS 0x0000000084a00000| PB 0x0000000084a00000| Untracked |  0
|  25|0x0000000084b00000, 0x0000000084b00000, 0x0000000084c00000|  0%| F|  |TAMS 0x0000000084b00000| PB 0x0000000084b00000| Untracked |  0
|  26|0x0000000084c00000, 0x0000000084c00000, 0x0000000084d00000|  0%| F|  |TAMS 0x0000000084c00000| PB 0x0000000084c00000| Untracked |  0
|  27|0x0000000084d00000, 0x0000000084d00000, 0x0000000084e00000|  0%| F|  |TAMS 0x0000000084d00000| PB 0x0000000084d00000| Untracked |  0
|  28|0x0000000084e00000, 0x0000000084e00000, 0x0000000084f00000|  0%| F|  |TAMS 0x0000000084e00000| PB 0x0000000084e00000| Untracked |  0
|  29|0x0000000084f00000, 0x0000000084f00000, 0x0000000085000000|  0%| F|  |TAMS 0x0000000084f00000| PB 0x0000000084f00000| Untracked |  0
|  30|0x0000000085000000, 0x0000000085000000, 0x0000000085100000|  0%| F|  |TAMS 0x0000000085000000| PB 0x0000000085000000| Untracked |  0
|  31|0x0000000085100000, 0x0000000085100000, 0x0000000085200000|  0%| F|  |TAMS 0x0000000085100000| PB 0x0000000085100000| Untracked |  0
|  32|0x0000000085200000, 0x0000000085200000, 0x0000000085300000|  0%| F|  |TAMS 0x0000000085200000| PB 0x0000000085200000| Untracked |  0
|  33|0x0000000085300000, 0x0000000085300000, 0x0000000085400000|  0%| F|  |TAMS 0x0000000085300000| PB 0x0000000085300000| Untracked |  0
|  34|0x0000000085400000, 0x0000000085400000, 0x0000000085500000|  0%| F|  |TAMS 0x0000000085400000| PB 0x0000000085400000| Untracked |  0
|  35|0x0000000085500000, 0x0000000085500000, 0x0000000085600000|  0%| F|  |TAMS 0x0000000085500000| PB 0x0000000085500000| Untracked |  0
|  36|0x0000000085600000, 0x0000000085700000, 0x0000000085700000|100%| O|  |TAMS 0x0000000085600000| PB 0x0000000085600000| Untracked |  0
|  37|0x0000000085700000, 0x0000000085800000, 0x0000000085800000|100%| O|  |TAMS 0x0000000085700000| PB 0x0000000085700000| Untracked |  0
|  38|0x0000000085800000, 0x0000000085900000, 0x0000000085900000|100%| O|  |TAMS 0x0000000085800000| PB 0x0000000085800000| Untracked |  0
|  39|0x0000000085900000, 0x0000000085a00000, 0x0000000085a00000|100%| O|  |TAMS 0x0000000085900000| PB 0x0000000085900000| Untracked |  0
|  40|0x0000000085a00000, 0x0000000085b00000, 0x0000000085b00000|100%| O|  |TAMS 0x0000000085a00000| PB 0x0000000085a00000| Untracked |  0
|  41|0x0000000085b00000, 0x0000000085b00000, 0x0000000085c00000|  0%| F|  |TAMS 0x0000000085b00000| PB 0x0000000085b00000| Untracked |  0
|  42|0x0000000085c00000, 0x0000000085c00000, 0x0000000085d00000|  0%| F|  |TAMS 0x0000000085c00000| PB 0x0000000085c00000| Untracked |  0
|  43|0x0000000085d00000, 0x0000000085d00000, 0x0000000085e00000|  0%| F|  |TAMS 0x0000000085d00000| PB 0x0000000085d00000| Untracked |  0
|  44|0x0000000085e00000, 0x0000000085e00000, 0x0000000085f00000|  0%| F|  |TAMS 0x0000000085e00000| PB 0x0000000085e00000| Untracked |  0
|  45|0x0000000085f00000, 0x0000000085f00000, 0x0000000086000000|  0%| F|  |TAMS 0x0000000085f00000| PB 0x0000000085f00000| Untracked |  0
|  46|0x0000000086000000, 0x0000000086000000, 0x0000000086100000|  0%| F|  |TAMS 0x0000000086000000| PB 0x0000000086000000| Untracked |  0
|  47|0x0000000086100000, 0x0000000086100000, 0x0000000086200000|  0%| F|  |TAMS 0x0000000086100000| PB 0x0000000086100000| Untracked |  0
|  48|0x0000000086200000, 0x0000000086200000, 0x0000000086300000|  0%| F|  |TAMS 0x0000000086200000| PB 0x0000000086200000| Untracked |  0
|  49|0x0000000086300000, 0x0000000086300000, 0x0000000086400000|  0%| F|  |TAMS 0x0000000086300000| PB 0x0000000086300000| Untracked |  0
|  50|0x0000000086400000, 0x0000000086400000, 0x0000000086500000|  0%| F|  |TAMS 0x0000000086400000| PB 0x0000000086400000| Untracked |  0
|  51|0x0000000086500000, 0x0000000086600000, 0x0000000086600000|100%| O|  |TAMS 0x0000000086500000| PB 0x0000000086500000| Untracked |  0
|  52|0x0000000086600000, 0x0000000086700000, 0x0000000086700000|100%| O|  |TAMS 0x0000000086600000| PB 0x0000000086600000| Untracked |  0
|  53|0x0000000086700000, 0x0000000086800000, 0x0000000086800000|100%| O|  |TAMS 0x0000000086700000| PB 0x0000000086700000| Untracked |  0
|  54|0x0000000086800000, 0x0000000086900000, 0x0000000086900000|100%| O|Cm|TAMS 0x0000000086800000| PB 0x0000000086800000| Complete |  0
|  55|0x0000000086900000, 0x0000000086900000, 0x0000000086a00000|  0%| F|  |TAMS 0x0000000086900000| PB 0x0000000086900000| Untracked |  0
|  56|0x0000000086a00000, 0x0000000086a00000, 0x0000000086b00000|  0%| F|  |TAMS 0x0000000086a00000| PB 0x0000000086a00000| Untracked |  0
|  57|0x0000000086b00000, 0x0000000086b00000, 0x0000000086c00000|  0%| F|  |TAMS 0x0000000086b00000| PB 0x0000000086b00000| Untracked |  0
|  58|0x0000000086c00000, 0x0000000086c00000, 0x0000000086d00000|  0%| F|  |TAMS 0x0000000086c00000| PB 0x0000000086c00000| Untracked |  0
|  59|0x0000000086d00000, 0x0000000086d00000, 0x0000000086e00000|  0%| F|  |TAMS 0x0000000086d00000| PB 0x0000000086d00000| Untracked |  0
|  60|0x0000000086e00000, 0x0000000086e00000, 0x0000000086f00000|  0%| F|  |TAMS 0x0000000086e00000| PB 0x0000000086e00000| Untracked |  0
|  61|0x0000000086f00000, 0x0000000086f00000, 0x0000000087000000|  0%| F|  |TAMS 0x0000000086f00000| PB 0x0000000086f00000| Untracked |  0
|  62|0x0000000087000000, 0x0000000087000000, 0x0000000087100000|  0%| F|  |TAMS 0x0000000087000000| PB 0x0000000087000000| Untracked |  0
|  63|0x0000000087100000, 0x0000000087100000, 0x0000000087200000|  0%| F|  |TAMS 0x0000000087100000| PB 0x0000000087100000| Untracked |  0
|  64|0x0000000087200000, 0x0000000087200000, 0x0000000087300000|  0%| F|  |TAMS 0x0000000087200000| PB 0x0000000087200000| Untracked |  0
|  65|0x0000000087300000, 0x0000000087300000, 0x0000000087400000|  0%| F|  |TAMS 0x0000000087300000| PB 0x0000000087300000| Untracked |  0
|  66|0x0000000087400000, 0x0000000087400000, 0x0000000087500000|  0%| F|  |TAMS 0x0000000087400000| PB 0x0000000087400000| Untracked |  0
|  67|0x0000000087500000, 0x0000000087500000, 0x0000000087600000|  0%| F|  |TAMS 0x0000000087500000| PB 0x0000000087500000| Untracked |  0
|  68|0x0000000087600000, 0x0000000087600000, 0x0000000087700000|  0%| F|  |TAMS 0x0000000087600000| PB 0x0000000087600000| Untracked |  0
|  69|0x0000000087700000, 0x0000000087780000, 0x0000000087800000| 50%| E|  |TAMS 0x0000000087700000| PB 0x0000000087700000| Complete |  0
|  70|0x0000000087800000, 0x0000000087900000, 0x0000000087900000|100%| E|CS|TAMS 0x0000000087800000| PB 0x0000000087800000| Complete |  0
|  71|0x0000000087900000, 0x0000000087a00000, 0x0000000087a00000|100%| E|CS|TAMS 0x0000000087900000| PB 0x0000000087900000| Complete |  0
|  72|0x0000000087a00000, 0x0000000087b00000, 0x0000000087b00000|100%| E|CS|TAMS 0x0000000087a00000| PB 0x0000000087a00000| Complete |  0
|  73|0x0000000087b00000, 0x0000000087c00000, 0x0000000087c00000|100%| E|CS|TAMS 0x0000000087b00000| PB 0x0000000087b00000| Complete |  0
|  74|0x0000000087c00000, 0x0000000087d00000, 0x0000000087d00000|100%| E|CS|TAMS 0x0000000087c00000| PB 0x0000000087c00000| Complete |  0
|  75|0x0000000087d00000, 0x0000000087e00000, 0x0000000087e00000|100%| E|CS|TAMS 0x0000000087d00000| PB 0x0000000087d00000| Complete |  0
|  76|0x0000000087e00000, 0x0000000087f00000, 0x0000000087f00000|100%| E|CS|TAMS 0x0000000087e00000| PB 0x0000000087e00000| Complete |  0
|  77|0x0000000087f00000, 0x0000000088000000, 0x0000000088000000|100%| E|CS|TAMS 0x0000000087f00000| PB 0x0000000087f00000| Complete |  0
|  78|0x0000000088000000, 0x0000000088100000, 0x0000000088100000|100%| E|CS|TAMS 0x0000000088000000| PB 0x0000000088000000| Complete |  0
|  79|0x0000000088100000, 0x0000000088200000, 0x0000000088200000|100%| E|CS|TAMS 0x0000000088100000| PB 0x0000000088100000| Complete |  0
|  80|0x0000000088200000, 0x0000000088300000, 0x0000000088300000|100%| E|CS|TAMS 0x0000000088200000| PB 0x0000000088200000| Complete |  0
|  81|0x0000000088300000, 0x0000000088400000, 0x0000000088400000|100%| E|CS|TAMS 0x0000000088300000| PB 0x0000000088300000| Complete |  0
|  82|0x0000000088400000, 0x0000000088500000, 0x0000000088500000|100%| E|CS|TAMS 0x0000000088400000| PB 0x0000000088400000| Complete |  0
|  83|0x0000000088500000, 0x0000000088600000, 0x0000000088600000|100%| E|CS|TAMS 0x0000000088500000| PB 0x0000000088500000| Complete |  0
|  84|0x0000000088600000, 0x0000000088700000, 0x0000000088700000|100%| E|CS|TAMS 0x0000000088600000| PB 0x0000000088600000| Complete |  0
|  85|0x0000000088700000, 0x0000000088800000, 0x0000000088800000|100%| E|CS|TAMS 0x0000000088700000| PB 0x0000000088700000| Complete |  0
|  86|0x0000000088800000, 0x0000000088900000, 0x0000000088900000|100%| E|CS|TAMS 0x0000000088800000| PB 0x0000000088800000| Complete |  0
|  87|0x0000000088900000, 0x0000000088a00000, 0x0000000088a00000|100%| E|CS|TAMS 0x0000000088900000| PB 0x0000000088900000| Complete |  0
|  88|0x0000000088a00000, 0x0000000088b00000, 0x0000000088b00000|100%| E|CS|TAMS 0x0000000088a00000| PB 0x0000000088a00000| Complete |  0
|  89|0x0000000088b00000, 0x0000000088c00000, 0x0000000088c00000|100%| S|CS|TAMS 0x0000000088b00000| PB 0x0000000088b00000| Complete |  0
|  90|0x0000000088c00000, 0x0000000088d00000, 0x0000000088d00000|100%| S|CS|TAMS 0x0000000088c00000| PB 0x0000000088c00000| Complete |  0
|  91|0x0000000088d00000, 0x0000000088e00000, 0x0000000088e00000|100%| S|CS|TAMS 0x0000000088d00000| PB 0x0000000088d00000| Complete |  0
|  92|0x0000000088e00000, 0x0000000088f00000, 0x0000000088f00000|100%| S|CS|TAMS 0x0000000088e00000| PB 0x0000000088e00000| Complete |  0
|  93|0x0000000088f00000, 0x0000000089000000, 0x0000000089000000|100%| S|CS|TAMS 0x0000000088f00000| PB 0x0000000088f00000| Complete |  0
|  94|0x0000000089000000, 0x0000000089100000, 0x0000000089100000|100%| S|CS|TAMS 0x0000000089000000| PB 0x0000000089000000| Complete |  0
|  95|0x0000000089100000, 0x0000000089200000, 0x0000000089200000|100%| S|CS|TAMS 0x0000000089100000| PB 0x0000000089100000| Complete |  0
|  96|0x0000000089200000, 0x0000000089300000, 0x0000000089300000|100%| S|CS|TAMS 0x0000000089200000| PB 0x0000000089200000| Complete |  0
|  97|0x0000000089300000, 0x0000000089400000, 0x0000000089400000|100%| S|CS|TAMS 0x0000000089300000| PB 0x0000000089300000| Complete |  0
|  98|0x0000000089400000, 0x0000000089500000, 0x0000000089500000|100%| S|CS|TAMS 0x0000000089400000| PB 0x0000000089400000| Complete |  0
| 125|0x000000008af00000, 0x000000008b000000, 0x000000008b000000|100%| E|CS|TAMS 0x000000008af00000| PB 0x000000008af00000| Complete |  0
|1980|0x00000000fee00000, 0x00000000fee80000, 0x00000000fef00000| 50%| O|  |TAMS 0x00000000fee00000| PB 0x00000000fee00000| Untracked |  0
|1981|0x00000000fef00000, 0x00000000ff000000, 0x00000000ff000000|100%| O|  |TAMS 0x00000000fef00000| PB 0x00000000fef00000| Untracked |  0
|1982|0x00000000ff000000, 0x00000000ff100000, 0x00000000ff100000|100%| O|  |TAMS 0x00000000ff000000| PB 0x00000000ff000000| Untracked |  0
|1983|0x00000000ff100000, 0x00000000ff200000, 0x00000000ff200000|100%| O|  |TAMS 0x00000000ff100000| PB 0x00000000ff100000| Untracked |  0
|1984|0x00000000ff200000, 0x00000000ff300000, 0x00000000ff300000|100%| O|  |TAMS 0x00000000ff200000| PB 0x00000000ff200000| Untracked |  0
|1985|0x00000000ff300000, 0x00000000ff400000, 0x00000000ff400000|100%| O|  |TAMS 0x00000000ff300000| PB 0x00000000ff300000| Untracked |  0
|1986|0x00000000ff400000, 0x00000000ff500000, 0x00000000ff500000|100%| O|  |TAMS 0x00000000ff400000| PB 0x00000000ff400000| Untracked |  0
|1987|0x00000000ff500000, 0x00000000ff600000, 0x00000000ff600000|100%| O|  |TAMS 0x00000000ff500000| PB 0x00000000ff500000| Untracked |  0
|1988|0x00000000ff600000, 0x00000000ff700000, 0x00000000ff700000|100%| O|  |TAMS 0x00000000ff600000| PB 0x00000000ff600000| Untracked |  0
|1989|0x00000000ff700000, 0x00000000ff800000, 0x00000000ff800000|100%| O|  |TAMS 0x00000000ff700000| PB 0x00000000ff700000| Untracked |  0
|1990|0x00000000ff800000, 0x00000000ff900000, 0x00000000ff900000|100%| O|  |TAMS 0x00000000ff800000| PB 0x00000000ff800000| Untracked |  0
|1991|0x00000000ff900000, 0x00000000ffa00000, 0x00000000ffa00000|100%| O|  |TAMS 0x00000000ff900000| PB 0x00000000ff900000| Untracked |  0
|1992|0x00000000ffa00000, 0x00000000ffb00000, 0x00000000ffb00000|100%| O|  |TAMS 0x00000000ffa00000| PB 0x00000000ffa00000| Untracked |  0
|1993|0x00000000ffb00000, 0x00000000ffc00000, 0x00000000ffc00000|100%| O|  |TAMS 0x00000000ffb00000| PB 0x00000000ffb00000| Untracked |  0
|1994|0x00000000ffc00000, 0x00000000ffd00000, 0x00000000ffd00000|100%| O|  |TAMS 0x00000000ffc00000| PB 0x00000000ffc00000| Untracked |  0
|1995|0x00000000ffd00000, 0x00000000ffe00000, 0x00000000ffe00000|100%| O|  |TAMS 0x00000000ffd00000| PB 0x00000000ffd00000| Untracked |  0
|1996|0x00000000ffe00000, 0x00000000fff00000, 0x00000000fff00000|100%| O|  |TAMS 0x00000000ffe00000| PB 0x00000000ffe00000| Untracked |  0
|1997|0x00000000fff00000, 0x0000000100000000, 0x0000000100000000|100%| O|  |TAMS 0x00000000fff00000| PB 0x00000000fff00000| Untracked |  0

Card table byte_map: [0x000001ed6f4c0000,0x000001ed6f8b0000] _byte_map_base: 0x000001ed6f0a7000

Marking Bits: (CMBitMap*) 0x000001ed5599a870
 Bits: [0x000001ed6f8b0000, 0x000001ed717e8000)

Polling page: 0x000001ed55710000

Metaspace:

Usage:
  Non-class:     25.17 MB used.
      Class:      3.25 MB used.
       Both:     28.42 MB used.

Virtual space:
  Non-class space:       64.00 MB reserved,      25.44 MB ( 40%) committed,  1 nodes.
      Class space:        1.00 GB reserved,       3.44 MB ( <1%) committed,  1 nodes.
             Both:        1.06 GB reserved,      28.88 MB (  3%) committed. 

Chunk freelists:
   Non-Class:  5.67 MB
       Class:  12.50 MB
        Both:  18.17 MB

MaxMetaspaceSize: unlimited
CompressedClassSpaceSize: 1.00 GB
Initial GC threshold: 21.00 MB
Current GC threshold: 35.75 MB
CDS: on
 - commit_granule_bytes: 65536.
 - commit_granule_words: 8192.
 - virtual_space_node_default_size: 8388608.
 - enlarge_chunks_in_place: 1.
 - use_allocation_guard: 0.


Internal statistics:

num_allocs_failed_limit: 6.
num_arena_births: 320.
num_arena_deaths: 0.
num_vsnodes_births: 2.
num_vsnodes_deaths: 0.
num_space_committed: 462.
num_space_uncommitted: 0.
num_chunks_returned_to_freelist: 6.
num_chunks_taken_from_freelist: 1322.
num_chunk_merges: 6.
num_chunk_splits: 953.
num_chunks_enlarged: 762.
num_inconsistent_stats: 0.

CodeHeap 'non-profiled nmethods': size=120000Kb used=4061Kb max_used=4061Kb free=115938Kb
 bounds [0x000001ed66f20000, 0x000001ed67320000, 0x000001ed6e450000]
CodeHeap 'profiled nmethods': size=120000Kb used=16578Kb max_used=16578Kb free=103421Kb
 bounds [0x000001ed5f450000, 0x000001ed60490000, 0x000001ed66980000]
CodeHeap 'non-nmethods': size=5760Kb used=1474Kb max_used=1569Kb free=4285Kb
 bounds [0x000001ed66980000, 0x000001ed66bf0000, 0x000001ed66f20000]
 total_blobs=7939 nmethods=7386 adapters=457
 compilation: enabled
              stopped_count=0, restarted_count=0
 full_count=0

Compilation events (20 events):
Event: 5.009 Thread 0x000001ed74504d10 nmethod 6940 0x000001ed60365110 code [0x000001ed603652a0, 0x000001ed60365488]
Event: 5.009 Thread 0x000001ed74504d10 6941       3       com.sun.tools.javac.comp.Resolve::isAccessible (394 bytes)
Event: 5.010 Thread 0x000001ed74504d10 nmethod 6941 0x000001ed60365510 code [0x000001ed60365880, 0x000001ed603672c0]
Event: 5.010 Thread 0x000001ed74504d10 6944       3       com.sun.tools.javac.code.Types::isSubtypeUncheckedInternal (163 bytes)
Event: 5.011 Thread 0x000001ed74504d10 nmethod 6944 0x000001ed60367990 code [0x000001ed60367d60, 0x000001ed60369870]
Event: 5.011 Thread 0x000001ed74504d10 6947       3       com.sun.tools.javac.code.Types::isSubtype (183 bytes)
Event: 5.012 Thread 0x000001ed74504d10 nmethod 6947 0x000001ed6036a010 code [0x000001ed6036a540, 0x000001ed6036d540]
Event: 5.012 Thread 0x000001ed74504d10 6946       3       com.sun.tools.javac.code.Types$Subst::visitTypeVar (62 bytes)
Event: 5.012 Thread 0x000001ed74504d10 nmethod 6946 0x000001ed6036e090 code [0x000001ed6036e2e0, 0x000001ed6036f070]
Event: 5.012 Thread 0x000001ed74504d10 6943       3       com.sun.tools.javac.code.Type$ClassType::contains (72 bytes)
Event: 5.013 Thread 0x000001ed74504d10 nmethod 6943 0x000001ed6036f410 code [0x000001ed6036f720, 0x000001ed60370cb8]
Event: 5.013 Thread 0x000001ed74504d10 6948       3       com.sun.tools.javac.code.Types::cvarLowerBound (31 bytes)
Event: 5.013 Thread 0x000001ed74504d10 nmethod 6948 0x000001ed60371190 code [0x000001ed60371400, 0x000001ed60371fb8]
Event: 5.013 Thread 0x000001ed74504d10 6951       3       com.sun.tools.javac.comp.InferenceContext::asUndetVar (17 bytes)
Event: 5.014 Thread 0x000001ed74504d10 nmethod 6951 0x000001ed60372290 code [0x000001ed60372440, 0x000001ed603725a8]
Event: 5.014 Thread 0x000001ed74504d10 6950       3       com.sun.tools.javac.code.Types::isSubtypeUnchecked (25 bytes)
Event: 5.014 Thread 0x000001ed74504d10 nmethod 6950 0x000001ed60372690 code [0x000001ed60372840, 0x000001ed60372a30]
Event: 5.014 Thread 0x000001ed74504d10 6945       3       com.sun.tools.javac.code.Types::checkUnsafeVarargsConversion (125 bytes)
Event: 5.014 Thread 0x000001ed74504d10 nmethod 6945 0x000001ed60372b10 code [0x000001ed60372d60, 0x000001ed60373a08]
Event: 5.014 Thread 0x000001ed74504d10 6953       3       com.sun.tools.javac.code.Types::capture (556 bytes)

GC Heap History (12 events):
Event: 0.745 GC heap before
{Heap before GC invocations=0 (full 0):
 garbage-first heap   total reserved 2045952K, committed 129024K, used 23552K [0x0000000083200000, 0x0000000100000000)
  region size 1024K, 24 young (24576K), 0 survivors (0K)
 Metaspace       used 6096K, committed 6272K, reserved 1114112K
  class space    used 706K, committed 768K, reserved 1048576K
}
Event: 0.750 GC heap after
{Heap after GC invocations=1 (full 0):
 garbage-first heap   total reserved 2045952K, committed 129024K, used 4202K [0x0000000083200000, 0x0000000100000000)
  region size 1024K, 3 young (3072K), 3 survivors (3072K)
 Metaspace       used 6096K, committed 6272K, reserved 1114112K
  class space    used 706K, committed 768K, reserved 1048576K
}
Event: 1.174 GC heap before
{Heap before GC invocations=1 (full 0):
 garbage-first heap   total reserved 2045952K, committed 129024K, used 36970K [0x0000000083200000, 0x0000000100000000)
  region size 1024K, 35 young (35840K), 3 survivors (3072K)
 Metaspace       used 10322K, committed 10560K, reserved 1114112K
  class space    used 1223K, committed 1344K, reserved 1048576K
}
Event: 1.179 GC heap after
{Heap after GC invocations=2 (full 0):
 garbage-first heap   total reserved 2045952K, committed 129024K, used 5897K [0x0000000083200000, 0x0000000100000000)
  region size 1024K, 2 young (2048K), 2 survivors (2048K)
 Metaspace       used 10322K, committed 10560K, reserved 1114112K
  class space    used 1223K, committed 1344K, reserved 1048576K
}
Event: 2.316 GC heap before
{Heap before GC invocations=2 (full 0):
 garbage-first heap   total reserved 2045952K, committed 129024K, used 80649K [0x0000000083200000, 0x0000000100000000)
  region size 1024K, 75 young (76800K), 2 survivors (2048K)
 Metaspace       used 16480K, committed 16768K, reserved 1114112K
  class space    used 1933K, committed 2048K, reserved 1048576K
}
Event: 2.326 GC heap after
{Heap after GC invocations=3 (full 0):
 garbage-first heap   total reserved 2045952K, committed 129024K, used 14302K [0x0000000083200000, 0x0000000100000000)
  region size 1024K, 10 young (10240K), 10 survivors (10240K)
 Metaspace       used 16480K, committed 16768K, reserved 1114112K
  class space    used 1933K, committed 2048K, reserved 1048576K
}
Event: 3.245 GC heap before
{Heap before GC invocations=3 (full 0):
 garbage-first heap   total reserved 2045952K, committed 129024K, used 113630K [0x0000000083200000, 0x0000000100000000)
  region size 1024K, 75 young (76800K), 10 survivors (10240K)
 Metaspace       used 17973K, committed 18240K, reserved 1114112K
  class space    used 2053K, committed 2176K, reserved 1048576K
}
Event: 3.256 GC heap after
{Heap after GC invocations=4 (full 0):
 garbage-first heap   total reserved 2045952K, committed 129024K, used 17408K [0x0000000083200000, 0x0000000100000000)
  region size 1024K, 4 young (4096K), 4 survivors (4096K)
 Metaspace       used 17973K, committed 18240K, reserved 1114112K
  class space    used 2053K, committed 2176K, reserved 1048576K
}
Event: 3.992 GC heap before
{Heap before GC invocations=4 (full 0):
 garbage-first heap   total reserved 2045952K, committed 129024K, used 66560K [0x0000000083200000, 0x0000000100000000)
  region size 1024K, 48 young (49152K), 4 survivors (4096K)
 Metaspace       used 21201K, committed 21504K, reserved 1114112K
  class space    used 2426K, committed 2560K, reserved 1048576K
}
Event: 3.998 GC heap after
{Heap after GC invocations=5 (full 0):
 garbage-first heap   total reserved 2045952K, committed 129024K, used 27136K [0x0000000083200000, 0x0000000100000000)
  region size 1024K, 10 young (10240K), 10 survivors (10240K)
 Metaspace       used 21201K, committed 21504K, reserved 1114112K
  class space    used 2426K, committed 2560K, reserved 1048576K
}
Event: 4.806 GC heap before
{Heap before GC invocations=6 (full 0):
 garbage-first heap   total reserved 2045952K, committed 92160K, used 91648K [0x0000000083200000, 0x0000000100000000)
  region size 1024K, 71 young (72704K), 10 survivors (10240K)
 Metaspace       used 26999K, committed 27328K, reserved 1114112K
  class space    used 3080K, committed 3200K, reserved 1048576K
}
Event: 4.833 GC heap after
{Heap after GC invocations=7 (full 0):
 garbage-first heap   total reserved 2045952K, committed 120832K, used 45568K [0x0000000083200000, 0x0000000100000000)
  region size 1024K, 10 young (10240K), 10 survivors (10240K)
 Metaspace       used 26999K, committed 27328K, reserved 1114112K
  class space    used 3080K, committed 3200K, reserved 1048576K
}

Dll operation events (12 events):
Event: 0.018 Loaded shared library C:\Users\Youssef\.jdks\openjdk-22.0.1\bin\java.dll
Event: 0.082 Loaded shared library C:\Users\Youssef\.jdks\openjdk-22.0.1\bin\jsvml.dll
Event: 0.114 Loaded shared library C:\Users\Youssef\.jdks\openjdk-22.0.1\bin\zip.dll
Event: 0.118 Loaded shared library C:\Users\Youssef\.jdks\openjdk-22.0.1\bin\instrument.dll
Event: 0.122 Loaded shared library C:\Users\Youssef\.jdks\openjdk-22.0.1\bin\net.dll
Event: 0.123 Loaded shared library C:\Users\Youssef\.jdks\openjdk-22.0.1\bin\nio.dll
Event: 0.126 Loaded shared library C:\Users\Youssef\.jdks\openjdk-22.0.1\bin\zip.dll
Event: 0.138 Loaded shared library D:\Programming-Languages\IntelliJ IDEA 2024.1\bin\breakgen64.dll
Event: 0.146 Loaded shared library C:\Users\Youssef\.jdks\openjdk-22.0.1\bin\extnet.dll
Event: 0.283 Loaded shared library C:\Users\Youssef\.jdks\openjdk-22.0.1\bin\jimage.dll
Event: 0.376 Loaded shared library C:\Users\Youssef\AppData\Local\Temp\jansi-2.4.1-4468a743c2306519-jansi.dll
Event: 0.387 Loaded shared library C:\Users\Youssef\.jdks\openjdk-22.0.1\bin\verify.dll

Deoptimization events (20 events):
Event: 4.975 Thread 0x000001ed55943d60 DEOPT PACKING pc=0x000001ed66f35de8 sp=0x00000005275fcff0
Event: 4.975 Thread 0x000001ed55943d60 DEOPT UNPACKING pc=0x000001ed669d46a2 sp=0x00000005275fcf78 mode 2
Event: 4.975 Thread 0x000001ed55943d60 Uncommon trap: trap_request=0xffffffde fr.pc=0x000001ed66f35de8 relative=0x00000000000001c8
Event: 4.975 Thread 0x000001ed55943d60 Uncommon trap: reason=class_check action=maybe_recompile pc=0x000001ed66f35de8 method=java.lang.String.equals(Ljava/lang/Object;)Z @ 8 c2
Event: 4.975 Thread 0x000001ed55943d60 DEOPT PACKING pc=0x000001ed66f35de8 sp=0x00000005275fcfb0
Event: 4.975 Thread 0x000001ed55943d60 DEOPT UNPACKING pc=0x000001ed669d46a2 sp=0x00000005275fcf38 mode 2
Event: 4.984 Thread 0x000001ed55943d60 Uncommon trap: trap_request=0xffffff45 fr.pc=0x000001ed672fb738 relative=0x0000000000000118
Event: 4.984 Thread 0x000001ed55943d60 Uncommon trap: reason=unstable_if action=reinterpret pc=0x000001ed672fb738 method=com.sun.tools.javac.tree.TreeScanner.scan(Lcom/sun/tools/javac/util/List;)V @ 1 c2
Event: 4.984 Thread 0x000001ed55943d60 DEOPT PACKING pc=0x000001ed672fb738 sp=0x00000005275fd440
Event: 4.984 Thread 0x000001ed55943d60 DEOPT UNPACKING pc=0x000001ed669d46a2 sp=0x00000005275fd3d8 mode 2
Event: 4.988 Thread 0x000001ed55943d60 Uncommon trap: trap_request=0xffffff45 fr.pc=0x000001ed67100c2c relative=0x00000000000066ac
Event: 4.988 Thread 0x000001ed55943d60 Uncommon trap: reason=unstable_if action=reinterpret pc=0x000001ed67100c2c method=java.lang.invoke.MethodType.genericMethodType(IZ)Ljava/lang/invoke/MethodType; @ 38 c2
Event: 4.988 Thread 0x000001ed55943d60 DEOPT PACKING pc=0x000001ed67100c2c sp=0x00000005275faa80
Event: 4.988 Thread 0x000001ed55943d60 DEOPT UNPACKING pc=0x000001ed669d46a2 sp=0x00000005275fa8a8 mode 2
Event: 5.008 Thread 0x000001ed55943d60 DEOPT PACKING pc=0x000001ed602259a4 sp=0x00000005275fc840
Event: 5.008 Thread 0x000001ed55943d60 DEOPT UNPACKING pc=0x000001ed669d4e42 sp=0x00000005275fbd98 mode 0
Event: 5.012 Thread 0x000001ed55943d60 Uncommon trap: trap_request=0xffffffde fr.pc=0x000001ed67301724 relative=0x0000000000000b04
Event: 5.012 Thread 0x000001ed55943d60 Uncommon trap: reason=class_check action=maybe_recompile pc=0x000001ed67301724 method=java.util.HashMap.removeNode(ILjava/lang/Object;Ljava/lang/Object;ZZ)Ljava/util/HashMap$Node; @ 68 c2
Event: 5.012 Thread 0x000001ed55943d60 DEOPT PACKING pc=0x000001ed67301724 sp=0x00000005275fc370
Event: 5.012 Thread 0x000001ed55943d60 DEOPT UNPACKING pc=0x000001ed669d46a2 sp=0x00000005275fc298 mode 2

Classes loaded (20 events):
Event: 4.649 Loading class java/nio/file/FileTreeWalker$1
Event: 4.649 Loading class java/nio/file/FileTreeWalker$1 done
Event: 4.890 Loading class java/util/stream/ReduceOps$1
Event: 4.891 Loading class java/util/stream/ReduceOps$1 done
Event: 4.892 Loading class java/util/stream/ReduceOps$1ReducingSink
Event: 4.892 Loading class java/util/stream/ReduceOps$1ReducingSink done
Event: 4.917 Loading class java/util/EnumMap$EntrySet
Event: 4.917 Loading class java/util/EnumMap$EntrySet done
Event: 4.917 Loading class java/util/EnumMap$EntryIterator
Event: 4.917 Loading class java/util/EnumMap$EnumMapIterator
Event: 4.918 Loading class java/util/EnumMap$EnumMapIterator done
Event: 4.918 Loading class java/util/EnumMap$EntryIterator done
Event: 4.918 Loading class java/util/EnumMap$EntryIterator$Entry
Event: 4.918 Loading class java/util/EnumMap$EntryIterator$Entry done
Event: 4.960 Loading class java/util/function/ToIntBiFunction
Event: 4.960 Loading class java/util/function/ToIntBiFunction done
Event: 4.990 Loading class java/util/stream/ReduceOps$2
Event: 4.990 Loading class java/util/stream/ReduceOps$2 done
Event: 4.990 Loading class java/util/stream/ReduceOps$2ReducingSink
Event: 4.990 Loading class java/util/stream/ReduceOps$2ReducingSink done

Classes unloaded (0 events):
No events

Classes redefined (0 events):
No events

Internal exceptions (20 events):
Event: 4.844 Thread 0x000001ed55943d60 Exception <a 'sun/nio/fs/WindowsException'{0x0000000088aa4bb8}> (0x0000000088aa4bb8) 
thrown [s\open\src\hotspot\share\prims\jni.cpp, line 520]
Event: 4.853 Thread 0x000001ed55943d60 Exception <a 'sun/nio/fs/WindowsException'{0x0000000088858880}> (0x0000000088858880) 
thrown [s\open\src\hotspot\share\prims\jni.cpp, line 520]
Event: 4.853 Thread 0x000001ed55943d60 Exception <a 'sun/nio/fs/WindowsException'{0x000000008886d140}> (0x000000008886d140) 
thrown [s\open\src\hotspot\share\prims\jni.cpp, line 520]
Event: 4.853 Thread 0x000001ed55943d60 Exception <a 'sun/nio/fs/WindowsException'{0x000000008889bd90}> (0x000000008889bd90) 
thrown [s\open\src\hotspot\share\prims\jni.cpp, line 520]
Event: 4.853 Thread 0x000001ed55943d60 Exception <a 'sun/nio/fs/WindowsException'{0x000000008889ca38}> (0x000000008889ca38) 
thrown [s\open\src\hotspot\share\prims\jni.cpp, line 520]
Event: 4.855 Thread 0x000001ed55943d60 Exception <a 'sun/nio/fs/WindowsException'{0x00000000888fa708}> (0x00000000888fa708) 
thrown [s\open\src\hotspot\share\prims\jni.cpp, line 520]
Event: 4.855 Thread 0x000001ed55943d60 Exception <a 'sun/nio/fs/WindowsException'{0x000000008870bc60}> (0x000000008870bc60) 
thrown [s\open\src\hotspot\share\prims\jni.cpp, line 520]
Event: 4.855 Thread 0x000001ed55943d60 Exception <a 'sun/nio/fs/WindowsException'{0x000000008872b0d0}> (0x000000008872b0d0) 
thrown [s\open\src\hotspot\share\prims\jni.cpp, line 520]
Event: 4.855 Thread 0x000001ed55943d60 Exception <a 'sun/nio/fs/WindowsException'{0x000000008872bdb8}> (0x000000008872bdb8) 
thrown [s\open\src\hotspot\share\prims\jni.cpp, line 520]
Event: 4.870 Thread 0x000001ed55943d60 Exception <a 'sun/nio/fs/WindowsException'{0x00000000886686e8}> (0x00000000886686e8) 
thrown [s\open\src\hotspot\share\prims\jni.cpp, line 520]
Event: 4.871 Thread 0x000001ed55943d60 Exception <a 'sun/nio/fs/WindowsException'{0x0000000088676b28}> (0x0000000088676b28) 
thrown [s\open\src\hotspot\share\prims\jni.cpp, line 520]
Event: 4.871 Thread 0x000001ed55943d60 Exception <a 'sun/nio/fs/WindowsException'{0x000000008869fa88}> (0x000000008869fa88) 
thrown [s\open\src\hotspot\share\prims\jni.cpp, line 520]
Event: 4.871 Thread 0x000001ed55943d60 Exception <a 'sun/nio/fs/WindowsException'{0x00000000886a04b8}> (0x00000000886a04b8) 
thrown [s\open\src\hotspot\share\prims\jni.cpp, line 520]
Event: 4.872 Thread 0x000001ed55943d60 Exception <a 'sun/nio/fs/WindowsException'{0x00000000886afa00}> (0x00000000886afa00) 
thrown [s\open\src\hotspot\share\prims\jni.cpp, line 520]
Event: 4.872 Thread 0x000001ed55943d60 Exception <a 'sun/nio/fs/WindowsException'{0x00000000886b26e0}> (0x00000000886b26e0) 
thrown [s\open\src\hotspot\share\prims\jni.cpp, line 520]
Event: 4.872 Thread 0x000001ed55943d60 Exception <a 'sun/nio/fs/WindowsException'{0x00000000886b91b0}> (0x00000000886b91b0) 
thrown [s\open\src\hotspot\share\prims\jni.cpp, line 520]
Event: 4.872 Thread 0x000001ed55943d60 Exception <a 'sun/nio/fs/WindowsException'{0x00000000886b9be8}> (0x00000000886b9be8) 
thrown [s\open\src\hotspot\share\prims\jni.cpp, line 520]
Event: 4.913 Thread 0x000001ed55943d60 Exception <a 'java/lang/NoSuchMethodError'{0x00000000884b09d0}: 'int java.lang.invoke.DirectMethodHandle$Holder.invokeVirtual(java.lang.Object, java.lang.Object, java.lang.Object, java.lang.Object)'> (0x00000000884b09d0) 
thrown [s\open\src\hotspot\share\interpreter\linkResolver.cpp, line 774]
Event: 4.913 Thread 0x000001ed55943d60 Exception <a 'java/lang/NoSuchMethodError'{0x00000000884bab08}: 'java.lang.Object java.lang.invoke.DirectMethodHandle$Holder.newInvokeSpecial(java.lang.Object, java.lang.Object, int, java.lang.Object)'> (0x00000000884bab08) 
thrown [s\open\src\hotspot\share\interpreter\linkResolver.cpp, line 774]
Event: 4.988 Thread 0x000001ed55943d60 Exception <a 'java/lang/NoSuchMethodError'{0x00000000882b42a0}: 'java.lang.Object java.lang.invoke.DirectMethodHandle$Holder.newInvokeSpecial(java.lang.Object, java.lang.Object, java.lang.Object, java.lang.Object, java.lang.Object, java.lang.Object, java.lang.Object, java.lang.Object)'> (0x00000000882b42a0) 
thrown [s\open\src\hotspot\share\interpreter\linkResolver.cpp, line 774]

ZGC Phase Switch (0 events):
No events

VM Operations (20 events):
Event: 4.806 Executing VM operation: G1CollectForAllocation (G1 Evacuation Pause)
Event: 4.833 Executing VM operation: G1CollectForAllocation (G1 Evacuation Pause) done
Event: 4.892 Executing VM operation: HandshakeAllThreads (Deoptimize)
Event: 4.892 Executing VM operation: HandshakeAllThreads (Deoptimize) done
Event: 4.908 Executing VM operation: HandshakeAllThreads (Deoptimize)
Event: 4.908 Executing VM operation: HandshakeAllThreads (Deoptimize) done
Event: 4.920 Executing VM operation: ICBufferFull
Event: 4.920 Executing VM operation: ICBufferFull done
Event: 4.925 Executing VM operation: HandshakeAllThreads (Deoptimize)
Event: 4.925 Executing VM operation: HandshakeAllThreads (Deoptimize) done
Event: 4.953 Executing VM operation: HandshakeAllThreads (Deoptimize)
Event: 4.953 Executing VM operation: HandshakeAllThreads (Deoptimize) done
Event: 4.971 Executing VM operation: ICBufferFull
Event: 4.971 Executing VM operation: ICBufferFull done
Event: 4.993 Executing VM operation: HandshakeAllThreads (Deoptimize)
Event: 4.993 Executing VM operation: HandshakeAllThreads (Deoptimize) done
Event: 5.007 Executing VM operation: HandshakeAllThreads (Deoptimize)
Event: 5.007 Executing VM operation: HandshakeAllThreads (Deoptimize) done
Event: 5.007 Executing VM operation: HandshakeAllThreads (Deoptimize)
Event: 5.007 Executing VM operation: HandshakeAllThreads (Deoptimize) done

Events (17 events):
Event: 0.064 Thread 0x000001ed55943d60 Thread added: 0x000001ed55943d60
Event: 0.080 Thread 0x000001ed744c6df0 Thread added: 0x000001ed744c6df0
Event: 0.080 Thread 0x000001ed744c7c10 Thread added: 0x000001ed744c7c10
Event: 0.080 Thread 0x000001ed744cb640 Thread added: 0x000001ed744cb640
Event: 0.080 Thread 0x000001ed744ce330 Thread added: 0x000001ed744ce330
Event: 0.080 Thread 0x000001ed744d6da0 Thread added: 0x000001ed744d6da0
Event: 0.080 Thread 0x000001ed744f8550 Thread added: 0x000001ed744f8550
Event: 0.080 Thread 0x000001ed74502030 Thread added: 0x000001ed74502030
Event: 0.080 Thread 0x000001ed74504d10 Thread added: 0x000001ed74504d10
Event: 0.099 Thread 0x000001ed74493960 Thread added: 0x000001ed74493960
Event: 0.139 Thread 0x000001ed45386990 Thread added: 0x000001ed45386990
Event: 0.139 Thread 0x000001ed45387000 Thread added: 0x000001ed45387000
Event: 0.281 Thread 0x000001ed454f05b0 Thread added: 0x000001ed454f05b0
Event: 0.305 Thread 0x000001ed454f05b0 Thread exited: 0x000001ed454f05b0
Event: 0.529 Thread 0x000001ed458e6a90 Thread added: 0x000001ed458e6a90
Event: 0.727 Thread 0x000001ed45cff1d0 Thread added: 0x000001ed45cff1d0
Event: 1.538 Thread 0x000001ed465771a0 Thread added: 0x000001ed465771a0


Dynamic libraries:
0x00007ff7c23f0000 - 0x00007ff7c23fe000 	C:\Users\Youssef\.jdks\openjdk-22.0.1\bin\java.exe
0x00007ff9c3170000 - 0x00007ff9c3368000 	C:\WINDOWS\SYSTEM32\ntdll.dll
0x00007ff9c11b0000 - 0x00007ff9c126d000 	C:\WINDOWS\System32\KERNEL32.DLL
0x00007ff9c0a90000 - 0x00007ff9c0d86000 	C:\WINDOWS\System32\KERNELBASE.dll
0x00007ff9c0f90000 - 0x00007ff9c1090000 	C:\WINDOWS\System32\ucrtbase.dll
0x00007ff9a8a20000 - 0x00007ff9a8a3b000 	C:\Users\Youssef\.jdks\openjdk-22.0.1\bin\VCRUNTIME140.dll
0x00007ff9a9510000 - 0x00007ff9a9527000 	C:\Users\Youssef\.jdks\openjdk-22.0.1\bin\jli.dll
0x00007ff9c1270000 - 0x00007ff9c140f000 	C:\WINDOWS\System32\USER32.dll
0x00007ff9c08c0000 - 0x00007ff9c08e2000 	C:\WINDOWS\System32\win32u.dll
0x00007ff9c1d70000 - 0x00007ff9c1d9b000 	C:\WINDOWS\System32\GDI32.dll
0x00007ff9c1090000 - 0x00007ff9c11a7000 	C:\WINDOWS\System32\gdi32full.dll
0x00007ff9a8a40000 - 0x00007ff9a8cda000 	C:\WINDOWS\WinSxS\amd64_microsoft.windows.common-controls_6595b64144ccf1df_6.0.19041.4355_none_60b8b9eb71f62e16\COMCTL32.dll
0x00007ff9c0ef0000 - 0x00007ff9c0f8d000 	C:\WINDOWS\System32\msvcp_win.dll
0x00007ff9c2450000 - 0x00007ff9c24ee000 	C:\WINDOWS\System32\msvcrt.dll
0x00007ff9c3100000 - 0x00007ff9c312f000 	C:\WINDOWS\System32\IMM32.DLL
0x00007ff9bdaf0000 - 0x00007ff9bdafc000 	C:\Users\Youssef\.jdks\openjdk-22.0.1\bin\vcruntime140_1.dll
0x00007ff9a7370000 - 0x00007ff9a73fe000 	C:\Users\Youssef\.jdks\openjdk-22.0.1\bin\msvcp140.dll
0x00007ff9750f0000 - 0x00007ff975e37000 	C:\Users\Youssef\.jdks\openjdk-22.0.1\bin\server\jvm.dll
0x00007ff9c29d0000 - 0x00007ff9c2a80000 	C:\WINDOWS\System32\ADVAPI32.dll
0x00007ff9c1410000 - 0x00007ff9c14b0000 	C:\WINDOWS\System32\sechost.dll
0x00007ff9c2f20000 - 0x00007ff9c3043000 	C:\WINDOWS\System32\RPCRT4.dll
0x00007ff9c08f0000 - 0x00007ff9c0917000 	C:\WINDOWS\System32\bcrypt.dll
0x00007ff9c2960000 - 0x00007ff9c29cb000 	C:\WINDOWS\System32\WS2_32.dll
0x00007ff9bfd70000 - 0x00007ff9bfdbb000 	C:\WINDOWS\SYSTEM32\POWRPROF.dll
0x00007ff9b1450000 - 0x00007ff9b1477000 	C:\WINDOWS\SYSTEM32\WINMM.dll
0x00007ff9b5020000 - 0x00007ff9b502a000 	C:\WINDOWS\SYSTEM32\VERSION.dll
0x00007ff9bfbe0000 - 0x00007ff9bfbf2000 	C:\WINDOWS\SYSTEM32\UMPDC.dll
0x00007ff9bf000000 - 0x00007ff9bf012000 	C:\WINDOWS\SYSTEM32\kernel.appcore.dll
0x00007ff9b8b70000 - 0x00007ff9b8b7a000 	C:\Users\Youssef\.jdks\openjdk-22.0.1\bin\jimage.dll
0x00007ff9b9670000 - 0x00007ff9b9854000 	C:\WINDOWS\SYSTEM32\DBGHELP.DLL
0x00007ff9b3700000 - 0x00007ff9b3734000 	C:\WINDOWS\SYSTEM32\dbgcore.DLL
0x00007ff9c0830000 - 0x00007ff9c08b2000 	C:\WINDOWS\System32\bcryptPrimitives.dll
0x00007ff9b3d60000 - 0x00007ff9b3d6f000 	C:\Users\Youssef\.jdks\openjdk-22.0.1\bin\instrument.dll
0x00007ff9a8a00000 - 0x00007ff9a8a1e000 	C:\Users\Youssef\.jdks\openjdk-22.0.1\bin\java.dll
0x00007ff9c15a0000 - 0x00007ff9c1d0c000 	C:\WINDOWS\System32\SHELL32.dll
0x00007ff9c2a80000 - 0x00007ff9c2bab000 	C:\WINDOWS\System32\ole32.dll
0x00007ff9c20f0000 - 0x00007ff9c2443000 	C:\WINDOWS\System32\combase.dll
0x00007ff9be850000 - 0x00007ff9befed000 	C:\WINDOWS\SYSTEM32\windows.storage.dll
0x00007ff9c0170000 - 0x00007ff9c019e000 	C:\WINDOWS\SYSTEM32\Wldp.dll
0x00007ff9c2c20000 - 0x00007ff9c2ced000 	C:\WINDOWS\System32\OLEAUT32.dll
0x00007ff9c2d50000 - 0x00007ff9c2dfd000 	C:\WINDOWS\System32\SHCORE.dll
0x00007ff9c2cf0000 - 0x00007ff9c2d45000 	C:\WINDOWS\System32\shlwapi.dll
0x00007ff9c0760000 - 0x00007ff9c0784000 	C:\WINDOWS\SYSTEM32\profapi.dll
0x00007ff980790000 - 0x00007ff980867000 	C:\Users\Youssef\.jdks\openjdk-22.0.1\bin\jsvml.dll
0x00007ff9a78d0000 - 0x00007ff9a78e7000 	C:\Users\Youssef\.jdks\openjdk-22.0.1\bin\zip.dll
0x00007ff9b8b00000 - 0x00007ff9b8b10000 	C:\Users\Youssef\.jdks\openjdk-22.0.1\bin\net.dll
0x00007ff9bff50000 - 0x00007ff9bffba000 	C:\WINDOWS\system32\mswsock.dll
0x00007ff9a7980000 - 0x00007ff9a7996000 	C:\Users\Youssef\.jdks\openjdk-22.0.1\bin\nio.dll
0x00007ff99c000000 - 0x00007ff99c01a000 	D:\Programming-Languages\IntelliJ IDEA 2024.1\bin\breakgen64.dll
0x00007ff9a78a0000 - 0x00007ff9a78a9000 	C:\Users\Youssef\.jdks\openjdk-22.0.1\bin\extnet.dll
0x00007ff98c720000 - 0x00007ff98c744000 	C:\Users\Youssef\AppData\Local\Temp\jansi-2.4.1-4468a743c2306519-jansi.dll
0x00007ff9aac40000 - 0x00007ff9aac50000 	C:\Users\Youssef\.jdks\openjdk-22.0.1\bin\verify.dll

dbghelp: loaded successfully - version: 4.0.5 - missing functions: none
symbol engine: initialized successfully - sym options: 0x614 - pdb path: .;C:\Users\Youssef\.jdks\openjdk-22.0.1\bin;C:\WINDOWS\SYSTEM32;C:\WINDOWS\WinSxS\amd64_microsoft.windows.common-controls_6595b64144ccf1df_6.0.19041.4355_none_60b8b9eb71f62e16;C:\Users\Youssef\.jdks\openjdk-22.0.1\bin\server;D:\Programming-Languages\IntelliJ IDEA 2024.1\bin;C:\Users\Youssef\AppData\Local\Temp

VM Arguments:
jvm_args: -Dmaven.multiModuleProjectDirectory=D:\Computer science\Tasaheel\userManagement -Djansi.passthrough=true -Dmaven.home=C:\Users\Youssef\.m2\wrapper\dists\apache-maven-3.9.7-bin\3k9n615lchs6mp84v355m633uo\apache-maven-3.9.7 -Dclassworlds.conf=C:\Users\Youssef\.m2\wrapper\dists\apache-maven-3.9.7-bin\3k9n615lchs6mp84v355m633uo\apache-maven-3.9.7\bin\m2.conf -Dmaven.ext.class.path=D:\Programming-Languages\IntelliJ IDEA 2024.1\plugins\maven\lib\maven-event-listener.jar -javaagent:D:\Programming-Languages\IntelliJ IDEA 2024.1\lib\idea_rt.jar=64075:D:\Programming-Languages\IntelliJ IDEA 2024.1\bin -Dfile.encoding=UTF-8 -Dsun.stdout.encoding=UTF-8 -Dsun.stderr.encoding=UTF-8 
java_command: org.codehaus.classworlds.Launcher -Didea.version=2024.1 package
java_class_path (initial): C:\Users\Youssef\.m2\wrapper\dists\apache-maven-3.9.7-bin\3k9n615lchs6mp84v355m633uo\apache-maven-3.9.7\boot\plexus-classworlds-2.8.0.jar;C:\Users\Youssef\.m2\wrapper\dists\apache-maven-3.9.7-bin\3k9n615lchs6mp84v355m633uo\apache-maven-3.9.7\boot\plexus-classworlds.license
Launcher Type: SUN_STANDARD

[Global flags]
     intx CICompilerCount                          = 4                                         {product} {ergonomic}
     uint ConcGCThreads                            = 3                                         {product} {ergonomic}
     uint G1ConcRefinementThreads                  = 10                                        {product} {ergonomic}
   size_t G1HeapRegionSize                         = 1048576                                   {product} {ergonomic}
   size_t InitialHeapSize                          = 132120576                                 {product} {ergonomic}
   size_t MarkStackSize                            = 4194304                                   {product} {ergonomic}
   size_t MaxHeapSize                              = 2095054848                                {product} {ergonomic}
   size_t MaxNewSize                               = 1256194048                                {product} {ergonomic}
   size_t MinHeapDeltaBytes                        = 1048576                                   {product} {ergonomic}
   size_t MinHeapSize                              = 8388608                                   {product} {ergonomic}
    uintx NonNMethodCodeHeapSize                   = 5839372                                {pd product} {ergonomic}
    uintx NonProfiledCodeHeapSize                  = 122909434                              {pd product} {ergonomic}
    uintx ProfiledCodeHeapSize                     = 122909434                              {pd product} {ergonomic}
    uintx ReservedCodeCacheSize                    = 251658240                              {pd product} {ergonomic}
     bool SegmentedCodeCache                       = true                                      {product} {ergonomic}
   size_t SoftMaxHeapSize                          = 2095054848                             {manageable} {ergonomic}
     bool UseCompressedOops                        = true                           {product lp64_product} {ergonomic}
     bool UseG1GC                                  = true                                      {product} {ergonomic}
     bool UseLargePagesIndividualAllocation        = false                                  {pd product} {ergonomic}

Logging:
Log output configuration:
 #0: stdout all=warning uptime,level,tags foldmultilines=false
 #1: stderr all=off uptime,level,tags foldmultilines=false

Environment Variables:
JAVA_HOME=C:\Program Files\Java\jdk-17\bin
PATH=C:\Program Files (x86)\Common Files\Oracle\Java\java8path;C:\Program Files (x86)\Common Files\Oracle\Java\javapath;C:\WINDOWS\system32;C:\WINDOWS;C:\WINDOWS\System32\Wbem;C:\WINDOWS\System32\WindowsPowerShell\v1.0\;C:\WINDOWS\System32\OpenSSH\;D:\Java\bin;C:\Program Files\dotnet\;C:\Program Files\Java\jdk-17\bin;C:\Python27\Scripts;C:\Python27;C:\Program Files\NVIDIA Corporation\NVIDIA NvDLISR;D:\PyCharm\;D:\Programming-Languages;D:\Computer science\MongoDB\mongosh-2.0.2-win32-x64\bin;C:\Program Files (x86)\NVIDIA Corporation\PhysX\Common;C:\Program Files\Docker\Docker\resources\bin;C:\Program Files\MySQL\MySQL Server 8.0\bin;C:\Users\Youssef\AppData\Local\Microsoft\WindowsApps\python.exe;C:\Program Files\Git\cmd;C:\Program Files\MySQL\MySQL Shell 8.0\bin\;C:\Users\Youssef\AppData\Local\Microsoft\WindowsApps;D:\PyCharm\PyCharm Community Edition 2020.3.1\bin;;C:\Users\Youssef\.dotnet\tools;C:\ProgramData\Youssef\GitHubDesktop\bin;C:\Program Files\Java\jdk-17\bin;D:\Computer science\Flutter\dart-sdk\bin;C:\Users\Youssef\AppData\Local\Programs\Microsoft VS Code\bin;C:\Users\Youssef\AppData\Roaming\npm;D:\Programming-Languages;C:\Users\Youssef\AppData\Local\GitHubDesktop\bin;C:\Users\Youssef\Desktop\jasypt-master;;D:\Programming-Languages\IntelliJ IDEA 2024.1\bin;
USERNAME=Youssef
OS=Windows_NT
PROCESSOR_IDENTIFIER=Intel64 Family 6 Model 165 Stepping 2, GenuineIntel
TMP=C:\Users\Youssef\AppData\Local\Temp
TEMP=C:\Users\Youssef\AppData\Local\Temp




Periodic native trim disabled

---------------  S Y S T E M  ---------------

OS:
 Windows 10 , 64 bit Build 19041 (10.0.19041.3636)
OS uptime: 0 days 18:52 hours
Hyper-V role detected

CPU: total 12 (initial active 12) (6 cores per cpu, 2 threads per core) family 6 model 165 stepping 2 microcode 0xf8, cx8, cmov, fxsr, ht, mmx, 3dnowpref, sse, sse2, sse3, ssse3, sse4.1, sse4.2, popcnt, lzcnt, tsc, tscinvbit, avx, avx2, aes, erms, clmul, bmi1, bmi2, adx, fma, vzeroupper, clflush, clflushopt, hv, rdtscp, f16c
Processor Information for all 12 processors :
  Max Mhz: 2592, Current Mhz: 2592, Mhz Limit: 2592

Memory: 4k page, system-wide physical 7985M (457M free)
TotalPageFile size 12081M (AvailPageFile size 5M)
current process WorkingSet (physical memory assigned to process): 274M, peak: 274M
current process commit charge ("private bytes"): 313M, peak: 313M

vm_info: OpenJDK 64-Bit Server VM (22.0.1+8-16) for windows-amd64 JRE (22.0.1+8-16), built on 2024-03-12T10:33:16Z by "mach5one" with MS VC++ 17.6 (VS2022)

END.
