#
# There is insufficient memory for the Java Runtime Environment to continue.
# Native memory allocation (mmap) failed to map 65536 bytes for Failed to commit metaspace.
# Possible reasons:
#   The system is out of physical RAM or swap space
#   The process is running with CompressedOops enabled, and the Java Heap may be blocking the growth of the native heap
# Possible solutions:
#   Reduce memory load on the system
#   Increase physical memory or swap space
#   Check if swap backing store is full
#   Decrease Java heap size (-Xmx/-Xms)
#   Decrease number of Java threads
#   Decrease Java thread stack sizes (-Xss)
#   Set larger code cache with -XX:ReservedCodeCacheSize=
#   JVM is running with Unscaled Compressed Oops mode in which the Java heap is
#     placed in the first 4GB address space. The Java Heap base address is the
#     maximum limit for the native heap growth. Please use -XX:HeapBaseMinAddress
#     to set the Java Heap base and to place the Java Heap above 4GB virtual address.
# This output file may be truncated or incomplete.
#
#  Out of Memory Error (virtualSpaceNode.cpp:110), pid=3784, tid=2180
#
# JRE version: Java(TM) SE Runtime Environment (20.0.1+9) (build 20.0.1+9-29)
# Java VM: Java HotSpot(TM) 64-Bit Server VM (20.0.1+9-29, mixed mode, emulated-client, sharing, tiered, compressed oops, compressed class ptrs, g1 gc, windows-amd64)
# No core dump will be written. Minidumps are not enabled by default on client versions of Windows
#

---------------  S U M M A R Y ------------

Command Line: -XX:TieredStopAtLevel=1 -Dspring.output.ansi.enabled=always -Dcom.sun.management.jmxremote -Dspring.jmx.enabled=true -Dspring.liveBeansView.mbeanDomain -Dspring.application.admin.enabled=true -Dmanagement.endpoints.jmx.exposure.include=* -javaagent:D:\Programming-Languages\IntelliJ IDEA 2024.1\lib\idea_rt.jar=58253:D:\Programming-Languages\IntelliJ IDEA 2024.1\bin -Dfile.encoding=UTF-8 -Dsun.stdout.encoding=UTF-8 -Dsun.stderr.encoding=UTF-8 Graduation.Project.Tasaheel.TasaheelApplication

Host: Intel(R) Core(TM) i7-10750H CPU @ 2.60GHz, 12 cores, 7G,  Windows 10 , 64 bit Build 19041 (10.0.19041.3636)
Time: Thu Jun 27 23:42:37 2024 Egypt Daylight Time elapsed time: 0.958391 seconds (0d 0h 0m 0s)

---------------  T H R E A D  ---------------

Current thread (0x0000015b5c03a750):  JavaThread "main" [_thread_in_vm, id=2180, stack(0x00000045f7400000,0x00000045f7500000)]

Stack: [0x00000045f7400000,0x00000045f7500000]
Native frames: (J=compiled Java code, j=interpreted, Vv=VM code, C=native code)
V  [jvm.dll+0x6bb95a]
V  [jvm.dll+0x8485fa]
V  [jvm.dll+0x84a1f5]
V  [jvm.dll+0x84a8f3]
V  [jvm.dll+0x280b0f]
V  [jvm.dll+0x84453b]
V  [jvm.dll+0x65fd86]
V  [jvm.dll+0x1eb4e7]
V  [jvm.dll+0x6627a2]
V  [jvm.dll+0x66258e]
V  [jvm.dll+0x66079e]
V  [jvm.dll+0x27df7c]
V  [jvm.dll+0x7107ed]
V  [jvm.dll+0x7112ef]
V  [jvm.dll+0x3c8207]
V  [jvm.dll+0x3c72a7]
V  [jvm.dll+0x3c7248]
V  [jvm.dll+0x3d853a]
C  0x0000015b6410dbdf

Java frames: (J=compiled Java code, j=interpreted, Vv=VM code)
j  org.springframework.boot.autoconfigure.SharedMetadataReaderFactoryContextInitializer.initialize(Lorg/springframework/context/ConfigurableApplicationContext;)V+7
j  org.springframework.boot.SpringApplication.applyInitializers(Lorg/springframework/context/ConfigurableApplicationContext;)V+51
j  org.springframework.boot.SpringApplication.prepareContext(Lorg/springframework/boot/DefaultBootstrapContext;Lorg/springframework/context/ConfigurableApplicationContext;Lorg/springframework/core/env/ConfigurableEnvironment;Lorg/springframework/boot/SpringApplicationRunListeners;Lorg/springframework/boot/ApplicationArguments;Lorg/springframework/boot/Banner;)V+22
j  org.springframework.boot.SpringApplication.run([Ljava/lang/String;)Lorg/springframework/context/ConfigurableApplicationContext;+104
j  org.springframework.boot.SpringApplication.run([Ljava/lang/Class;[Ljava/lang/String;)Lorg/springframework/context/ConfigurableApplicationContext;+9
j  org.springframework.boot.SpringApplication.run(Ljava/lang/Class;[Ljava/lang/String;)Lorg/springframework/context/ConfigurableApplicationContext;+9
j  Graduation.Project.Tasaheel.TasaheelApplication.main([Ljava/lang/String;)V+3
v  ~StubRoutines::call_stub 0x0000015b640e100d

---------------  P R O C E S S  ---------------

Threads class SMR info:
_java_thread_list=0x0000015b71f96650, length=15, elements={
0x0000015b5c03a750, 0x0000015b6cc03200, 0x0000015b6cc041a0, 0x0000015b6cc074b0,
0x0000015b6cc0a0c0, 0x0000015b6cc0bbb0, 0x0000015b6cc0c690, 0x0000015b6cc18680,
0x0000015b6cbcd380, 0x0000015b710e4870, 0x0000015b710e6e10, 0x0000015b71597790,
0x0000015b71597ce0, 0x0000015b7172d510, 0x0000015b71fda7d0
}

Java Threads: ( => current thread )
=>0x0000015b5c03a750 JavaThread "main" [_thread_in_vm, id=2180, stack(0x00000045f7400000,0x00000045f7500000)]
  0x0000015b6cc03200 JavaThread "Reference Handler" daemon [_thread_blocked, id=19160, stack(0x00000045f7b00000,0x00000045f7c00000)]
  0x0000015b6cc041a0 JavaThread "Finalizer" daemon [_thread_blocked, id=14440, stack(0x00000045f7c00000,0x00000045f7d00000)]
  0x0000015b6cc074b0 JavaThread "Signal Dispatcher" daemon [_thread_blocked, id=12376, stack(0x00000045f7d00000,0x00000045f7e00000)]
  0x0000015b6cc0a0c0 JavaThread "Attach Listener" daemon [_thread_blocked, id=5160, stack(0x00000045f7e00000,0x00000045f7f00000)]
  0x0000015b6cc0bbb0 JavaThread "Service Thread" daemon [_thread_blocked, id=4988, stack(0x00000045f7f00000,0x00000045f8000000)]
  0x0000015b6cc0c690 JavaThread "Monitor Deflation Thread" daemon [_thread_blocked, id=10452, stack(0x00000045f8000000,0x00000045f8100000)]
  0x0000015b6cc18680 JavaThread "C1 CompilerThread0" daemon [_thread_blocked, id=7412, stack(0x00000045f8100000,0x00000045f8200000)]
  0x0000015b6cbcd380 JavaThread "Common-Cleaner" daemon [_thread_blocked, id=16444, stack(0x00000045f8200000,0x00000045f8300000)]
  0x0000015b710e4870 JavaThread "C1 CompilerThread1" daemon [_thread_blocked, id=9784, stack(0x00000045f8300000,0x00000045f8400000)]
  0x0000015b710e6e10 JavaThread "C1 CompilerThread2" daemon [_thread_blocked, id=10876, stack(0x00000045f8400000,0x00000045f8500000)]
  0x0000015b71597790 JavaThread "Monitor Ctrl-Break" daemon [_thread_in_native, id=19216, stack(0x00000045f8500000,0x00000045f8600000)]
  0x0000015b71597ce0 JavaThread "Notification Thread" daemon [_thread_blocked, id=10340, stack(0x00000045f8600000,0x00000045f8700000)]
  0x0000015b7172d510 JavaThread "RMI TCP Accept-0" daemon [_thread_in_native, id=16756, stack(0x00000045f8700000,0x00000045f8800000)]
  0x0000015b71fda7d0 JavaThread "background-preinit" [_thread_in_vm, id=12820, stack(0x00000045f8f00000,0x00000045f9000000)]

Other Threads:
  0x0000015b6cbe22b0 VMThread "VM Thread" [stack: 0x00000045f7a00000,0x00000045f7b00000] [id=11364]
  0x0000015b7172cf40 WatcherThread "VM Periodic Task Thread" [stack: 0x00000045f8800000,0x00000045f8900000] [id=10724]
  0x0000015b5c093b60 WorkerThread "GC Thread#0" [stack: 0x00000045f7500000,0x00000045f7600000] [id=14712]
  0x0000015b71ad7080 WorkerThread "GC Thread#1" [stack: 0x00000045f8900000,0x00000045f8a00000] [id=9176]
  0x0000015b71b1e060 WorkerThread "GC Thread#2" [stack: 0x00000045f8a00000,0x00000045f8b00000] [id=15892]
  0x0000015b71b54ac0 WorkerThread "GC Thread#3" [stack: 0x00000045f8b00000,0x00000045f8c00000] [id=6960]
  0x0000015b71b55650 WorkerThread "GC Thread#4" [stack: 0x00000045f8c00000,0x00000045f8d00000] [id=19384]
  0x0000015b71b55380 WorkerThread "GC Thread#5" [stack: 0x00000045f8d00000,0x00000045f8e00000] [id=692]
  0x0000015b71b56190 WorkerThread "GC Thread#6" [stack: 0x00000045f8e00000,0x00000045f8f00000] [id=15856]
  0x0000015b5c0a6400 ConcurrentGCThread "G1 Main Marker" [stack: 0x00000045f7600000,0x00000045f7700000] [id=1160]
  0x0000015b5c0a74e0 WorkerThread "G1 Conc#0" [stack: 0x00000045f7700000,0x00000045f7800000] [id=4312]
  0x0000015b6caa4570 ConcurrentGCThread "G1 Refine#0" [stack: 0x00000045f7800000,0x00000045f7900000] [id=3192]
  0x0000015b6caa4cc0 ConcurrentGCThread "G1 Service" [stack: 0x00000045f7900000,0x00000045f7a00000] [id=2096]

Threads with active compile tasks:

VM state: not at safepoint (normal execution)

VM Mutex/Monitor currently owned by a thread:  ([mutex/lock_event])
[0x0000015b5c024db0] Metaspace_lock - owner thread: 0x0000015b5c03a750

Heap address: 0x0000000083200000, size: 1998 MB, Compressed Oops mode: 32-bit

CDS archive(s) mapped at: [0x0000000800000000-0x0000000800c60000-0x0000000800c60000), size 12976128, SharedBaseAddress: 0x0000000800000000, ArchiveRelocationMode: 0.
Compressed class space mapped at: 0x0000000801000000-0x0000000841000000, reserved size: 1073741824
Narrow klass base: 0x0000000800000000, Narrow klass shift: 0, Narrow klass range: 0x100000000

GC Precious Log:
 CardTable entry size: 512
 Card Set container configuration: InlinePtr #cards 5 size 8 Array Of Cards #cards 12 size 40 Howl #buckets 4 coarsen threshold 1843 Howl Bitmap #cards 512 size 80 coarsen threshold 460 Card regions per heap region 1 cards per card region 2048
 CPUs: 12 total, 12 available
 Memory: 7985M
 Large Page Support: Disabled
 NUMA Support: Disabled
 Compressed Oops: Enabled (32-bit)
 Heap Region Size: 1M
 Heap Min Capacity: 8M
 Heap Initial Capacity: 126M
 Heap Max Capacity: 1998M
 Pre-touch: Disabled
 Parallel Workers: 10
 Concurrent Workers: 3
 Concurrent Refinement Workers: 10
 Periodic GC: Disabled

Heap:
 garbage-first heap   total 129024K, used 29241K [0x0000000083200000, 0x0000000100000000)
  region size 1024K, 24 young (24576K), 3 survivors (3072K)
 Metaspace       used 12268K, committed 12480K, reserved 1114112K
  class space    used 1635K, committed 1728K, reserved 1048576K

Heap Regions: E=young(eden), S=young(survivor), O=old, HS=humongous(starts), HC=humongous(continues), CS=collection set, F=free, OA=open archive, CA=closed archive, TAMS=top-at-mark-start, PB=parsable bottom
|   0|0x0000000083200000, 0x0000000083300000, 0x0000000083300000|100%|HS|  |TAMS 0x0000000083200000| PB 0x0000000083200000| Complete 
|   1|0x0000000083300000, 0x0000000083400000, 0x0000000083400000|100%| O|  |TAMS 0x0000000083300000| PB 0x0000000083300000| Untracked 
|   2|0x0000000083400000, 0x0000000083500000, 0x0000000083500000|100%| O|  |TAMS 0x0000000083400000| PB 0x0000000083400000| Untracked 
|   3|0x0000000083500000, 0x0000000083600000, 0x0000000083600000|100%| O|  |TAMS 0x0000000083500000| PB 0x0000000083500000| Untracked 
|   4|0x0000000083600000, 0x0000000083700000, 0x0000000083700000|100%| O|  |TAMS 0x0000000083600000| PB 0x0000000083600000| Untracked 
|   5|0x0000000083700000, 0x000000008378e400, 0x0000000083800000| 55%| O|  |TAMS 0x0000000083700000| PB 0x0000000083700000| Untracked 
|   6|0x0000000083800000, 0x0000000083800000, 0x0000000083900000|  0%| F|  |TAMS 0x0000000083800000| PB 0x0000000083800000| Untracked 
|   7|0x0000000083900000, 0x0000000083900000, 0x0000000083a00000|  0%| F|  |TAMS 0x0000000083900000| PB 0x0000000083900000| Untracked 
|   8|0x0000000083a00000, 0x0000000083a00000, 0x0000000083b00000|  0%| F|  |TAMS 0x0000000083a00000| PB 0x0000000083a00000| Untracked 
|   9|0x0000000083b00000, 0x0000000083b00000, 0x0000000083c00000|  0%| F|  |TAMS 0x0000000083b00000| PB 0x0000000083b00000| Untracked 
|  10|0x0000000083c00000, 0x0000000083c00000, 0x0000000083d00000|  0%| F|  |TAMS 0x0000000083c00000| PB 0x0000000083c00000| Untracked 
|  11|0x0000000083d00000, 0x0000000083d00000, 0x0000000083e00000|  0%| F|  |TAMS 0x0000000083d00000| PB 0x0000000083d00000| Untracked 
|  12|0x0000000083e00000, 0x0000000083e00000, 0x0000000083f00000|  0%| F|  |TAMS 0x0000000083e00000| PB 0x0000000083e00000| Untracked 
|  13|0x0000000083f00000, 0x0000000083f00000, 0x0000000084000000|  0%| F|  |TAMS 0x0000000083f00000| PB 0x0000000083f00000| Untracked 
|  14|0x0000000084000000, 0x0000000084000000, 0x0000000084100000|  0%| F|  |TAMS 0x0000000084000000| PB 0x0000000084000000| Untracked 
|  15|0x0000000084100000, 0x0000000084100000, 0x0000000084200000|  0%| F|  |TAMS 0x0000000084100000| PB 0x0000000084100000| Untracked 
|  16|0x0000000084200000, 0x0000000084200000, 0x0000000084300000|  0%| F|  |TAMS 0x0000000084200000| PB 0x0000000084200000| Untracked 
|  17|0x0000000084300000, 0x0000000084300000, 0x0000000084400000|  0%| F|  |TAMS 0x0000000084300000| PB 0x0000000084300000| Untracked 
|  18|0x0000000084400000, 0x0000000084400000, 0x0000000084500000|  0%| F|  |TAMS 0x0000000084400000| PB 0x0000000084400000| Untracked 
|  19|0x0000000084500000, 0x0000000084500000, 0x0000000084600000|  0%| F|  |TAMS 0x0000000084500000| PB 0x0000000084500000| Untracked 
|  20|0x0000000084600000, 0x0000000084600000, 0x0000000084700000|  0%| F|  |TAMS 0x0000000084600000| PB 0x0000000084600000| Untracked 
|  21|0x0000000084700000, 0x0000000084700000, 0x0000000084800000|  0%| F|  |TAMS 0x0000000084700000| PB 0x0000000084700000| Untracked 
|  22|0x0000000084800000, 0x0000000084800000, 0x0000000084900000|  0%| F|  |TAMS 0x0000000084800000| PB 0x0000000084800000| Untracked 
|  23|0x0000000084900000, 0x0000000084900000, 0x0000000084a00000|  0%| F|  |TAMS 0x0000000084900000| PB 0x0000000084900000| Untracked 
|  24|0x0000000084a00000, 0x0000000084a00000, 0x0000000084b00000|  0%| F|  |TAMS 0x0000000084a00000| PB 0x0000000084a00000| Untracked 
|  25|0x0000000084b00000, 0x0000000084b00000, 0x0000000084c00000|  0%| F|  |TAMS 0x0000000084b00000| PB 0x0000000084b00000| Untracked 
|  26|0x0000000084c00000, 0x0000000084c00000, 0x0000000084d00000|  0%| F|  |TAMS 0x0000000084c00000| PB 0x0000000084c00000| Untracked 
|  27|0x0000000084d00000, 0x0000000084d00000, 0x0000000084e00000|  0%| F|  |TAMS 0x0000000084d00000| PB 0x0000000084d00000| Untracked 
|  28|0x0000000084e00000, 0x0000000084e00000, 0x0000000084f00000|  0%| F|  |TAMS 0x0000000084e00000| PB 0x0000000084e00000| Untracked 
|  29|0x0000000084f00000, 0x0000000084f00000, 0x0000000085000000|  0%| F|  |TAMS 0x0000000084f00000| PB 0x0000000084f00000| Untracked 
|  30|0x0000000085000000, 0x0000000085000000, 0x0000000085100000|  0%| F|  |TAMS 0x0000000085000000| PB 0x0000000085000000| Untracked 
|  31|0x0000000085100000, 0x0000000085100000, 0x0000000085200000|  0%| F|  |TAMS 0x0000000085100000| PB 0x0000000085100000| Untracked 
|  32|0x0000000085200000, 0x0000000085200000, 0x0000000085300000|  0%| F|  |TAMS 0x0000000085200000| PB 0x0000000085200000| Untracked 
|  33|0x0000000085300000, 0x0000000085300000, 0x0000000085400000|  0%| F|  |TAMS 0x0000000085300000| PB 0x0000000085300000| Untracked 
|  34|0x0000000085400000, 0x0000000085400000, 0x0000000085500000|  0%| F|  |TAMS 0x0000000085400000| PB 0x0000000085400000| Untracked 
|  35|0x0000000085500000, 0x0000000085500000, 0x0000000085600000|  0%| F|  |TAMS 0x0000000085500000| PB 0x0000000085500000| Untracked 
|  36|0x0000000085600000, 0x0000000085600000, 0x0000000085700000|  0%| F|  |TAMS 0x0000000085600000| PB 0x0000000085600000| Untracked 
|  37|0x0000000085700000, 0x0000000085700000, 0x0000000085800000|  0%| F|  |TAMS 0x0000000085700000| PB 0x0000000085700000| Untracked 
|  38|0x0000000085800000, 0x0000000085800000, 0x0000000085900000|  0%| F|  |TAMS 0x0000000085800000| PB 0x0000000085800000| Untracked 
|  39|0x0000000085900000, 0x0000000085900000, 0x0000000085a00000|  0%| F|  |TAMS 0x0000000085900000| PB 0x0000000085900000| Untracked 
|  40|0x0000000085a00000, 0x0000000085a00000, 0x0000000085b00000|  0%| F|  |TAMS 0x0000000085a00000| PB 0x0000000085a00000| Untracked 
|  41|0x0000000085b00000, 0x0000000085b00000, 0x0000000085c00000|  0%| F|  |TAMS 0x0000000085b00000| PB 0x0000000085b00000| Untracked 
|  42|0x0000000085c00000, 0x0000000085c00000, 0x0000000085d00000|  0%| F|  |TAMS 0x0000000085c00000| PB 0x0000000085c00000| Untracked 
|  43|0x0000000085d00000, 0x0000000085d00000, 0x0000000085e00000|  0%| F|  |TAMS 0x0000000085d00000| PB 0x0000000085d00000| Untracked 
|  44|0x0000000085e00000, 0x0000000085e00000, 0x0000000085f00000|  0%| F|  |TAMS 0x0000000085e00000| PB 0x0000000085e00000| Untracked 
|  45|0x0000000085f00000, 0x0000000085f00000, 0x0000000086000000|  0%| F|  |TAMS 0x0000000085f00000| PB 0x0000000085f00000| Untracked 
|  46|0x0000000086000000, 0x0000000086000000, 0x0000000086100000|  0%| F|  |TAMS 0x0000000086000000| PB 0x0000000086000000| Untracked 
|  47|0x0000000086100000, 0x0000000086100000, 0x0000000086200000|  0%| F|  |TAMS 0x0000000086100000| PB 0x0000000086100000| Untracked 
|  48|0x0000000086200000, 0x0000000086200000, 0x0000000086300000|  0%| F|  |TAMS 0x0000000086200000| PB 0x0000000086200000| Untracked 
|  49|0x0000000086300000, 0x0000000086300000, 0x0000000086400000|  0%| F|  |TAMS 0x0000000086300000| PB 0x0000000086300000| Untracked 
|  50|0x0000000086400000, 0x0000000086400000, 0x0000000086500000|  0%| F|  |TAMS 0x0000000086400000| PB 0x0000000086400000| Untracked 
|  51|0x0000000086500000, 0x0000000086500000, 0x0000000086600000|  0%| F|  |TAMS 0x0000000086500000| PB 0x0000000086500000| Untracked 
|  52|0x0000000086600000, 0x0000000086600000, 0x0000000086700000|  0%| F|  |TAMS 0x0000000086600000| PB 0x0000000086600000| Untracked 
|  53|0x0000000086700000, 0x0000000086700000, 0x0000000086800000|  0%| F|  |TAMS 0x0000000086700000| PB 0x0000000086700000| Untracked 
|  54|0x0000000086800000, 0x0000000086800000, 0x0000000086900000|  0%| F|  |TAMS 0x0000000086800000| PB 0x0000000086800000| Untracked 
|  55|0x0000000086900000, 0x0000000086900000, 0x0000000086a00000|  0%| F|  |TAMS 0x0000000086900000| PB 0x0000000086900000| Untracked 
|  56|0x0000000086a00000, 0x0000000086a00000, 0x0000000086b00000|  0%| F|  |TAMS 0x0000000086a00000| PB 0x0000000086a00000| Untracked 
|  57|0x0000000086b00000, 0x0000000086b00000, 0x0000000086c00000|  0%| F|  |TAMS 0x0000000086b00000| PB 0x0000000086b00000| Untracked 
|  58|0x0000000086c00000, 0x0000000086c00000, 0x0000000086d00000|  0%| F|  |TAMS 0x0000000086c00000| PB 0x0000000086c00000| Untracked 
|  59|0x0000000086d00000, 0x0000000086d00000, 0x0000000086e00000|  0%| F|  |TAMS 0x0000000086d00000| PB 0x0000000086d00000| Untracked 
|  60|0x0000000086e00000, 0x0000000086e00000, 0x0000000086f00000|  0%| F|  |TAMS 0x0000000086e00000| PB 0x0000000086e00000| Untracked 
|  61|0x0000000086f00000, 0x0000000086f00000, 0x0000000087000000|  0%| F|  |TAMS 0x0000000086f00000| PB 0x0000000086f00000| Untracked 
|  62|0x0000000087000000, 0x0000000087000000, 0x0000000087100000|  0%| F|  |TAMS 0x0000000087000000| PB 0x0000000087000000| Untracked 
|  63|0x0000000087100000, 0x0000000087100000, 0x0000000087200000|  0%| F|  |TAMS 0x0000000087100000| PB 0x0000000087100000| Untracked 
|  64|0x0000000087200000, 0x0000000087200000, 0x0000000087300000|  0%| F|  |TAMS 0x0000000087200000| PB 0x0000000087200000| Untracked 
|  65|0x0000000087300000, 0x0000000087300000, 0x0000000087400000|  0%| F|  |TAMS 0x0000000087300000| PB 0x0000000087300000| Untracked 
|  66|0x0000000087400000, 0x0000000087400000, 0x0000000087500000|  0%| F|  |TAMS 0x0000000087400000| PB 0x0000000087400000| Untracked 
|  67|0x0000000087500000, 0x0000000087500000, 0x0000000087600000|  0%| F|  |TAMS 0x0000000087500000| PB 0x0000000087500000| Untracked 
|  68|0x0000000087600000, 0x0000000087600000, 0x0000000087700000|  0%| F|  |TAMS 0x0000000087600000| PB 0x0000000087600000| Untracked 
|  69|0x0000000087700000, 0x0000000087700000, 0x0000000087800000|  0%| F|  |TAMS 0x0000000087700000| PB 0x0000000087700000| Untracked 
|  70|0x0000000087800000, 0x0000000087800000, 0x0000000087900000|  0%| F|  |TAMS 0x0000000087800000| PB 0x0000000087800000| Untracked 
|  71|0x0000000087900000, 0x0000000087900000, 0x0000000087a00000|  0%| F|  |TAMS 0x0000000087900000| PB 0x0000000087900000| Untracked 
|  72|0x0000000087a00000, 0x0000000087a00000, 0x0000000087b00000|  0%| F|  |TAMS 0x0000000087a00000| PB 0x0000000087a00000| Untracked 
|  73|0x0000000087b00000, 0x0000000087b00000, 0x0000000087c00000|  0%| F|  |TAMS 0x0000000087b00000| PB 0x0000000087b00000| Untracked 
|  74|0x0000000087c00000, 0x0000000087c00000, 0x0000000087d00000|  0%| F|  |TAMS 0x0000000087c00000| PB 0x0000000087c00000| Untracked 
|  75|0x0000000087d00000, 0x0000000087d00000, 0x0000000087e00000|  0%| F|  |TAMS 0x0000000087d00000| PB 0x0000000087d00000| Untracked 
|  76|0x0000000087e00000, 0x0000000087e00000, 0x0000000087f00000|  0%| F|  |TAMS 0x0000000087e00000| PB 0x0000000087e00000| Untracked 
|  77|0x0000000087f00000, 0x0000000087f00000, 0x0000000088000000|  0%| F|  |TAMS 0x0000000087f00000| PB 0x0000000087f00000| Untracked 
|  78|0x0000000088000000, 0x0000000088000000, 0x0000000088100000|  0%| F|  |TAMS 0x0000000088000000| PB 0x0000000088000000| Untracked 
|  79|0x0000000088100000, 0x0000000088100000, 0x0000000088200000|  0%| F|  |TAMS 0x0000000088100000| PB 0x0000000088100000| Untracked 
|  80|0x0000000088200000, 0x0000000088200000, 0x0000000088300000|  0%| F|  |TAMS 0x0000000088200000| PB 0x0000000088200000| Untracked 
|  81|0x0000000088300000, 0x0000000088300000, 0x0000000088400000|  0%| F|  |TAMS 0x0000000088300000| PB 0x0000000088300000| Untracked 
|  82|0x0000000088400000, 0x0000000088400000, 0x0000000088500000|  0%| F|  |TAMS 0x0000000088400000| PB 0x0000000088400000| Untracked 
|  83|0x0000000088500000, 0x0000000088500000, 0x0000000088600000|  0%| F|  |TAMS 0x0000000088500000| PB 0x0000000088500000| Untracked 
|  84|0x0000000088600000, 0x0000000088600000, 0x0000000088700000|  0%| F|  |TAMS 0x0000000088600000| PB 0x0000000088600000| Untracked 
|  85|0x0000000088700000, 0x0000000088700000, 0x0000000088800000|  0%| F|  |TAMS 0x0000000088700000| PB 0x0000000088700000| Untracked 
|  86|0x0000000088800000, 0x0000000088800000, 0x0000000088900000|  0%| F|  |TAMS 0x0000000088800000| PB 0x0000000088800000| Untracked 
|  87|0x0000000088900000, 0x0000000088900000, 0x0000000088a00000|  0%| F|  |TAMS 0x0000000088900000| PB 0x0000000088900000| Untracked 
|  88|0x0000000088a00000, 0x0000000088a00000, 0x0000000088b00000|  0%| F|  |TAMS 0x0000000088a00000| PB 0x0000000088a00000| Untracked 
|  89|0x0000000088b00000, 0x0000000088b00000, 0x0000000088c00000|  0%| F|  |TAMS 0x0000000088b00000| PB 0x0000000088b00000| Untracked 
|  90|0x0000000088c00000, 0x0000000088c00000, 0x0000000088d00000|  0%| F|  |TAMS 0x0000000088c00000| PB 0x0000000088c00000| Untracked 
|  91|0x0000000088d00000, 0x0000000088d00000, 0x0000000088e00000|  0%| F|  |TAMS 0x0000000088d00000| PB 0x0000000088d00000| Untracked 
|  92|0x0000000088e00000, 0x0000000088e00000, 0x0000000088f00000|  0%| F|  |TAMS 0x0000000088e00000| PB 0x0000000088e00000| Untracked 
|  93|0x0000000088f00000, 0x0000000088f00000, 0x0000000089000000|  0%| F|  |TAMS 0x0000000088f00000| PB 0x0000000088f00000| Untracked 
|  94|0x0000000089000000, 0x0000000089000000, 0x0000000089100000|  0%| F|  |TAMS 0x0000000089000000| PB 0x0000000089000000| Untracked 
|  95|0x0000000089100000, 0x0000000089100000, 0x0000000089200000|  0%| F|  |TAMS 0x0000000089100000| PB 0x0000000089100000| Untracked 
|  96|0x0000000089200000, 0x0000000089200000, 0x0000000089300000|  0%| F|  |TAMS 0x0000000089200000| PB 0x0000000089200000| Untracked 
|  97|0x0000000089300000, 0x0000000089300000, 0x0000000089400000|  0%| F|  |TAMS 0x0000000089300000| PB 0x0000000089300000| Untracked 
|  98|0x0000000089400000, 0x0000000089400000, 0x0000000089500000|  0%| F|  |TAMS 0x0000000089400000| PB 0x0000000089400000| Untracked 
|  99|0x0000000089500000, 0x0000000089500000, 0x0000000089600000|  0%| F|  |TAMS 0x0000000089500000| PB 0x0000000089500000| Untracked 
| 100|0x0000000089600000, 0x0000000089700000, 0x0000000089700000|100%| S|CS|TAMS 0x0000000089600000| PB 0x0000000089600000| Complete 
| 101|0x0000000089700000, 0x0000000089800000, 0x0000000089800000|100%| S|CS|TAMS 0x0000000089700000| PB 0x0000000089700000| Complete 
| 102|0x0000000089800000, 0x0000000089900000, 0x0000000089900000|100%| S|CS|TAMS 0x0000000089800000| PB 0x0000000089800000| Complete 
| 103|0x0000000089900000, 0x0000000089900000, 0x0000000089a00000|  0%| F|  |TAMS 0x0000000089900000| PB 0x0000000089900000| Untracked 
| 104|0x0000000089a00000, 0x0000000089a00000, 0x0000000089b00000|  0%| F|  |TAMS 0x0000000089a00000| PB 0x0000000089a00000| Untracked 
| 105|0x0000000089b00000, 0x0000000089bbca10, 0x0000000089c00000| 73%| E|  |TAMS 0x0000000089b00000| PB 0x0000000089b00000| Complete 
| 106|0x0000000089c00000, 0x0000000089d00000, 0x0000000089d00000|100%| E|CS|TAMS 0x0000000089c00000| PB 0x0000000089c00000| Complete 
| 107|0x0000000089d00000, 0x0000000089e00000, 0x0000000089e00000|100%| E|CS|TAMS 0x0000000089d00000| PB 0x0000000089d00000| Complete 
| 108|0x0000000089e00000, 0x0000000089f00000, 0x0000000089f00000|100%| E|CS|TAMS 0x0000000089e00000| PB 0x0000000089e00000| Complete 
| 109|0x0000000089f00000, 0x000000008a000000, 0x000000008a000000|100%| E|CS|TAMS 0x0000000089f00000| PB 0x0000000089f00000| Complete 
| 110|0x000000008a000000, 0x000000008a100000, 0x000000008a100000|100%| E|CS|TAMS 0x000000008a000000| PB 0x000000008a000000| Complete 
| 111|0x000000008a100000, 0x000000008a200000, 0x000000008a200000|100%| E|CS|TAMS 0x000000008a100000| PB 0x000000008a100000| Complete 
| 112|0x000000008a200000, 0x000000008a300000, 0x000000008a300000|100%| E|CS|TAMS 0x000000008a200000| PB 0x000000008a200000| Complete 
| 113|0x000000008a300000, 0x000000008a400000, 0x000000008a400000|100%| E|CS|TAMS 0x000000008a300000| PB 0x000000008a300000| Complete 
| 114|0x000000008a400000, 0x000000008a500000, 0x000000008a500000|100%| E|CS|TAMS 0x000000008a400000| PB 0x000000008a400000| Complete 
| 115|0x000000008a500000, 0x000000008a600000, 0x000000008a600000|100%| E|CS|TAMS 0x000000008a500000| PB 0x000000008a500000| Complete 
| 116|0x000000008a600000, 0x000000008a700000, 0x000000008a700000|100%| E|CS|TAMS 0x000000008a600000| PB 0x000000008a600000| Complete 
| 117|0x000000008a700000, 0x000000008a800000, 0x000000008a800000|100%| E|CS|TAMS 0x000000008a700000| PB 0x000000008a700000| Complete 
| 118|0x000000008a800000, 0x000000008a900000, 0x000000008a900000|100%| E|CS|TAMS 0x000000008a800000| PB 0x000000008a800000| Complete 
| 119|0x000000008a900000, 0x000000008aa00000, 0x000000008aa00000|100%| E|CS|TAMS 0x000000008a900000| PB 0x000000008a900000| Complete 
| 120|0x000000008aa00000, 0x000000008ab00000, 0x000000008ab00000|100%| E|CS|TAMS 0x000000008aa00000| PB 0x000000008aa00000| Complete 
| 121|0x000000008ab00000, 0x000000008ac00000, 0x000000008ac00000|100%| E|CS|TAMS 0x000000008ab00000| PB 0x000000008ab00000| Complete 
| 122|0x000000008ac00000, 0x000000008ad00000, 0x000000008ad00000|100%| E|CS|TAMS 0x000000008ac00000| PB 0x000000008ac00000| Complete 
| 123|0x000000008ad00000, 0x000000008ae00000, 0x000000008ae00000|100%| E|CS|TAMS 0x000000008ad00000| PB 0x000000008ad00000| Complete 
| 124|0x000000008ae00000, 0x000000008af00000, 0x000000008af00000|100%| E|CS|TAMS 0x000000008ae00000| PB 0x000000008ae00000| Complete 
| 125|0x000000008af00000, 0x000000008b000000, 0x000000008b000000|100%| E|CS|TAMS 0x000000008af00000| PB 0x000000008af00000| Complete 

Card table byte_map: [0x0000015b67800000,0x0000015b67bf0000] _byte_map_base: 0x0000015b673e7000

Marking Bits: (CMBitMap*) 0x0000015b5c094fb0
 Bits: [0x0000015b67fe0000, 0x0000015b69f18000)

Polling page: 0x0000015b59e80000

Metaspace:

Usage:
  Non-class:     10.38 MB used.
      Class:      1.60 MB used.
       Both:     11.98 MB used.

Virtual space:
  Non-class space:       64.00 MB reserved,      10.50 MB ( 16%) committed,  1 nodes.
      Class space:        1.00 GB reserved,       1.69 MB ( <1%) committed,  1 nodes.
             Both:        1.06 GB reserved,      12.19 MB (  1%) committed. 

Chunk freelists:
   Non-Class:  560.00 KB
       Class:  2.31 MB
        Both:  2.86 MB

MaxMetaspaceSize: unlimited
CompressedClassSpaceSize: 1.00 GB
Initial GC threshold: 21.00 MB
Current GC threshold: 21.00 MB
CDS: on
MetaspaceReclaimPolicy: balanced
 - commit_granule_bytes: 65536.
 - commit_granule_words: 8192.
 - virtual_space_node_default_size: 8388608.
 - enlarge_chunks_in_place: 1.
 - new_chunks_are_fully_committed: 0.
 - uncommit_free_chunks: 1.
 - use_allocation_guard: 0.


Internal statistics:

num_allocs_failed_limit: 0.
num_arena_births: 288.
num_arena_deaths: 0.
num_vsnodes_births: 2.
num_vsnodes_deaths: 0.
num_space_committed: 195.
num_space_uncommitted: 0.
num_chunks_returned_to_freelist: 0.
num_chunks_taken_from_freelist: 609.
num_chunk_merges: 0.
num_chunk_splits: 396.
num_chunks_enlarged: 276.
num_inconsistent_stats: 0.

CodeCache: size=49152Kb used=5370Kb max_used=5370Kb free=43781Kb
 bounds [0x0000015b640e0000, 0x0000015b64620000, 0x0000015b670e0000]
 total_blobs=2475 nmethods=1988 adapters=410
 compilation: enabled
              stopped_count=0, restarted_count=0
 full_count=0

Compilation events (20 events):
Event: 0.953 Thread 0x0000015b6cc18680 nmethod 1979 0x0000015b6461c190 code [0x0000015b6461c300, 0x0000015b6461c3d8]
Event: 0.953 Thread 0x0000015b710e6e10 nmethod 1978 0x0000015b6461c490 code [0x0000015b6461c620, 0x0000015b6461c848]
Event: 0.953 Thread 0x0000015b710e6e10 1980       1       java.nio.Buffer::nextGetIndex (32 bytes)
Event: 0.953 Thread 0x0000015b6cc18680 1981       1       java.nio.HeapByteBuffer::byteOffset (7 bytes)
Event: 0.953 Thread 0x0000015b6cc18680 nmethod 1981 0x0000015b6461c890 code [0x0000015b6461ca00, 0x0000015b6461cad0]
Event: 0.953 Thread 0x0000015b710e6e10 nmethod 1980 0x0000015b6461cb90 code [0x0000015b6461cd20, 0x0000015b6461ce58]
Event: 0.953 Thread 0x0000015b710e6e10 1982       1       java.lang.reflect.ProxyGenerator::dotToSlash (9 bytes)
Event: 0.953 Thread 0x0000015b710e6e10 nmethod 1982 0x0000015b6461cf10 code [0x0000015b6461d0a0, 0x0000015b6461d170]
Event: 0.954 Thread 0x0000015b710e6e10 1983       1       jdk.internal.reflect.ReflectionFactory::config (28 bytes)
Event: 0.954 Thread 0x0000015b710e6e10 nmethod 1983 0x0000015b6461d690 code [0x0000015b6461d800, 0x0000015b6461d8b0]
Event: 0.956 Thread 0x0000015b6cc18680 1984       1       java.lang.invoke.TypeConvertingMethodAdapter::<init> (8 bytes)
Event: 0.956 Thread 0x0000015b710e6e10 1985       1       jdk.internal.org.objectweb.asm.MethodVisitor::visitCode (15 bytes)
Event: 0.956 Thread 0x0000015b710e4870 1986       1       jdk.internal.org.objectweb.asm.MethodVisitor::visitMethodInsn (80 bytes)
Event: 0.956 Thread 0x0000015b6cc18680 nmethod 1984 0x0000015b6461d990 code [0x0000015b6461db20, 0x0000015b6461dc00]
Event: 0.956 Thread 0x0000015b710e6e10 nmethod 1985 0x0000015b6461dc90 code [0x0000015b6461de20, 0x0000015b6461df18]
Event: 0.956 Thread 0x0000015b6cc18680 1987       1       jdk.internal.org.objectweb.asm.MethodVisitor::visitMaxs (17 bytes)
Event: 0.956 Thread 0x0000015b710e6e10 1988       1       jdk.internal.org.objectweb.asm.MethodVisitor::visitEnd (15 bytes)
Event: 0.956 Thread 0x0000015b710e6e10 nmethod 1988 0x0000015b6461df90 code [0x0000015b6461e120, 0x0000015b6461e218]
Event: 0.956 Thread 0x0000015b6cc18680 nmethod 1987 0x0000015b6461e290 code [0x0000015b6461e420, 0x0000015b6461e518]
Event: 0.956 Thread 0x0000015b710e4870 nmethod 1986 0x0000015b6461e590 code [0x0000015b6461e740, 0x0000015b6461e968]

GC Heap History (2 events):
Event: 0.673 GC heap before
{Heap before GC invocations=0 (full 0):
 garbage-first heap   total 129024K, used 23552K [0x0000000083200000, 0x0000000100000000)
  region size 1024K, 23 young (23552K), 0 survivors (0K)
 Metaspace       used 7392K, committed 7616K, reserved 1114112K
  class space    used 916K, committed 1024K, reserved 1048576K
}
Event: 0.678 GC heap after
{Heap after GC invocations=1 (full 0):
 garbage-first heap   total 129024K, used 8761K [0x0000000083200000, 0x0000000100000000)
  region size 1024K, 3 young (3072K), 3 survivors (3072K)
 Metaspace       used 7392K, committed 7616K, reserved 1114112K
  class space    used 916K, committed 1024K, reserved 1048576K
}

Dll operation events (12 events):
Event: 0.012 Loaded shared library C:\Program Files\Java\jdk-20\bin\java.dll
Event: 0.022 Loaded shared library C:\Program Files\Java\jdk-20\bin\jsvml.dll
Event: 0.118 Loaded shared library C:\Program Files\Java\jdk-20\bin\zip.dll
Event: 0.141 Loaded shared library C:\Program Files\Java\jdk-20\bin\instrument.dll
Event: 0.146 Loaded shared library C:\Program Files\Java\jdk-20\bin\net.dll
Event: 0.148 Loaded shared library C:\Program Files\Java\jdk-20\bin\nio.dll
Event: 0.150 Loaded shared library C:\Program Files\Java\jdk-20\bin\zip.dll
Event: 0.220 Loaded shared library D:\Programming-Languages\IntelliJ IDEA 2024.1\bin\breakgen64.dll
Event: 0.228 Loaded shared library C:\Program Files\Java\jdk-20\bin\jimage.dll
Event: 0.232 Loaded shared library C:\Program Files\Java\jdk-20\bin\extnet.dll
Event: 0.248 Loaded shared library C:\Program Files\Java\jdk-20\bin\management.dll
Event: 0.260 Loaded shared library C:\Program Files\Java\jdk-20\bin\management_ext.dll

Deoptimization events (4 events):
Event: 0.348 Thread 0x0000015b5c03a750 DEOPT PACKING pc=0x0000015b6443f05d sp=0x00000045f74fd400
Event: 0.348 Thread 0x0000015b5c03a750 DEOPT UNPACKING pc=0x0000015b6414a4c2 sp=0x00000045f74fc8b0 mode 3
Event: 0.356 Thread 0x0000015b5c03a750 DEOPT PACKING pc=0x0000015b64452de0 sp=0x00000045f74fd3d0
Event: 0.356 Thread 0x0000015b5c03a750 DEOPT UNPACKING pc=0x0000015b6414a4c2 sp=0x00000045f74fc888 mode 3

Classes loaded (20 events):
Event: 0.913 Loading class java/lang/AssertionError
Event: 0.913 Loading class java/lang/AssertionError done
Event: 0.922 Loading class java/util/regex/PatternSyntaxException
Event: 0.922 Loading class java/util/regex/PatternSyntaxException done
Event: 0.922 Loading class javax/xml/stream/XMLStreamException
Event: 0.922 Loading class javax/xml/stream/XMLStreamException done
Event: 0.930 Loading class org/xml/sax/SAXException
Event: 0.930 Loading class org/xml/sax/SAXException done
Event: 0.930 Loading class javax/xml/transform/Source
Event: 0.931 Loading class java/io/NotSerializableException
Event: 0.931 Loading class javax/xml/transform/Source done
Event: 0.931 Loading class java/io/ObjectStreamException
Event: 0.931 Loading class java/io/ObjectStreamException done
Event: 0.931 Loading class java/io/NotSerializableException done
Event: 0.946 Loading class java/util/regex/Pattern$BnM
Event: 0.946 Loading class java/util/regex/Pattern$BnM done
Event: 0.948 Loading class java/lang/reflect/AnnotatedType
Event: 0.948 Loading class java/lang/reflect/AnnotatedType done
Event: 0.955 Loading class java/util/concurrent/locks/ReentrantReadWriteLock$NonfairSync
Event: 0.955 Loading class java/util/concurrent/locks/ReentrantReadWriteLock$NonfairSync done

Classes unloaded (0 events):
No events

Classes redefined (0 events):
No events

Internal exceptions (20 events):
Event: 0.790 Thread 0x0000015b5c03a750 Exception <a 'java/lang/NoSuchMethodError'{0x000000008a9b86f0}: 'java.lang.Object java.lang.invoke.Invokers$Holder.invokeExact_MT(java.lang.Object, java.lang.Object, java.lang.Object, java.lang.Object, java.lang.Object, java.lang.Object)'> (0x000000008a9b86f0) 
thrown [s\open\src\hotspot\share\interpreter\linkResolver.cpp, line 773]
Event: 0.796 Thread 0x0000015b5c03a750 Exception <a 'java/lang/NoSuchMethodError'{0x000000008a81e790}: 'java.lang.Object java.lang.invoke.DirectMethodHandle$Holder.invokeSpecial(java.lang.Object, java.lang.Object, java.lang.Object, java.lang.Object, java.lang.Object, java.lang.Object, int)'> (0x000000008a81e790) 
thrown [s\open\src\hotspot\share\interpreter\linkResolver.cpp, line 773]
Event: 0.796 Thread 0x0000015b5c03a750 Exception <a 'java/lang/NoSuchMethodError'{0x000000008a828a48}: 'java.lang.Object java.lang.invoke.DirectMethodHandle$Holder.newInvokeSpecial(java.lang.Object, java.lang.Object, java.lang.Object, java.lang.Object, java.lang.Object, java.lang.Object, int)'> (0x000000008a828a48) 
thrown [s\open\src\hotspot\share\interpreter\linkResolver.cpp, line 773]
Event: 0.797 Thread 0x0000015b5c03a750 Exception <a 'java/lang/NoSuchMethodError'{0x000000008a82cff8}: 'java.lang.Object java.lang.invoke.DirectMethodHandle$Holder.invokeSpecial(java.lang.Object, java.lang.Object, java.lang.Object, java.lang.Object, java.lang.Object, java.lang.Object, java.lang.Object, int)'> (0x000000008a82cff8) 
thrown [s\open\src\hotspot\share\interpreter\linkResolver.cpp, line 773]
Event: 0.821 Thread 0x0000015b5c03a750 Exception <a 'java/lang/NoSuchMethodError'{0x000000008a7a7e20}: 'int java.lang.invoke.DirectMethodHandle$Holder.invokeVirtual(java.lang.Object, java.lang.Object)'> (0x000000008a7a7e20) 
thrown [s\open\src\hotspot\share\interpreter\linkResolver.cpp, line 773]
Event: 0.832 Thread 0x0000015b5c03a750 Exception <a 'java/lang/NoSuchMethodError'{0x000000008a63d8d0}: 'java.lang.Object java.lang.invoke.DirectMethodHandle$Holder.invokeSpecial(java.lang.Object, java.lang.Object, java.lang.Object, int, java.lang.Object)'> (0x000000008a63d8d0) 
thrown [s\open\src\hotspot\share\interpreter\linkResolver.cpp, line 773]
Event: 0.833 Thread 0x0000015b5c03a750 Exception <a 'java/lang/NoSuchMethodError'{0x000000008a645c70}: 'java.lang.Object java.lang.invoke.DirectMethodHandle$Holder.newInvokeSpecial(java.lang.Object, java.lang.Object, java.lang.Object, int, java.lang.Object)'> (0x000000008a645c70) 
thrown [s\open\src\hotspot\share\interpreter\linkResolver.cpp, line 773]
Event: 0.833 Thread 0x0000015b5c03a750 Exception <a 'java/lang/NoSuchMethodError'{0x000000008a64d128}: 'java.lang.Object java.lang.invoke.Invokers$Holder.linkToTargetMethod(java.lang.Object, java.lang.Object, int, java.lang.Object, java.lang.Object)'> (0x000000008a64d128) 
thrown [s\open\src\hotspot\share\interpreter\linkResolver.cpp, line 773]
Event: 0.833 Thread 0x0000015b5c03a750 Exception <a 'java/lang/NoSuchMethodError'{0x000000008a65b1e8}: 'java.lang.Object java.lang.invoke.DirectMethodHandle$Holder.newInvokeSpecial(java.lang.Object, int, java.lang.Object)'> (0x000000008a65b1e8) 
thrown [s\open\src\hotspot\share\interpreter\linkResolver.cpp, line 773]
Event: 0.834 Thread 0x0000015b5c03a750 Exception <a 'java/lang/NoSuchMethodError'{0x000000008a65f8f8}: 'int java.lang.invoke.DirectMethodHandle$Holder.invokeSpecialIFC(java.lang.Object, java.lang.Object, java.lang.Object, java.lang.Object)'> (0x000000008a65f8f8) 
thrown [s\open\src\hotspot\share\interpreter\linkResolver.cpp, line 773]
Event: 0.844 Thread 0x0000015b5c03a750 Exception <a 'java/lang/NoSuchMethodError'{0x000000008a534af8}: 'void java.lang.invoke.DirectMethodHandle$Holder.invokeInterface(java.lang.Object, java.lang.Object, java.lang.Object)'> (0x000000008a534af8) 
thrown [s\open\src\hotspot\share\interpreter\linkResolver.cpp, line 773]
Event: 0.853 Thread 0x0000015b5c03a750 Exception <a 'java/lang/NoSuchMethodError'{0x000000008a5b4c20}: 'java.lang.Object java.lang.invoke.DirectMethodHandle$Holder.invokeVirtual(java.lang.Object, java.lang.Object, java.lang.Object)'> (0x000000008a5b4c20) 
thrown [s\open\src\hotspot\share\interpreter\linkResolver.cpp, line 773]
Event: 0.866 Thread 0x0000015b5c03a750 Exception <a 'java/lang/NoSuchMethodError'{0x000000008a487898}: 'void java.lang.invoke.DirectMethodHandle$Holder.invokeStatic(java.lang.Object, java.lang.Object, int)'> (0x000000008a487898) 
thrown [s\open\src\hotspot\share\interpreter\linkResolver.cpp, line 773]
Event: 0.868 Thread 0x0000015b5c03a750 Exception <a 'java/lang/NoSuchMethodError'{0x000000008a49bf88}: 'void java.lang.invoke.DirectMethodHandle$Holder.invokeStaticInit(java.lang.Object, java.lang.Object, java.lang.Object)'> (0x000000008a49bf88) 
thrown [s\open\src\hotspot\share\interpreter\linkResolver.cpp, line 773]
Event: 0.872 Thread 0x0000015b5c03a750 Exception <a 'java/lang/NoSuchMethodError'{0x000000008a4ecff0}: 'java.lang.Object java.lang.invoke.DirectMethodHandle$Holder.invokeStatic(java.lang.Object, long, java.lang.Object)'> (0x000000008a4ecff0) 
thrown [s\open\src\hotspot\share\interpreter\linkResolver.cpp, line 773]
Event: 0.872 Thread 0x0000015b5c03a750 Exception <a 'java/lang/NoSuchMethodError'{0x000000008a4f0648}: 'java.lang.Object java.lang.invoke.DirectMethodHandle$Holder.invokeStaticInit(java.lang.Object, long, java.lang.Object)'> (0x000000008a4f0648) 
thrown [s\open\src\hotspot\share\interpreter\linkResolver.cpp, line 773]
Event: 0.872 Thread 0x0000015b5c03a750 Exception <a 'java/lang/NoSuchMethodError'{0x000000008a4f6370}: 'java.lang.Object java.lang.invoke.DirectMethodHandle$Holder.newInvokeSpecial(java.lang.Object, long)'> (0x000000008a4f6370) 
thrown [s\open\src\hotspot\share\interpreter\linkResolver.cpp, line 773]
Event: 0.879 Thread 0x0000015b5c03a750 Exception <a 'java/lang/NoSuchMethodError'{0x000000008a343428}: 'void java.lang.invoke.DirectMethodHandle$Holder.invokeSpecial(java.lang.Object, java.lang.Object, java.lang.Object, java.lang.Object, java.lang.Object)'> (0x000000008a343428) 
thrown [s\open\src\hotspot\share\interpreter\linkResolver.cpp, line 773]
Event: 0.879 Thread 0x0000015b5c03a750 Exception <a 'java/lang/NoSuchMethodError'{0x000000008a34b758}: 'void java.lang.invoke.DirectMethodHandle$Holder.invokeVirtual(java.lang.Object, java.lang.Object, java.lang.Object, java.lang.Object)'> (0x000000008a34b758) 
thrown [s\open\src\hotspot\share\interpreter\linkResolver.cpp, line 773]
Event: 0.907 Thread 0x0000015b5c03a750 Exception <a 'java/lang/IncompatibleClassChangeError'{0x000000008a2a5358}: Found class java.lang.Object, but interface was expected> (0x000000008a2a5358) 
thrown [s\open\src\hotspot\share\interpreter\linkResolver.cpp, line 840]

VM Operations (20 events):
Event: 0.478 Executing VM operation: HandshakeAllThreads
Event: 0.478 Executing VM operation: HandshakeAllThreads done
Event: 0.507 Executing VM operation: HandshakeAllThreads
Event: 0.507 Executing VM operation: HandshakeAllThreads done
Event: 0.509 Executing VM operation: HandshakeAllThreads
Event: 0.509 Executing VM operation: HandshakeAllThreads done
Event: 0.623 Executing VM operation: ICBufferFull
Event: 0.623 Executing VM operation: ICBufferFull done
Event: 0.673 Executing VM operation: G1CollectForAllocation
Event: 0.678 Executing VM operation: G1CollectForAllocation done
Event: 0.702 Executing VM operation: HandshakeAllThreads
Event: 0.702 Executing VM operation: HandshakeAllThreads done
Event: 0.819 Executing VM operation: HandshakeAllThreads
Event: 0.819 Executing VM operation: HandshakeAllThreads done
Event: 0.887 Executing VM operation: ICBufferFull
Event: 0.887 Executing VM operation: ICBufferFull done
Event: 0.900 Executing VM operation: HandshakeAllThreads
Event: 0.900 Executing VM operation: HandshakeAllThreads done
Event: 0.902 Executing VM operation: HandshakeAllThreads
Event: 0.902 Executing VM operation: HandshakeAllThreads done

Events (15 events):
Event: 0.022 Thread 0x0000015b5c03a750 Thread added: 0x0000015b5c03a750
Event: 0.033 Thread 0x0000015b6cc03200 Thread added: 0x0000015b6cc03200
Event: 0.033 Thread 0x0000015b6cc041a0 Thread added: 0x0000015b6cc041a0
Event: 0.033 Thread 0x0000015b6cc074b0 Thread added: 0x0000015b6cc074b0
Event: 0.033 Thread 0x0000015b6cc0a0c0 Thread added: 0x0000015b6cc0a0c0
Event: 0.033 Thread 0x0000015b6cc0bbb0 Thread added: 0x0000015b6cc0bbb0
Event: 0.033 Thread 0x0000015b6cc0c690 Thread added: 0x0000015b6cc0c690
Event: 0.033 Thread 0x0000015b6cc18680 Thread added: 0x0000015b6cc18680
Event: 0.105 Thread 0x0000015b6cbcd380 Thread added: 0x0000015b6cbcd380
Event: 0.111 Thread 0x0000015b710e4870 Thread added: 0x0000015b710e4870
Event: 0.111 Thread 0x0000015b710e6e10 Thread added: 0x0000015b710e6e10
Event: 0.220 Thread 0x0000015b71597790 Thread added: 0x0000015b71597790
Event: 0.220 Thread 0x0000015b71597ce0 Thread added: 0x0000015b71597ce0
Event: 0.464 Thread 0x0000015b7172d510 Thread added: 0x0000015b7172d510
Event: 0.905 Thread 0x0000015b71fda7d0 Thread added: 0x0000015b71fda7d0


Dynamic libraries:
0x00007ff6dbfd0000 - 0x00007ff6dbfe0000 	C:\Program Files\Java\jdk-20\bin\java.exe
0x00007ffd4b970000 - 0x00007ffd4bb68000 	C:\WINDOWS\SYSTEM32\ntdll.dll
0x00007ffd4b7d0000 - 0x00007ffd4b88d000 	C:\WINDOWS\System32\KERNEL32.DLL
0x00007ffd49610000 - 0x00007ffd49906000 	C:\WINDOWS\System32\KERNELBASE.dll
0x00007ffd492a0000 - 0x00007ffd493a0000 	C:\WINDOWS\System32\ucrtbase.dll
0x00007ffd33800000 - 0x00007ffd3381b000 	C:\Program Files\Java\jdk-20\bin\VCRUNTIME140.dll
0x00007ffd3e890000 - 0x00007ffd3e8a9000 	C:\Program Files\Java\jdk-20\bin\jli.dll
0x00007ffd4ad50000 - 0x00007ffd4ae00000 	C:\WINDOWS\System32\ADVAPI32.dll
0x00007ffd4a120000 - 0x00007ffd4a1be000 	C:\WINDOWS\System32\msvcrt.dll
0x00007ffd4a540000 - 0x00007ffd4a5e0000 	C:\WINDOWS\System32\sechost.dll
0x00007ffd4ab90000 - 0x00007ffd4acb3000 	C:\WINDOWS\System32\RPCRT4.dll
0x00007ffd495e0000 - 0x00007ffd49607000 	C:\WINDOWS\System32\bcrypt.dll
0x00007ffd4aea0000 - 0x00007ffd4b03f000 	C:\WINDOWS\System32\USER32.dll
0x00007ffd495b0000 - 0x00007ffd495d2000 	C:\WINDOWS\System32\win32u.dll
0x00007ffd4a690000 - 0x00007ffd4a6bb000 	C:\WINDOWS\System32\GDI32.dll
0x00007ffd30030000 - 0x00007ffd302ca000 	C:\WINDOWS\WinSxS\amd64_microsoft.windows.common-controls_6595b64144ccf1df_6.0.19041.4355_none_60b8b9eb71f62e16\COMCTL32.dll
0x00007ffd49030000 - 0x00007ffd49147000 	C:\WINDOWS\System32\gdi32full.dll
0x00007ffd49910000 - 0x00007ffd499ad000 	C:\WINDOWS\System32\msvcp_win.dll
0x00007ffd3d2f0000 - 0x00007ffd3d2fa000 	C:\WINDOWS\SYSTEM32\VERSION.dll
0x00007ffd4b040000 - 0x00007ffd4b06f000 	C:\WINDOWS\System32\IMM32.DLL
0x00007ffd430d0000 - 0x00007ffd430dc000 	C:\Program Files\Java\jdk-20\bin\vcruntime140_1.dll
0x00007ffd18de0000 - 0x00007ffd18e6e000 	C:\Program Files\Java\jdk-20\bin\msvcp140.dll
0x00007ffcf4d40000 - 0x00007ffcf59d7000 	C:\Program Files\Java\jdk-20\bin\server\jvm.dll
0x00007ffd16360000 - 0x00007ffd16369000 	C:\WINDOWS\SYSTEM32\WSOCK32.dll
0x00007ffd39c20000 - 0x00007ffd39c47000 	C:\WINDOWS\SYSTEM32\WINMM.dll
0x00007ffd4ae20000 - 0x00007ffd4ae8b000 	C:\WINDOWS\System32\WS2_32.dll
0x00007ffd47800000 - 0x00007ffd47812000 	C:\WINDOWS\SYSTEM32\kernel.appcore.dll
0x00007ffd41310000 - 0x00007ffd4131a000 	C:\Program Files\Java\jdk-20\bin\jimage.dll
0x00007ffd42960000 - 0x00007ffd42b44000 	C:\WINDOWS\SYSTEM32\DBGHELP.DLL
0x00007ffd33320000 - 0x00007ffd33354000 	C:\WINDOWS\SYSTEM32\dbgcore.DLL
0x00007ffd49150000 - 0x00007ffd491d2000 	C:\WINDOWS\System32\bcryptPrimitives.dll
0x00007ffd3e880000 - 0x00007ffd3e88e000 	C:\Program Files\Java\jdk-20\bin\instrument.dll
0x00007ffd21f60000 - 0x00007ffd21f86000 	C:\Program Files\Java\jdk-20\bin\java.dll
0x00007ffd018a0000 - 0x00007ffd01977000 	C:\Program Files\Java\jdk-20\bin\jsvml.dll
0x00007ffd499b0000 - 0x00007ffd4a11c000 	C:\WINDOWS\System32\SHELL32.dll
0x00007ffd46fa0000 - 0x00007ffd4773d000 	C:\WINDOWS\SYSTEM32\windows.storage.dll
0x00007ffd4b1a0000 - 0x00007ffd4b4f3000 	C:\WINDOWS\System32\combase.dll
0x00007ffd48970000 - 0x00007ffd4899e000 	C:\WINDOWS\SYSTEM32\Wldp.dll
0x00007ffd4a410000 - 0x00007ffd4a4dd000 	C:\WINDOWS\System32\OLEAUT32.dll
0x00007ffd4a280000 - 0x00007ffd4a32d000 	C:\WINDOWS\System32\SHCORE.dll
0x00007ffd4ab30000 - 0x00007ffd4ab85000 	C:\WINDOWS\System32\shlwapi.dll
0x00007ffd48f60000 - 0x00007ffd48f84000 	C:\WINDOWS\SYSTEM32\profapi.dll
0x00007ffd22290000 - 0x00007ffd222a8000 	C:\Program Files\Java\jdk-20\bin\zip.dll
0x00007ffd30ee0000 - 0x00007ffd30ef3000 	C:\Program Files\Java\jdk-20\bin\net.dll
0x00007ffd41f80000 - 0x00007ffd4208a000 	C:\WINDOWS\SYSTEM32\WINHTTP.dll
0x00007ffd48750000 - 0x00007ffd487ba000 	C:\WINDOWS\system32\mswsock.dll
0x00007ffd22d90000 - 0x00007ffd22da6000 	C:\Program Files\Java\jdk-20\bin\nio.dll
0x00007ffd214a0000 - 0x00007ffd214ba000 	D:\Programming-Languages\IntelliJ IDEA 2024.1\bin\breakgen64.dll
0x00007ffd2bea0000 - 0x00007ffd2bea7000 	C:\Program Files\Java\jdk-20\bin\extnet.dll
0x00007ffd48450000 - 0x00007ffd4851a000 	C:\WINDOWS\SYSTEM32\DNSAPI.dll
0x00007ffd48400000 - 0x00007ffd4843b000 	C:\WINDOWS\SYSTEM32\IPHLPAPI.DLL
0x00007ffd4ae00000 - 0x00007ffd4ae08000 	C:\WINDOWS\System32\NSI.dll
0x00007ffd3d8f0000 - 0x00007ffd3d8fa000 	C:\Windows\System32\rasadhlp.dll
0x00007ffd3cbc0000 - 0x00007ffd3cc40000 	C:\WINDOWS\System32\fwpuclnt.dll
0x00007ffd3c290000 - 0x00007ffd3c29a000 	C:\Program Files\Java\jdk-20\bin\management.dll
0x00007ffd3c1d0000 - 0x00007ffd3c1db000 	C:\Program Files\Java\jdk-20\bin\management_ext.dll
0x00007ffd4ae10000 - 0x00007ffd4ae18000 	C:\WINDOWS\System32\PSAPI.DLL
0x00007ffd489b0000 - 0x00007ffd489c8000 	C:\WINDOWS\SYSTEM32\CRYPTSP.dll
0x00007ffd48020000 - 0x00007ffd48054000 	C:\WINDOWS\system32\rsaenh.dll
0x00007ffd48ed0000 - 0x00007ffd48efe000 	C:\WINDOWS\SYSTEM32\USERENV.dll
0x00007ffd488e0000 - 0x00007ffd488ec000 	C:\WINDOWS\SYSTEM32\CRYPTBASE.dll
0x00007ffd40b10000 - 0x00007ffd40b27000 	C:\WINDOWS\SYSTEM32\dhcpcsvc6.DLL
0x00007ffd40af0000 - 0x00007ffd40b0d000 	C:\WINDOWS\SYSTEM32\dhcpcsvc.DLL
0x00007ffd13d10000 - 0x00007ffd13d27000 	C:\WINDOWS\system32\napinsp.dll
0x00007ffd10820000 - 0x00007ffd1083b000 	C:\WINDOWS\system32\pnrpnsp.dll
0x00007ffd420d0000 - 0x00007ffd420e5000 	C:\WINDOWS\system32\wshbth.dll
0x00007ffd420a0000 - 0x00007ffd420bd000 	C:\WINDOWS\system32\NLAapi.dll
0x00007ffd107a0000 - 0x00007ffd107b2000 	C:\WINDOWS\System32\winrnr.dll

dbghelp: loaded successfully - version: 4.0.5 - missing functions: none
symbol engine: initialized successfully - sym options: 0x614 - pdb path: .;C:\Program Files\Java\jdk-20\bin;C:\WINDOWS\SYSTEM32;C:\WINDOWS\WinSxS\amd64_microsoft.windows.common-controls_6595b64144ccf1df_6.0.19041.4355_none_60b8b9eb71f62e16;C:\Program Files\Java\jdk-20\bin\server;D:\Programming-Languages\IntelliJ IDEA 2024.1\bin

VM Arguments:
jvm_args: -XX:TieredStopAtLevel=1 -Dspring.output.ansi.enabled=always -Dcom.sun.management.jmxremote -Dspring.jmx.enabled=true -Dspring.liveBeansView.mbeanDomain -Dspring.application.admin.enabled=true -Dmanagement.endpoints.jmx.exposure.include=* -javaagent:D:\Programming-Languages\IntelliJ IDEA 2024.1\lib\idea_rt.jar=58253:D:\Programming-Languages\IntelliJ IDEA 2024.1\bin -Dfile.encoding=UTF-8 -Dsun.stdout.encoding=UTF-8 -Dsun.stderr.encoding=UTF-8 
java_command: Graduation.Project.Tasaheel.TasaheelApplication
java_class_path (initial): D:\Computer science\Tasaheel\userManagement\target\classes;C:\Users\Youssef\.m2\repository\org\springframework\boot\spring-boot-starter\3.2.5\spring-boot-starter-3.2.5.jar;C:\Users\Youssef\.m2\repository\org\springframework\boot\spring-boot\3.2.5\spring-boot-3.2.5.jar;C:\Users\Youssef\.m2\repository\org\springframework\boot\spring-boot-autoconfigure\3.2.5\spring-boot-autoconfigure-3.2.5.jar;C:\Users\Youssef\.m2\repository\org\springframework\boot\spring-boot-starter-logging\3.2.5\spring-boot-starter-logging-3.2.5.jar;C:\Users\Youssef\.m2\repository\ch\qos\logback\logback-classic\1.4.14\logback-classic-1.4.14.jar;C:\Users\Youssef\.m2\repository\ch\qos\logback\logback-core\1.4.14\logback-core-1.4.14.jar;C:\Users\Youssef\.m2\repository\org\apache\logging\log4j\log4j-to-slf4j\2.21.1\log4j-to-slf4j-2.21.1.jar;C:\Users\Youssef\.m2\repository\org\apache\logging\log4j\log4j-api\2.21.1\log4j-api-2.21.1.jar;C:\Users\Youssef\.m2\repository\org\slf4j\jul-to-slf4j\2.0.13\jul-to-slf4j-2.0.13.jar;C:\Users\Youssef\.m2\repository\jakarta\annotation\jakarta.annotation-api\2.1.1\jakarta.annotation-api-2.1.1.jar;C:\Users\Youssef\.m2\repository\org\springframework\spring-core\6.1.6\spring-core-6.1.6.jar;C:\Users\Youssef\.m2\repository\org\springframework\spring-jcl\6.1.6\spring-jcl-6.1.6.jar;C:\Users\Youssef\.m2\repository\org\yaml\snakeyaml\2.2\snakeyaml-2.2.jar;C:\Users\Youssef\.m2\repository\org\slf4j\slf4j-api\2.0.13\slf4j-api-2.0.13.jar;C:\Users\Youssef\.m2\repository\jakarta\xml\bind\jakarta.xml.bind-api\4.0.2\jakarta.xml.bind-api-4.0.2.jar;C:\Users\Youssef\.m2\repository\jakarta\activation\jakarta.activation-api\2.1.3\jakarta.activation-api-2.1.3.jar;C:\Users\Youssef\.m2\repository\net\bytebuddy\byte-buddy\1.14.13\byte-buddy-1.14.13.jar;C:\Users\Youssef\.m2\repository\com\mysql\mysql-connector-j\8.3.0\mysql-connector-j-8.3.0.jar;C:\Users\Youssef\.m2\repository\org\springframework\boot\spring-boot-starter-web\3.2.5\spring-boot-starter-web-3.2.5.jar;C:\Users\Youssef\.m2\repository\org\springframework\boot\spring-boot-starter-json\3.2.5\spring-boot-starter-json-3.2.5.jar;C:\Users\Youssef\.m2\repository\com\fasterxml\jackson\datatype\jackson-datatype-jdk8\2.15.4\jackson-datatype-jdk8-2.15.4.jar;C:\Users\Youssef\.m2\repository\com\fasterxml\jackson\datatype\jackson-datatype-jsr310\2.15.4\jackson-datatype-jsr310-2.15.4.jar;C:\Users\Youssef\.m2\repository\com\fasterxml\jackson\module\jackson-module-parameter-names\2.15.4\jackson-module-parameter-names-2.15.4.jar;C:\Users\Youssef\.m2\repository\org\springframework\boot\spring-boot-starter-tomcat\3.2.5\spring-boot-starter-tomcat-3.2.5.jar;C:\Users\Youssef\.m2\repository\org\apache\tomcat\embed\tomcat-embed-core\10.1.20\tomcat-embed-core-10.1.20.jar;C:\Users\Youssef\.m2\repository\org\apache\tomcat\embed\tomcat-embed-websocket\10.1.20\tomcat-embed-websocket-10.1.20.jar;C:\Users\Youssef\.m2\repository\org\springframework\spring-web\6.1.6\spring-web-6.1.6.jar;C:\Users\Youssef\.m2\repository\org\springframework\spring-webmvc\6.1.6\spring-webmvc-6.1.6.jar;C:\Users\Youssef\.m2\repository\mysql\mysql-connector-java\8.0.28\mysql-connector-java-8.0.28.jar;C:\Users\Youssef\.m2\repository\com\google\protobuf\protobuf-java\3.11.4\protobuf-java-3.11.4.jar;C:\Users\Youssef\.m2\repository\org\springframework\boot\spring-boot-starter-data-jpa\3.2.5\spring-boot-starter-data-jpa-3.2.5.jar;C:\Users\Youssef\.m2\repository\org\springframework\boot\spring-boot-starter-aop\3.2.5\spring-boot-starter-aop-3.2.5.jar;C:\Users\Youssef\.m2\repository\org\aspectj\aspectjweaver\1.9.22\aspectjweaver-1.9.22.jar;C:\Users\Youssef\.m2\repository\org\springframework\boot\spring-boot-starter-jdbc\3.2.5\spring-boot-starter-jdbc-3.2.5.jar;C:\Users\Youssef\.m2\repository\com\zaxxer\HikariCP\5.0.1\HikariCP-5.0.1.jar;C:\Users\Youssef\.m2\repository\org\springframework\spring-jdbc\6.1.6\spring-jdbc-6.1.6.jar;C:\Users\Youssef\.m2\repository\org\hibernate\orm\hibernate-core\6.4.4.Final\hibernate-core-6.4.4.Final.jar;C:\Users\Youssef\.m2\repository\jakarta\persistence\jakarta.persistence-api\3.1.0\jakarta.persistence-api-3.1.0.jar;C:\Users\Youssef\.m2\repository\jakarta\transaction\jakarta.transaction-api\2.0.1\jakarta.transaction-api-2.0.1.jar;C:\Users\Youssef\.m2\repository\org\jboss\logging\jboss-logging\3.5.3.Final\jboss-logging-3.5.3.Final.jar;C:\Users\Youssef\.m2\repository\org\hibernate\common\hibernate-commons-annotations\6.0.6.Final\hibernate-commons-annotations-6.0.6.Final.jar;C:\Users\Youssef\.m2\repository\io\smallrye\jandex\3.1.2\jandex-3.1.2.jar;C:\Users\Youssef\.m2\repository\com\fasterxml\classmate\1.6.0\classmate-1.6.0.jar;C:\Users\Youssef\.m2\repository\jakarta\inject\jakarta.inject-api\2.0.1\jakarta.inject-api-2.0.1.jar;C:\Users\Youssef\.m2\repository\org\antlr\antlr4-runtime\4.13.0\antlr4-runtime-4.13.0.jar;C:\Users\Youssef\.m2\repository\org\springframework\data\spring-data-jpa\3.2.5\spring-data-jpa-3.2.5.jar;C:\Users\Youssef\.m2\repository\org\springframework\data\spring-data-commons\3.2.5\spring-data-commons-3.2.5.jar;C:\Users\Youssef\.m2\repository\org\springframework\spring-orm\6.1.6\spring-orm-6.1.6.jar;C:\Users\Youssef\.m2\repository\org\springframework\spring-tx\6.1.6\spring-tx-6.1.6.jar;C:\Users\Youssef\.m2\repository\org\springframework\spring-aspects\6.1.6\spring-aspects-6.1.6.jar;C:\Users\Youssef\.m2\repository\org\springframework\security\spring-security-crypto\6.2.4\spring-security-crypto-6.2.4.jar;C:\Users\Youssef\.m2\repository\org\springframework\security\spring-security-web\6.2.4\spring-security-web-6.2.4.jar;C:\Users\Youssef\.m2\repository\org\postgresql\postgresql\42.4.0\postgresql-42.4.0.jar;C:\Users\Youssef\.m2\repository\org\checkerframework\checker-qual\3.5.0\checker-qual-3.5.0.jar;C:\Users\Youssef\.m2\repository\org\springframework\boot\spring-boot-starter-security\3.2.5\spring-boot-starter-security-3.2.5.jar;C:\Users\Youssef\.m2\repository\org\springframework\spring-aop\6.1.6\spring-aop-6.1.6.jar;C:\Users\Youssef\.m2\repository\org\springframework\security\spring-security-config\6.2.4\spring-security-config-6.2.4.jar;C:\Users\Youssef\.m2\repository\org\springframework\spring-beans\6.1.6\spring-beans-6.1.6.jar;C:\Users\Youssef\.m2\repository\org\springframework\spring-context\6.1.6\spring-context-6.1.6.jar;C:\Users\Youssef\.m2\repository\org\springframework\security\spring-security-core\6.2.4\spring-security-core-6.2.4.jar;C:\Users\Youssef\.m2\repository\org\springframework\spring-expression\6.1.6\spring-expression-6.1.6.jar;C:\Users\Youssef\.m2\repository\io\micrometer\micrometer-observation\1.12.5\micrometer-observation-1.12.5.jar;C:\Users\Youssef\.m2\repository\io\micrometer\micrometer-commons\1.12.5\micrometer-commons-1.12.5.jar;C:\Users\Youssef\.m2\repository\io\jsonwebtoken\jjwt\0.9.1\jjwt-0.9.1.jar;C:\Users\Youssef\.m2\repository\javax\xml\bind\jaxb-api\2.3.1\jaxb-api-2.3.1.jar;C:\Users\Youssef\.m2\repository\javax\activation\javax.activation-api\1.2.0\javax.activation-api-1.2.0.jar;C:\Users\Youssef\.m2\repository\org\glassfish\jaxb\jaxb-runtime\4.0.0\jaxb-runtime-4.0.0.jar;C:\Users\Youssef\.m2\repository\org\glassfish\jaxb\jaxb-core\4.0.5\jaxb-core-4.0.5.jar;C:\Users\Youssef\.m2\repository\org\eclipse\angus\angus-activation\2.0.2\angus-activation-2.0.2.jar;C:\Users\Youssef\.m2\repository\org\glassfish\jaxb\txw2\4.0.5\txw2-4.0.5.jar;C:\Users\Youssef\.m2\repository\com\sun\istack\istack-commons-runtime\4.1.2\istack-commons-runtime-4.1.2.jar;C:\Users\Youssef\.m2\repository\commons-fileupload\commons-fileupload\1.4\commons-fileupload-1.4.jar;C:\Users\Youssef\.m2\repository\net\coobird\thumbnailator\0.4.14\thumbnailator-0.4.14.jar;C:\Users\Youssef\.m2\repository\org\springframework\boot\spring-boot-starter-actuator\3.2.5\spring-boot-starter-actuator-3.2.5.jar;C:\Users\Youssef\.m2\repository\org\springframework\boot\spring-boot-actuator-autoconfigure\3.2.5\spring-boot-actuator-autoconfigure-3.2.5.jar;C:\Users\Youssef\.m2\repository\org\springframework\boot\spring-boot-actuator\3.2.5\spring-boot-actuator-3.2.5.jar;C:\Users\Youssef\.m2\repository\io\micrometer\micrometer-jakarta9\1.12.5\micrometer-jakarta9-1.12.5.jar;C:\Users\Youssef\.m2\repository\io\micrometer\micrometer-core\1.12.5\micrometer-core-1.12.5.jar;C:\Users\Youssef\.m2\repository\org\hdrhistogram\HdrHistogram\2.1.12\HdrHistogram-2.1.12.jar;C:\Users\Youssef\.m2\repository\org\latencyutils\LatencyUtils\2.0.3\LatencyUtils-2.0.3.jar;C:\Users\Youssef\.m2\repository\org\springframework\boot\spring-boot-starter-validation\3.2.5\spring-boot-starter-validation-3.2.5.jar;C:\Users\Youssef\.m2\repository\org\apache\tomcat\embed\tomcat-embed-el\10.1.20\tomcat-embed-el-10.1.20.jar;C:\Users\Youssef\.m2\repository\org\hibernate\validator\hibernate-validator\8.0.1.Final\hibernate-validator-8.0.1.Final.jar;C:\Users\Youssef\.m2\repository\jakarta\validation\jakarta.validation-api\3.0.2\jakarta.validation-api-3.0.2.jar;C:\Users\Youssef\.m2\repository\org\apache\httpcomponents\httpclient\4.5.6\httpclient-4.5.6.jar;C:\Users\Youssef\.m2\repository\org\apache\httpcomponents\httpcore\4.4.16\httpcore-4.4.16.jar;C:\Users\Youssef\.m2\repository\commons-logging\commons-logging\1.2\commons-logging-1.2.jar;C:\Users\Youssef\.m2\repository\commons-codec\commons-codec\1.16.1\commons-codec-1.16.1.jar;C:\Users\Youssef\.m2\repository\org\apache\httpcomponents\httpmime\4.5.6\httpmime-4.5.6.jar;C:\Users\Youssef\.m2\repository\com\fasterxml\jackson\core\jackson-databind\2.15.4\jackson-databind-2.15.4.jar;C:\Users\Youssef\.m2\repository\com\fasterxml\jackson\core\jackson-annotations\2.15.4\jackson-annotations-2.15.4.jar;C:\Users\Youssef\.m2\repository\com\fasterxml\jackson\core\jackson-core\2.15.4\jackson-core-2.15.4.jar;C:\Users\Youssef\.m2\repository\commons-io\commons-io\2.6\commons-io-2.6.jar
Launcher Type: SUN_STANDARD

[Global flags]
     intx CICompilerCount                          = 4                                         {product} {ergonomic}
     uint ConcGCThreads                            = 3                                         {product} {ergonomic}
     uint G1ConcRefinementThreads                  = 10                                        {product} {ergonomic}
   size_t G1HeapRegionSize                         = 1048576                                   {product} {ergonomic}
    uintx GCDrainStackTargetSize                   = 64                                        {product} {ergonomic}
   size_t InitialHeapSize                          = 132120576                                 {product} {ergonomic}
     bool ManagementServer                         = true                                      {product} {command line}
   size_t MarkStackSize                            = 4194304                                   {product} {ergonomic}
   size_t MaxHeapSize                              = 2095054848                                {product} {ergonomic}
   size_t MaxNewSize                               = 1256194048                                {product} {ergonomic}
   size_t MinHeapDeltaBytes                        = 1048576                                   {product} {ergonomic}
   size_t MinHeapSize                              = 8388608                                   {product} {ergonomic}
    uintx NonProfiledCodeHeapSize                  = 0                                      {pd product} {ergonomic}
     bool ProfileInterpreter                       = false                                  {pd product} {command line}
    uintx ProfiledCodeHeapSize                     = 0                                      {pd product} {ergonomic}
   size_t SoftMaxHeapSize                          = 2095054848                             {manageable} {ergonomic}
     intx TieredStopAtLevel                        = 1                                         {product} {command line}
     bool UseCompressedClassPointers               = true                           {product lp64_product} {ergonomic}
     bool UseCompressedOops                        = true                           {product lp64_product} {ergonomic}
     bool UseG1GC                                  = true                                      {product} {ergonomic}
     bool UseLargePagesIndividualAllocation        = false                                  {pd product} {ergonomic}

Logging:
Log output configuration:
 #0: stdout all=warning uptime,level,tags foldmultilines=false
 #1: stderr all=off uptime,level,tags foldmultilines=false

Environment Variables:
JAVA_HOME=C:\Program Files\Java\jdk-17\bin
PATH=C:\Program Files (x86)\Common Files\Oracle\Java\java8path;C:\Program Files (x86)\Common Files\Oracle\Java\javapath;C:\WINDOWS\system32;C:\WINDOWS;C:\WINDOWS\System32\Wbem;C:\WINDOWS\System32\WindowsPowerShell\v1.0\;C:\WINDOWS\System32\OpenSSH\;D:\Java\bin;C:\Program Files\dotnet\;C:\Program Files\Java\jdk-17\bin;C:\Python27\Scripts;C:\Python27;C:\Program Files\NVIDIA Corporation\NVIDIA NvDLISR;D:\PyCharm\;D:\Programming-Languages;D:\Computer science\MongoDB\mongosh-2.0.2-win32-x64\bin;C:\Program Files (x86)\NVIDIA Corporation\PhysX\Common;C:\Program Files\Docker\Docker\resources\bin;C:\Program Files\MySQL\MySQL Server 8.0\bin;C:\Users\Youssef\AppData\Local\Microsoft\WindowsApps\python.exe;C:\Program Files\Git\cmd;C:\Program Files\MySQL\MySQL Shell 8.0\bin\;C:\Users\Youssef\AppData\Local\Microsoft\WindowsApps;D:\PyCharm\PyCharm Community Edition 2020.3.1\bin;;C:\Users\Youssef\.dotnet\tools;C:\ProgramData\Youssef\GitHubDesktop\bin;C:\Program Files\Java\jdk-17\bin;D:\Computer science\Flutter\dart-sdk\bin;C:\Users\Youssef\AppData\Local\Programs\Microsoft VS Code\bin;C:\Users\Youssef\AppData\Roaming\npm;D:\Programming-Languages;C:\Users\Youssef\AppData\Local\GitHubDesktop\bin;C:\Users\Youssef\Desktop\jasypt-master;;D:\Programming-Languages\IntelliJ IDEA 2024.1\bin;
USERNAME=Youssef
OS=Windows_NT
PROCESSOR_IDENTIFIER=Intel64 Family 6 Model 165 Stepping 2, GenuineIntel
TMP=C:\Users\Youssef\AppData\Local\Temp
TEMP=C:\Users\Youssef\AppData\Local\Temp




---------------  S Y S T E M  ---------------

OS:
 Windows 10 , 64 bit Build 19041 (10.0.19041.3636)
OS uptime: 1 days 1:22 hours
Hyper-V role detected

CPU: total 12 (initial active 12) (6 cores per cpu, 2 threads per core) family 6 model 165 stepping 2 microcode 0xf8, cx8, cmov, fxsr, ht, mmx, 3dnowpref, sse, sse2, sse3, ssse3, sse4.1, sse4.2, popcnt, lzcnt, tsc, tscinvbit, avx, avx2, aes, erms, clmul, bmi1, bmi2, adx, fma, vzeroupper, clflush, clflushopt, hv, rdtscp, f16c

Memory: 4k page, system-wide physical 7985M (413M free)
TotalPageFile size 12081M (AvailPageFile size 3M)
current process WorkingSet (physical memory assigned to process): 90M, peak: 90M
current process commit charge ("private bytes"): 233M, peak: 233M

vm_info: Java HotSpot(TM) 64-Bit Server VM (20.0.1+9-29) for windows-amd64 JRE (20.0.1+9-29), built on 2023-03-07T13:56:11Z by "mach5one" with MS VC++ 17.1 (VS2022)

END.
